#
# There is insufficient memory for the Java Runtime Environment to continue.
# Native memory allocation (malloc) failed to allocate 1049936 bytes. Error detail: Chunk::new
# Possible reasons:
#   The system is out of physical RAM or swap space
#   This process is running with CompressedOops enabled, and the Java Heap may be blocking the growth of the native heap
# Possible solutions:
#   Reduce memory load on the system
#   Increase physical memory or swap space
#   Check if swap backing store is full
#   Decrease Java heap size (-Xmx/-Xms)
#   Decrease number of Java threads
#   Decrease Java thread stack sizes (-Xss)
#   Set larger code cache with -XX:ReservedCodeCacheSize=
#   JVM is running with Zero Based Compressed Oops mode in which the Java heap is
#     placed in the first 32GB address space. The Java Heap base address is the
#     maximum limit for the native heap growth. Please use -XX:HeapBaseMinAddress
#     to set the Java Heap base and to place the Java Heap above 32GB virtual address.
# This output file may be truncated or incomplete.
#
#  Out of Memory Error (arena.cpp:168), pid=20208, tid=18392
#
# JRE version: OpenJDK Runtime Environment Temurin-21.0.5+11 (21.0.5+11) (build 21.0.5+11-LTS)
# Java VM: OpenJDK 64-Bit Server VM Temurin-21.0.5+11 (21.0.5+11-LTS, mixed mode, sharing, tiered, compressed oops, compressed class ptrs, g1 gc, windows-amd64)
# No core dump will be written. Minidumps are not enabled by default on client versions of Windows
#

---------------  S U M M A R Y ------------

Command Line: -XX:MaxMetaspaceSize=2G -XX:+HeapDumpOnOutOfMemoryError --add-opens=java.base/java.util=ALL-UNNAMED --add-opens=java.base/java.lang=ALL-UNNAMED --add-opens=java.base/java.lang.invoke=ALL-UNNAMED --add-opens=java.prefs/java.util.prefs=ALL-UNNAMED --add-exports=jdk.compiler/com.sun.tools.javac.api=ALL-UNNAMED --add-exports=jdk.compiler/com.sun.tools.javac.util=ALL-UNNAMED --add-opens=java.base/java.nio.charset=ALL-UNNAMED --add-opens=java.base/java.net=ALL-UNNAMED --add-opens=java.base/java.util.concurrent.atomic=ALL-UNNAMED -Xmx4G -Dfile.encoding=utf8 -Duser.country=BR -Duser.language=pt -Duser.variant -javaagent:C:\Users\Joseph Frank\.gradle\wrapper\dists\gradle-8.9-bin\90cnw93cvbtalezasaz0blq0a\gradle-8.9\lib\agents\gradle-instrumentation-agent-8.9.jar org.gradle.launcher.daemon.bootstrap.GradleDaemon 8.9

Host: AMD Ryzen 5 5500U with Radeon Graphics         , 12 cores, 17G,  Windows 11 , 64 bit Build 22621 (10.0.22621.4391)
Time: Sat Jan 18 21:14:56 2025 Hora oficial do Brasil elapsed time: 6.394194 seconds (0d 0h 0m 6s)

---------------  T H R E A D  ---------------

Current thread (0x000001876c45cee0):  JavaThread "C2 CompilerThread1" daemon [_thread_in_native, id=18392, stack(0x000000195d100000,0x000000195d200000) (1024K)]


Current CompileTask:
C2:6394 2960       4       java.lang.invoke.MethodType::makeImpl (109 bytes)

Stack: [0x000000195d100000,0x000000195d200000]
Native frames: (J=compiled Java code, j=interpreted, Vv=VM code, C=native code)
V  [jvm.dll+0x6cd4e9]
V  [jvm.dll+0x8a7941]
V  [jvm.dll+0x8a9e6e]
V  [jvm.dll+0x8aa543]
V  [jvm.dll+0x27f6d6]
V  [jvm.dll+0xc500d]
V  [jvm.dll+0xc5543]
V  [jvm.dll+0x2f2a9d]
V  [jvm.dll+0x5f67ea]
V  [jvm.dll+0x250b82]
V  [jvm.dll+0x24963f]
V  [jvm.dll+0x246ea4]
V  [jvm.dll+0x1c75ce]
V  [jvm.dll+0x25682a]
V  [jvm.dll+0x254dca]
V  [jvm.dll+0x3f00d6]
V  [jvm.dll+0x8514fb]
V  [jvm.dll+0x6cbbed]
C  [ucrtbase.dll+0x29333]
C  [KERNEL32.DLL+0x1259d]
C  [ntdll.dll+0x5af38]


---------------  P R O C E S S  ---------------

Threads class SMR info:
_java_thread_list=0x000001876af8bd00, length=25, elements={
0x000001870378f720, 0x0000018724fcee70, 0x0000018724fcf8c0, 0x0000018724fd3a80,
0x0000018724fd44d0, 0x0000018724fd4f20, 0x0000018724fd6240, 0x0000018724fe8d50,
0x0000018724feb530, 0x000001876a21add0, 0x000001876a31d9b0, 0x000001876be05760,
0x000001876c1e0020, 0x000001876c31e660, 0x000001876bd62740, 0x000001876c178c00,
0x000001876c146ee0, 0x000001876c143050, 0x000001876c150c40, 0x000001876c153a30,
0x000001876c1505b0, 0x000001876c1512d0, 0x000001876c152d10, 0x000001876c152680,
0x000001876c45cee0
}

Java Threads: ( => current thread )
  0x000001870378f720 JavaThread "main"                              [_thread_blocked, id=19648, stack(0x000000195aa00000,0x000000195ab00000) (1024K)]
  0x0000018724fcee70 JavaThread "Reference Handler"          daemon [_thread_blocked, id=17184, stack(0x000000195b200000,0x000000195b300000) (1024K)]
  0x0000018724fcf8c0 JavaThread "Finalizer"                  daemon [_thread_blocked, id=14820, stack(0x000000195b300000,0x000000195b400000) (1024K)]
  0x0000018724fd3a80 JavaThread "Signal Dispatcher"          daemon [_thread_blocked, id=18060, stack(0x000000195b400000,0x000000195b500000) (1024K)]
  0x0000018724fd44d0 JavaThread "Attach Listener"            daemon [_thread_blocked, id=18448, stack(0x000000195b500000,0x000000195b600000) (1024K)]
  0x0000018724fd4f20 JavaThread "Service Thread"             daemon [_thread_blocked, id=18712, stack(0x000000195b600000,0x000000195b700000) (1024K)]
  0x0000018724fd6240 JavaThread "Monitor Deflation Thread"   daemon [_thread_blocked, id=19220, stack(0x000000195b700000,0x000000195b800000) (1024K)]
  0x0000018724fe8d50 JavaThread "C2 CompilerThread0"         daemon [_thread_in_native, id=17208, stack(0x000000195b800000,0x000000195b900000) (1024K)]
  0x0000018724feb530 JavaThread "C1 CompilerThread0"         daemon [_thread_in_native, id=15376, stack(0x000000195b900000,0x000000195ba00000) (1024K)]
  0x000001876a21add0 JavaThread "Common-Cleaner"             daemon [_thread_blocked, id=7872, stack(0x000000195ba00000,0x000000195bb00000) (1024K)]
  0x000001876a31d9b0 JavaThread "Notification Thread"        daemon [_thread_blocked, id=18500, stack(0x000000195bb00000,0x000000195bc00000) (1024K)]
  0x000001876be05760 JavaThread "Daemon health stats"               [_thread_blocked, id=7756, stack(0x000000195c200000,0x000000195c300000) (1024K)]
  0x000001876c1e0020 JavaThread "Incoming local TCP Connector on port 60130"        [_thread_in_native, id=22220, stack(0x000000195c600000,0x000000195c700000) (1024K)]
  0x000001876c31e660 JavaThread "Daemon periodic checks"            [_thread_blocked, id=21792, stack(0x000000195c700000,0x000000195c800000) (1024K)]
  0x000001876bd62740 JavaThread "Daemon"                            [_thread_blocked, id=22400, stack(0x000000195c800000,0x000000195c900000) (1024K)]
  0x000001876c178c00 JavaThread "Handler for socket connection from /127.0.0.1:60130 to /127.0.0.1:60131"        [_thread_in_native, id=22508, stack(0x000000195c900000,0x000000195ca00000) (1024K)]
  0x000001876c146ee0 JavaThread "Cancel handler"                    [_thread_blocked, id=9784, stack(0x000000195ca00000,0x000000195cb00000) (1024K)]
  0x000001876c143050 JavaThread "Daemon worker"                     [_thread_in_Java, id=16676, stack(0x000000195cb00000,0x000000195cc00000) (1024K)]
  0x000001876c150c40 JavaThread "Asynchronous log dispatcher for DefaultDaemonConnection: socket connection from /127.0.0.1:60130 to /127.0.0.1:60131"        [_thread_blocked, id=17992, stack(0x000000195cc00000,0x000000195cd00000) (1024K)]
  0x000001876c153a30 JavaThread "Stdin handler"                     [_thread_blocked, id=17320, stack(0x000000195cd00000,0x000000195ce00000) (1024K)]
  0x000001876c1505b0 JavaThread "Daemon client event forwarder"        [_thread_blocked, id=19940, stack(0x000000195ce00000,0x000000195cf00000) (1024K)]
  0x000001876c1512d0 JavaThread "Cache worker for journal cache (C:\Users\Joseph Frank\.gradle\caches\journal-1)"        [_thread_blocked, id=16864, stack(0x000000195bc00000,0x000000195bd00000) (1024K)]
  0x000001876c152d10 JavaThread "File lock request listener"        [_thread_in_native, id=8556, stack(0x000000195cf00000,0x000000195d000000) (1024K)]
  0x000001876c152680 JavaThread "Cache worker for file hash cache (C:\Users\Joseph Frank\.gradle\caches\8.9\fileHashes)"        [_thread_blocked, id=22036, stack(0x000000195d000000,0x000000195d100000) (1024K)]
=>0x000001876c45cee0 JavaThread "C2 CompilerThread1"         daemon [_thread_in_native, id=18392, stack(0x000000195d100000,0x000000195d200000) (1024K)]
Total: 25

Other Threads:
  0x0000018724fb5bc0 VMThread "VM Thread"                           [id=18552, stack(0x000000195b100000,0x000000195b200000) (1024K)]
  0x0000018724fa5070 WatcherThread "VM Periodic Task Thread"        [id=18368, stack(0x000000195b000000,0x000000195b100000) (1024K)]
  0x00000187037f82b0 WorkerThread "GC Thread#0"                     [id=16580, stack(0x000000195ab00000,0x000000195ac00000) (1024K)]
  0x000001876a4a1030 WorkerThread "GC Thread#1"                     [id=14952, stack(0x000000195bd00000,0x000000195be00000) (1024K)]
  0x000001876a87db50 WorkerThread "GC Thread#2"                     [id=20484, stack(0x000000195be00000,0x000000195bf00000) (1024K)]
  0x000001876a87def0 WorkerThread "GC Thread#3"                     [id=21436, stack(0x000000195bf00000,0x000000195c000000) (1024K)]
  0x000001876a87e290 WorkerThread "GC Thread#4"                     [id=20736, stack(0x000000195c000000,0x000000195c100000) (1024K)]
  0x000001876a87e630 WorkerThread "GC Thread#5"                     [id=14328, stack(0x000000195c100000,0x000000195c200000) (1024K)]
  0x000001876beb1580 WorkerThread "GC Thread#6"                     [id=18096, stack(0x000000195c300000,0x000000195c400000) (1024K)]
  0x000001876b8b2430 WorkerThread "GC Thread#7"                     [id=15664, stack(0x000000195c400000,0x000000195c500000) (1024K)]
  0x000001876b8b27d0 WorkerThread "GC Thread#8"                     [id=9836, stack(0x000000195c500000,0x000000195c600000) (1024K)]
  0x0000018703809940 ConcurrentGCThread "G1 Main Marker"            [id=16172, stack(0x000000195ac00000,0x000000195ad00000) (1024K)]
  0x000001870380a2e0 WorkerThread "G1 Conc#0"                       [id=9156, stack(0x000000195ad00000,0x000000195ae00000) (1024K)]
  0x0000018724e77620 ConcurrentGCThread "G1 Refine#0"               [id=18784, stack(0x000000195ae00000,0x000000195af00000) (1024K)]
  0x0000018724e77c40 ConcurrentGCThread "G1 Service"                [id=8444, stack(0x000000195af00000,0x000000195b000000) (1024K)]
Total: 15

Threads with active compile tasks:
C2 CompilerThread0  6420 2792   !   4       java.lang.ClassLoader::loadClass (121 bytes)
C1 CompilerThread0  6420 2991       3       java.lang.invoke.LambdaForm::create (14 bytes)
C2 CompilerThread1  6420 2960       4       java.lang.invoke.MethodType::makeImpl (109 bytes)
Total: 3

VM state: not at safepoint (normal execution)

VM Mutex/Monitor currently owned by a thread:  ([mutex/lock_event])
[0x00007ffc6d54bf00] MethodCompileQueue_lock - owner thread: 0x0000018724feb530

Heap address: 0x0000000700000000, size: 4096 MB, Compressed Oops mode: Zero based, Oop shift amount: 3

CDS archive(s) mapped at: [0x0000018725000000-0x0000018725c80000-0x0000018725c80000), size 13107200, SharedBaseAddress: 0x0000018725000000, ArchiveRelocationMode: 1.
Compressed class space mapped at: 0x0000018726000000-0x0000018766000000, reserved size: 1073741824
Narrow klass base: 0x0000018725000000, Narrow klass shift: 0, Narrow klass range: 0x100000000

GC Precious Log:
 CardTable entry size: 512
 Card Set container configuration: InlinePtr #cards 4 size 8 Array Of Cards #cards 16 size 48 Howl #buckets 8 coarsen threshold 3686 Howl Bitmap #cards 512 size 80 coarsen threshold 460 Card regions per heap region 1 cards per card region 4096
 CPUs: 12 total, 12 available
 Memory: 18277M
 Large Page Support: Disabled
 NUMA Support: Disabled
 Compressed Oops: Enabled (Zero based)
 Heap Region Size: 2M
 Heap Min Capacity: 8M
 Heap Initial Capacity: 286M
 Heap Max Capacity: 4G
 Pre-touch: Disabled
 Parallel Workers: 10
 Concurrent Workers: 3
 Concurrent Refinement Workers: 10
 Periodic GC: Disabled

Heap:
 garbage-first heap   total 292864K, used 84273K [0x0000000700000000, 0x0000000800000000)
  region size 2048K, 37 young (75776K), 4 survivors (8192K)
 Metaspace       used 18645K, committed 19200K, reserved 1114112K
  class space    used 2590K, committed 2880K, reserved 1048576K

Heap Regions: E=young(eden), S=young(survivor), O=old, HS=humongous(starts), HC=humongous(continues), CS=collection set, F=free, TAMS=top-at-mark-start, PB=parsable bottom
|   0|0x0000000700000000, 0x0000000700200000, 0x0000000700200000|100%| O|  |TAMS 0x0000000700000000| PB 0x0000000700000000| Untracked 
|   1|0x0000000700200000, 0x0000000700400000, 0x0000000700400000|100%|HS|  |TAMS 0x0000000700200000| PB 0x0000000700200000| Complete 
|   2|0x0000000700400000, 0x0000000700600000, 0x0000000700600000|100%|HC|  |TAMS 0x0000000700400000| PB 0x0000000700400000| Complete 
|   3|0x0000000700600000, 0x0000000700800000, 0x0000000700800000|100%| O|  |TAMS 0x0000000700600000| PB 0x0000000700600000| Untracked 
|   4|0x0000000700800000, 0x0000000700a00000, 0x0000000700a00000|100%| O|  |TAMS 0x0000000700800000| PB 0x0000000700800000| Untracked 
|   5|0x0000000700a00000, 0x0000000700a4c4c0, 0x0000000700c00000| 14%| O|  |TAMS 0x0000000700a00000| PB 0x0000000700a00000| Untracked 
|   6|0x0000000700c00000, 0x0000000700c00000, 0x0000000700e00000|  0%| F|  |TAMS 0x0000000700c00000| PB 0x0000000700c00000| Untracked 
|   7|0x0000000700e00000, 0x0000000700e00000, 0x0000000701000000|  0%| F|  |TAMS 0x0000000700e00000| PB 0x0000000700e00000| Untracked 
|   8|0x0000000701000000, 0x0000000701000000, 0x0000000701200000|  0%| F|  |TAMS 0x0000000701000000| PB 0x0000000701000000| Untracked 
|   9|0x0000000701200000, 0x0000000701200000, 0x0000000701400000|  0%| F|  |TAMS 0x0000000701200000| PB 0x0000000701200000| Untracked 
|  10|0x0000000701400000, 0x0000000701400000, 0x0000000701600000|  0%| F|  |TAMS 0x0000000701400000| PB 0x0000000701400000| Untracked 
|  11|0x0000000701600000, 0x0000000701600000, 0x0000000701800000|  0%| F|  |TAMS 0x0000000701600000| PB 0x0000000701600000| Untracked 
|  12|0x0000000701800000, 0x0000000701800000, 0x0000000701a00000|  0%| F|  |TAMS 0x0000000701800000| PB 0x0000000701800000| Untracked 
|  13|0x0000000701a00000, 0x0000000701a00000, 0x0000000701c00000|  0%| F|  |TAMS 0x0000000701a00000| PB 0x0000000701a00000| Untracked 
|  14|0x0000000701c00000, 0x0000000701c00000, 0x0000000701e00000|  0%| F|  |TAMS 0x0000000701c00000| PB 0x0000000701c00000| Untracked 
|  15|0x0000000701e00000, 0x0000000701e00000, 0x0000000702000000|  0%| F|  |TAMS 0x0000000701e00000| PB 0x0000000701e00000| Untracked 
|  16|0x0000000702000000, 0x0000000702000000, 0x0000000702200000|  0%| F|  |TAMS 0x0000000702000000| PB 0x0000000702000000| Untracked 
|  17|0x0000000702200000, 0x0000000702200000, 0x0000000702400000|  0%| F|  |TAMS 0x0000000702200000| PB 0x0000000702200000| Untracked 
|  18|0x0000000702400000, 0x0000000702400000, 0x0000000702600000|  0%| F|  |TAMS 0x0000000702400000| PB 0x0000000702400000| Untracked 
|  19|0x0000000702600000, 0x0000000702600000, 0x0000000702800000|  0%| F|  |TAMS 0x0000000702600000| PB 0x0000000702600000| Untracked 
|  20|0x0000000702800000, 0x0000000702800000, 0x0000000702a00000|  0%| F|  |TAMS 0x0000000702800000| PB 0x0000000702800000| Untracked 
|  21|0x0000000702a00000, 0x0000000702a00000, 0x0000000702c00000|  0%| F|  |TAMS 0x0000000702a00000| PB 0x0000000702a00000| Untracked 
|  22|0x0000000702c00000, 0x0000000702c00000, 0x0000000702e00000|  0%| F|  |TAMS 0x0000000702c00000| PB 0x0000000702c00000| Untracked 
|  23|0x0000000702e00000, 0x0000000702e00000, 0x0000000703000000|  0%| F|  |TAMS 0x0000000702e00000| PB 0x0000000702e00000| Untracked 
|  24|0x0000000703000000, 0x0000000703000000, 0x0000000703200000|  0%| F|  |TAMS 0x0000000703000000| PB 0x0000000703000000| Untracked 
|  25|0x0000000703200000, 0x0000000703200000, 0x0000000703400000|  0%| F|  |TAMS 0x0000000703200000| PB 0x0000000703200000| Untracked 
|  26|0x0000000703400000, 0x0000000703400000, 0x0000000703600000|  0%| F|  |TAMS 0x0000000703400000| PB 0x0000000703400000| Untracked 
|  27|0x0000000703600000, 0x0000000703600000, 0x0000000703800000|  0%| F|  |TAMS 0x0000000703600000| PB 0x0000000703600000| Untracked 
|  28|0x0000000703800000, 0x0000000703800000, 0x0000000703a00000|  0%| F|  |TAMS 0x0000000703800000| PB 0x0000000703800000| Untracked 
|  29|0x0000000703a00000, 0x0000000703a00000, 0x0000000703c00000|  0%| F|  |TAMS 0x0000000703a00000| PB 0x0000000703a00000| Untracked 
|  30|0x0000000703c00000, 0x0000000703c00000, 0x0000000703e00000|  0%| F|  |TAMS 0x0000000703c00000| PB 0x0000000703c00000| Untracked 
|  31|0x0000000703e00000, 0x0000000703e00000, 0x0000000704000000|  0%| F|  |TAMS 0x0000000703e00000| PB 0x0000000703e00000| Untracked 
|  32|0x0000000704000000, 0x0000000704000000, 0x0000000704200000|  0%| F|  |TAMS 0x0000000704000000| PB 0x0000000704000000| Untracked 
|  33|0x0000000704200000, 0x0000000704200000, 0x0000000704400000|  0%| F|  |TAMS 0x0000000704200000| PB 0x0000000704200000| Untracked 
|  34|0x0000000704400000, 0x0000000704400000, 0x0000000704600000|  0%| F|  |TAMS 0x0000000704400000| PB 0x0000000704400000| Untracked 
|  35|0x0000000704600000, 0x0000000704600000, 0x0000000704800000|  0%| F|  |TAMS 0x0000000704600000| PB 0x0000000704600000| Untracked 
|  36|0x0000000704800000, 0x0000000704800000, 0x0000000704a00000|  0%| F|  |TAMS 0x0000000704800000| PB 0x0000000704800000| Untracked 
|  37|0x0000000704a00000, 0x0000000704a00000, 0x0000000704c00000|  0%| F|  |TAMS 0x0000000704a00000| PB 0x0000000704a00000| Untracked 
|  38|0x0000000704c00000, 0x0000000704c00000, 0x0000000704e00000|  0%| F|  |TAMS 0x0000000704c00000| PB 0x0000000704c00000| Untracked 
|  39|0x0000000704e00000, 0x0000000704e00000, 0x0000000705000000|  0%| F|  |TAMS 0x0000000704e00000| PB 0x0000000704e00000| Untracked 
|  40|0x0000000705000000, 0x0000000705000000, 0x0000000705200000|  0%| F|  |TAMS 0x0000000705000000| PB 0x0000000705000000| Untracked 
|  41|0x0000000705200000, 0x0000000705200000, 0x0000000705400000|  0%| F|  |TAMS 0x0000000705200000| PB 0x0000000705200000| Untracked 
|  42|0x0000000705400000, 0x0000000705400000, 0x0000000705600000|  0%| F|  |TAMS 0x0000000705400000| PB 0x0000000705400000| Untracked 
|  43|0x0000000705600000, 0x0000000705600000, 0x0000000705800000|  0%| F|  |TAMS 0x0000000705600000| PB 0x0000000705600000| Untracked 
|  44|0x0000000705800000, 0x0000000705800000, 0x0000000705a00000|  0%| F|  |TAMS 0x0000000705800000| PB 0x0000000705800000| Untracked 
|  45|0x0000000705a00000, 0x0000000705a00000, 0x0000000705c00000|  0%| F|  |TAMS 0x0000000705a00000| PB 0x0000000705a00000| Untracked 
|  46|0x0000000705c00000, 0x0000000705c00000, 0x0000000705e00000|  0%| F|  |TAMS 0x0000000705c00000| PB 0x0000000705c00000| Untracked 
|  47|0x0000000705e00000, 0x0000000705e00000, 0x0000000706000000|  0%| F|  |TAMS 0x0000000705e00000| PB 0x0000000705e00000| Untracked 
|  48|0x0000000706000000, 0x0000000706000000, 0x0000000706200000|  0%| F|  |TAMS 0x0000000706000000| PB 0x0000000706000000| Untracked 
|  49|0x0000000706200000, 0x0000000706200000, 0x0000000706400000|  0%| F|  |TAMS 0x0000000706200000| PB 0x0000000706200000| Untracked 
|  50|0x0000000706400000, 0x0000000706400000, 0x0000000706600000|  0%| F|  |TAMS 0x0000000706400000| PB 0x0000000706400000| Untracked 
|  51|0x0000000706600000, 0x0000000706600000, 0x0000000706800000|  0%| F|  |TAMS 0x0000000706600000| PB 0x0000000706600000| Untracked 
|  52|0x0000000706800000, 0x0000000706800000, 0x0000000706a00000|  0%| F|  |TAMS 0x0000000706800000| PB 0x0000000706800000| Untracked 
|  53|0x0000000706a00000, 0x0000000706a00000, 0x0000000706c00000|  0%| F|  |TAMS 0x0000000706a00000| PB 0x0000000706a00000| Untracked 
|  54|0x0000000706c00000, 0x0000000706c00000, 0x0000000706e00000|  0%| F|  |TAMS 0x0000000706c00000| PB 0x0000000706c00000| Untracked 
|  55|0x0000000706e00000, 0x0000000706e00000, 0x0000000707000000|  0%| F|  |TAMS 0x0000000706e00000| PB 0x0000000706e00000| Untracked 
|  56|0x0000000707000000, 0x0000000707000000, 0x0000000707200000|  0%| F|  |TAMS 0x0000000707000000| PB 0x0000000707000000| Untracked 
|  57|0x0000000707200000, 0x0000000707200000, 0x0000000707400000|  0%| F|  |TAMS 0x0000000707200000| PB 0x0000000707200000| Untracked 
|  58|0x0000000707400000, 0x0000000707400000, 0x0000000707600000|  0%| F|  |TAMS 0x0000000707400000| PB 0x0000000707400000| Untracked 
|  59|0x0000000707600000, 0x0000000707600000, 0x0000000707800000|  0%| F|  |TAMS 0x0000000707600000| PB 0x0000000707600000| Untracked 
|  60|0x0000000707800000, 0x0000000707800000, 0x0000000707a00000|  0%| F|  |TAMS 0x0000000707800000| PB 0x0000000707800000| Untracked 
|  61|0x0000000707a00000, 0x0000000707a00000, 0x0000000707c00000|  0%| F|  |TAMS 0x0000000707a00000| PB 0x0000000707a00000| Untracked 
|  62|0x0000000707c00000, 0x0000000707c00000, 0x0000000707e00000|  0%| F|  |TAMS 0x0000000707c00000| PB 0x0000000707c00000| Untracked 
|  63|0x0000000707e00000, 0x0000000707e00000, 0x0000000708000000|  0%| F|  |TAMS 0x0000000707e00000| PB 0x0000000707e00000| Untracked 
|  64|0x0000000708000000, 0x0000000708000000, 0x0000000708200000|  0%| F|  |TAMS 0x0000000708000000| PB 0x0000000708000000| Untracked 
|  65|0x0000000708200000, 0x0000000708200000, 0x0000000708400000|  0%| F|  |TAMS 0x0000000708200000| PB 0x0000000708200000| Untracked 
|  66|0x0000000708400000, 0x0000000708400000, 0x0000000708600000|  0%| F|  |TAMS 0x0000000708400000| PB 0x0000000708400000| Untracked 
|  67|0x0000000708600000, 0x0000000708600000, 0x0000000708800000|  0%| F|  |TAMS 0x0000000708600000| PB 0x0000000708600000| Untracked 
|  68|0x0000000708800000, 0x0000000708800000, 0x0000000708a00000|  0%| F|  |TAMS 0x0000000708800000| PB 0x0000000708800000| Untracked 
|  69|0x0000000708a00000, 0x0000000708a00000, 0x0000000708c00000|  0%| F|  |TAMS 0x0000000708a00000| PB 0x0000000708a00000| Untracked 
|  70|0x0000000708c00000, 0x0000000708c00000, 0x0000000708e00000|  0%| F|  |TAMS 0x0000000708c00000| PB 0x0000000708c00000| Untracked 
|  71|0x0000000708e00000, 0x0000000708e00000, 0x0000000709000000|  0%| F|  |TAMS 0x0000000708e00000| PB 0x0000000708e00000| Untracked 
|  72|0x0000000709000000, 0x0000000709000000, 0x0000000709200000|  0%| F|  |TAMS 0x0000000709000000| PB 0x0000000709000000| Untracked 
|  73|0x0000000709200000, 0x0000000709200000, 0x0000000709400000|  0%| F|  |TAMS 0x0000000709200000| PB 0x0000000709200000| Untracked 
|  74|0x0000000709400000, 0x0000000709400000, 0x0000000709600000|  0%| F|  |TAMS 0x0000000709400000| PB 0x0000000709400000| Untracked 
|  75|0x0000000709600000, 0x0000000709600000, 0x0000000709800000|  0%| F|  |TAMS 0x0000000709600000| PB 0x0000000709600000| Untracked 
|  76|0x0000000709800000, 0x0000000709800000, 0x0000000709a00000|  0%| F|  |TAMS 0x0000000709800000| PB 0x0000000709800000| Untracked 
|  77|0x0000000709a00000, 0x0000000709a00000, 0x0000000709c00000|  0%| F|  |TAMS 0x0000000709a00000| PB 0x0000000709a00000| Untracked 
|  78|0x0000000709c00000, 0x0000000709c00000, 0x0000000709e00000|  0%| F|  |TAMS 0x0000000709c00000| PB 0x0000000709c00000| Untracked 
|  79|0x0000000709e00000, 0x0000000709e00000, 0x000000070a000000|  0%| F|  |TAMS 0x0000000709e00000| PB 0x0000000709e00000| Untracked 
|  80|0x000000070a000000, 0x000000070a000000, 0x000000070a200000|  0%| F|  |TAMS 0x000000070a000000| PB 0x000000070a000000| Untracked 
|  81|0x000000070a200000, 0x000000070a200000, 0x000000070a400000|  0%| F|  |TAMS 0x000000070a200000| PB 0x000000070a200000| Untracked 
|  82|0x000000070a400000, 0x000000070a400000, 0x000000070a600000|  0%| F|  |TAMS 0x000000070a400000| PB 0x000000070a400000| Untracked 
|  83|0x000000070a600000, 0x000000070a600000, 0x000000070a800000|  0%| F|  |TAMS 0x000000070a600000| PB 0x000000070a600000| Untracked 
|  84|0x000000070a800000, 0x000000070a800000, 0x000000070aa00000|  0%| F|  |TAMS 0x000000070a800000| PB 0x000000070a800000| Untracked 
|  85|0x000000070aa00000, 0x000000070aa00000, 0x000000070ac00000|  0%| F|  |TAMS 0x000000070aa00000| PB 0x000000070aa00000| Untracked 
|  86|0x000000070ac00000, 0x000000070ac00000, 0x000000070ae00000|  0%| F|  |TAMS 0x000000070ac00000| PB 0x000000070ac00000| Untracked 
|  87|0x000000070ae00000, 0x000000070ae00000, 0x000000070b000000|  0%| F|  |TAMS 0x000000070ae00000| PB 0x000000070ae00000| Untracked 
|  88|0x000000070b000000, 0x000000070b000000, 0x000000070b200000|  0%| F|  |TAMS 0x000000070b000000| PB 0x000000070b000000| Untracked 
|  89|0x000000070b200000, 0x000000070b200000, 0x000000070b400000|  0%| F|  |TAMS 0x000000070b200000| PB 0x000000070b200000| Untracked 
|  90|0x000000070b400000, 0x000000070b400000, 0x000000070b600000|  0%| F|  |TAMS 0x000000070b400000| PB 0x000000070b400000| Untracked 
|  91|0x000000070b600000, 0x000000070b600000, 0x000000070b800000|  0%| F|  |TAMS 0x000000070b600000| PB 0x000000070b600000| Untracked 
|  92|0x000000070b800000, 0x000000070b800000, 0x000000070ba00000|  0%| F|  |TAMS 0x000000070b800000| PB 0x000000070b800000| Untracked 
|  93|0x000000070ba00000, 0x000000070ba00000, 0x000000070bc00000|  0%| F|  |TAMS 0x000000070ba00000| PB 0x000000070ba00000| Untracked 
|  94|0x000000070bc00000, 0x000000070bc00000, 0x000000070be00000|  0%| F|  |TAMS 0x000000070bc00000| PB 0x000000070bc00000| Untracked 
|  95|0x000000070be00000, 0x000000070be00000, 0x000000070c000000|  0%| F|  |TAMS 0x000000070be00000| PB 0x000000070be00000| Untracked 
|  96|0x000000070c000000, 0x000000070c000000, 0x000000070c200000|  0%| F|  |TAMS 0x000000070c000000| PB 0x000000070c000000| Untracked 
|  97|0x000000070c200000, 0x000000070c200000, 0x000000070c400000|  0%| F|  |TAMS 0x000000070c200000| PB 0x000000070c200000| Untracked 
|  98|0x000000070c400000, 0x000000070c400000, 0x000000070c600000|  0%| F|  |TAMS 0x000000070c400000| PB 0x000000070c400000| Untracked 
|  99|0x000000070c600000, 0x000000070c600000, 0x000000070c800000|  0%| F|  |TAMS 0x000000070c600000| PB 0x000000070c600000| Untracked 
| 100|0x000000070c800000, 0x000000070c800000, 0x000000070ca00000|  0%| F|  |TAMS 0x000000070c800000| PB 0x000000070c800000| Untracked 
| 101|0x000000070ca00000, 0x000000070ca00000, 0x000000070cc00000|  0%| F|  |TAMS 0x000000070ca00000| PB 0x000000070ca00000| Untracked 
| 102|0x000000070cc00000, 0x000000070cc00000, 0x000000070ce00000|  0%| F|  |TAMS 0x000000070cc00000| PB 0x000000070cc00000| Untracked 
| 103|0x000000070ce00000, 0x000000070ce00000, 0x000000070d000000|  0%| F|  |TAMS 0x000000070ce00000| PB 0x000000070ce00000| Untracked 
| 104|0x000000070d000000, 0x000000070d000000, 0x000000070d200000|  0%| F|  |TAMS 0x000000070d000000| PB 0x000000070d000000| Untracked 
| 105|0x000000070d200000, 0x000000070d200000, 0x000000070d400000|  0%| F|  |TAMS 0x000000070d200000| PB 0x000000070d200000| Untracked 
| 106|0x000000070d400000, 0x000000070d500000, 0x000000070d600000| 50%| E|  |TAMS 0x000000070d400000| PB 0x000000070d400000| Complete 
| 107|0x000000070d600000, 0x000000070d800000, 0x000000070d800000|100%| E|CS|TAMS 0x000000070d600000| PB 0x000000070d600000| Complete 
| 108|0x000000070d800000, 0x000000070da00000, 0x000000070da00000|100%| E|CS|TAMS 0x000000070d800000| PB 0x000000070d800000| Complete 
| 109|0x000000070da00000, 0x000000070dc00000, 0x000000070dc00000|100%| E|CS|TAMS 0x000000070da00000| PB 0x000000070da00000| Complete 
| 110|0x000000070dc00000, 0x000000070de00000, 0x000000070de00000|100%| E|CS|TAMS 0x000000070dc00000| PB 0x000000070dc00000| Complete 
| 111|0x000000070de00000, 0x000000070e000000, 0x000000070e000000|100%| E|CS|TAMS 0x000000070de00000| PB 0x000000070de00000| Complete 
| 112|0x000000070e000000, 0x000000070e200000, 0x000000070e200000|100%| E|CS|TAMS 0x000000070e000000| PB 0x000000070e000000| Complete 
| 113|0x000000070e200000, 0x000000070e400000, 0x000000070e400000|100%| S|CS|TAMS 0x000000070e200000| PB 0x000000070e200000| Complete 
| 114|0x000000070e400000, 0x000000070e600000, 0x000000070e600000|100%| S|CS|TAMS 0x000000070e400000| PB 0x000000070e400000| Complete 
| 115|0x000000070e600000, 0x000000070e800000, 0x000000070e800000|100%| S|CS|TAMS 0x000000070e600000| PB 0x000000070e600000| Complete 
| 116|0x000000070e800000, 0x000000070ea00000, 0x000000070ea00000|100%| S|CS|TAMS 0x000000070e800000| PB 0x000000070e800000| Complete 
| 117|0x000000070ea00000, 0x000000070ec00000, 0x000000070ec00000|100%| E|CS|TAMS 0x000000070ea00000| PB 0x000000070ea00000| Complete 
| 118|0x000000070ec00000, 0x000000070ee00000, 0x000000070ee00000|100%| E|CS|TAMS 0x000000070ec00000| PB 0x000000070ec00000| Complete 
| 119|0x000000070ee00000, 0x000000070f000000, 0x000000070f000000|100%| E|CS|TAMS 0x000000070ee00000| PB 0x000000070ee00000| Complete 
| 120|0x000000070f000000, 0x000000070f200000, 0x000000070f200000|100%| E|CS|TAMS 0x000000070f000000| PB 0x000000070f000000| Complete 
| 121|0x000000070f200000, 0x000000070f400000, 0x000000070f400000|100%| E|CS|TAMS 0x000000070f200000| PB 0x000000070f200000| Complete 
| 122|0x000000070f400000, 0x000000070f600000, 0x000000070f600000|100%| E|CS|TAMS 0x000000070f400000| PB 0x000000070f400000| Complete 
| 123|0x000000070f600000, 0x000000070f800000, 0x000000070f800000|100%| E|CS|TAMS 0x000000070f600000| PB 0x000000070f600000| Complete 
| 124|0x000000070f800000, 0x000000070fa00000, 0x000000070fa00000|100%| E|CS|TAMS 0x000000070f800000| PB 0x000000070f800000| Complete 
| 125|0x000000070fa00000, 0x000000070fc00000, 0x000000070fc00000|100%| E|CS|TAMS 0x000000070fa00000| PB 0x000000070fa00000| Complete 
| 126|0x000000070fc00000, 0x000000070fe00000, 0x000000070fe00000|100%| E|CS|TAMS 0x000000070fc00000| PB 0x000000070fc00000| Complete 
| 127|0x000000070fe00000, 0x0000000710000000, 0x0000000710000000|100%| E|CS|TAMS 0x000000070fe00000| PB 0x000000070fe00000| Complete 
| 128|0x0000000710000000, 0x0000000710200000, 0x0000000710200000|100%| E|CS|TAMS 0x0000000710000000| PB 0x0000000710000000| Complete 
| 129|0x0000000710200000, 0x0000000710400000, 0x0000000710400000|100%| E|CS|TAMS 0x0000000710200000| PB 0x0000000710200000| Complete 
| 130|0x0000000710400000, 0x0000000710600000, 0x0000000710600000|100%| E|CS|TAMS 0x0000000710400000| PB 0x0000000710400000| Complete 
| 131|0x0000000710600000, 0x0000000710800000, 0x0000000710800000|100%| E|CS|TAMS 0x0000000710600000| PB 0x0000000710600000| Complete 
| 132|0x0000000710800000, 0x0000000710a00000, 0x0000000710a00000|100%| E|CS|TAMS 0x0000000710800000| PB 0x0000000710800000| Complete 
| 133|0x0000000710a00000, 0x0000000710c00000, 0x0000000710c00000|100%| E|CS|TAMS 0x0000000710a00000| PB 0x0000000710a00000| Complete 
| 134|0x0000000710c00000, 0x0000000710e00000, 0x0000000710e00000|100%| E|CS|TAMS 0x0000000710c00000| PB 0x0000000710c00000| Complete 
| 135|0x0000000710e00000, 0x0000000711000000, 0x0000000711000000|100%| E|CS|TAMS 0x0000000710e00000| PB 0x0000000710e00000| Complete 
| 136|0x0000000711000000, 0x0000000711200000, 0x0000000711200000|100%| E|CS|TAMS 0x0000000711000000| PB 0x0000000711000000| Complete 
| 137|0x0000000711200000, 0x0000000711400000, 0x0000000711400000|100%| E|CS|TAMS 0x0000000711200000| PB 0x0000000711200000| Complete 
| 138|0x0000000711400000, 0x0000000711600000, 0x0000000711600000|100%| E|CS|TAMS 0x0000000711400000| PB 0x0000000711400000| Complete 
| 139|0x0000000711600000, 0x0000000711800000, 0x0000000711800000|100%| E|CS|TAMS 0x0000000711600000| PB 0x0000000711600000| Complete 
| 140|0x0000000711800000, 0x0000000711a00000, 0x0000000711a00000|100%| E|CS|TAMS 0x0000000711800000| PB 0x0000000711800000| Complete 
| 141|0x0000000711a00000, 0x0000000711c00000, 0x0000000711c00000|100%| E|CS|TAMS 0x0000000711a00000| PB 0x0000000711a00000| Complete 
| 142|0x0000000711c00000, 0x0000000711e00000, 0x0000000711e00000|100%| E|CS|TAMS 0x0000000711c00000| PB 0x0000000711c00000| Complete 

Card table byte_map: [0x000001871dad0000,0x000001871e2d0000] _byte_map_base: 0x000001871a2d0000

Marking Bits: (CMBitMap*) 0x00000187037f8850
 Bits: [0x000001871e2d0000, 0x00000187222d0000)

Polling page: 0x0000018703850000

Metaspace:

Usage:
  Non-class:     15.70 MB used.
      Class:      2.53 MB used.
       Both:     18.23 MB used.

Virtual space:
  Non-class space:       64.00 MB reserved,      16.00 MB ( 25%) committed,  1 nodes.
      Class space:        1.00 GB reserved,       2.81 MB ( <1%) committed,  1 nodes.
             Both:        1.06 GB reserved,      18.81 MB (  2%) committed. 

Chunk freelists:
   Non-Class:  15.67 MB
       Class:  13.16 MB
        Both:  28.83 MB

MaxMetaspaceSize: 2.00 GB
CompressedClassSpaceSize: 1.00 GB
Initial GC threshold: 21.00 MB
Current GC threshold: 21.00 MB
CDS: on
 - commit_granule_bytes: 65536.
 - commit_granule_words: 8192.
 - virtual_space_node_default_size: 8388608.
 - enlarge_chunks_in_place: 1.
 - use_allocation_guard: 0.


Internal statistics:

num_allocs_failed_limit: 0.
num_arena_births: 744.
num_arena_deaths: 0.
num_vsnodes_births: 2.
num_vsnodes_deaths: 0.
num_space_committed: 301.
num_space_uncommitted: 0.
num_chunks_returned_to_freelist: 0.
num_chunks_taken_from_freelist: 1429.
num_chunk_merges: 0.
num_chunk_splits: 920.
num_chunks_enlarged: 603.
num_inconsistent_stats: 0.

CodeHeap 'non-profiled nmethods': size=120000Kb used=1496Kb max_used=1496Kb free=118503Kb
 bounds [0x0000018715120000, 0x0000018715390000, 0x000001871c650000]
CodeHeap 'profiled nmethods': size=120000Kb used=5956Kb max_used=5956Kb free=114043Kb
 bounds [0x000001870d650000, 0x000001870dc30000, 0x0000018714b80000]
CodeHeap 'non-nmethods': size=5760Kb used=1496Kb max_used=1519Kb free=4263Kb
 bounds [0x0000018714b80000, 0x0000018714df0000, 0x0000018715120000]
 total_blobs=3561 nmethods=2989 adapters=476
 compilation: enabled
              stopped_count=0, restarted_count=0
 full_count=0

Compilation events (20 events):
Event: 6.241 Thread 0x0000018724feb530 2965       3       java.lang.invoke.LambdaForm$Name::<init> (99 bytes)
Event: 6.241 Thread 0x0000018724feb530 nmethod 2965 0x000001870dc0e510 code [0x000001870dc0e6c0, 0x000001870dc0ea00]
Event: 6.253 Thread 0x0000018724feb530 2966       3       sun.reflect.annotation.AnnotationParser$$Lambda/0x000001872605f1e0::get (16 bytes)
Event: 6.253 Thread 0x0000018724feb530 nmethod 2966 0x000001870dc0eb10 code [0x000001870dc0ecc0, 0x000001870dc0ee78]
Event: 6.253 Thread 0x0000018724feb530 2967       3       sun.reflect.annotation.AnnotationParser::lambda$parseClassArray$0 (7 bytes)
Event: 6.254 Thread 0x0000018724feb530 nmethod 2967 0x000001870dc0ef90 code [0x000001870dc0f140, 0x000001870dc0f258]
Event: 6.300 Thread 0x0000018724feb530 2970       3       java.util.concurrent.locks.LockSupport::setBlocker (12 bytes)
Event: 6.301 Thread 0x0000018724feb530 nmethod 2970 0x000001870dc0f310 code [0x000001870dc0f4c0, 0x000001870dc0f6c8]
Event: 6.360 Thread 0x0000018724feb530 2971       3       jdk.internal.misc.Unsafe::weakCompareAndSetInt (11 bytes)
Event: 6.361 Thread 0x0000018724feb530 nmethod 2971 0x000001870dc0f790 code [0x000001870dc0f920, 0x000001870dc0fa48]
Event: 6.387 Thread 0x0000018724feb530 2972       3       sun.reflect.annotation.AnnotationParser::parseArrayElements (105 bytes)
Event: 6.388 Thread 0x0000018724feb530 nmethod 2972 0x000001870dc0fb10 code [0x000001870dc0fd40, 0x000001870dc10610]
Event: 6.388 Thread 0x0000018724feb530 2973       3       sun.reflect.annotation.AnnotationParser::parseClassArray (19 bytes)
Event: 6.389 Thread 0x0000018724feb530 nmethod 2973 0x000001870dc10890 code [0x000001870dc10aa0, 0x000001870dc113d0]
Event: 6.389 Thread 0x0000018724feb530 2975       3       sun.reflect.annotation.AnnotationParser::parseArray (234 bytes)
Event: 6.390 Thread 0x0000018724feb530 nmethod 2975 0x000001870dc11690 code [0x000001870dc11a80, 0x000001870dc12c58]
Event: 6.390 Thread 0x0000018724feb530 2974       3       sun.reflect.annotation.AnnotationParser$$Lambda/0x000001872605f1e0::<init> (20 bytes)
Event: 6.391 Thread 0x0000018724feb530 nmethod 2974 0x000001870dc13110 code [0x000001870dc132c0, 0x000001870dc13558]
Event: 6.391 Thread 0x0000018724feb530 2976       3       java.lang.reflect.ProxyGenerator$ProxyMethod::emitIconstInsn (75 bytes)
Event: 6.391 Thread 0x0000018724feb530 nmethod 2976 0x000001870dc13610 code [0x000001870dc13860, 0x000001870dc140e8]

GC Heap History (6 events):
Event: 0.911 GC heap before
{Heap before GC invocations=0 (full 0):
 garbage-first heap   total 292864K, used 22528K [0x0000000700000000, 0x0000000800000000)
  region size 2048K, 11 young (22528K), 0 survivors (0K)
 Metaspace       used 1112K, committed 1216K, reserved 1114112K
  class space    used 77K, committed 128K, reserved 1048576K
}
Event: 0.916 GC heap after
{Heap after GC invocations=1 (full 0):
 garbage-first heap   total 292864K, used 4371K [0x0000000700000000, 0x0000000800000000)
  region size 2048K, 2 young (4096K), 2 survivors (4096K)
 Metaspace       used 1112K, committed 1216K, reserved 1114112K
  class space    used 77K, committed 128K, reserved 1048576K
}
Event: 2.280 GC heap before
{Heap before GC invocations=1 (full 0):
 garbage-first heap   total 292864K, used 45331K [0x0000000700000000, 0x0000000800000000)
  region size 2048K, 20 young (40960K), 2 survivors (4096K)
 Metaspace       used 4326K, committed 4544K, reserved 1114112K
  class space    used 526K, committed 640K, reserved 1048576K
}
Event: 2.285 GC heap after
{Heap after GC invocations=2 (full 0):
 garbage-first heap   total 292864K, used 11815K [0x0000000700000000, 0x0000000800000000)
  region size 2048K, 2 young (4096K), 2 survivors (4096K)
 Metaspace       used 4326K, committed 4544K, reserved 1114112K
  class space    used 526K, committed 640K, reserved 1048576K
}
Event: 3.619 GC heap before
{Heap before GC invocations=2 (full 0):
 garbage-first heap   total 292864K, used 58919K [0x0000000700000000, 0x0000000800000000)
  region size 2048K, 26 young (53248K), 2 survivors (4096K)
 Metaspace       used 7492K, committed 7744K, reserved 1114112K
  class space    used 979K, committed 1088K, reserved 1048576K
}
Event: 3.627 GC heap after
{Heap after GC invocations=3 (full 0):
 garbage-first heap   total 292864K, used 18737K [0x0000000700000000, 0x0000000800000000)
  region size 2048K, 4 young (8192K), 4 survivors (8192K)
 Metaspace       used 7492K, committed 7744K, reserved 1114112K
  class space    used 979K, committed 1088K, reserved 1048576K
}

Dll operation events (15 events):
Event: 0.032 Loaded shared library C:\Users\Joseph Frank\AppData\Roaming\Code\User\globalStorage\pleiades.java-extension-pack-jdk\java\21\bin\java.dll
Event: 0.099 Loaded shared library C:\Users\Joseph Frank\AppData\Roaming\Code\User\globalStorage\pleiades.java-extension-pack-jdk\java\21\bin\jsvml.dll
Event: 0.200 Loaded shared library C:\Users\Joseph Frank\AppData\Roaming\Code\User\globalStorage\pleiades.java-extension-pack-jdk\java\21\bin\zip.dll
Event: 0.207 Loaded shared library C:\Users\Joseph Frank\AppData\Roaming\Code\User\globalStorage\pleiades.java-extension-pack-jdk\java\21\bin\instrument.dll
Event: 0.215 Loaded shared library C:\Users\Joseph Frank\AppData\Roaming\Code\User\globalStorage\pleiades.java-extension-pack-jdk\java\21\bin\net.dll
Event: 0.220 Loaded shared library C:\Users\Joseph Frank\AppData\Roaming\Code\User\globalStorage\pleiades.java-extension-pack-jdk\java\21\bin\nio.dll
Event: 0.227 Loaded shared library C:\Users\Joseph Frank\AppData\Roaming\Code\User\globalStorage\pleiades.java-extension-pack-jdk\java\21\bin\zip.dll
Event: 0.667 Loaded shared library C:\Users\Joseph Frank\AppData\Roaming\Code\User\globalStorage\pleiades.java-extension-pack-jdk\java\21\bin\jimage.dll
Event: 1.048 Loaded shared library C:\Users\Joseph Frank\AppData\Roaming\Code\User\globalStorage\pleiades.java-extension-pack-jdk\java\21\bin\verify.dll
Event: 1.430 Loaded shared library C:\Users\Joseph Frank\.gradle\native\c067742578af261105cb4f569cf0c3c89f3d7b1fecec35dd04571415982c5e48\windows-amd64\native-platform.dll
Event: 1.439 Loaded shared library C:\Users\Joseph Frank\.gradle\native\100fb08df4bc3b14c8652ba06237920a3bd2aa13389f12d3474272988ae205f9\windows-amd64\native-platform-file-events.dll
Event: 3.373 Loaded shared library C:\Users\Joseph Frank\AppData\Roaming\Code\User\globalStorage\pleiades.java-extension-pack-jdk\java\21\bin\management.dll
Event: 3.379 Loaded shared library C:\Users\Joseph Frank\AppData\Roaming\Code\User\globalStorage\pleiades.java-extension-pack-jdk\java\21\bin\management_ext.dll
Event: 3.824 Loaded shared library C:\Users\Joseph Frank\AppData\Roaming\Code\User\globalStorage\pleiades.java-extension-pack-jdk\java\21\bin\extnet.dll
Event: 4.094 Loaded shared library C:\Users\Joseph Frank\AppData\Roaming\Code\User\globalStorage\pleiades.java-extension-pack-jdk\java\21\bin\sunmscapi.dll

Deoptimization events (20 events):
Event: 5.658 Thread 0x000001876c143050 Uncommon trap: trap_request=0xffffff45 fr.pc=0x000001871514c0e4 relative=0x0000000000000d64
Event: 5.658 Thread 0x000001876c143050 Uncommon trap: reason=unstable_if action=reinterpret pc=0x000001871514c0e4 method=java.io.WinNTFileSystem.resolve(Ljava/lang/String;Ljava/lang/String;)Ljava/lang/String; @ 19 c2
Event: 5.658 Thread 0x000001876c143050 DEOPT PACKING pc=0x000001871514c0e4 sp=0x000000195cbfbb90
Event: 5.658 Thread 0x000001876c143050 DEOPT UNPACKING pc=0x0000018714bd46a2 sp=0x000000195cbfbb28 mode 2
Event: 5.663 Thread 0x000001876c143050 Uncommon trap: trap_request=0xffffff45 fr.pc=0x00000187151b8f9c relative=0x000000000000063c
Event: 5.663 Thread 0x000001876c143050 Uncommon trap: reason=unstable_if action=reinterpret pc=0x00000187151b8f9c method=java.io.File.getName()Ljava/lang/String; @ 16 c2
Event: 5.663 Thread 0x000001876c143050 DEOPT PACKING pc=0x00000187151b8f9c sp=0x000000195cbfbb50
Event: 5.663 Thread 0x000001876c143050 DEOPT UNPACKING pc=0x0000018714bd46a2 sp=0x000000195cbfbb20 mode 2
Event: 5.785 Thread 0x000001876c143050 Uncommon trap: trap_request=0xffffff45 fr.pc=0x000001871514eb14 relative=0x00000000000000f4
Event: 5.785 Thread 0x000001876c143050 Uncommon trap: reason=unstable_if action=reinterpret pc=0x000001871514eb14 method=java.util.HashMap.hash(Ljava/lang/Object;)I @ 1 c2
Event: 5.785 Thread 0x000001876c143050 DEOPT PACKING pc=0x000001871514eb14 sp=0x000000195cbfc970
Event: 5.785 Thread 0x000001876c143050 DEOPT UNPACKING pc=0x0000018714bd46a2 sp=0x000000195cbfc8b0 mode 2
Event: 5.888 Thread 0x000001876c143050 DEOPT PACKING pc=0x000001870dae84d5 sp=0x000000195cbfc680
Event: 5.888 Thread 0x000001876c143050 DEOPT UNPACKING pc=0x0000018714bd4e42 sp=0x000000195cbfbb90 mode 0
Event: 6.180 Thread 0x000001876c143050 DEOPT PACKING pc=0x000001870dae84f6 sp=0x000000195cbf6640
Event: 6.180 Thread 0x000001876c143050 DEOPT UNPACKING pc=0x0000018714bd4e42 sp=0x000000195cbf5b50 mode 0
Event: 6.231 Thread 0x000001876c143050 DEOPT PACKING pc=0x000001870dae84d5 sp=0x000000195cbfc2f0
Event: 6.231 Thread 0x000001876c143050 DEOPT UNPACKING pc=0x0000018714bd4e42 sp=0x000000195cbfb800 mode 0
Event: 6.263 Thread 0x000001876c143050 DEOPT PACKING pc=0x000001870dae84d5 sp=0x000000195cbfc3b0
Event: 6.263 Thread 0x000001876c143050 DEOPT UNPACKING pc=0x0000018714bd4e42 sp=0x000000195cbfb8c0 mode 0

Classes loaded (20 events):
Event: 6.002 Loading class java/util/Collections$2
Event: 6.002 Loading class java/util/Collections$2 done
Event: 6.061 Loading class java/io/ObjectOutputStream$BlockDataOutputStream
Event: 6.062 Loading class java/io/ObjectOutputStream$BlockDataOutputStream done
Event: 6.062 Loading class java/io/ObjectOutputStream$HandleTable
Event: 6.062 Loading class java/io/ObjectOutputStream$HandleTable done
Event: 6.062 Loading class java/io/ObjectOutputStream$ReplaceTable
Event: 6.062 Loading class java/io/ObjectOutputStream$ReplaceTable done
Event: 6.067 Loading class java/io/UnsupportedEncodingException
Event: 6.067 Loading class java/io/UnsupportedEncodingException done
Event: 6.067 Loading class java/nio/charset/CharacterCodingException
Event: 6.068 Loading class java/nio/charset/CharacterCodingException done
Event: 6.068 Loading class java/util/stream/IntStream
Event: 6.068 Loading class java/util/stream/IntStream done
Event: 6.182 Loading class java/util/function/LongFunction
Event: 6.182 Loading class java/util/function/LongFunction done
Event: 6.248 Loading class java/security/InvalidKeyException
Event: 6.248 Loading class java/security/KeyException
Event: 6.248 Loading class java/security/KeyException done
Event: 6.248 Loading class java/security/InvalidKeyException done

Classes unloaded (0 events):
No events

Classes redefined (0 events):
No events

Internal exceptions (20 events):
Event: 5.746 Thread 0x000001876c143050 Exception <a 'java/lang/NoSuchMethodError'{0x000000070eee4878}: 'java.lang.Object java.lang.invoke.DirectMethodHandle$Holder.invokeInterface(java.lang.Object, java.lang.Object, java.lang.Object)'> (0x000000070eee4878) 
thrown [s\src\hotspot\share\interpreter\linkResolver.cpp, line 773]
Event: 5.747 Thread 0x000001876c143050 Exception <a 'java/lang/IncompatibleClassChangeError'{0x000000070eee81e0}: Found class java.lang.Object, but interface was expected> (0x000000070eee81e0) 
thrown [s\src\hotspot\share\interpreter\linkResolver.cpp, line 840]
Event: 5.785 Thread 0x000001876c143050 Implicit null exception at 0x000001871514ea66 to 0x000001871514eb0a
Event: 5.815 Thread 0x000001876c143050 Exception <a 'java/lang/NoSuchMethodError'{0x000000070ecd7c70}: 'int java.lang.invoke.DirectMethodHandle$Holder.invokeStatic(java.lang.Object, java.lang.Object, java.lang.Object, java.lang.Object)'> (0x000000070ecd7c70) 
thrown [s\src\hotspot\share\interpreter\linkResolver.cpp, line 773]
Event: 5.889 Thread 0x000001876c143050 Exception <a 'java/lang/NoSuchMethodError'{0x000000070eaaca08}: 'java.lang.Object java.lang.invoke.DelegatingMethodHandle$Holder.reinvoke_L(java.lang.Object, java.lang.Object, java.lang.Object, java.lang.Object, java.lang.Object, java.lang.Object, java.lang.Object, java.lang.Object, java.lang.Object, java.lang.Object, java.lang.Object, java.lang.Object, java.lang.Object, java.lang.Object, java.lang.Object, java.lang.Object, java.lang.Object, java.lang.Object, java.lang.Object, java.lang.Object, java.lang.O
Event: 5.898 Thread 0x000001876c143050 Exception <a 'java/lang/NoSuchMethodError'{0x000000070eb1ac30}: 'java.lang.Object java.lang.invoke.DirectMethodHandle$Holder.invokeStatic(java.lang.Object, java.lang.Object, java.lang.Object, java.lang.Object, java.lang.Object, java.lang.Object, java.lang.Object, java.lang.Object, java.lang.Object, java.lang.Object, java.lang.Object, java.lang.Object, java.lang.Object, java.lang.Object, java.lang.Object, java.lang.Object, java.lang.Object)'> (0x000000070eb1ac30) 
thrown [s\src\hotspot\share\interpreter\lin
Event: 5.902 Thread 0x000001876c143050 Exception <a 'java/lang/NoSuchMethodError'{0x000000070eb439c0}: 'java.lang.Object java.lang.invoke.DirectMethodHandle$Holder.invokeStatic(java.lang.Object, java.lang.Object, java.lang.Object, java.lang.Object, java.lang.Object, java.lang.Object, java.lang.Object, java.lang.Object, java.lang.Object, java.lang.Object, java.lang.Object, java.lang.Object, java.lang.Object, java.lang.Object, java.lang.Object, java.lang.Object, java.lang.Object, java.lang.Object)'> (0x000000070eb439c0) 
thrown [s\src\hotspot\sha
Event: 5.905 Thread 0x000001876c143050 Exception <a 'java/lang/NoSuchMethodError'{0x000000070eb6da50}: 'java.lang.Object java.lang.invoke.DirectMethodHandle$Holder.invokeStatic(java.lang.Object, java.lang.Object, java.lang.Object, java.lang.Object, java.lang.Object, java.lang.Object, java.lang.Object, java.lang.Object, java.lang.Object, java.lang.Object, java.lang.Object, java.lang.Object, java.lang.Object, java.lang.Object, java.lang.Object, java.lang.Object, java.lang.Object, java.lang.Object, java.lang.Object)'> (0x000000070eb6da50) 
thrown 
Event: 5.908 Thread 0x000001876c143050 Exception <a 'java/lang/NoSuchMethodError'{0x000000070eb98f78}: 'java.lang.Object java.lang.invoke.DirectMethodHandle$Holder.invokeStatic(java.lang.Object, java.lang.Object, java.lang.Object, java.lang.Object, java.lang.Object, java.lang.Object, java.lang.Object, java.lang.Object, java.lang.Object, java.lang.Object, java.lang.Object, java.lang.Object, java.lang.Object, java.lang.Object, java.lang.Object, java.lang.Object, java.lang.Object, java.lang.Object, java.lang.Object, java.lang.Object)'> (0x00000007
Event: 5.912 Thread 0x000001876c143050 Exception <a 'java/lang/NoSuchMethodError'{0x000000070ebc56b0}: 'java.lang.Object java.lang.invoke.DirectMethodHandle$Holder.invokeStatic(java.lang.Object, java.lang.Object, java.lang.Object, java.lang.Object, java.lang.Object, java.lang.Object, java.lang.Object, java.lang.Object, java.lang.Object, java.lang.Object, java.lang.Object, java.lang.Object, java.lang.Object, java.lang.Object, java.lang.Object, java.lang.Object, java.lang.Object, java.lang.Object, java.lang.Object, java.lang.Object, java.lang.Obj
Event: 5.915 Thread 0x000001876c143050 Exception <a 'java/lang/NoSuchMethodError'{0x000000070ebf2e90}: 'java.lang.Object java.lang.invoke.DirectMethodHandle$Holder.invokeStatic(java.lang.Object, java.lang.Object, java.lang.Object, java.lang.Object, java.lang.Object, java.lang.Object, java.lang.Object, java.lang.Object, java.lang.Object, java.lang.Object, java.lang.Object, java.lang.Object, java.lang.Object, java.lang.Object, java.lang.Object, java.lang.Object, java.lang.Object, java.lang.Object, java.lang.Object, java.lang.Object, java.lang.Obj
Event: 5.918 Thread 0x000001876c143050 Exception <a 'java/lang/NoSuchMethodError'{0x000000070e0218c8}: 'java.lang.Object java.lang.invoke.DirectMethodHandle$Holder.invokeStatic(java.lang.Object, java.lang.Object, java.lang.Object, java.lang.Object, java.lang.Object, java.lang.Object, java.lang.Object, java.lang.Object, java.lang.Object, java.lang.Object, java.lang.Object, java.lang.Object, java.lang.Object, java.lang.Object, java.lang.Object, java.lang.Object, java.lang.Object, java.lang.Object, java.lang.Object, java.lang.Object, java.lang.Obj
Event: 5.922 Thread 0x000001876c143050 Exception <a 'java/lang/NoSuchMethodError'{0x000000070e050af8}: 'java.lang.Object java.lang.invoke.DirectMethodHandle$Holder.invokeStatic(java.lang.Object, java.lang.Object, java.lang.Object, java.lang.Object, java.lang.Object, java.lang.Object, java.lang.Object, java.lang.Object, java.lang.Object, java.lang.Object, java.lang.Object, java.lang.Object, java.lang.Object, java.lang.Object, java.lang.Object, java.lang.Object, java.lang.Object, java.lang.Object, java.lang.Object, java.lang.Object, java.lang.Obj
Event: 5.926 Thread 0x000001876c143050 Exception <a 'java/lang/NoSuchMethodError'{0x000000070e0808d8}: 'java.lang.Object java.lang.invoke.DirectMethodHandle$Holder.invokeStatic(java.lang.Object, java.lang.Object, java.lang.Object, java.lang.Object, java.lang.Object, java.lang.Object, java.lang.Object, java.lang.Object, java.lang.Object, java.lang.Object, java.lang.Object, java.lang.Object, java.lang.Object, java.lang.Object, java.lang.Object, java.lang.Object, java.lang.Object, java.lang.Object, java.lang.Object, java.lang.Object, java.lang.Obj
Event: 5.930 Thread 0x000001876c143050 Exception <a 'java/lang/NoSuchMethodError'{0x000000070e0b2018}: 'java.lang.Object java.lang.invoke.DirectMethodHandle$Holder.invokeStatic(java.lang.Object, java.lang.Object, java.lang.Object, java.lang.Object, java.lang.Object, java.lang.Object, java.lang.Object, java.lang.Object, java.lang.Object, java.lang.Object, java.lang.Object, java.lang.Object, java.lang.Object, java.lang.Object, java.lang.Object, java.lang.Object, java.lang.Object, java.lang.Object, java.lang.Object, java.lang.Object, java.lang.Obj
Event: 5.967 Thread 0x000001876c143050 Exception <a 'java/lang/IncompatibleClassChangeError'{0x000000070e1e0a40}: Found class java.lang.Object, but interface was expected> (0x000000070e1e0a40) 
thrown [s\src\hotspot\share\interpreter\linkResolver.cpp, line 840]
Event: 6.064 Thread 0x000001876c1505b0 Exception <a 'java/lang/NoSuchMethodError'{0x0000000710a136a8}: static Lorg/gradle/internal/build/event/types/DefaultOperationStartedProgressEvent;.<clinit>()V> (0x0000000710a136a8) 
thrown [s\src\hotspot\share\prims\jni.cpp, line 1111]
Event: 6.065 Thread 0x000001876c1505b0 Exception <a 'java/lang/NoSuchMethodError'{0x0000000710a14ce0}: static Lorg/gradle/internal/build/event/types/AbstractProgressEvent;.<clinit>()V> (0x0000000710a14ce0) 
thrown [s\src\hotspot\share\prims\jni.cpp, line 1111]
Event: 6.066 Thread 0x000001876c1505b0 Exception <a 'java/lang/NoSuchMethodError'{0x0000000710a1d8d8}: static Lorg/gradle/internal/build/event/types/DefaultOperationDescriptor;.<clinit>()V> (0x0000000710a1d8d8) 
thrown [s\src\hotspot\share\prims\jni.cpp, line 1111]
Event: 6.070 Thread 0x000001876c1505b0 Exception <a 'java/lang/NoSuchMethodError'{0x0000000710a36448}: static Lorg/gradle/internal/operations/OperationIdentifier;.<clinit>()V> (0x0000000710a36448) 
thrown [s\src\hotspot\share\prims\jni.cpp, line 1111]

ZGC Phase Switch (0 events):
No events

VM Operations (20 events):
Event: 3.714 Executing VM operation: HandshakeAllThreads (Deoptimize)
Event: 3.714 Executing VM operation: HandshakeAllThreads (Deoptimize) done
Event: 3.781 Executing VM operation: HandshakeAllThreads (Deoptimize)
Event: 3.781 Executing VM operation: HandshakeAllThreads (Deoptimize) done
Event: 3.948 Executing VM operation: HandshakeAllThreads (Deoptimize)
Event: 3.949 Executing VM operation: HandshakeAllThreads (Deoptimize) done
Event: 4.110 Executing VM operation: HandshakeAllThreads (Deoptimize)
Event: 4.110 Executing VM operation: HandshakeAllThreads (Deoptimize) done
Event: 4.956 Executing VM operation: HandshakeAllThreads (Deoptimize)
Event: 4.956 Executing VM operation: HandshakeAllThreads (Deoptimize) done
Event: 4.956 Executing VM operation: Cleanup
Event: 4.956 Executing VM operation: Cleanup done
Event: 5.084 Executing VM operation: HandshakeAllThreads (Deoptimize)
Event: 5.084 Executing VM operation: HandshakeAllThreads (Deoptimize) done
Event: 5.428 Executing VM operation: HandshakeAllThreads (Deoptimize)
Event: 5.428 Executing VM operation: HandshakeAllThreads (Deoptimize) done
Event: 5.944 Executing VM operation: HandshakeAllThreads (Deoptimize)
Event: 5.944 Executing VM operation: HandshakeAllThreads (Deoptimize) done
Event: 5.945 Executing VM operation: HandshakeAllThreads (Deoptimize)
Event: 5.945 Executing VM operation: HandshakeAllThreads (Deoptimize) done

Memory protections (0 events):
No events

Nmethod flushes (0 events):
No events

Events (20 events):
Event: 0.442 Thread 0x0000018724feb530 Thread added: 0x000001876a454210
Event: 1.623 Thread 0x000001876a454210 Thread exited: 0x000001876a454210
Event: 1.762 Thread 0x0000018724feb530 Thread added: 0x000001876ac71ff0
Event: 3.137 Thread 0x000001876ac71ff0 Thread exited: 0x000001876ac71ff0
Event: 3.206 Thread 0x0000018724feb530 Thread added: 0x000001876b6ee020
Event: 3.463 Thread 0x000001870378f720 Thread added: 0x000001876be05760
Event: 3.902 Thread 0x000001870378f720 Thread added: 0x000001876c1e0020
Event: 4.048 Thread 0x000001870378f720 Thread added: 0x000001876c31e660
Event: 4.186 Thread 0x000001876c1e0020 Thread added: 0x000001876bd62740
Event: 4.195 Thread 0x000001876bd62740 Thread added: 0x000001876c178c00
Event: 4.363 Thread 0x000001876bd62740 Thread added: 0x000001876c146ee0
Event: 4.381 Thread 0x000001876bd62740 Thread added: 0x000001876c143050
Event: 4.405 Thread 0x000001876c143050 Thread added: 0x000001876c150c40
Event: 4.416 Thread 0x000001876c143050 Thread added: 0x000001876c153a30
Event: 4.422 Thread 0x000001876c143050 Thread added: 0x000001876c1505b0
Event: 4.628 Thread 0x000001876b6ee020 Thread exited: 0x000001876b6ee020
Event: 5.428 Thread 0x000001876c143050 Thread added: 0x000001876c1512d0
Event: 5.467 Thread 0x000001876c143050 Thread added: 0x000001876c152d10
Event: 5.552 Thread 0x000001876c143050 Thread added: 0x000001876c152680
Event: 5.897 Thread 0x0000018724feb530 Thread added: 0x000001876c45cee0


Dynamic libraries:
0x00007ff6c2a00000 - 0x00007ff6c2a0e000 	C:\Users\Joseph Frank\AppData\Roaming\Code\User\globalStorage\pleiades.java-extension-pack-jdk\java\21\bin\java.exe
0x00007ffd0d0d0000 - 0x00007ffd0d2e7000 	C:\Windows\SYSTEM32\ntdll.dll
0x00007ffd0c990000 - 0x00007ffd0ca54000 	C:\Windows\System32\KERNEL32.DLL
0x00007ffd0a7e0000 - 0x00007ffd0ab9a000 	C:\Windows\System32\KERNELBASE.dll
0x00007ffd0a690000 - 0x00007ffd0a7a1000 	C:\Windows\System32\ucrtbase.dll
0x00007ffcecda0000 - 0x00007ffcecdbe000 	C:\Users\Joseph Frank\AppData\Roaming\Code\User\globalStorage\pleiades.java-extension-pack-jdk\java\21\bin\VCRUNTIME140.dll
0x00007ffcf6240000 - 0x00007ffcf6258000 	C:\Users\Joseph Frank\AppData\Roaming\Code\User\globalStorage\pleiades.java-extension-pack-jdk\java\21\bin\jli.dll
0x00007ffce82a0000 - 0x00007ffce8532000 	C:\Windows\WinSxS\amd64_microsoft.windows.common-controls_6595b64144ccf1df_6.0.22621.4541_none_2710d1c57384c085\COMCTL32.dll
0x00007ffd0af00000 - 0x00007ffd0afa7000 	C:\Windows\System32\msvcrt.dll
0x00007ffd0c600000 - 0x00007ffd0c7ae000 	C:\Windows\System32\USER32.dll
0x00007ffd0a7b0000 - 0x00007ffd0a7d6000 	C:\Windows\System32\win32u.dll
0x00007ffd0bd60000 - 0x00007ffd0bd89000 	C:\Windows\System32\GDI32.dll
0x00007ffd0a410000 - 0x00007ffd0a52b000 	C:\Windows\System32\gdi32full.dll
0x00007ffd0a5f0000 - 0x00007ffd0a68a000 	C:\Windows\System32\msvcp_win.dll
0x00007ffd0bda0000 - 0x00007ffd0bdd1000 	C:\Windows\System32\IMM32.DLL
0x00007ffceccb0000 - 0x00007ffceccbc000 	C:\Users\Joseph Frank\AppData\Roaming\Code\User\globalStorage\pleiades.java-extension-pack-jdk\java\21\bin\vcruntime140_1.dll
0x00007ffcecbf0000 - 0x00007ffcecc7d000 	C:\Users\Joseph Frank\AppData\Roaming\Code\User\globalStorage\pleiades.java-extension-pack-jdk\java\21\bin\msvcp140.dll
0x00007ffc6c8a0000 - 0x00007ffc6d62f000 	C:\Users\Joseph Frank\AppData\Roaming\Code\User\globalStorage\pleiades.java-extension-pack-jdk\java\21\bin\server\jvm.dll
0x00007ffd0c4c0000 - 0x00007ffd0c572000 	C:\Windows\System32\ADVAPI32.dll
0x00007ffd0b370000 - 0x00007ffd0b417000 	C:\Windows\System32\sechost.dll
0x00007ffd0ad10000 - 0x00007ffd0ad38000 	C:\Windows\System32\bcrypt.dll
0x00007ffd0ce00000 - 0x00007ffd0cf14000 	C:\Windows\System32\RPCRT4.dll
0x00007ffd0c580000 - 0x00007ffd0c5f1000 	C:\Windows\System32\WS2_32.dll
0x00007ffd0a260000 - 0x00007ffd0a2ad000 	C:\Windows\SYSTEM32\POWRPROF.dll
0x00007ffd04150000 - 0x00007ffd04184000 	C:\Windows\SYSTEM32\WINMM.dll
0x00007ffd016c0000 - 0x00007ffd016ca000 	C:\Windows\SYSTEM32\VERSION.dll
0x00007ffd0a240000 - 0x00007ffd0a253000 	C:\Windows\SYSTEM32\UMPDC.dll
0x00007ffd093a0000 - 0x00007ffd093b8000 	C:\Windows\SYSTEM32\kernel.appcore.dll
0x00007ffcecca0000 - 0x00007ffceccaa000 	C:\Users\Joseph Frank\AppData\Roaming\Code\User\globalStorage\pleiades.java-extension-pack-jdk\java\21\bin\jimage.dll
0x00007ffd07bb0000 - 0x00007ffd07de2000 	C:\Windows\SYSTEM32\DBGHELP.DLL
0x00007ffd0ca60000 - 0x00007ffd0cdf1000 	C:\Windows\System32\combase.dll
0x00007ffd0c370000 - 0x00007ffd0c447000 	C:\Windows\System32\OLEAUT32.dll
0x00007ffcf6e80000 - 0x00007ffcf6eb2000 	C:\Windows\SYSTEM32\dbgcore.DLL
0x00007ffd0ad40000 - 0x00007ffd0adbb000 	C:\Windows\System32\bcryptPrimitives.dll
0x00007ffcecc90000 - 0x00007ffcecc9f000 	C:\Users\Joseph Frank\AppData\Roaming\Code\User\globalStorage\pleiades.java-extension-pack-jdk\java\21\bin\instrument.dll
0x00007ffce6a60000 - 0x00007ffce6a7f000 	C:\Users\Joseph Frank\AppData\Roaming\Code\User\globalStorage\pleiades.java-extension-pack-jdk\java\21\bin\java.dll
0x00007ffd0b420000 - 0x00007ffd0bc99000 	C:\Windows\System32\SHELL32.dll
0x00007ffd08280000 - 0x00007ffd08b89000 	C:\Windows\SYSTEM32\windows.storage.dll
0x00007ffd08140000 - 0x00007ffd0827f000 	C:\Windows\SYSTEM32\wintypes.dll
0x00007ffd0ae00000 - 0x00007ffd0aefa000 	C:\Windows\System32\SHCORE.dll
0x00007ffd0c920000 - 0x00007ffd0c97e000 	C:\Windows\System32\shlwapi.dll
0x00007ffd0a2c0000 - 0x00007ffd0a2eb000 	C:\Windows\SYSTEM32\profapi.dll
0x00007ffcd53b0000 - 0x00007ffcd5487000 	C:\Users\Joseph Frank\AppData\Roaming\Code\User\globalStorage\pleiades.java-extension-pack-jdk\java\21\bin\jsvml.dll
0x00007ffce6a40000 - 0x00007ffce6a58000 	C:\Users\Joseph Frank\AppData\Roaming\Code\User\globalStorage\pleiades.java-extension-pack-jdk\java\21\bin\zip.dll
0x00007ffce8d20000 - 0x00007ffce8d30000 	C:\Users\Joseph Frank\AppData\Roaming\Code\User\globalStorage\pleiades.java-extension-pack-jdk\java\21\bin\net.dll
0x00007ffd04010000 - 0x00007ffd04146000 	C:\Windows\SYSTEM32\WINHTTP.dll
0x00007ffd09810000 - 0x00007ffd09879000 	C:\Windows\system32\mswsock.dll
0x00007ffce2590000 - 0x00007ffce25a6000 	C:\Users\Joseph Frank\AppData\Roaming\Code\User\globalStorage\pleiades.java-extension-pack-jdk\java\21\bin\nio.dll
0x00007ffce7430000 - 0x00007ffce7440000 	C:\Users\Joseph Frank\AppData\Roaming\Code\User\globalStorage\pleiades.java-extension-pack-jdk\java\21\bin\verify.dll
0x00007ffcdede0000 - 0x00007ffcdee07000 	C:\Users\Joseph Frank\.gradle\native\c067742578af261105cb4f569cf0c3c89f3d7b1fecec35dd04571415982c5e48\windows-amd64\native-platform.dll
0x00007ffcd5260000 - 0x00007ffcd53a4000 	C:\Users\Joseph Frank\.gradle\native\100fb08df4bc3b14c8652ba06237920a3bd2aa13389f12d3474272988ae205f9\windows-amd64\native-platform-file-events.dll
0x00007ffce4240000 - 0x00007ffce424a000 	C:\Users\Joseph Frank\AppData\Roaming\Code\User\globalStorage\pleiades.java-extension-pack-jdk\java\21\bin\management.dll
0x00007ffce0020000 - 0x00007ffce002b000 	C:\Users\Joseph Frank\AppData\Roaming\Code\User\globalStorage\pleiades.java-extension-pack-jdk\java\21\bin\management_ext.dll
0x00007ffd0bd90000 - 0x00007ffd0bd98000 	C:\Windows\System32\PSAPI.DLL
0x00007ffd09aa0000 - 0x00007ffd09abb000 	C:\Windows\SYSTEM32\CRYPTSP.dll
0x00007ffd09300000 - 0x00007ffd09335000 	C:\Windows\system32\rsaenh.dll
0x00007ffd09920000 - 0x00007ffd09948000 	C:\Windows\SYSTEM32\USERENV.dll
0x00007ffd09ac0000 - 0x00007ffd09acc000 	C:\Windows\SYSTEM32\CRYPTBASE.dll
0x00007ffd08df0000 - 0x00007ffd08e1d000 	C:\Windows\SYSTEM32\IPHLPAPI.DLL
0x00007ffd0c260000 - 0x00007ffd0c269000 	C:\Windows\System32\NSI.dll
0x00007ffcdee10000 - 0x00007ffcdee19000 	C:\Users\Joseph Frank\AppData\Roaming\Code\User\globalStorage\pleiades.java-extension-pack-jdk\java\21\bin\extnet.dll
0x00007ffce8cc0000 - 0x00007ffce8cce000 	C:\Users\Joseph Frank\AppData\Roaming\Code\User\globalStorage\pleiades.java-extension-pack-jdk\java\21\bin\sunmscapi.dll
0x00007ffd0aba0000 - 0x00007ffd0ad06000 	C:\Windows\System32\CRYPT32.dll
0x00007ffd09c60000 - 0x00007ffd09c8d000 	C:\Windows\SYSTEM32\ncrypt.dll
0x00007ffd09c20000 - 0x00007ffd09c57000 	C:\Windows\SYSTEM32\NTASN1.dll
0x00007ffcf8630000 - 0x00007ffcf8638000 	C:\Windows\system32\wshunix.dll

dbghelp: loaded successfully - version: 4.0.5 - missing functions: none
symbol engine: initialized successfully - sym options: 0x614 - pdb path: .;C:\Users\Joseph Frank\AppData\Roaming\Code\User\globalStorage\pleiades.java-extension-pack-jdk\java\21\bin;C:\Windows\SYSTEM32;C:\Windows\WinSxS\amd64_microsoft.windows.common-controls_6595b64144ccf1df_6.0.22621.4541_none_2710d1c57384c085;C:\Users\Joseph Frank\AppData\Roaming\Code\User\globalStorage\pleiades.java-extension-pack-jdk\java\21\bin\server;C:\Users\Joseph Frank\.gradle\native\c067742578af261105cb4f569cf0c3c89f3d7b1fecec35dd04571415982c5e48\windows-amd64;C:\Users\Joseph Frank\.gradle\native\100fb08df4bc3b14c8652ba06237920a3bd2aa13389f12d3474272988ae205f9\windows-amd64

VM Arguments:
jvm_args: -XX:MaxMetaspaceSize=2G -XX:+HeapDumpOnOutOfMemoryError --add-opens=java.base/java.util=ALL-UNNAMED --add-opens=java.base/java.lang=ALL-UNNAMED --add-opens=java.base/java.lang.invoke=ALL-UNNAMED --add-opens=java.prefs/java.util.prefs=ALL-UNNAMED --add-exports=jdk.compiler/com.sun.tools.javac.api=ALL-UNNAMED --add-exports=jdk.compiler/com.sun.tools.javac.util=ALL-UNNAMED --add-opens=java.base/java.nio.charset=ALL-UNNAMED --add-opens=java.base/java.net=ALL-UNNAMED --add-opens=java.base/java.util.concurrent.atomic=ALL-UNNAMED -Xmx4G -Dfile.encoding=utf8 -Duser.country=BR -Duser.language=pt -Duser.variant -javaagent:C:\Users\Joseph Frank\.gradle\wrapper\dists\gradle-8.9-bin\90cnw93cvbtalezasaz0blq0a\gradle-8.9\lib\agents\gradle-instrumentation-agent-8.9.jar 
java_command: org.gradle.launcher.daemon.bootstrap.GradleDaemon 8.9
java_class_path (initial): C:\Users\Joseph Frank\.gradle\wrapper\dists\gradle-8.9-bin\90cnw93cvbtalezasaz0blq0a\gradle-8.9\lib\gradle-daemon-main-8.9.jar
Launcher Type: SUN_STANDARD

[Global flags]
     intx CICompilerCount                          = 4                                         {product} {ergonomic}
     uint ConcGCThreads                            = 3                                         {product} {ergonomic}
     uint G1ConcRefinementThreads                  = 10                                        {product} {ergonomic}
   size_t G1HeapRegionSize                         = 2097152                                   {product} {ergonomic}
    uintx GCDrainStackTargetSize                   = 64                                        {product} {ergonomic}
     bool HeapDumpOnOutOfMemoryError               = true                                   {manageable} {command line}
   size_t InitialHeapSize                          = 299892736                                 {product} {ergonomic}
   size_t MarkStackSize                            = 4194304                                   {product} {ergonomic}
   size_t MaxHeapSize                              = 4294967296                                {product} {command line}
   size_t MaxMetaspaceSize                         = 2147483648                                {product} {command line}
   size_t MaxNewSize                               = 2575302656                                {product} {ergonomic}
   size_t MinHeapDeltaBytes                        = 2097152                                   {product} {ergonomic}
   size_t MinHeapSize                              = 8388608                                   {product} {ergonomic}
    uintx NonNMethodCodeHeapSize                   = 5839372                                {pd product} {ergonomic}
    uintx NonProfiledCodeHeapSize                  = 122909434                              {pd product} {ergonomic}
    uintx ProfiledCodeHeapSize                     = 122909434                              {pd product} {ergonomic}
    uintx ReservedCodeCacheSize                    = 251658240                              {pd product} {ergonomic}
     bool SegmentedCodeCache                       = true                                      {product} {ergonomic}
   size_t SoftMaxHeapSize                          = 4294967296                             {manageable} {ergonomic}
     bool UseCompressedOops                        = true                           {product lp64_product} {ergonomic}
     bool UseG1GC                                  = true                                      {product} {ergonomic}
     bool UseLargePagesIndividualAllocation        = false                                  {pd product} {ergonomic}

Logging:
Log output configuration:
 #0: stdout all=warning uptime,level,tags foldmultilines=false
 #1: stderr all=off uptime,level,tags foldmultilines=false

Environment Variables:
JAVA_HOME=C:\Program Files\Java\jdk-23
PATH=C:\Program Files\Common Files\Oracle\Java\javapath;C:\Program Files (x86)\Common Files\Oracle\Java\java8path;C:\Program Files (x86)\Common Files\Oracle\Java\javapath;C:\Windows\system32;C:\Windows;C:\Windows\System32\Wbem;C:\Windows\System32\WindowsPowerShell\v1.0\;C:\Windows\System32\OpenSSH\;C:\Program Files\dotnet\;C:\Program Files (x86)\Windows Kits\10\Windows Performance Toolkit\;C:\Program Files\Git\cmd;C:\Users\Joseph Frank\AppData\Local\Programs\Python\Python313\Scripts\;C:\Users\Joseph Frank\AppData\Local\Programs\Python\Python313\;C:\flutter\bin;C:\Users\Joseph Frank\AppData\Local\Microsoft\WindowsApps;C:\Users\Joseph Frank\AppData\Local\GitHubDesktop\bin;C:\Users\Joseph Frank\AppData\Local\Programs\Microsoft VS Code\bin;C:\Users\Joseph Frank\.dotnet\tools;C:\Gradle\gradle-8.12\bin;
USERNAME=Joseph Frank
OS=Windows_NT
PROCESSOR_IDENTIFIER=AMD64 Family 23 Model 104 Stepping 1, AuthenticAMD
TMP=C:\Users\JOSEPH~1\AppData\Local\Temp
TEMP=C:\Users\JOSEPH~1\AppData\Local\Temp




Periodic native trim disabled

---------------  S Y S T E M  ---------------

OS:
 Windows 11 , 64 bit Build 22621 (10.0.22621.4391)
OS uptime: 0 days 3:22 hours
Hyper-V role detected

CPU: total 12 (initial active 12) (12 cores per cpu, 2 threads per core) family 23 model 104 stepping 1 microcode 0x0, cx8, cmov, fxsr, ht, mmx, 3dnowpref, sse, sse2, sse3, ssse3, sse4a, sse4.1, sse4.2, popcnt, lzcnt, tsc, tscinvbit, avx, avx2, aes, clmul, bmi1, bmi2, adx, sha, fma, vzeroupper, clflush, clflushopt, hv, rdtscp, rdpid, f16c
Processor Information for processor 0
  Max Mhz: 2100, Current Mhz: 2100, Mhz Limit: 2100
Processor Information for processor 1
  Max Mhz: 2100, Current Mhz: 2100, Mhz Limit: 2100
Processor Information for processor 2
  Max Mhz: 2100, Current Mhz: 2100, Mhz Limit: 2100
Processor Information for processor 3
  Max Mhz: 2100, Current Mhz: 2100, Mhz Limit: 2100
Processor Information for processor 4
  Max Mhz: 2100, Current Mhz: 2100, Mhz Limit: 2100
Processor Information for processor 5
  Max Mhz: 2100, Current Mhz: 1988, Mhz Limit: 2100
Processor Information for processor 6
  Max Mhz: 2100, Current Mhz: 2100, Mhz Limit: 2100
Processor Information for processor 7
  Max Mhz: 2100, Current Mhz: 2100, Mhz Limit: 2100
Processor Information for processor 8
  Max Mhz: 2100, Current Mhz: 2100, Mhz Limit: 2100
Processor Information for processor 9
  Max Mhz: 2100, Current Mhz: 2100, Mhz Limit: 2100
Processor Information for processor 10
  Max Mhz: 2100, Current Mhz: 2100, Mhz Limit: 2100
Processor Information for processor 11
  Max Mhz: 2100, Current Mhz: 1988, Mhz Limit: 2100

Memory: 4k page, system-wide physical 18277M (3674M free)
TotalPageFile size 20325M (AvailPageFile size 5M)
current process WorkingSet (physical memory assigned to process): 203M, peak: 206M
current process commit charge ("private bytes"): 461M, peak: 463M

vm_info: OpenJDK 64-Bit Server VM (21.0.5+11-LTS) for windows-amd64 JRE (21.0.5+11-LTS), built on 2024-10-15T00:00:00Z by "admin" with MS VC++ 17.7 (VS2022)

END.
