#
# There is insufficient memory for the Java Runtime Environment to continue.
# Native memory allocation (malloc) failed to allocate 262160 bytes. Error detail: Chunk::new
# Possible reasons:
#   The system is out of physical RAM or swap space
#   This process is running with CompressedOops enabled, and the Java Heap may be blocking the growth of the native heap
# Possible solutions:
#   Reduce memory load on the system
#   Increase physical memory or swap space
#   Check if swap backing store is full
#   Decrease Java heap size (-Xmx/-Xms)
#   Decrease number of Java threads
#   Decrease Java thread stack sizes (-Xss)
#   Set larger code cache with -XX:ReservedCodeCacheSize=
#   JVM is running with Unscaled Compressed Oops mode in which the Java heap is
#     placed in the first 4GB address space. The Java Heap base address is the
#     maximum limit for the native heap growth. Please use -XX:HeapBaseMinAddress
#     to set the Java Heap base and to place the Java Heap above 4GB virtual address.
# This output file may be truncated or incomplete.
#
#  Out of Memory Error (arena.cpp:191), pid=22244, tid=18464
#
# JRE version: OpenJDK Runtime Environment Temurin-17.0.13+11 (17.0.13+11) (build 17.0.13+11)
# Java VM: OpenJDK 64-Bit Server VM Temurin-17.0.13+11 (17.0.13+11, mixed mode, tiered, compressed oops, compressed class ptrs, parallel gc, windows-amd64)
# No core dump will be written. Minidumps are not enabled by default on client versions of Windows
#

---------------  S U M M A R Y ------------

Command Line: --add-modules=ALL-SYSTEM --add-opens=java.base/java.util=ALL-UNNAMED --add-opens=java.base/java.lang=ALL-UNNAMED --add-opens=java.base/sun.nio.fs=ALL-UNNAMED -Declipse.application=org.eclipse.jdt.ls.core.id1 -Dosgi.bundles.defaultStartLevel=4 -Declipse.product=org.eclipse.jdt.ls.core.product -Djava.import.generatesMetadataFilesAtProjectRoot=false -DDetectVMInstallationsJob.disabled=true -Dfile.encoding=utf8 -XX:+UseParallelGC -XX:GCTimeRatio=4 -XX:AdaptiveSizePolicyWeight=90 -Dsun.zip.disableMemoryMapping=true -Xmx1G -Xms100m -Xlog:disable -javaagent:c:\Users\Joseph Frank\.vscode\extensions\redhat.java-1.38.0-win32-x64\lombok\lombok-1.18.34.jar -XX:+HeapDumpOnOutOfMemoryError -XX:HeapDumpPath=c:\Users\Joseph Frank\AppData\Roaming\Code\User\workspaceStorage\ded5477040aba2c835bc6511c43cb140\redhat.java -Daether.dependencyCollector.impl=bf c:\Users\Joseph Frank\.vscode\extensions\redhat.java-1.38.0-win32-x64\server\plugins\org.eclipse.equinox.launcher_1.6.900.v20240613-2009.jar -configuration c:\Users\Joseph Frank\AppData\Roaming\Code\User\globalStorage\redhat.java\1.38.0\config_win -data c:\Users\Joseph Frank\AppData\Roaming\Code\User\workspaceStorage\ded5477040aba2c835bc6511c43cb140\redhat.java\jdt_ws --pipe=\\.\pipe\lsp-e6fef1acf7c0cd938236a1b46b954169-sock

Host: AMD Ryzen 5 5500U with Radeon Graphics         , 12 cores, 17G,  Windows 11 , 64 bit Build 22621 (10.0.22621.4391)
Time: Sat Jan 18 21:15:43 2025 Hora oficial do Brasil elapsed time: 46.938127 seconds (0d 0h 0m 46s)

---------------  T H R E A D  ---------------

Current thread (0x0000023595f9ce60):  JavaThread "C2 CompilerThread0" daemon [_thread_in_native, id=18464, stack(0x000000681ad00000,0x000000681ae00000)]


Current CompileTask:
C2:  46938 7995       4       java.io.ObjectInputStream::readClassDesc (121 bytes)

Stack: [0x000000681ad00000,0x000000681ae00000]
Native frames: (J=compiled Java code, j=interpreted, Vv=VM code, C=native code)
V  [jvm.dll+0x682a19]
V  [jvm.dll+0x839538]
V  [jvm.dll+0x83afe3]
V  [jvm.dll+0x83b653]
V  [jvm.dll+0x24704f]
V  [jvm.dll+0xace34]
V  [jvm.dll+0xad4cc]
V  [jvm.dll+0xacf44]
V  [jvm.dll+0x6a80f5]
V  [jvm.dll+0x34c293]
V  [jvm.dll+0x34114f]
V  [jvm.dll+0x348c13]
V  [jvm.dll+0x1a6955]
V  [jvm.dll+0x2aba7c]
V  [jvm.dll+0x69afc8]
V  [jvm.dll+0x692d83]
V  [jvm.dll+0x692620]
V  [jvm.dll+0x690442]
V  [jvm.dll+0x1a5f6c]
V  [jvm.dll+0x1a6ac8]
V  [jvm.dll+0x1a6ac8]
V  [jvm.dll+0x2aba7c]
V  [jvm.dll+0x69afc8]
V  [jvm.dll+0x692d83]
V  [jvm.dll+0x692620]
V  [jvm.dll+0x690442]
V  [jvm.dll+0x1a5f6c]
V  [jvm.dll+0x1a6ac8]
V  [jvm.dll+0x2aba7c]
V  [jvm.dll+0x69afc8]
V  [jvm.dll+0x692d83]
V  [jvm.dll+0x692620]
V  [jvm.dll+0x690442]
V  [jvm.dll+0x1a5f6c]
V  [jvm.dll+0x1a6ac8]
V  [jvm.dll+0x2aba7c]
V  [jvm.dll+0x69afc8]
V  [jvm.dll+0x692d83]
V  [jvm.dll+0x692620]
V  [jvm.dll+0x690442]
V  [jvm.dll+0x1a5f6c]
V  [jvm.dll+0x1a6ac8]
V  [jvm.dll+0x2aba7c]
V  [jvm.dll+0x69afc8]
V  [jvm.dll+0x692d83]
V  [jvm.dll+0x692620]
V  [jvm.dll+0x690442]
V  [jvm.dll+0x1a5f6c]
V  [jvm.dll+0x1a6ac8]
V  [jvm.dll+0x2aba7c]
V  [jvm.dll+0x69afc8]
V  [jvm.dll+0x692d83]
V  [jvm.dll+0x692620]
V  [jvm.dll+0x690442]
V  [jvm.dll+0x1a5f6c]
V  [jvm.dll+0x1a6ac8]
V  [jvm.dll+0x2aba7c]
V  [jvm.dll+0x69afc8]
V  [jvm.dll+0x692d83]
V  [jvm.dll+0x692620]
V  [jvm.dll+0x690442]
V  [jvm.dll+0x1a5f6c]
V  [jvm.dll+0x1a6ac8]
V  [jvm.dll+0x2aba7c]
V  [jvm.dll+0x69afc8]
V  [jvm.dll+0x692d83]
V  [jvm.dll+0x692620]
V  [jvm.dll+0x690442]
V  [jvm.dll+0x1a5f6c]
V  [jvm.dll+0x217038]
V  [jvm.dll+0x1a3070]
V  [jvm.dll+0x22788c]
V  [jvm.dll+0x2259eb]
V  [jvm.dll+0x7eec98]
V  [jvm.dll+0x7e8ffc]
V  [jvm.dll+0x6818f7]
C  [ucrtbase.dll+0x29333]
C  [KERNEL32.DLL+0x1259d]
C  [ntdll.dll+0x5af38]


---------------  P R O C E S S  ---------------

Threads class SMR info:
_java_thread_list=0x000002359a27a890, length=61, elements={
0x00000235fcf6dbf0, 0x00000235fd01df90, 0x00000235ffdf4010, 0x0000023595f946a0,
0x0000023595f95270, 0x0000023595f96000, 0x0000023595f9bb00, 0x0000023595f9ce60,
0x0000023595fa0450, 0x0000023595fa0970, 0x00000235fcfcf420, 0x0000023597841170,
0x0000023598269860, 0x00000235980dcef0, 0x00000235980683d0, 0x0000023597c8abc0,
0x0000023597c8d440, 0x0000023597c8d950, 0x0000023597c8de60, 0x0000023597c8b0d0,
0x0000023597c8c000, 0x0000023597c8b5e0, 0x0000023597c8baf0, 0x000002359a695240,
0x000002359a690b60, 0x000002359a6938f0, 0x000002359a695c60, 0x000002359a694310,
0x000002359a694820, 0x000002359a6933e0, 0x000002359a692ed0, 0x000002359a693e00,
0x000002359a691a90, 0x000002359a696b90, 0x000002359a6970a0, 0x000002359a694d30,
0x000002359a691fa0, 0x000002359a697fd0, 0x000002359a691580, 0x000002359a696680,
0x000002359a691070, 0x000002359a696170, 0x000002359a6984e0, 0x000002359a6924b0,
0x0000023597c8cf30, 0x0000023599f82030, 0x0000023599f82540, 0x0000023599f81100,
0x0000023599f848b0, 0x0000023599f857e0, 0x0000023599f85cf0, 0x0000023599f82a50,
0x0000023599f7f7b0, 0x0000023599f7e880, 0x0000023599f7ed90, 0x0000023599f83e90,
0x0000023599f81610, 0x0000023599f843a0, 0x0000023599f83980, 0x0000023599f7f2a0,
0x0000023599f84dc0
}

Java Threads: ( => current thread )
  0x00000235fcf6dbf0 JavaThread "main" [_thread_blocked, id=21300, stack(0x000000681a400000,0x000000681a500000)]
  0x00000235fd01df90 JavaThread "Reference Handler" daemon [_thread_blocked, id=20564, stack(0x000000681a700000,0x000000681a800000)]
  0x00000235ffdf4010 JavaThread "Finalizer" daemon [_thread_blocked, id=22360, stack(0x000000681a800000,0x000000681a900000)]
  0x0000023595f946a0 JavaThread "Signal Dispatcher" daemon [_thread_blocked, id=18920, stack(0x000000681a900000,0x000000681aa00000)]
  0x0000023595f95270 JavaThread "Attach Listener" daemon [_thread_blocked, id=18944, stack(0x000000681aa00000,0x000000681ab00000)]
  0x0000023595f96000 JavaThread "Service Thread" daemon [_thread_blocked, id=14948, stack(0x000000681ab00000,0x000000681ac00000)]
  0x0000023595f9bb00 JavaThread "Monitor Deflation Thread" daemon [_thread_blocked, id=21028, stack(0x000000681ac00000,0x000000681ad00000)]
=>0x0000023595f9ce60 JavaThread "C2 CompilerThread0" daemon [_thread_in_native, id=18464, stack(0x000000681ad00000,0x000000681ae00000)]
  0x0000023595fa0450 JavaThread "C1 CompilerThread0" daemon [_thread_blocked, id=20944, stack(0x000000681ae00000,0x000000681af00000)]
  0x0000023595fa0970 JavaThread "Sweeper thread" daemon [_thread_blocked, id=21008, stack(0x000000681af00000,0x000000681b000000)]
  0x00000235fcfcf420 JavaThread "Common-Cleaner" daemon [_thread_blocked, id=19408, stack(0x000000681b000000,0x000000681b100000)]
  0x0000023597841170 JavaThread "Notification Thread" daemon [_thread_blocked, id=22356, stack(0x000000681b200000,0x000000681b300000)]
  0x0000023598269860 JavaThread "Active Thread: Equinox Container: 472092d6-c27a-4f43-a8a7-e52c3419dece" [_thread_blocked, id=18268, stack(0x000000681ba00000,0x000000681bb00000)]
  0x00000235980dcef0 JavaThread "Refresh Thread: Equinox Container: 472092d6-c27a-4f43-a8a7-e52c3419dece" daemon [_thread_blocked, id=18072, stack(0x000000681bb00000,0x000000681bc00000)]
  0x00000235980683d0 JavaThread "Framework Event Dispatcher: Equinox Container: 472092d6-c27a-4f43-a8a7-e52c3419dece" daemon [_thread_blocked, id=15168, stack(0x000000681bc00000,0x000000681bd00000)]
  0x0000023597c8abc0 JavaThread "Start Level: Equinox Container: 472092d6-c27a-4f43-a8a7-e52c3419dece" daemon [_thread_blocked, id=20860, stack(0x000000681bd00000,0x000000681be00000)]
  0x0000023597c8d440 JavaThread "Bundle File Closer" daemon [_thread_blocked, id=13124, stack(0x000000681b900000,0x000000681ba00000)]
  0x0000023597c8d950 JavaThread "SCR Component Actor" daemon [_thread_blocked, id=22232, stack(0x000000681c200000,0x000000681c300000)]
  0x0000023597c8de60 JavaThread "Worker-JM" [_thread_blocked, id=21220, stack(0x000000681c400000,0x000000681c500000)]
  0x0000023597c8b0d0 JavaThread "JNA Cleaner" daemon [_thread_blocked, id=21024, stack(0x000000681c300000,0x000000681c400000)]
  0x0000023597c8c000 JavaThread "Worker-0: Synchronize Gradle projects with workspace" [_thread_blocked, id=20912, stack(0x000000681c500000,0x000000681c600000)]
  0x0000023597c8b5e0 JavaThread "Worker-1" [_thread_blocked, id=20852, stack(0x000000681c600000,0x000000681c700000)]
  0x0000023597c8baf0 JavaThread "Java indexing" daemon [_thread_blocked, id=18116, stack(0x000000681c900000,0x000000681ca00000)]
  0x000002359a695240 JavaThread "Worker-2" [_thread_blocked, id=21164, stack(0x000000681ca00000,0x000000681cb00000)]
  0x000002359a690b60 JavaThread "Worker-3" [_thread_blocked, id=22204, stack(0x000000681cb00000,0x000000681cc00000)]
  0x000002359a6938f0 JavaThread "Worker-4" [_thread_blocked, id=9352, stack(0x000000681cc00000,0x000000681cd00000)]
  0x000002359a695c60 JavaThread "Thread-2" daemon [_thread_in_native, id=20672, stack(0x000000681cd00000,0x000000681ce00000)]
  0x000002359a694310 JavaThread "Thread-3" daemon [_thread_in_native, id=18412, stack(0x000000681ce00000,0x000000681cf00000)]
  0x000002359a694820 JavaThread "Thread-4" daemon [_thread_in_native, id=11456, stack(0x000000681cf00000,0x000000681d000000)]
  0x000002359a6933e0 JavaThread "Thread-5" daemon [_thread_in_native, id=9260, stack(0x000000681d000000,0x000000681d100000)]
  0x000002359a692ed0 JavaThread "Thread-6" daemon [_thread_in_native, id=9108, stack(0x000000681d100000,0x000000681d200000)]
  0x000002359a693e00 JavaThread "Thread-7" daemon [_thread_in_native, id=11768, stack(0x000000681d200000,0x000000681d300000)]
  0x000002359a691a90 JavaThread "Thread-8" daemon [_thread_in_native, id=16124, stack(0x000000681d300000,0x000000681d400000)]
  0x000002359a696b90 JavaThread "Thread-9" daemon [_thread_in_native, id=10800, stack(0x000000681d400000,0x000000681d500000)]
  0x000002359a6970a0 JavaThread "Thread-10" daemon [_thread_in_native, id=17596, stack(0x000000681d500000,0x000000681d600000)]
  0x000002359a694d30 JavaThread "Thread-11" daemon [_thread_in_native, id=10084, stack(0x000000681d600000,0x000000681d700000)]
  0x000002359a691fa0 JavaThread "Thread-12" daemon [_thread_in_native, id=15468, stack(0x000000681d700000,0x000000681d800000)]
  0x000002359a697fd0 JavaThread "Thread-13" daemon [_thread_in_native, id=19092, stack(0x000000681d800000,0x000000681d900000)]
  0x000002359a691580 JavaThread "Thread-14" daemon [_thread_in_native, id=9064, stack(0x000000681d900000,0x000000681da00000)]
  0x000002359a696680 JavaThread "pool-2-thread-1" [_thread_blocked, id=4304, stack(0x000000681da00000,0x000000681db00000)]
  0x000002359a691070 JavaThread "WorkspaceEventsHandler" [_thread_blocked, id=17236, stack(0x000000681db00000,0x000000681dc00000)]
  0x000002359a696170 JavaThread "pool-1-thread-1" [_thread_blocked, id=19032, stack(0x000000681dc00000,0x000000681dd00000)]
  0x000002359a6984e0 JavaThread "Timer-0" [_thread_blocked, id=20964, stack(0x000000681dd00000,0x000000681de00000)]
  0x000002359a6924b0 JavaThread "Timer-1" [_thread_blocked, id=17100, stack(0x000000681de00000,0x000000681df00000)]
  0x0000023597c8cf30 JavaThread "Timer-2" [_thread_blocked, id=18080, stack(0x000000681e000000,0x000000681e100000)]
  0x0000023599f82030 JavaThread "Exec process" [_thread_blocked, id=12808, stack(0x000000681c700000,0x000000681c800000)]
  0x0000023599f82540 JavaThread "Exec process Thread 2" [_thread_blocked, id=18048, stack(0x000000681c800000,0x000000681c900000)]
  0x0000023599f81100 JavaThread "Exec process Thread 3" [_thread_blocked, id=9572, stack(0x000000681e200000,0x000000681e300000)]
  0x0000023599f848b0 JavaThread "Timer-3" [_thread_blocked, id=21764, stack(0x000000681b800000,0x000000681b900000)]
  0x0000023599f857e0 JavaThread "Timer-4" [_thread_blocked, id=8840, stack(0x000000681df00000,0x000000681e000000)]
  0x0000023599f85cf0 JavaThread "Timer-5" [_thread_blocked, id=2140, stack(0x000000681e100000,0x000000681e200000)]
  0x0000023599f82a50 JavaThread "Timer-6" [_thread_blocked, id=17904, stack(0x000000681e300000,0x000000681e400000)]
  0x0000023599f7f7b0 JavaThread "Timer-7" [_thread_blocked, id=16104, stack(0x000000681e400000,0x000000681e500000)]
  0x0000023599f7e880 JavaThread "Timer-8" [_thread_blocked, id=4584, stack(0x000000681e500000,0x000000681e600000)]
  0x0000023599f7ed90 JavaThread "Timer-9" [_thread_blocked, id=21332, stack(0x000000681e900000,0x000000681ea00000)]
  0x0000023599f83e90 JavaThread "Timer-10" [_thread_blocked, id=16528, stack(0x000000681eb00000,0x000000681ec00000)]
  0x0000023599f81610 JavaThread "Connection worker" [_thread_in_native, id=18032, stack(0x000000681ec00000,0x000000681ed00000)]
  0x0000023599f843a0 JavaThread "pool-5-thread-1" [_thread_blocked, id=15872, stack(0x000000681ed00000,0x000000681ee00000)]
  0x0000023599f83980 JavaThread "ForkJoinPool.commonPool-worker-1" daemon [_thread_blocked, id=4080, stack(0x000000681ef00000,0x000000681f000000)]
  0x0000023599f7f2a0 JavaThread "ForkJoinPool.commonPool-worker-2" daemon [_thread_blocked, id=7100, stack(0x000000681f000000,0x000000681f100000)]
  0x0000023599f84dc0 JavaThread "ForkJoinPool.commonPool-worker-3" daemon [_thread_blocked, id=21284, stack(0x000000681f100000,0x000000681f200000)]

Other Threads:
  0x0000023595f74870 VMThread "VM Thread" [stack: 0x000000681a600000,0x000000681a700000] [id=14928]
  0x0000023597841650 WatcherThread [stack: 0x000000681b300000,0x000000681b400000] [id=21720]
  0x00000235fcf83260 GCTaskThread "GC Thread#0" [stack: 0x000000681a500000,0x000000681a600000] [id=17200]
  0x0000023597dade70 GCTaskThread "GC Thread#1" [stack: 0x000000681b100000,0x000000681b200000] [id=9576]
  0x00000235962ee720 GCTaskThread "GC Thread#2" [stack: 0x000000681b400000,0x000000681b500000] [id=10548]
  0x000002359789ca50 GCTaskThread "GC Thread#3" [stack: 0x000000681b500000,0x000000681b600000] [id=17856]
  0x000002359789cd10 GCTaskThread "GC Thread#4" [stack: 0x000000681b600000,0x000000681b700000] [id=18484]
  0x0000023597bc43d0 GCTaskThread "GC Thread#5" [stack: 0x000000681b700000,0x000000681b800000] [id=21756]
  0x000002359857e4e0 GCTaskThread "GC Thread#6" [stack: 0x000000681be00000,0x000000681bf00000] [id=21444]
  0x000002359798ead0 GCTaskThread "GC Thread#7" [stack: 0x000000681bf00000,0x000000681c000000] [id=21224]
  0x00000235984d0bb0 GCTaskThread "GC Thread#8" [stack: 0x000000681c000000,0x000000681c100000] [id=17092]
  0x00000235989495d0 GCTaskThread "GC Thread#9" [stack: 0x000000681c100000,0x000000681c200000] [id=21928]

Threads with active compile tasks:
C2 CompilerThread0    46986 7995       4       java.io.ObjectInputStream::readClassDesc (121 bytes)

VM state: not at safepoint (normal execution)

VM Mutex/Monitor currently owned by a thread: None

Heap address: 0x00000000c0000000, size: 1024 MB, Compressed Oops mode: 32-bit

CDS archive(s) not mapped
Compressed class space mapped at: 0x0000000100000000-0x0000000140000000, reserved size: 1073741824
Narrow klass base: 0x0000000000000000, Narrow klass shift: 3, Narrow klass range: 0x140000000

GC Precious Log:
 CPUs: 12 total, 12 available
 Memory: 18277M
 Large Page Support: Disabled
 NUMA Support: Disabled
 Compressed Oops: Enabled (32-bit)
 Alignments: Space 512K, Generation 512K, Heap 2M
 Heap Min Capacity: 100M
 Heap Initial Capacity: 100M
 Heap Max Capacity: 1G
 Pre-touch: Disabled
 Parallel Workers: 10

Heap:
 PSYoungGen      total 17408K, used 6816K [0x00000000eab00000, 0x00000000ebd80000, 0x0000000100000000)
  eden space 16896K, 37% used [0x00000000eab00000,0x00000000eb128098,0x00000000ebb80000)
  from space 512K, 100% used [0x00000000ebc00000,0x00000000ebc80000,0x00000000ebc80000)
  to   space 1024K, 0% used [0x00000000ebc80000,0x00000000ebc80000,0x00000000ebd80000)
 ParOldGen       total 68608K, used 43450K [0x00000000c0000000, 0x00000000c4300000, 0x00000000eab00000)
  object space 68608K, 63% used [0x00000000c0000000,0x00000000c2a6e9f0,0x00000000c4300000)
 Metaspace       used 71198K, committed 72448K, reserved 1114112K
  class space    used 8739K, committed 9280K, reserved 1048576K

Card table byte_map: [0x00000235fc900000,0x00000235fcb10000] _byte_map_base: 0x00000235fc300000

Marking Bits: (ParMarkBitMap*) 0x00007ffc8a346940
 Begin Bits: [0x000002358f000000, 0x0000023590000000)
 End Bits:   [0x0000023590000000, 0x0000023591000000)

Polling page: 0x00000235faf00000

Metaspace:

Usage:
  Non-class:     61.00 MB used.
      Class:      8.53 MB used.
       Both:     69.53 MB used.

Virtual space:
  Non-class space:       64.00 MB reserved,      61.69 MB ( 96%) committed,  1 nodes.
      Class space:        1.00 GB reserved,       9.06 MB ( <1%) committed,  1 nodes.
             Both:        1.06 GB reserved,      70.75 MB (  7%) committed. 

Chunk freelists:
   Non-Class:  1.92 MB
       Class:  6.83 MB
        Both:  8.75 MB

MaxMetaspaceSize: unlimited
CompressedClassSpaceSize: 1.00 GB
Initial GC threshold: 21.00 MB
Current GC threshold: 97.31 MB
CDS: off
MetaspaceReclaimPolicy: balanced
 - commit_granule_bytes: 65536.
 - commit_granule_words: 8192.
 - virtual_space_node_default_size: 8388608.
 - enlarge_chunks_in_place: 1.
 - new_chunks_are_fully_committed: 0.
 - uncommit_free_chunks: 1.
 - use_allocation_guard: 0.
 - handle_deallocations: 1.


Internal statistics:

num_allocs_failed_limit: 9.
num_arena_births: 786.
num_arena_deaths: 26.
num_vsnodes_births: 2.
num_vsnodes_deaths: 0.
num_space_committed: 1132.
num_space_uncommitted: 0.
num_chunks_returned_to_freelist: 38.
num_chunks_taken_from_freelist: 3572.
num_chunk_merges: 11.
num_chunk_splits: 2294.
num_chunks_enlarged: 1457.
num_inconsistent_stats: 0.

CodeHeap 'non-profiled nmethods': size=120000Kb used=4999Kb max_used=4999Kb free=115001Kb
 bounds [0x0000023587ad0000, 0x0000023587fc0000, 0x000002358f000000]
CodeHeap 'profiled nmethods': size=120000Kb used=12279Kb max_used=13287Kb free=107721Kb
 bounds [0x0000023580000000, 0x0000023580d10000, 0x0000023587530000]
CodeHeap 'non-nmethods': size=5760Kb used=1330Kb max_used=1411Kb free=4429Kb
 bounds [0x0000023587530000, 0x00000235877a0000, 0x0000023587ad0000]
 total_blobs=7266 nmethods=6598 adapters=582
 compilation: enabled
              stopped_count=0, restarted_count=0
 full_count=0

Compilation events (20 events):
Event: 46.858 Thread 0x0000023595fa0450 nmethod 7992 0x0000023580576390 code [0x0000023580576d00, 0x000002358057bdf8]
Event: 46.858 Thread 0x0000023595fa0450 7993       3       org.eclipse.osgi.internal.loader.sources.MultiSourcePackage::loadClass (48 bytes)
Event: 46.859 Thread 0x0000023595fa0450 nmethod 7993 0x0000023580aedf10 code [0x0000023580aee0e0, 0x0000023580aee528]
Event: 46.859 Thread 0x0000023595fa0450 7991       3       java.lang.invoke.LambdaForm$NamedFunction::<init> (15 bytes)
Event: 46.859 Thread 0x0000023595fa0450 nmethod 7991 0x0000023580adbe90 code [0x0000023580adc020, 0x0000023580adc1b8]
Event: 46.880 Thread 0x0000023595fa0450 7994       3       java.util.concurrent.atomic.AtomicReference::<init> (5 bytes)
Event: 46.881 Thread 0x0000023595fa0450 nmethod 7994 0x0000023580aedb90 code [0x0000023580aedd20, 0x0000023580aede78]
Event: 46.905 Thread 0x0000023595f9ce60 7995       4       java.io.ObjectInputStream::readClassDesc (121 bytes)
Event: 46.905 Thread 0x0000023595fa0450 7997       3       java.io.ObjectStreamField::<init> (231 bytes)
Event: 46.906 Thread 0x0000023595fa0450 nmethod 7997 0x0000023580069490 code [0x0000023580069700, 0x000002358006a308]
Event: 46.906 Thread 0x0000023595fa0450 7998       2       java.io.ObjectInputStream$BlockDataInputStream::peek (55 bytes)
Event: 46.906 Thread 0x0000023595fa0450 nmethod 7998 0x0000023580575c90 code [0x0000023580575e40, 0x0000023580576038]
Event: 46.917 Thread 0x0000023595fa0450 8000       3       java.io.ObjectInputStream$PeekInputStream::read (115 bytes)
Event: 46.918 Thread 0x0000023595fa0450 nmethod 8000 0x000002358029eb90 code [0x000002358029ed80, 0x000002358029f258]
Event: 46.925 Thread 0x0000023595fa0450 8002       1       com.google.gson.stream.JsonReader::getStrictness (5 bytes)
Event: 46.925 Thread 0x0000023595fa0450 nmethod 8002 0x0000023587fb1910 code [0x0000023587fb1aa0, 0x0000023587fb1b78]
Event: 46.932 Thread 0x0000023595fa0450 8003  s    3       jdk.internal.ref.Cleaner::remove (89 bytes)
Event: 46.932 Thread 0x0000023595fa0450 nmethod 8003 0x000002358029e490 code [0x000002358029e640, 0x000002358029ea38]
Event: 46.932 Thread 0x0000023595fa0450 8004       3       java.nio.DirectByteBuffer$Deallocator::run (38 bytes)
Event: 46.933 Thread 0x0000023595fa0450 nmethod 8004 0x000002358073c510 code [0x000002358073c700, 0x000002358073cb08]

GC Heap History (20 events):
Event: 44.956 GC heap before
{Heap before GC invocations=65 (full 3):
 PSYoungGen      total 17408K, used 17184K [0x00000000eab00000, 0x00000000ebd00000, 0x0000000100000000)
  eden space 16896K, 100% used [0x00000000eab00000,0x00000000ebb80000,0x00000000ebb80000)
  from space 512K, 56% used [0x00000000ebc00000,0x00000000ebc48000,0x00000000ebc80000)
  to   space 512K, 0% used [0x00000000ebc80000,0x00000000ebc80000,0x00000000ebd00000)
 ParOldGen       total 68608K, used 43105K [0x00000000c0000000, 0x00000000c4300000, 0x00000000eab00000)
  object space 68608K, 62% used [0x00000000c0000000,0x00000000c2a18790,0x00000000c4300000)
 Metaspace       used 69780K, committed 70976K, reserved 1114112K
  class space    used 8562K, committed 9088K, reserved 1048576K
}
Event: 44.958 GC heap after
{Heap after GC invocations=65 (full 3):
 PSYoungGen      total 17408K, used 192K [0x00000000eab00000, 0x00000000ebd00000, 0x0000000100000000)
  eden space 16896K, 0% used [0x00000000eab00000,0x00000000eab00000,0x00000000ebb80000)
  from space 512K, 37% used [0x00000000ebc80000,0x00000000ebcb0000,0x00000000ebd00000)
  to   space 512K, 0% used [0x00000000ebc00000,0x00000000ebc00000,0x00000000ebc80000)
 ParOldGen       total 68608K, used 43129K [0x00000000c0000000, 0x00000000c4300000, 0x00000000eab00000)
  object space 68608K, 62% used [0x00000000c0000000,0x00000000c2a1e790,0x00000000c4300000)
 Metaspace       used 69780K, committed 70976K, reserved 1114112K
  class space    used 8562K, committed 9088K, reserved 1048576K
}
Event: 45.242 GC heap before
{Heap before GC invocations=66 (full 3):
 PSYoungGen      total 17408K, used 17088K [0x00000000eab00000, 0x00000000ebd00000, 0x0000000100000000)
  eden space 16896K, 100% used [0x00000000eab00000,0x00000000ebb80000,0x00000000ebb80000)
  from space 512K, 37% used [0x00000000ebc80000,0x00000000ebcb0000,0x00000000ebd00000)
  to   space 512K, 0% used [0x00000000ebc00000,0x00000000ebc00000,0x00000000ebc80000)
 ParOldGen       total 68608K, used 43129K [0x00000000c0000000, 0x00000000c4300000, 0x00000000eab00000)
  object space 68608K, 62% used [0x00000000c0000000,0x00000000c2a1e790,0x00000000c4300000)
 Metaspace       used 69780K, committed 70976K, reserved 1114112K
  class space    used 8562K, committed 9088K, reserved 1048576K
}
Event: 45.243 GC heap after
{Heap after GC invocations=66 (full 3):
 PSYoungGen      total 17408K, used 192K [0x00000000eab00000, 0x00000000ebd00000, 0x0000000100000000)
  eden space 16896K, 0% used [0x00000000eab00000,0x00000000eab00000,0x00000000ebb80000)
  from space 512K, 37% used [0x00000000ebc00000,0x00000000ebc30000,0x00000000ebc80000)
  to   space 512K, 0% used [0x00000000ebc80000,0x00000000ebc80000,0x00000000ebd00000)
 ParOldGen       total 68608K, used 43129K [0x00000000c0000000, 0x00000000c4300000, 0x00000000eab00000)
  object space 68608K, 62% used [0x00000000c0000000,0x00000000c2a1e790,0x00000000c4300000)
 Metaspace       used 69780K, committed 70976K, reserved 1114112K
  class space    used 8562K, committed 9088K, reserved 1048576K
}
Event: 45.331 GC heap before
{Heap before GC invocations=67 (full 3):
 PSYoungGen      total 17408K, used 17088K [0x00000000eab00000, 0x00000000ebd00000, 0x0000000100000000)
  eden space 16896K, 100% used [0x00000000eab00000,0x00000000ebb80000,0x00000000ebb80000)
  from space 512K, 37% used [0x00000000ebc00000,0x00000000ebc30000,0x00000000ebc80000)
  to   space 512K, 0% used [0x00000000ebc80000,0x00000000ebc80000,0x00000000ebd00000)
 ParOldGen       total 68608K, used 43129K [0x00000000c0000000, 0x00000000c4300000, 0x00000000eab00000)
  object space 68608K, 62% used [0x00000000c0000000,0x00000000c2a1e790,0x00000000c4300000)
 Metaspace       used 69780K, committed 70976K, reserved 1114112K
  class space    used 8562K, committed 9088K, reserved 1048576K
}
Event: 45.331 GC heap after
{Heap after GC invocations=67 (full 3):
 PSYoungGen      total 17408K, used 128K [0x00000000eab00000, 0x00000000ebd00000, 0x0000000100000000)
  eden space 16896K, 0% used [0x00000000eab00000,0x00000000eab00000,0x00000000ebb80000)
  from space 512K, 25% used [0x00000000ebc80000,0x00000000ebca0000,0x00000000ebd00000)
  to   space 512K, 0% used [0x00000000ebc00000,0x00000000ebc00000,0x00000000ebc80000)
 ParOldGen       total 68608K, used 43153K [0x00000000c0000000, 0x00000000c4300000, 0x00000000eab00000)
  object space 68608K, 62% used [0x00000000c0000000,0x00000000c2a24790,0x00000000c4300000)
 Metaspace       used 69780K, committed 70976K, reserved 1114112K
  class space    used 8562K, committed 9088K, reserved 1048576K
}
Event: 45.497 GC heap before
{Heap before GC invocations=68 (full 3):
 PSYoungGen      total 17408K, used 17024K [0x00000000eab00000, 0x00000000ebd00000, 0x0000000100000000)
  eden space 16896K, 100% used [0x00000000eab00000,0x00000000ebb80000,0x00000000ebb80000)
  from space 512K, 25% used [0x00000000ebc80000,0x00000000ebca0000,0x00000000ebd00000)
  to   space 512K, 0% used [0x00000000ebc00000,0x00000000ebc00000,0x00000000ebc80000)
 ParOldGen       total 68608K, used 43153K [0x00000000c0000000, 0x00000000c4300000, 0x00000000eab00000)
  object space 68608K, 62% used [0x00000000c0000000,0x00000000c2a24790,0x00000000c4300000)
 Metaspace       used 69782K, committed 70976K, reserved 1114112K
  class space    used 8562K, committed 9088K, reserved 1048576K
}
Event: 45.498 GC heap after
{Heap after GC invocations=68 (full 3):
 PSYoungGen      total 17408K, used 288K [0x00000000eab00000, 0x00000000ebd00000, 0x0000000100000000)
  eden space 16896K, 0% used [0x00000000eab00000,0x00000000eab00000,0x00000000ebb80000)
  from space 512K, 56% used [0x00000000ebc00000,0x00000000ebc48000,0x00000000ebc80000)
  to   space 512K, 0% used [0x00000000ebc80000,0x00000000ebc80000,0x00000000ebd00000)
 ParOldGen       total 68608K, used 43153K [0x00000000c0000000, 0x00000000c4300000, 0x00000000eab00000)
  object space 68608K, 62% used [0x00000000c0000000,0x00000000c2a24790,0x00000000c4300000)
 Metaspace       used 69782K, committed 70976K, reserved 1114112K
  class space    used 8562K, committed 9088K, reserved 1048576K
}
Event: 45.550 GC heap before
{Heap before GC invocations=69 (full 3):
 PSYoungGen      total 17408K, used 17184K [0x00000000eab00000, 0x00000000ebd00000, 0x0000000100000000)
  eden space 16896K, 100% used [0x00000000eab00000,0x00000000ebb80000,0x00000000ebb80000)
  from space 512K, 56% used [0x00000000ebc00000,0x00000000ebc48000,0x00000000ebc80000)
  to   space 512K, 0% used [0x00000000ebc80000,0x00000000ebc80000,0x00000000ebd00000)
 ParOldGen       total 68608K, used 43153K [0x00000000c0000000, 0x00000000c4300000, 0x00000000eab00000)
  object space 68608K, 62% used [0x00000000c0000000,0x00000000c2a24790,0x00000000c4300000)
 Metaspace       used 69782K, committed 70976K, reserved 1114112K
  class space    used 8562K, committed 9088K, reserved 1048576K
}
Event: 45.551 GC heap after
{Heap after GC invocations=69 (full 3):
 PSYoungGen      total 17408K, used 224K [0x00000000eab00000, 0x00000000ebd00000, 0x0000000100000000)
  eden space 16896K, 0% used [0x00000000eab00000,0x00000000eab00000,0x00000000ebb80000)
  from space 512K, 43% used [0x00000000ebc80000,0x00000000ebcb8000,0x00000000ebd00000)
  to   space 512K, 0% used [0x00000000ebc00000,0x00000000ebc00000,0x00000000ebc80000)
 ParOldGen       total 68608K, used 43217K [0x00000000c0000000, 0x00000000c4300000, 0x00000000eab00000)
  object space 68608K, 62% used [0x00000000c0000000,0x00000000c2a34790,0x00000000c4300000)
 Metaspace       used 69782K, committed 70976K, reserved 1114112K
  class space    used 8562K, committed 9088K, reserved 1048576K
}
Event: 45.621 GC heap before
{Heap before GC invocations=70 (full 3):
 PSYoungGen      total 17408K, used 17120K [0x00000000eab00000, 0x00000000ebd00000, 0x0000000100000000)
  eden space 16896K, 100% used [0x00000000eab00000,0x00000000ebb80000,0x00000000ebb80000)
  from space 512K, 43% used [0x00000000ebc80000,0x00000000ebcb8000,0x00000000ebd00000)
  to   space 512K, 0% used [0x00000000ebc00000,0x00000000ebc00000,0x00000000ebc80000)
 ParOldGen       total 68608K, used 43217K [0x00000000c0000000, 0x00000000c4300000, 0x00000000eab00000)
  object space 68608K, 62% used [0x00000000c0000000,0x00000000c2a34790,0x00000000c4300000)
 Metaspace       used 69782K, committed 70976K, reserved 1114112K
  class space    used 8562K, committed 9088K, reserved 1048576K
}
Event: 45.622 GC heap after
{Heap after GC invocations=70 (full 3):
 PSYoungGen      total 17408K, used 160K [0x00000000eab00000, 0x00000000ebd00000, 0x0000000100000000)
  eden space 16896K, 0% used [0x00000000eab00000,0x00000000eab00000,0x00000000ebb80000)
  from space 512K, 31% used [0x00000000ebc00000,0x00000000ebc28000,0x00000000ebc80000)
  to   space 512K, 0% used [0x00000000ebc80000,0x00000000ebc80000,0x00000000ebd00000)
 ParOldGen       total 68608K, used 43241K [0x00000000c0000000, 0x00000000c4300000, 0x00000000eab00000)
  object space 68608K, 63% used [0x00000000c0000000,0x00000000c2a3a790,0x00000000c4300000)
 Metaspace       used 69782K, committed 70976K, reserved 1114112K
  class space    used 8562K, committed 9088K, reserved 1048576K
}
Event: 45.708 GC heap before
{Heap before GC invocations=71 (full 3):
 PSYoungGen      total 17408K, used 17056K [0x00000000eab00000, 0x00000000ebd00000, 0x0000000100000000)
  eden space 16896K, 100% used [0x00000000eab00000,0x00000000ebb80000,0x00000000ebb80000)
  from space 512K, 31% used [0x00000000ebc00000,0x00000000ebc28000,0x00000000ebc80000)
  to   space 512K, 0% used [0x00000000ebc80000,0x00000000ebc80000,0x00000000ebd00000)
 ParOldGen       total 68608K, used 43241K [0x00000000c0000000, 0x00000000c4300000, 0x00000000eab00000)
  object space 68608K, 63% used [0x00000000c0000000,0x00000000c2a3a790,0x00000000c4300000)
 Metaspace       used 69785K, committed 70976K, reserved 1114112K
  class space    used 8562K, committed 9088K, reserved 1048576K
}
Event: 45.708 GC heap after
{Heap after GC invocations=71 (full 3):
 PSYoungGen      total 17408K, used 224K [0x00000000eab00000, 0x00000000ebd00000, 0x0000000100000000)
  eden space 16896K, 0% used [0x00000000eab00000,0x00000000eab00000,0x00000000ebb80000)
  from space 512K, 43% used [0x00000000ebc80000,0x00000000ebcb8000,0x00000000ebd00000)
  to   space 512K, 0% used [0x00000000ebc00000,0x00000000ebc00000,0x00000000ebc80000)
 ParOldGen       total 68608K, used 43249K [0x00000000c0000000, 0x00000000c4300000, 0x00000000eab00000)
  object space 68608K, 63% used [0x00000000c0000000,0x00000000c2a3c790,0x00000000c4300000)
 Metaspace       used 69785K, committed 70976K, reserved 1114112K
  class space    used 8562K, committed 9088K, reserved 1048576K
}
Event: 45.781 GC heap before
{Heap before GC invocations=72 (full 3):
 PSYoungGen      total 17408K, used 17120K [0x00000000eab00000, 0x00000000ebd00000, 0x0000000100000000)
  eden space 16896K, 100% used [0x00000000eab00000,0x00000000ebb80000,0x00000000ebb80000)
  from space 512K, 43% used [0x00000000ebc80000,0x00000000ebcb8000,0x00000000ebd00000)
  to   space 512K, 0% used [0x00000000ebc00000,0x00000000ebc00000,0x00000000ebc80000)
 ParOldGen       total 68608K, used 43249K [0x00000000c0000000, 0x00000000c4300000, 0x00000000eab00000)
  object space 68608K, 63% used [0x00000000c0000000,0x00000000c2a3c790,0x00000000c4300000)
 Metaspace       used 69785K, committed 70976K, reserved 1114112K
  class space    used 8562K, committed 9088K, reserved 1048576K
}
Event: 45.781 GC heap after
{Heap after GC invocations=72 (full 3):
 PSYoungGen      total 17408K, used 160K [0x00000000eab00000, 0x00000000ebd00000, 0x0000000100000000)
  eden space 16896K, 0% used [0x00000000eab00000,0x00000000eab00000,0x00000000ebb80000)
  from space 512K, 31% used [0x00000000ebc00000,0x00000000ebc28000,0x00000000ebc80000)
  to   space 512K, 0% used [0x00000000ebc80000,0x00000000ebc80000,0x00000000ebd00000)
 ParOldGen       total 68608K, used 43273K [0x00000000c0000000, 0x00000000c4300000, 0x00000000eab00000)
  object space 68608K, 63% used [0x00000000c0000000,0x00000000c2a42790,0x00000000c4300000)
 Metaspace       used 69785K, committed 70976K, reserved 1114112K
  class space    used 8562K, committed 9088K, reserved 1048576K
}
Event: 46.457 GC heap before
{Heap before GC invocations=73 (full 3):
 PSYoungGen      total 17408K, used 17056K [0x00000000eab00000, 0x00000000ebd00000, 0x0000000100000000)
  eden space 16896K, 100% used [0x00000000eab00000,0x00000000ebb80000,0x00000000ebb80000)
  from space 512K, 31% used [0x00000000ebc00000,0x00000000ebc28000,0x00000000ebc80000)
  to   space 512K, 0% used [0x00000000ebc80000,0x00000000ebc80000,0x00000000ebd00000)
 ParOldGen       total 68608K, used 43273K [0x00000000c0000000, 0x00000000c4300000, 0x00000000eab00000)
  object space 68608K, 63% used [0x00000000c0000000,0x00000000c2a42790,0x00000000c4300000)
 Metaspace       used 69825K, committed 71040K, reserved 1114112K
  class space    used 8566K, committed 9088K, reserved 1048576K
}
Event: 46.458 GC heap after
{Heap after GC invocations=73 (full 3):
 PSYoungGen      total 17408K, used 320K [0x00000000eab00000, 0x00000000ebd00000, 0x0000000100000000)
  eden space 16896K, 0% used [0x00000000eab00000,0x00000000eab00000,0x00000000ebb80000)
  from space 512K, 62% used [0x00000000ebc80000,0x00000000ebcd0010,0x00000000ebd00000)
  to   space 512K, 0% used [0x00000000ebc00000,0x00000000ebc00000,0x00000000ebc80000)
 ParOldGen       total 68608K, used 43281K [0x00000000c0000000, 0x00000000c4300000, 0x00000000eab00000)
  object space 68608K, 63% used [0x00000000c0000000,0x00000000c2a44790,0x00000000c4300000)
 Metaspace       used 69825K, committed 71040K, reserved 1114112K
  class space    used 8566K, committed 9088K, reserved 1048576K
}
Event: 46.726 GC heap before
{Heap before GC invocations=74 (full 3):
 PSYoungGen      total 17408K, used 17216K [0x00000000eab00000, 0x00000000ebd00000, 0x0000000100000000)
  eden space 16896K, 100% used [0x00000000eab00000,0x00000000ebb80000,0x00000000ebb80000)
  from space 512K, 62% used [0x00000000ebc80000,0x00000000ebcd0010,0x00000000ebd00000)
  to   space 512K, 0% used [0x00000000ebc00000,0x00000000ebc00000,0x00000000ebc80000)
 ParOldGen       total 68608K, used 43281K [0x00000000c0000000, 0x00000000c4300000, 0x00000000eab00000)
  object space 68608K, 63% used [0x00000000c0000000,0x00000000c2a44790,0x00000000c4300000)
 Metaspace       used 70505K, committed 71744K, reserved 1114112K
  class space    used 8648K, committed 9216K, reserved 1048576K
}
Event: 46.728 GC heap after
{Heap after GC invocations=74 (full 3):
 PSYoungGen      total 17408K, used 512K [0x00000000eab00000, 0x00000000ebd80000, 0x0000000100000000)
  eden space 16896K, 0% used [0x00000000eab00000,0x00000000eab00000,0x00000000ebb80000)
  from space 512K, 100% used [0x00000000ebc00000,0x00000000ebc80000,0x00000000ebc80000)
  to   space 1024K, 0% used [0x00000000ebc80000,0x00000000ebc80000,0x00000000ebd80000)
 ParOldGen       total 68608K, used 43450K [0x00000000c0000000, 0x00000000c4300000, 0x00000000eab00000)
  object space 68608K, 63% used [0x00000000c0000000,0x00000000c2a6e9f0,0x00000000c4300000)
 Metaspace       used 70505K, committed 71744K, reserved 1114112K
  class space    used 8648K, committed 9216K, reserved 1048576K
}

Dll operation events (15 events):
Event: 0.011 Loaded shared library c:\Users\Joseph Frank\.vscode\extensions\redhat.java-1.38.0-win32-x64\jre\17.0.13-win32-x86_64\bin\java.dll
Event: 0.233 Loaded shared library c:\Users\Joseph Frank\.vscode\extensions\redhat.java-1.38.0-win32-x64\jre\17.0.13-win32-x86_64\bin\zip.dll
Event: 0.237 Loaded shared library C:\Users\Joseph Frank\.vscode\extensions\redhat.java-1.38.0-win32-x64\jre\17.0.13-win32-x86_64\bin\instrument.dll
Event: 0.254 Loaded shared library C:\Users\Joseph Frank\.vscode\extensions\redhat.java-1.38.0-win32-x64\jre\17.0.13-win32-x86_64\bin\net.dll
Event: 0.257 Loaded shared library C:\Users\Joseph Frank\.vscode\extensions\redhat.java-1.38.0-win32-x64\jre\17.0.13-win32-x86_64\bin\nio.dll
Event: 0.268 Loaded shared library C:\Users\Joseph Frank\.vscode\extensions\redhat.java-1.38.0-win32-x64\jre\17.0.13-win32-x86_64\bin\zip.dll
Event: 0.295 Loaded shared library C:\Users\Joseph Frank\.vscode\extensions\redhat.java-1.38.0-win32-x64\jre\17.0.13-win32-x86_64\bin\jimage.dll
Event: 0.393 Loaded shared library c:\Users\Joseph Frank\.vscode\extensions\redhat.java-1.38.0-win32-x64\jre\17.0.13-win32-x86_64\bin\verify.dll
Event: 2.026 Loaded shared library C:\Users\Joseph Frank\AppData\Roaming\Code\User\globalStorage\redhat.java\1.38.0\config_win\org.eclipse.equinox.launcher\org.eclipse.equinox.launcher.win32.win32.x86_64_1.2.1100.v20240722-2106\eclipse_11904.dll
Event: 4.071 Loaded shared library C:\Users\Joseph Frank\AppData\Local\Temp\jna-792161473\jna12996080839447078562.dll
Event: 9.114 Loaded shared library C:\Users\Joseph Frank\.gradle\native\c067742578af261105cb4f569cf0c3c89f3d7b1fecec35dd04571415982c5e48\windows-amd64\native-platform.dll
Event: 10.604 Loaded shared library C:\Users\Joseph Frank\.vscode\extensions\redhat.java-1.38.0-win32-x64\jre\17.0.13-win32-x86_64\bin\management.dll
Event: 10.607 Loaded shared library C:\Users\Joseph Frank\.vscode\extensions\redhat.java-1.38.0-win32-x64\jre\17.0.13-win32-x86_64\bin\management_ext.dll
Event: 14.369 Loaded shared library C:\Users\Joseph Frank\.vscode\extensions\redhat.java-1.38.0-win32-x64\jre\17.0.13-win32-x86_64\bin\extnet.dll
Event: 19.377 Loaded shared library C:\Users\Joseph Frank\.vscode\extensions\redhat.java-1.38.0-win32-x64\jre\17.0.13-win32-x86_64\bin\sunmscapi.dll

Deoptimization events (20 events):
Event: 46.838 Thread 0x0000023599f84dc0 Uncommon trap: trap_request=0xffffff45 fr.pc=0x0000023587baa3dc relative=0x000000000000067c
Event: 46.838 Thread 0x0000023599f84dc0 Uncommon trap: reason=unstable_if action=reinterpret pc=0x0000023587baa3dc method=org.eclipse.osgi.internal.framework.BundleContextImpl.setContextFinder()Ljava/lang/Object; @ 36 c2
Event: 46.838 Thread 0x0000023599f84dc0 DEOPT PACKING pc=0x0000023587baa3dc sp=0x000000681f1fe1c0
Event: 46.838 Thread 0x0000023599f84dc0 DEOPT UNPACKING pc=0x00000235875866a3 sp=0x000000681f1fe0e8 mode 2
Event: 46.838 Thread 0x0000023599f84dc0 Uncommon trap: trap_request=0xffffff45 fr.pc=0x0000023587c93124 relative=0x0000000000000284
Event: 46.838 Thread 0x0000023599f84dc0 Uncommon trap: reason=unstable_if action=reinterpret pc=0x0000023587c93124 method=org.eclipse.osgi.internal.framework.BundleContextImpl.setContextFinder()Ljava/lang/Object; @ 36 c2
Event: 46.838 Thread 0x0000023599f84dc0 DEOPT PACKING pc=0x0000023587c93124 sp=0x000000681f1fe120
Event: 46.838 Thread 0x0000023599f84dc0 DEOPT UNPACKING pc=0x00000235875866a3 sp=0x000000681f1fe0d8 mode 2
Event: 46.848 Thread 0x000002359a690b60 Uncommon trap: trap_request=0xffffffc6 fr.pc=0x0000023587c35480 relative=0x00000000000001e0
Event: 46.848 Thread 0x000002359a690b60 Uncommon trap: reason=bimorphic_or_optimized_type_check action=maybe_recompile pc=0x0000023587c35480 method=java.util.Collections.eq(Ljava/lang/Object;Ljava/lang/Object;)Z @ 18 c2
Event: 46.848 Thread 0x000002359a690b60 DEOPT PACKING pc=0x0000023587c35480 sp=0x000000681cbfe9a0
Event: 46.848 Thread 0x000002359a690b60 DEOPT UNPACKING pc=0x00000235875866a3 sp=0x000000681cbfe8e0 mode 2
Event: 46.849 Thread 0x000002359a690b60 Uncommon trap: trap_request=0xffffffc6 fr.pc=0x0000023587c35480 relative=0x00000000000001e0
Event: 46.849 Thread 0x000002359a690b60 Uncommon trap: reason=bimorphic_or_optimized_type_check action=maybe_recompile pc=0x0000023587c35480 method=java.util.Collections.eq(Ljava/lang/Object;Ljava/lang/Object;)Z @ 18 c2
Event: 46.849 Thread 0x000002359a690b60 DEOPT PACKING pc=0x0000023587c35480 sp=0x000000681cbfeb00
Event: 46.849 Thread 0x000002359a690b60 DEOPT UNPACKING pc=0x00000235875866a3 sp=0x000000681cbfea40 mode 2
Event: 46.849 Thread 0x0000023599f84dc0 Uncommon trap: trap_request=0xffffff3d fr.pc=0x0000023587f04938 relative=0x0000000000000038
Event: 46.849 Thread 0x0000023599f84dc0 Uncommon trap: reason=unstable_fused_if action=reinterpret pc=0x0000023587f04938 method=java.net.URI.decode(C)I @ 3 c2
Event: 46.849 Thread 0x0000023599f84dc0 DEOPT PACKING pc=0x0000023587f04938 sp=0x000000681f1fea50
Event: 46.849 Thread 0x0000023599f84dc0 DEOPT UNPACKING pc=0x00000235875866a3 sp=0x000000681f1fe9e0 mode 2

Classes loaded (20 events):
Event: 46.766 Loading class java/util/stream/ReduceOps$5
Event: 46.766 Loading class java/util/stream/ReduceOps$5 done
Event: 46.767 Loading class java/util/stream/ReduceOps$CountingSink$OfRef
Event: 46.767 Loading class java/util/stream/ReduceOps$CountingSink
Event: 46.767 Loading class java/util/stream/ReduceOps$CountingSink done
Event: 46.767 Loading class java/util/stream/ReduceOps$CountingSink$OfRef done
Event: 46.770 Loading class java/util/stream/ReduceOps$1
Event: 46.770 Loading class java/util/stream/ReduceOps$1 done
Event: 46.770 Loading class java/util/stream/ReduceOps$1ReducingSink
Event: 46.770 Loading class java/util/stream/ReduceOps$1ReducingSink done
Event: 46.784 Loading class java/nio/file/InvalidPathException
Event: 46.784 Loading class java/nio/file/InvalidPathException done
Event: 46.800 Loading class java/util/concurrent/CompletableFuture$UniApply
Event: 46.801 Loading class java/util/concurrent/CompletableFuture$UniApply done
Event: 46.801 Loading class java/util/concurrent/ForkJoinPool$DefaultCommonPoolForkJoinWorkerThreadFactory$1
Event: 46.802 Loading class java/util/concurrent/ForkJoinPool$DefaultCommonPoolForkJoinWorkerThreadFactory$1 done
Event: 46.802 Loading class java/util/concurrent/CompletableFuture$UniExceptionally
Event: 46.802 Loading class java/util/concurrent/CompletableFuture$UniExceptionally done
Event: 46.834 Loading class java/io/SequenceInputStream
Event: 46.834 Loading class java/io/SequenceInputStream done

Classes unloaded (13 events):
Event: 5.572 Thread 0x0000023595f74870 Unloading class 0x000000010025dc00 'java/lang/invoke/LambdaForm$MH+0x000000010025dc00'
Event: 5.572 Thread 0x0000023595f74870 Unloading class 0x000000010025d800 'java/lang/invoke/LambdaForm$MH+0x000000010025d800'
Event: 5.572 Thread 0x0000023595f74870 Unloading class 0x000000010025d400 'java/lang/invoke/LambdaForm$MH+0x000000010025d400'
Event: 5.573 Thread 0x0000023595f74870 Unloading class 0x000000010025d000 'java/lang/invoke/LambdaForm$MH+0x000000010025d000'
Event: 5.573 Thread 0x0000023595f74870 Unloading class 0x000000010025cc00 'java/lang/invoke/LambdaForm$BMH+0x000000010025cc00'
Event: 5.573 Thread 0x0000023595f74870 Unloading class 0x000000010025c800 'java/lang/invoke/LambdaForm$DMH+0x000000010025c800'
Event: 5.573 Thread 0x0000023595f74870 Unloading class 0x000000010025a000 'java/lang/invoke/LambdaForm$DMH+0x000000010025a000'
Event: 10.709 Thread 0x0000023595f74870 Unloading class 0x00000001003b6000 'java/lang/invoke/LambdaForm$MH+0x00000001003b6000'
Event: 10.709 Thread 0x0000023595f74870 Unloading class 0x00000001003b5c00 'java/lang/invoke/LambdaForm$MH+0x00000001003b5c00'
Event: 10.709 Thread 0x0000023595f74870 Unloading class 0x00000001003b5000 'java/lang/invoke/LambdaForm$MH+0x00000001003b5000'
Event: 10.709 Thread 0x0000023595f74870 Unloading class 0x00000001003b4c00 'java/lang/invoke/LambdaForm$DMH+0x00000001003b4c00'
Event: 10.709 Thread 0x0000023595f74870 Unloading class 0x00000001003b4000 'java/lang/invoke/LambdaForm$MH+0x00000001003b4000'
Event: 10.709 Thread 0x0000023595f74870 Unloading class 0x00000001003b3800 'java/lang/invoke/LambdaForm$MH+0x00000001003b3800'

Classes redefined (0 events):
No events

Internal exceptions (20 events):
Event: 46.734 Thread 0x000002359a696170 Exception <a 'sun/nio/fs/WindowsException'{0x00000000eab1e050}> (0x00000000eab1e050) 
thrown [s\src\hotspot\share\prims\jni.cpp, line 516]
Event: 46.734 Thread 0x000002359a696170 Exception <a 'sun/nio/fs/WindowsException'{0x00000000eab1eba0}> (0x00000000eab1eba0) 
thrown [s\src\hotspot\share\prims\jni.cpp, line 516]
Event: 46.735 Thread 0x000002359a696170 Exception <a 'sun/nio/fs/WindowsException'{0x00000000eab1fe28}> (0x00000000eab1fe28) 
thrown [s\src\hotspot\share\prims\jni.cpp, line 516]
Event: 46.735 Thread 0x000002359a696170 Exception <a 'sun/nio/fs/WindowsException'{0x00000000eab20720}> (0x00000000eab20720) 
thrown [s\src\hotspot\share\prims\jni.cpp, line 516]
Event: 46.735 Thread 0x000002359a696170 Exception <a 'sun/nio/fs/WindowsException'{0x00000000eab216c8}> (0x00000000eab216c8) 
thrown [s\src\hotspot\share\prims\jni.cpp, line 516]
Event: 46.735 Thread 0x000002359a696170 Exception <a 'sun/nio/fs/WindowsException'{0x00000000eab21d00}> (0x00000000eab21d00) 
thrown [s\src\hotspot\share\prims\jni.cpp, line 516]
Event: 46.736 Thread 0x000002359a696170 Exception <a 'sun/nio/fs/WindowsException'{0x00000000eab228a0}> (0x00000000eab228a0) 
thrown [s\src\hotspot\share\prims\jni.cpp, line 516]
Event: 46.736 Thread 0x000002359a696170 Exception <a 'sun/nio/fs/WindowsException'{0x00000000eab22ed8}> (0x00000000eab22ed8) 
thrown [s\src\hotspot\share\prims\jni.cpp, line 516]
Event: 46.736 Thread 0x000002359a696170 Exception <a 'sun/nio/fs/WindowsException'{0x00000000eab242b0}> (0x00000000eab242b0) 
thrown [s\src\hotspot\share\prims\jni.cpp, line 516]
Event: 46.736 Thread 0x000002359a696170 Exception <a 'sun/nio/fs/WindowsException'{0x00000000eab24ba8}> (0x00000000eab24ba8) 
thrown [s\src\hotspot\share\prims\jni.cpp, line 516]
Event: 46.736 Thread 0x000002359a696170 Exception <a 'sun/nio/fs/WindowsException'{0x00000000eab25e30}> (0x00000000eab25e30) 
thrown [s\src\hotspot\share\prims\jni.cpp, line 516]
Event: 46.736 Thread 0x000002359a696170 Exception <a 'sun/nio/fs/WindowsException'{0x00000000eab26728}> (0x00000000eab26728) 
thrown [s\src\hotspot\share\prims\jni.cpp, line 516]
Event: 46.737 Thread 0x000002359a696170 Exception <a 'sun/nio/fs/WindowsException'{0x00000000eab279f0}> (0x00000000eab279f0) 
thrown [s\src\hotspot\share\prims\jni.cpp, line 516]
Event: 46.737 Thread 0x000002359a696170 Exception <a 'sun/nio/fs/WindowsException'{0x00000000eab282e8}> (0x00000000eab282e8) 
thrown [s\src\hotspot\share\prims\jni.cpp, line 516]
Event: 46.737 Thread 0x000002359a696170 Exception <a 'sun/nio/fs/WindowsException'{0x00000000eab29810}> (0x00000000eab29810) 
thrown [s\src\hotspot\share\prims\jni.cpp, line 516]
Event: 46.737 Thread 0x000002359a696170 Exception <a 'sun/nio/fs/WindowsException'{0x00000000eab2a108}> (0x00000000eab2a108) 
thrown [s\src\hotspot\share\prims\jni.cpp, line 516]
Event: 46.790 Thread 0x000002359a690b60 Exception <a 'java/lang/NoSuchMethodError'{0x00000000ead62ab0}: 'java.lang.Object java.lang.invoke.DirectMethodHandle$Holder.invokeStatic(java.lang.Object, java.lang.Object, int, java.lang.Object)'> (0x00000000ead62ab0) 
thrown [s\src\hotspot\share\interpreter\linkResolver.cpp, line 759]
Event: 46.824 Thread 0x0000023599f81610 Implicit null exception at 0x0000023587ea1be5 to 0x0000023587ea7bac
Event: 46.878 Thread 0x000002359a690b60 Exception <a 'java/io/FileNotFoundException'{0x00000000eb0f7d30}> (0x00000000eb0f7d30) 
thrown [s\src\hotspot\share\prims\jni.cpp, line 516]
Event: 46.879 Thread 0x000002359a690b60 Exception <a 'java/io/FileNotFoundException'{0x00000000eb0f8b00}> (0x00000000eb0f8b00) 
thrown [s\src\hotspot\share\prims\jni.cpp, line 516]

VM Operations (20 events):
Event: 45.497 Executing VM operation: ParallelGCFailedAllocation
Event: 45.498 Executing VM operation: ParallelGCFailedAllocation done
Event: 45.550 Executing VM operation: ParallelGCFailedAllocation
Event: 45.551 Executing VM operation: ParallelGCFailedAllocation done
Event: 45.621 Executing VM operation: ParallelGCFailedAllocation
Event: 45.622 Executing VM operation: ParallelGCFailedAllocation done
Event: 45.708 Executing VM operation: ParallelGCFailedAllocation
Event: 45.709 Executing VM operation: ParallelGCFailedAllocation done
Event: 45.780 Executing VM operation: ParallelGCFailedAllocation
Event: 45.781 Executing VM operation: ParallelGCFailedAllocation done
Event: 46.353 Executing VM operation: HandshakeAllThreads
Event: 46.353 Executing VM operation: HandshakeAllThreads done
Event: 46.457 Executing VM operation: ParallelGCFailedAllocation
Event: 46.458 Executing VM operation: ParallelGCFailedAllocation done
Event: 46.655 Executing VM operation: HandshakeAllThreads
Event: 46.655 Executing VM operation: HandshakeAllThreads done
Event: 46.656 Executing VM operation: HandshakeAllThreads
Event: 46.656 Executing VM operation: HandshakeAllThreads done
Event: 46.726 Executing VM operation: ParallelGCFailedAllocation
Event: 46.728 Executing VM operation: ParallelGCFailedAllocation done

Memory protections (0 events):
No events

Nmethod flushes (20 events):
Event: 33.735 Thread 0x0000023595fa0970 flushing  nmethod 0x0000023580c2dc10
Event: 33.735 Thread 0x0000023595fa0970 flushing  nmethod 0x0000023580c2e610
Event: 33.735 Thread 0x0000023595fa0970 flushing  nmethod 0x0000023580c2f010
Event: 33.735 Thread 0x0000023595fa0970 flushing  nmethod 0x0000023580c30590
Event: 33.735 Thread 0x0000023595fa0970 flushing  nmethod 0x0000023580c30b90
Event: 33.735 Thread 0x0000023595fa0970 flushing  nmethod 0x0000023580c32790
Event: 33.735 Thread 0x0000023595fa0970 flushing  nmethod 0x0000023580c35610
Event: 33.735 Thread 0x0000023595fa0970 flushing  nmethod 0x0000023580c3e710
Event: 33.735 Thread 0x0000023595fa0970 flushing  nmethod 0x0000023580c5dc90
Event: 33.736 Thread 0x0000023595fa0970 flushing  nmethod 0x0000023580c9cd90
Event: 33.736 Thread 0x0000023595fa0970 flushing  nmethod 0x0000023580ca0b10
Event: 33.736 Thread 0x0000023595fa0970 flushing  nmethod 0x0000023580ca1210
Event: 33.736 Thread 0x0000023595fa0970 flushing  nmethod 0x0000023580ca5710
Event: 33.736 Thread 0x0000023595fa0970 flushing  nmethod 0x0000023580ca6110
Event: 33.736 Thread 0x0000023595fa0970 flushing  nmethod 0x0000023580caa110
Event: 33.736 Thread 0x0000023595fa0970 flushing  nmethod 0x0000023580cabd90
Event: 33.736 Thread 0x0000023595fa0970 flushing  nmethod 0x0000023580cac310
Event: 33.736 Thread 0x0000023595fa0970 flushing  nmethod 0x0000023580cade90
Event: 33.736 Thread 0x0000023595fa0970 flushing  nmethod 0x0000023580caf890
Event: 33.736 Thread 0x0000023595fa0970 flushing  nmethod 0x0000023580cb0910

Events (20 events):
Event: 35.472 Thread 0x000002359a281270 Thread exited: 0x000002359a281270
Event: 39.705 Thread 0x0000023595f9ce60 Thread added: 0x000002359a2817c0
Event: 40.570 Thread 0x000002359a2817c0 Thread exited: 0x000002359a2817c0
Event: 46.289 Thread 0x0000023599f82f60 Thread added: 0x0000023599f7f2a0
Event: 46.349 Thread 0x0000023599f7f2a0 Thread exited: 0x0000023599f7f2a0
Event: 46.350 Thread 0x0000023599f7ed90 Thread exited: 0x0000023599f7ed90
Event: 46.354 Thread 0x0000023599f82f60 Thread exited: 0x0000023599f82f60
Event: 46.385 Thread 0x0000023595fa0450 Thread added: 0x000002359a2817c0
Event: 46.655 Thread 0x0000023597c8c000 Thread added: 0x0000023599f7ed90
Event: 46.657 Thread 0x0000023597c8c000 Thread added: 0x0000023599f81610
Event: 46.678 Thread 0x0000023599f81610 Thread exited: 0x0000023599f81610
Event: 46.678 Thread 0x0000023597c8c000 Thread added: 0x0000023599f83e90
Event: 46.680 Thread 0x0000023597c8c000 Thread added: 0x0000023599f81610
Event: 46.721 Thread 0x0000023599f81610 Thread added: 0x0000023599f843a0
Event: 46.722 Thread 0x0000023595fa0450 Thread added: 0x000002359a27e2a0
Event: 46.802 Thread 0x000002359a696170 Thread added: 0x0000023599f83980
Event: 46.820 Thread 0x0000023599f83980 Thread added: 0x0000023599f7f2a0
Event: 46.833 Thread 0x000002359a696170 Thread added: 0x0000023599f84dc0
Event: 46.880 Thread 0x000002359a27e2a0 Thread exited: 0x000002359a27e2a0
Event: 46.905 Thread 0x000002359a2817c0 Thread exited: 0x000002359a2817c0


Dynamic libraries:
0x00007ff7eddd0000 - 0x00007ff7eddde000 	c:\Users\Joseph Frank\.vscode\extensions\redhat.java-1.38.0-win32-x64\jre\17.0.13-win32-x86_64\bin\java.exe
0x00007ffd0d0d0000 - 0x00007ffd0d2e7000 	C:\Windows\SYSTEM32\ntdll.dll
0x00007ffd0c990000 - 0x00007ffd0ca54000 	C:\Windows\System32\KERNEL32.DLL
0x00007ffd0a7e0000 - 0x00007ffd0ab9a000 	C:\Windows\System32\KERNELBASE.dll
0x00007ffd0a690000 - 0x00007ffd0a7a1000 	C:\Windows\System32\ucrtbase.dll
0x00007ffce6fc0000 - 0x00007ffce6fde000 	c:\Users\Joseph Frank\.vscode\extensions\redhat.java-1.38.0-win32-x64\jre\17.0.13-win32-x86_64\bin\VCRUNTIME140.dll
0x00007ffce6cc0000 - 0x00007ffce6cd7000 	c:\Users\Joseph Frank\.vscode\extensions\redhat.java-1.38.0-win32-x64\jre\17.0.13-win32-x86_64\bin\jli.dll
0x00007ffd0c600000 - 0x00007ffd0c7ae000 	C:\Windows\System32\USER32.dll
0x00007ffd0a7b0000 - 0x00007ffd0a7d6000 	C:\Windows\System32\win32u.dll
0x00007ffce82a0000 - 0x00007ffce8532000 	C:\Windows\WinSxS\amd64_microsoft.windows.common-controls_6595b64144ccf1df_6.0.22621.4541_none_2710d1c57384c085\COMCTL32.dll
0x00007ffd0bd60000 - 0x00007ffd0bd89000 	C:\Windows\System32\GDI32.dll
0x00007ffd0af00000 - 0x00007ffd0afa7000 	C:\Windows\System32\msvcrt.dll
0x00007ffd0a410000 - 0x00007ffd0a52b000 	C:\Windows\System32\gdi32full.dll
0x00007ffd0a5f0000 - 0x00007ffd0a68a000 	C:\Windows\System32\msvcp_win.dll
0x00007ffd0bda0000 - 0x00007ffd0bdd1000 	C:\Windows\System32\IMM32.DLL
0x00007ffce9fb0000 - 0x00007ffce9fbc000 	c:\Users\Joseph Frank\.vscode\extensions\redhat.java-1.38.0-win32-x64\jre\17.0.13-win32-x86_64\bin\vcruntime140_1.dll
0x00007ffce2c20000 - 0x00007ffce2cad000 	c:\Users\Joseph Frank\.vscode\extensions\redhat.java-1.38.0-win32-x64\jre\17.0.13-win32-x86_64\bin\msvcp140.dll
0x00007ffc897a0000 - 0x00007ffc8a40b000 	c:\Users\Joseph Frank\.vscode\extensions\redhat.java-1.38.0-win32-x64\jre\17.0.13-win32-x86_64\bin\server\jvm.dll
0x00007ffd0c4c0000 - 0x00007ffd0c572000 	C:\Windows\System32\ADVAPI32.dll
0x00007ffd0b370000 - 0x00007ffd0b417000 	C:\Windows\System32\sechost.dll
0x00007ffd0ad10000 - 0x00007ffd0ad38000 	C:\Windows\System32\bcrypt.dll
0x00007ffd0ce00000 - 0x00007ffd0cf14000 	C:\Windows\System32\RPCRT4.dll
0x00007ffd0c580000 - 0x00007ffd0c5f1000 	C:\Windows\System32\WS2_32.dll
0x00007ffd0a260000 - 0x00007ffd0a2ad000 	C:\Windows\SYSTEM32\POWRPROF.dll
0x00007ffd04150000 - 0x00007ffd04184000 	C:\Windows\SYSTEM32\WINMM.dll
0x00007ffd016c0000 - 0x00007ffd016ca000 	C:\Windows\SYSTEM32\VERSION.dll
0x00007ffd0a240000 - 0x00007ffd0a253000 	C:\Windows\SYSTEM32\UMPDC.dll
0x00007ffd093a0000 - 0x00007ffd093b8000 	C:\Windows\SYSTEM32\kernel.appcore.dll
0x00007ffce8cf0000 - 0x00007ffce8cfa000 	c:\Users\Joseph Frank\.vscode\extensions\redhat.java-1.38.0-win32-x64\jre\17.0.13-win32-x86_64\bin\jimage.dll
0x00007ffd07bb0000 - 0x00007ffd07de2000 	C:\Windows\SYSTEM32\DBGHELP.DLL
0x00007ffd0ca60000 - 0x00007ffd0cdf1000 	C:\Windows\System32\combase.dll
0x00007ffd0c370000 - 0x00007ffd0c447000 	C:\Windows\System32\OLEAUT32.dll
0x00007ffcf6e80000 - 0x00007ffcf6eb2000 	C:\Windows\SYSTEM32\dbgcore.DLL
0x00007ffd0ad40000 - 0x00007ffd0adbb000 	C:\Windows\System32\bcryptPrimitives.dll
0x00007ffd04fb0000 - 0x00007ffd04fbe000 	c:\Users\Joseph Frank\.vscode\extensions\redhat.java-1.38.0-win32-x64\jre\17.0.13-win32-x86_64\bin\instrument.dll
0x00007ffce6c10000 - 0x00007ffce6c35000 	c:\Users\Joseph Frank\.vscode\extensions\redhat.java-1.38.0-win32-x64\jre\17.0.13-win32-x86_64\bin\java.dll
0x00007ffce4250000 - 0x00007ffce4268000 	c:\Users\Joseph Frank\.vscode\extensions\redhat.java-1.38.0-win32-x64\jre\17.0.13-win32-x86_64\bin\zip.dll
0x00007ffd0b420000 - 0x00007ffd0bc99000 	C:\Windows\System32\SHELL32.dll
0x00007ffd08280000 - 0x00007ffd08b89000 	C:\Windows\SYSTEM32\windows.storage.dll
0x00007ffd08140000 - 0x00007ffd0827f000 	C:\Windows\SYSTEM32\wintypes.dll
0x00007ffd0ae00000 - 0x00007ffd0aefa000 	C:\Windows\System32\SHCORE.dll
0x00007ffd0c920000 - 0x00007ffd0c97e000 	C:\Windows\System32\shlwapi.dll
0x00007ffd0a2c0000 - 0x00007ffd0a2eb000 	C:\Windows\SYSTEM32\profapi.dll
0x00007ffce2c00000 - 0x00007ffce2c19000 	C:\Users\Joseph Frank\.vscode\extensions\redhat.java-1.38.0-win32-x64\jre\17.0.13-win32-x86_64\bin\net.dll
0x00007ffd04010000 - 0x00007ffd04146000 	C:\Windows\SYSTEM32\WINHTTP.dll
0x00007ffd09810000 - 0x00007ffd09879000 	C:\Windows\system32\mswsock.dll
0x00007ffce2be0000 - 0x00007ffce2bf6000 	C:\Users\Joseph Frank\.vscode\extensions\redhat.java-1.38.0-win32-x64\jre\17.0.13-win32-x86_64\bin\nio.dll
0x00007ffd04fa0000 - 0x00007ffd04fb0000 	c:\Users\Joseph Frank\.vscode\extensions\redhat.java-1.38.0-win32-x64\jre\17.0.13-win32-x86_64\bin\verify.dll
0x00007ffcf85e0000 - 0x00007ffcf8625000 	C:\Users\Joseph Frank\AppData\Roaming\Code\User\globalStorage\redhat.java\1.38.0\config_win\org.eclipse.equinox.launcher\org.eclipse.equinox.launcher.win32.win32.x86_64_1.2.1100.v20240722-2106\eclipse_11904.dll
0x00007ffd0afb0000 - 0x00007ffd0b155000 	C:\Windows\System32\ole32.dll
0x00007ffd09aa0000 - 0x00007ffd09abb000 	C:\Windows\SYSTEM32\CRYPTSP.dll
0x00007ffd09300000 - 0x00007ffd09335000 	C:\Windows\system32\rsaenh.dll
0x00007ffd09920000 - 0x00007ffd09948000 	C:\Windows\SYSTEM32\USERENV.dll
0x00007ffd09ac0000 - 0x00007ffd09acc000 	C:\Windows\SYSTEM32\CRYPTBASE.dll
0x00007ffd08df0000 - 0x00007ffd08e1d000 	C:\Windows\SYSTEM32\IPHLPAPI.DLL
0x00007ffd0c260000 - 0x00007ffd0c269000 	C:\Windows\System32\NSI.dll
0x00007ffd04fd0000 - 0x00007ffd04fe9000 	C:\Windows\SYSTEM32\dhcpcsvc6.DLL
0x00007ffd04a80000 - 0x00007ffd04a9f000 	C:\Windows\SYSTEM32\dhcpcsvc.DLL
0x00007ffd08e20000 - 0x00007ffd08f22000 	C:\Windows\SYSTEM32\DNSAPI.dll
0x00007ffcece10000 - 0x00007ffcece59000 	C:\Users\Joseph Frank\AppData\Local\Temp\jna-792161473\jna12996080839447078562.dll
0x00007ffd0bd90000 - 0x00007ffd0bd98000 	C:\Windows\System32\PSAPI.DLL
0x00007ffcdede0000 - 0x00007ffcdee07000 	C:\Users\Joseph Frank\.gradle\native\c067742578af261105cb4f569cf0c3c89f3d7b1fecec35dd04571415982c5e48\windows-amd64\native-platform.dll
0x00007ffce28b0000 - 0x00007ffce28ba000 	C:\Users\Joseph Frank\.vscode\extensions\redhat.java-1.38.0-win32-x64\jre\17.0.13-win32-x86_64\bin\management.dll
0x00007ffce2850000 - 0x00007ffce285b000 	C:\Users\Joseph Frank\.vscode\extensions\redhat.java-1.38.0-win32-x64\jre\17.0.13-win32-x86_64\bin\management_ext.dll
0x00007ffce2770000 - 0x00007ffce2779000 	C:\Users\Joseph Frank\.vscode\extensions\redhat.java-1.38.0-win32-x64\jre\17.0.13-win32-x86_64\bin\extnet.dll
0x00007ffce2b60000 - 0x00007ffce2b6e000 	C:\Users\Joseph Frank\.vscode\extensions\redhat.java-1.38.0-win32-x64\jre\17.0.13-win32-x86_64\bin\sunmscapi.dll
0x00007ffd0aba0000 - 0x00007ffd0ad06000 	C:\Windows\System32\CRYPT32.dll
0x00007ffd09c60000 - 0x00007ffd09c8d000 	C:\Windows\SYSTEM32\ncrypt.dll
0x00007ffd09c20000 - 0x00007ffd09c57000 	C:\Windows\SYSTEM32\NTASN1.dll
0x00007ffcf8630000 - 0x00007ffcf8638000 	C:\Windows\system32\wshunix.dll

dbghelp: loaded successfully - version: 4.0.5 - missing functions: none
symbol engine: initialized successfully - sym options: 0x614 - pdb path: .;c:\Users\Joseph Frank\.vscode\extensions\redhat.java-1.38.0-win32-x64\jre\17.0.13-win32-x86_64\bin;C:\Windows\SYSTEM32;C:\Windows\WinSxS\amd64_microsoft.windows.common-controls_6595b64144ccf1df_6.0.22621.4541_none_2710d1c57384c085;c:\Users\Joseph Frank\.vscode\extensions\redhat.java-1.38.0-win32-x64\jre\17.0.13-win32-x86_64\bin\server;C:\Users\Joseph Frank\AppData\Roaming\Code\User\globalStorage\redhat.java\1.38.0\config_win\org.eclipse.equinox.launcher\org.eclipse.equinox.launcher.win32.win32.x86_64_1.2.1100.v20240722-2106;C:\Users\Joseph Frank\AppData\Local\Temp\jna-792161473;C:\Users\Joseph Frank\.gradle\native\c067742578af261105cb4f569cf0c3c89f3d7b1fecec35dd04571415982c5e48\windows-amd64

VM Arguments:
jvm_args: --add-modules=ALL-SYSTEM --add-opens=java.base/java.util=ALL-UNNAMED --add-opens=java.base/java.lang=ALL-UNNAMED --add-opens=java.base/sun.nio.fs=ALL-UNNAMED -Declipse.application=org.eclipse.jdt.ls.core.id1 -Dosgi.bundles.defaultStartLevel=4 -Declipse.product=org.eclipse.jdt.ls.core.product -Djava.import.generatesMetadataFilesAtProjectRoot=false -DDetectVMInstallationsJob.disabled=true -Dfile.encoding=utf8 -XX:+UseParallelGC -XX:GCTimeRatio=4 -XX:AdaptiveSizePolicyWeight=90 -Dsun.zip.disableMemoryMapping=true -Xmx1G -Xms100m -Xlog:disable -javaagent:c:\Users\Joseph Frank\.vscode\extensions\redhat.java-1.38.0-win32-x64\lombok\lombok-1.18.34.jar -XX:+HeapDumpOnOutOfMemoryError -XX:HeapDumpPath=c:\Users\Joseph Frank\AppData\Roaming\Code\User\workspaceStorage\ded5477040aba2c835bc6511c43cb140\redhat.java -Daether.dependencyCollector.impl=bf 
java_command: c:\Users\Joseph Frank\.vscode\extensions\redhat.java-1.38.0-win32-x64\server\plugins\org.eclipse.equinox.launcher_1.6.900.v20240613-2009.jar -configuration c:\Users\Joseph Frank\AppData\Roaming\Code\User\globalStorage\redhat.java\1.38.0\config_win -data c:\Users\Joseph Frank\AppData\Roaming\Code\User\workspaceStorage\ded5477040aba2c835bc6511c43cb140\redhat.java\jdt_ws --pipe=\\.\pipe\lsp-e6fef1acf7c0cd938236a1b46b954169-sock
java_class_path (initial): c:\Users\Joseph Frank\.vscode\extensions\redhat.java-1.38.0-win32-x64\server\plugins\org.eclipse.equinox.launcher_1.6.900.v20240613-2009.jar
Launcher Type: SUN_STANDARD

[Global flags]
    uintx AdaptiveSizePolicyWeight                 = 90                                        {product} {command line}
     intx CICompilerCount                          = 4                                         {product} {ergonomic}
    uintx GCTimeRatio                              = 4                                         {product} {command line}
     bool HeapDumpOnOutOfMemoryError               = true                                   {manageable} {command line}
    ccstr HeapDumpPath                             = c:\Users\Joseph Frank\AppData\Roaming\Code\User\workspaceStorage\ded5477040aba2c835bc6511c43cb140\redhat.java         {manageable} {command line}
   size_t InitialHeapSize                          = 104857600                                 {product} {command line}
   size_t MaxHeapSize                              = 1073741824                                {product} {command line}
   size_t MaxNewSize                               = 357564416                                 {product} {ergonomic}
   size_t MinHeapDeltaBytes                        = 524288                                    {product} {ergonomic}
   size_t MinHeapSize                              = 104857600                                 {product} {command line}
   size_t NewSize                                  = 34603008                                  {product} {ergonomic}
    uintx NonNMethodCodeHeapSize                   = 5839372                                {pd product} {ergonomic}
    uintx NonProfiledCodeHeapSize                  = 122909434                              {pd product} {ergonomic}
   size_t OldSize                                  = 70254592                                  {product} {ergonomic}
    uintx ProfiledCodeHeapSize                     = 122909434                              {pd product} {ergonomic}
    uintx ReservedCodeCacheSize                    = 251658240                              {pd product} {ergonomic}
     bool SegmentedCodeCache                       = true                                      {product} {ergonomic}
   size_t SoftMaxHeapSize                          = 1073741824                             {manageable} {ergonomic}
     bool UseCompressedClassPointers               = true                           {product lp64_product} {ergonomic}
     bool UseCompressedOops                        = true                           {product lp64_product} {ergonomic}
     bool UseLargePagesIndividualAllocation        = false                                  {pd product} {ergonomic}
     bool UseParallelGC                            = true                                      {product} {command line}

Logging:
Log output configuration:
 #0: stdout all=off uptime,level,tags
 #1: stderr all=off uptime,level,tags

Environment Variables:
JAVA_HOME=C:\Program Files\Java\jdk-23
PATH=C:\Program Files\Common Files\Oracle\Java\javapath;C:\Program Files (x86)\Common Files\Oracle\Java\java8path;C:\Program Files (x86)\Common Files\Oracle\Java\javapath;C:\Windows\system32;C:\Windows;C:\Windows\System32\Wbem;C:\Windows\System32\WindowsPowerShell\v1.0\;C:\Windows\System32\OpenSSH\;C:\Program Files\dotnet\;C:\Program Files (x86)\Windows Kits\10\Windows Performance Toolkit\;C:\Program Files\Git\cmd;C:\Users\Joseph Frank\AppData\Local\Programs\Python\Python313\Scripts\;C:\Users\Joseph Frank\AppData\Local\Programs\Python\Python313\;C:\flutter\bin;C:\Users\Joseph Frank\AppData\Local\Microsoft\WindowsApps;C:\Users\Joseph Frank\AppData\Local\GitHubDesktop\bin;C:\Users\Joseph Frank\AppData\Local\Programs\Microsoft VS Code\bin;C:\Users\Joseph Frank\.dotnet\tools;C:\Gradle\gradle-8.12\bin;
USERNAME=Joseph Frank
OS=Windows_NT
PROCESSOR_IDENTIFIER=AMD64 Family 23 Model 104 Stepping 1, AuthenticAMD
TMP=C:\Users\JOSEPH~1\AppData\Local\Temp
TEMP=C:\Users\JOSEPH~1\AppData\Local\Temp



Periodic native trim disabled


---------------  S Y S T E M  ---------------

OS:
 Windows 11 , 64 bit Build 22621 (10.0.22621.4391)
OS uptime: 0 days 3:23 hours
Hyper-V role detected

CPU: total 12 (initial active 12) (12 cores per cpu, 2 threads per core) family 23 model 104 stepping 1 microcode 0x0, cx8, cmov, fxsr, ht, mmx, 3dnowpref, sse, sse2, sse3, ssse3, sse4a, sse4.1, sse4.2, popcnt, lzcnt, tsc, tscinvbit, avx, avx2, aes, clmul, bmi1, bmi2, adx, sha, fma, vzeroupper, clflush, clflushopt, hv
Processor Information for all 12 processors :
  Max Mhz: 2100, Current Mhz: 2100, Mhz Limit: 2100

Memory: 4k page, system-wide physical 18277M (3613M free)
TotalPageFile size 20325M (AvailPageFile size 377M)
current process WorkingSet (physical memory assigned to process): 250M, peak: 273M
current process commit charge ("private bytes"): 325M, peak: 350M

vm_info: OpenJDK 64-Bit Server VM (17.0.13+11) for windows-amd64 JRE (17.0.13+11), built on Oct 16 2024 00:10:08 by "admin" with MS VC++ 17.7 (VS2022)

END.
