#
# There is insufficient memory for the Java Runtime Environment to continue.
# Native memory allocation (mmap) failed to map 301989888 bytes. Error detail: G1 virtual space
# Possible reasons:
#   The system is out of physical RAM or swap space
#   This process is running with CompressedOops enabled, and the Java Heap may be blocking the growth of the native heap
# Possible solutions:
#   Reduce memory load on the system
#   Increase physical memory or swap space
#   Check if swap backing store is full
#   Decrease Java heap size (-Xmx/-Xms)
#   Decrease number of Java threads
#   Decrease Java thread stack sizes (-Xss)
#   Set larger code cache with -XX:ReservedCodeCacheSize=
#   JVM is running with Zero Based Compressed Oops mode in which the Java heap is
#     placed in the first 32GB address space. The Java Heap base address is the
#     maximum limit for the native heap growth. Please use -XX:HeapBaseMinAddress
#     to set the Java Heap base and to place the Java Heap above 32GB virtual address.
# This output file may be truncated or incomplete.
#
#  Out of Memory Error (os_windows.cpp:3828), pid=18748, tid=20340
#
# JRE version:  (21.0.4) (build )
# Java VM: OpenJDK 64-Bit Server VM (21.0.4+-12508038-b607.1, mixed mode, sharing, tiered, compressed oops, compressed class ptrs, g1 gc, windows-amd64)
# No core dump will be written. Minidumps are not enabled by default on client versions of Windows
#

---------------  S U M M A R Y ------------

Command Line: 

Host: AMD Ryzen 5 5500U with Radeon Graphics         , 12 cores, 17G,  Windows 11 , 64 bit Build 22621 (10.0.22621.4391)
Time: Sun Jan 19 01:49:43 2025 Hora oficial do Brasil elapsed time: 0.015717 seconds (0d 0h 0m 0s)

---------------  T H R E A D  ---------------

Current thread (0x0000020a6b88b3f0):  JavaThread "Unknown thread" [_thread_in_vm, id=20340, stack(0x000000d7cbe00000,0x000000d7cbf00000) (1024K)]

Stack: [0x000000d7cbe00000,0x000000d7cbf00000]
Native frames: (J=compiled Java code, j=interpreted, Vv=VM code, C=native code)
V  [jvm.dll+0x6ce539]
V  [jvm.dll+0x85bf03]
V  [jvm.dll+0x85e45e]
V  [jvm.dll+0x85eb43]
V  [jvm.dll+0x27dd06]
V  [jvm.dll+0x6cada5]
V  [jvm.dll+0x6bf27a]
V  [jvm.dll+0x3541fb]
V  [jvm.dll+0x35be36]
V  [jvm.dll+0x3adbc6]
V  [jvm.dll+0x3ade98]
V  [jvm.dll+0x32691c]
V  [jvm.dll+0x32760b]
V  [jvm.dll+0x823959]
V  [jvm.dll+0x3bacf8]
V  [jvm.dll+0x80cd58]
V  [jvm.dll+0x44ef2e]
V  [jvm.dll+0x450691]
C  [jli.dll+0x52ab]
C  [ucrtbase.dll+0x29333]
C  [KERNEL32.DLL+0x1259d]
C  [ntdll.dll+0x5af38]


---------------  P R O C E S S  ---------------

Threads class SMR info:
_java_thread_list=0x00007ffc6ee1a808, length=0, elements={
}

Java Threads: ( => current thread )
Total: 0

Other Threads:
  0x0000020a6db16c50 WorkerThread "GC Thread#0"                     [id=13732, stack(0x000000d7cbf00000,0x000000d7cc000000) (1024K)]
  0x0000020a6db20b00 ConcurrentGCThread "G1 Main Marker"            [id=13268, stack(0x000000d7cc000000,0x000000d7cc100000) (1024K)]
  0x0000020a6db21770 WorkerThread "G1 Conc#0"                       [id=304, stack(0x000000d7cc100000,0x000000d7cc200000) (1024K)]

[error occurred during error reporting (printing all threads), id 0xc0000005, EXCEPTION_ACCESS_VIOLATION (0xc0000005) at pc=0x00007ffc6e619957]
VM state: not at safepoint (not fully initialized)

VM Mutex/Monitor currently owned by a thread:  ([mutex/lock_event])
[0x00007ffc6ee873f8] Heap_lock - owner thread: 0x0000020a6b88b3f0

Heap address: 0x00000006e2400000, size: 4572 MB, Compressed Oops mode: Zero based, Oop shift amount: 3

CDS archive(s) mapped at: [0x0000000000000000-0x0000000000000000-0x0000000000000000), size 0, SharedBaseAddress: 0x0000000800000000, ArchiveRelocationMode: 1.
Narrow klass base: 0x0000000000000000, Narrow klass shift: 0, Narrow klass range: 0x0

GC Precious Log:
 CardTable entry size: 512
 Card Set container configuration: InlinePtr #cards 4 size 8 Array Of Cards #cards 32 size 80 Howl #buckets 8 coarsen threshold 7372 Howl Bitmap #cards 1024 size 144 coarsen threshold 921 Card regions per heap region 1 cards per card region 8192

Heap:
 garbage-first heap   total 0K, used 0K [0x00000006e2400000, 0x0000000800000000)
  region size 4096K, 0 young (0K), 0 survivors (0K)
 Metaspace       used 0K, committed 0K, reserved 0K
  class space    used 0K, committed 0K, reserved 0K

Heap Regions: E=young(eden), S=young(survivor), O=old, HS=humongous(starts), HC=humongous(continues), CS=collection set, F=free, TAMS=top-at-mark-start, PB=parsable bottom

Card table byte_map: [0x0000020a00b10000,0x0000020a01400000] _byte_map_base: 0x00000209fd3fe000

Marking Bits: (CMBitMap*) 0x0000020a6db17350
 Bits: [0x0000020a01400000, 0x0000020a05b70000)

GC Heap History (0 events):
No events

Dll operation events (1 events):
Event: 0.009 Loaded shared library C:\Program Files\Android\Android Studio1\jbr\bin\java.dll

Deoptimization events (0 events):
No events

Classes loaded (0 events):
No events

Classes unloaded (0 events):
No events

Classes redefined (0 events):
No events

Internal exceptions (0 events):
No events

ZGC Phase Switch (0 events):
No events

VM Operations (0 events):
No events

Memory protections (0 events):
No events

Nmethod flushes (0 events):
No events

Events (0 events):
No events


Dynamic libraries:
0x00007ff6b6820000 - 0x00007ff6b682a000 	C:\Program Files\Android\Android Studio1\jbr\bin\java.EXE
0x00007ffd0d0d0000 - 0x00007ffd0d2e7000 	C:\Windows\SYSTEM32\ntdll.dll
0x00007ffd0c990000 - 0x00007ffd0ca54000 	C:\Windows\System32\KERNEL32.DLL
0x00007ffd0a7e0000 - 0x00007ffd0ab9a000 	C:\Windows\System32\KERNELBASE.dll
0x00007ffd05140000 - 0x00007ffd051d7000 	C:\Windows\SYSTEM32\apphelp.dll
0x00007ffd0a690000 - 0x00007ffd0a7a1000 	C:\Windows\System32\ucrtbase.dll
0x00007ffd010c0000 - 0x00007ffd010d8000 	C:\Program Files\Android\Android Studio1\jbr\bin\jli.dll
0x00007ffcf9a30000 - 0x00007ffcf9a4b000 	C:\Program Files\Android\Android Studio1\jbr\bin\VCRUNTIME140.dll
0x00007ffd0c600000 - 0x00007ffd0c7ae000 	C:\Windows\System32\USER32.dll
0x00007ffce82a0000 - 0x00007ffce8532000 	C:\Windows\WinSxS\amd64_microsoft.windows.common-controls_6595b64144ccf1df_6.0.22621.4541_none_2710d1c57384c085\COMCTL32.dll
0x00007ffd0a7b0000 - 0x00007ffd0a7d6000 	C:\Windows\System32\win32u.dll
0x00007ffd0af00000 - 0x00007ffd0afa7000 	C:\Windows\System32\msvcrt.dll
0x00007ffd0bd60000 - 0x00007ffd0bd89000 	C:\Windows\System32\GDI32.dll
0x00007ffd0a410000 - 0x00007ffd0a52b000 	C:\Windows\System32\gdi32full.dll
0x00007ffd0a5f0000 - 0x00007ffd0a68a000 	C:\Windows\System32\msvcp_win.dll
0x00007ffd0bda0000 - 0x00007ffd0bdd1000 	C:\Windows\System32\IMM32.DLL
0x00007ffd063e0000 - 0x00007ffd063ec000 	C:\Program Files\Android\Android Studio1\jbr\bin\vcruntime140_1.dll
0x00007ffcb60b0000 - 0x00007ffcb613d000 	C:\Program Files\Android\Android Studio1\jbr\bin\msvcp140.dll
0x00007ffc6e2e0000 - 0x00007ffc6ef63000 	C:\Program Files\Android\Android Studio1\jbr\bin\server\jvm.dll
0x00007ffd0c4c0000 - 0x00007ffd0c572000 	C:\Windows\System32\ADVAPI32.dll
0x00007ffd0b370000 - 0x00007ffd0b417000 	C:\Windows\System32\sechost.dll
0x00007ffd0ad10000 - 0x00007ffd0ad38000 	C:\Windows\System32\bcrypt.dll
0x00007ffd0ce00000 - 0x00007ffd0cf14000 	C:\Windows\System32\RPCRT4.dll
0x00007ffd0c580000 - 0x00007ffd0c5f1000 	C:\Windows\System32\WS2_32.dll
0x00007ffd04150000 - 0x00007ffd04184000 	C:\Windows\SYSTEM32\WINMM.dll
0x00007ffd0a260000 - 0x00007ffd0a2ad000 	C:\Windows\SYSTEM32\POWRPROF.dll
0x00007ffd016c0000 - 0x00007ffd016ca000 	C:\Windows\SYSTEM32\VERSION.dll
0x00007ffd0a240000 - 0x00007ffd0a253000 	C:\Windows\SYSTEM32\UMPDC.dll
0x00007ffd093a0000 - 0x00007ffd093b8000 	C:\Windows\SYSTEM32\kernel.appcore.dll
0x00007ffd01260000 - 0x00007ffd0126a000 	C:\Program Files\Android\Android Studio1\jbr\bin\jimage.dll
0x00007ffd07bb0000 - 0x00007ffd07de2000 	C:\Windows\SYSTEM32\DBGHELP.DLL
0x00007ffd0ca60000 - 0x00007ffd0cdf1000 	C:\Windows\System32\combase.dll
0x00007ffd0c370000 - 0x00007ffd0c447000 	C:\Windows\System32\OLEAUT32.dll
0x00007ffcf6e80000 - 0x00007ffcf6eb2000 	C:\Windows\SYSTEM32\dbgcore.DLL
0x00007ffd0ad40000 - 0x00007ffd0adbb000 	C:\Windows\System32\bcryptPrimitives.dll
0x00007ffcf9a10000 - 0x00007ffcf9a30000 	C:\Program Files\Android\Android Studio1\jbr\bin\java.dll

dbghelp: loaded successfully - version: 4.0.5 - missing functions: none
symbol engine: initialized successfully - sym options: 0x614 - pdb path: .;C:\Program Files\Android\Android Studio1\jbr\bin;C:\Windows\SYSTEM32;C:\Windows\WinSxS\amd64_microsoft.windows.common-controls_6595b64144ccf1df_6.0.22621.4541_none_2710d1c57384c085;C:\Program Files\Android\Android Studio1\jbr\bin\server

VM Arguments:
java_command: <unknown>
java_class_path (initial): <not set>
Launcher Type: SUN_STANDARD

[Global flags]
     intx CICompilerCount                          = 4                                         {product} {ergonomic}
     uint ConcGCThreads                            = 3                                         {product} {ergonomic}
     uint G1ConcRefinementThreads                  = 10                                        {product} {ergonomic}
   size_t G1HeapRegionSize                         = 4194304                                   {product} {ergonomic}
    uintx GCDrainStackTargetSize                   = 64                                        {product} {ergonomic}
   size_t InitialHeapSize                          = 301989888                                 {product} {ergonomic}
   size_t MarkStackSize                            = 4194304                                   {product} {ergonomic}
   size_t MaxHeapSize                              = 4794089472                                {product} {ergonomic}
   size_t MinHeapDeltaBytes                        = 4194304                                   {product} {ergonomic}
   size_t MinHeapSize                              = 8388608                                   {product} {ergonomic}
    uintx NonNMethodCodeHeapSize                   = 5839372                                {pd product} {ergonomic}
    uintx NonProfiledCodeHeapSize                  = 122909434                              {pd product} {ergonomic}
    uintx ProfiledCodeHeapSize                     = 122909434                              {pd product} {ergonomic}
    uintx ReservedCodeCacheSize                    = 251658240                              {pd product} {ergonomic}
     bool SegmentedCodeCache                       = true                                      {product} {ergonomic}
   size_t SoftMaxHeapSize                          = 4794089472                             {manageable} {ergonomic}
     bool UseCompressedOops                        = true                           {product lp64_product} {ergonomic}
     bool UseG1GC                                  = true                                      {product} {ergonomic}
     bool UseLargePagesIndividualAllocation        = false                                  {pd product} {ergonomic}

Logging:
Log output configuration:
 #0: stdout all=warning uptime,level,tags foldmultilines=false
 #1: stderr all=off uptime,level,tags foldmultilines=false

Environment Variables:
JAVA_HOME=C:\Program Files\Java\jdk-23
PATH=C:\Program Files\Common Files\Oracle\Java\javapath;C:\Program Files (x86)\Common Files\Oracle\Java\java8path;C:\Program Files (x86)\Common Files\Oracle\Java\javapath;C:\Windows\system32;C:\Windows;C:\Windows\System32\Wbem;C:\Windows\System32\WindowsPowerShell\v1.0\;C:\Windows\System32\OpenSSH\;C:\Program Files\dotnet\;C:\Program Files (x86)\Windows Kits\10\Windows Performance Toolkit\;C:\Program Files\Git\cmd;C:\Users\Joseph Frank\AppData\Local\Programs\Python\Python313\Scripts\;C:\Users\Joseph Frank\AppData\Local\Programs\Python\Python313\;C:\flutter\bin;C:\Users\Joseph Frank\AppData\Local\Microsoft\WindowsApps;C:\Users\Joseph Frank\AppData\Local\GitHubDesktop\bin;C:\Users\Joseph Frank\AppData\Local\Programs\Microsoft VS Code\bin;C:\Users\Joseph Frank\.dotnet\tools;C:\Gradle\gradle-8.12\bin;C:\Users\Joseph Frank\AppData\Local\Programs\VSCodium\bin;C:\flutter\bin\mingit\cmd;C:\flutter\bin\mingit\cmd
USERNAME=Joseph Frank
OS=Windows_NT
PROCESSOR_IDENTIFIER=AMD64 Family 23 Model 104 Stepping 1, AuthenticAMD
TMP=C:\Users\JOSEPH~1\AppData\Local\Temp
TEMP=C:\Users\JOSEPH~1\AppData\Local\Temp




Periodic native trim disabled

JNI global refs:
JNI global refs: 0, weak refs: 0

JNI global refs memory usage: 0, weak refs: 0

Process memory usage:
Resident Set Size: 12524K (0% of 18716152K total physical memory with 3752408K free physical memory)

OOME stack traces (most recent first):
Classloader memory used:

---------------  S Y S T E M  ---------------

OS:
 Windows 11 , 64 bit Build 22621 (10.0.22621.4391)
OS uptime: 0 days 10:57 hours
Hyper-V role detected

CPU: total 12 (initial active 12) (12 cores per cpu, 2 threads per core) family 23 model 104 stepping 1 microcode 0x0, cx8, cmov, fxsr, ht, mmx, 3dnowpref, sse, sse2, sse3, ssse3, sse4a, sse4.1, sse4.2, popcnt, lzcnt, tsc, tscinvbit, avx, avx2, aes, clmul, bmi1, bmi2, adx, sha, fma, vzeroupper, clflush, clflushopt, hv, rdtscp, rdpid, f16c
Processor Information for processor 0
  Max Mhz: 2100, Current Mhz: 2100, Mhz Limit: 2100
Processor Information for processor 1
  Max Mhz: 2100, Current Mhz: 2100, Mhz Limit: 2100
Processor Information for processor 2
  Max Mhz: 2100, Current Mhz: 2100, Mhz Limit: 2100
Processor Information for processor 3
  Max Mhz: 2100, Current Mhz: 1988, Mhz Limit: 2100
Processor Information for processor 4
  Max Mhz: 2100, Current Mhz: 1988, Mhz Limit: 2100
Processor Information for processor 5
  Max Mhz: 2100, Current Mhz: 2100, Mhz Limit: 2100
Processor Information for processor 6
  Max Mhz: 2100, Current Mhz: 2100, Mhz Limit: 2100
Processor Information for processor 7
  Max Mhz: 2100, Current Mhz: 2100, Mhz Limit: 2100
Processor Information for processor 8
  Max Mhz: 2100, Current Mhz: 1988, Mhz Limit: 2100
Processor Information for processor 9
  Max Mhz: 2100, Current Mhz: 2100, Mhz Limit: 2100
Processor Information for processor 10
  Max Mhz: 2100, Current Mhz: 2100, Mhz Limit: 2100
Processor Information for processor 11
  Max Mhz: 2100, Current Mhz: 2100, Mhz Limit: 2100

Memory: 4k page, system-wide physical 18277M (3664M free)
TotalPageFile size 20325M (AvailPageFile size 223M)
current process WorkingSet (physical memory assigned to process): 12M, peak: 12M
current process commit charge ("private bytes"): 64M, peak: 352M

vm_info: OpenJDK 64-Bit Server VM (21.0.4+-12508038-b607.1) for windows-amd64 JRE (21.0.4+-12508038-b607.1), built on 2024-10-16T17:23:34Z by "builder" with MS VC++ 16.10 / 16.11 (VS2019)

END.
