#
# There is insufficient memory for the Java Runtime Environment to continue.
# Native memory allocation (malloc) failed to allocate 867136 bytes. Error detail: Chunk::new
# Possible reasons:
#   The system is out of physical RAM or swap space
#   This process is running with CompressedOops enabled, and the Java Heap may be blocking the growth of the native heap
# Possible solutions:
#   Reduce memory load on the system
#   Increase physical memory or swap space
#   Check if swap backing store is full
#   Decrease Java heap size (-Xmx/-Xms)
#   Decrease number of Java threads
#   Decrease Java thread stack sizes (-Xss)
#   Set larger code cache with -XX:ReservedCodeCacheSize=
#   JVM is running with Unscaled Compressed Oops mode in which the Java heap is
#     placed in the first 4GB address space. The Java Heap base address is the
#     maximum limit for the native heap growth. Please use -XX:HeapBaseMinAddress
#     to set the Java Heap base and to place the Java Heap above 4GB virtual address.
# This output file may be truncated or incomplete.
#
#  Out of Memory Error (arena.cpp:191), pid=18900, tid=20580
#
# JRE version: OpenJDK Runtime Environment Temurin-17.0.13+11 (17.0.13+11) (build 17.0.13+11)
# Java VM: OpenJDK 64-Bit Server VM Temurin-17.0.13+11 (17.0.13+11, mixed mode, tiered, compressed oops, compressed class ptrs, parallel gc, windows-amd64)
# No core dump will be written. Minidumps are not enabled by default on client versions of Windows
#

---------------  S U M M A R Y ------------

Command Line: --add-modules=ALL-SYSTEM --add-opens=java.base/java.util=ALL-UNNAMED --add-opens=java.base/java.lang=ALL-UNNAMED --add-opens=java.base/sun.nio.fs=ALL-UNNAMED -Declipse.application=org.eclipse.jdt.ls.core.id1 -Dosgi.bundles.defaultStartLevel=4 -Declipse.product=org.eclipse.jdt.ls.core.product -Djava.import.generatesMetadataFilesAtProjectRoot=false -DDetectVMInstallationsJob.disabled=true -Dfile.encoding=utf8 -XX:+UseParallelGC -XX:GCTimeRatio=4 -XX:AdaptiveSizePolicyWeight=90 -Dsun.zip.disableMemoryMapping=true -Xmx1G -Xms100m -Xlog:disable -javaagent:c:\Users\Joseph Frank\.vscode\extensions\redhat.java-1.38.0-win32-x64\lombok\lombok-1.18.34.jar -XX:+HeapDumpOnOutOfMemoryError -XX:HeapDumpPath=c:\Users\Joseph Frank\AppData\Roaming\Code\User\workspaceStorage\ded5477040aba2c835bc6511c43cb140\redhat.java -Daether.dependencyCollector.impl=bf c:\Users\Joseph Frank\.vscode\extensions\redhat.java-1.38.0-win32-x64\server\plugins\org.eclipse.equinox.launcher_1.6.900.v20240613-2009.jar -configuration c:\Users\Joseph Frank\AppData\Roaming\Code\User\globalStorage\redhat.java\1.38.0\config_win -data c:\Users\Joseph Frank\AppData\Roaming\Code\User\workspaceStorage\ded5477040aba2c835bc6511c43cb140\redhat.java\jdt_ws --pipe=\\.\pipe\lsp-5cd86cc386394dfbd81eb6aeb946e5d5-sock

Host: AMD Ryzen 5 5500U with Radeon Graphics         , 12 cores, 17G,  Windows 11 , 64 bit Build 22621 (10.0.22621.4391)
Time: Sat Jan 18 21:13:39 2025 Hora oficial do Brasil elapsed time: 10.162534 seconds (0d 0h 0m 10s)

---------------  T H R E A D  ---------------

Current thread (0x000001cbd8132190):  JavaThread "C2 CompilerThread2" daemon [_thread_in_native, id=20580, stack(0x0000001c10500000,0x0000001c10600000)]


Current CompileTask:
C2:  10162 3944   !   4       org.eclipse.osgi.internal.loader.classpath.ClasspathManager::findClassImpl (308 bytes)

Stack: [0x0000001c10500000,0x0000001c10600000]
Native frames: (J=compiled Java code, j=interpreted, Vv=VM code, C=native code)
V  [jvm.dll+0x682a19]
V  [jvm.dll+0x839538]
V  [jvm.dll+0x83afe3]
V  [jvm.dll+0x83b653]
V  [jvm.dll+0x24704f]
V  [jvm.dll+0xace34]
V  [jvm.dll+0xad4cc]
V  [jvm.dll+0x2ac84f]
V  [jvm.dll+0x588a79]
V  [jvm.dll+0x220ea2]
V  [jvm.dll+0x22129f]
V  [jvm.dll+0x21a2b0]
V  [jvm.dll+0x21738b]
V  [jvm.dll+0x1a3070]
V  [jvm.dll+0x22788c]
V  [jvm.dll+0x2259eb]
V  [jvm.dll+0x7eec98]
V  [jvm.dll+0x7e8ffc]
V  [jvm.dll+0x6818f7]
C  [ucrtbase.dll+0x29333]
C  [KERNEL32.DLL+0x1259d]
C  [ntdll.dll+0x5af38]


---------------  P R O C E S S  ---------------

Threads class SMR info:
_java_thread_list=0x000001cbd8d938a0, length=28, elements={
0x000001cbb9a9f520, 0x000001cbcf875020, 0x000001cbcf8758f0, 0x000001cbcf87d300,
0x000001cbcf87dbd0, 0x000001cbcf87e6a0, 0x000001cbd4928020, 0x000001cbd4928cd0,
0x000001cbd498dd00, 0x000001cbd49909d0, 0x000001cbd4a533a0, 0x000001cbd61a3f30,
0x000001cbd654a8d0, 0x000001cbd6e07b70, 0x000001cbd66a44f0, 0x000001cbd66a49d0,
0x000001cbd6bcdd90, 0x000001cbd6a2ee20, 0x000001cbd6a2def0, 0x000001cbd6a2cfc0,
0x000001cbd6a2c5a0, 0x000001cbd6a2e910, 0x000001cbd6a2e400, 0x000001cbd73d4670,
0x000001cbd8132190, 0x000001cbd6a2bb80, 0x000001cbd6a2c090, 0x000001cbd6a2cab0
}

Java Threads: ( => current thread )
  0x000001cbb9a9f520 JavaThread "main" [_thread_blocked, id=16920, stack(0x0000001c0e100000,0x0000001c0e200000)]
  0x000001cbcf875020 JavaThread "Reference Handler" daemon [_thread_blocked, id=17016, stack(0x0000001c0e400000,0x0000001c0e500000)]
  0x000001cbcf8758f0 JavaThread "Finalizer" daemon [_thread_blocked, id=7544, stack(0x0000001c0e500000,0x0000001c0e600000)]
  0x000001cbcf87d300 JavaThread "Signal Dispatcher" daemon [_thread_blocked, id=14392, stack(0x0000001c0e600000,0x0000001c0e700000)]
  0x000001cbcf87dbd0 JavaThread "Attach Listener" daemon [_thread_blocked, id=2648, stack(0x0000001c0e700000,0x0000001c0e800000)]
  0x000001cbcf87e6a0 JavaThread "Service Thread" daemon [_thread_blocked, id=13652, stack(0x0000001c0e800000,0x0000001c0e900000)]
  0x000001cbd4928020 JavaThread "Monitor Deflation Thread" daemon [_thread_blocked, id=17624, stack(0x0000001c0e900000,0x0000001c0ea00000)]
  0x000001cbd4928cd0 JavaThread "C2 CompilerThread0" daemon [_thread_in_native, id=13100, stack(0x0000001c0ea00000,0x0000001c0eb00000)]
  0x000001cbd498dd00 JavaThread "C1 CompilerThread0" daemon [_thread_blocked, id=14768, stack(0x0000001c0eb00000,0x0000001c0ec00000)]
  0x000001cbd49909d0 JavaThread "Sweeper thread" daemon [_thread_blocked, id=13124, stack(0x0000001c0ec00000,0x0000001c0ed00000)]
  0x000001cbd4a533a0 JavaThread "Common-Cleaner" daemon [_thread_blocked, id=13336, stack(0x0000001c0ed00000,0x0000001c0ee00000)]
  0x000001cbd61a3f30 JavaThread "Notification Thread" daemon [_thread_blocked, id=12668, stack(0x0000001c0ee00000,0x0000001c0ef00000)]
  0x000001cbd654a8d0 JavaThread "Active Thread: Equinox Container: 8e1d1d29-33c8-4150-b46e-56c6ac21d995" [_thread_blocked, id=15736, stack(0x0000001c0f600000,0x0000001c0f700000)]
  0x000001cbd6e07b70 JavaThread "Refresh Thread: Equinox Container: 8e1d1d29-33c8-4150-b46e-56c6ac21d995" daemon [_thread_blocked, id=14732, stack(0x0000001c0f700000,0x0000001c0f800000)]
  0x000001cbd66a44f0 JavaThread "Framework Event Dispatcher: Equinox Container: 8e1d1d29-33c8-4150-b46e-56c6ac21d995" daemon [_thread_blocked, id=17596, stack(0x0000001c0f800000,0x0000001c0f900000)]
  0x000001cbd66a49d0 JavaThread "Start Level: Equinox Container: 8e1d1d29-33c8-4150-b46e-56c6ac21d995" daemon [_thread_in_Java, id=15236, stack(0x0000001c0f900000,0x0000001c0fa00000)]
  0x000001cbd6bcdd90 JavaThread "Bundle File Closer" daemon [_thread_blocked, id=3124, stack(0x0000001c0fd00000,0x0000001c0fe00000)]
  0x000001cbd6a2ee20 JavaThread "SCR Component Actor" daemon [_thread_blocked, id=19044, stack(0x0000001c10000000,0x0000001c10100000)]
  0x000001cbd6a2def0 JavaThread "SCR Component Registry" daemon [_thread_blocked, id=18668, stack(0x0000001c10100000,0x0000001c10200000)]
  0x000001cbd6a2cfc0 JavaThread "Worker-JM" [_thread_blocked, id=17316, stack(0x0000001c0fc00000,0x0000001c0fd00000)]
  0x000001cbd6a2c5a0 JavaThread "JNA Cleaner" daemon [_thread_blocked, id=7848, stack(0x0000001c0f500000,0x0000001c0f600000)]
  0x000001cbd6a2e910 JavaThread "Worker-0: Repository registry initialization" [_thread_in_vm, id=15852, stack(0x0000001c10200000,0x0000001c10300000)]
  0x000001cbd6a2e400 JavaThread "Worker-1: Updating Maven Dependencies" [_thread_blocked, id=20508, stack(0x0000001c10300000,0x0000001c10400000)]
  0x000001cbd73d4670 JavaThread "C2 CompilerThread1" daemon [_thread_in_native, id=20536, stack(0x0000001c10400000,0x0000001c10500000)]
=>0x000001cbd8132190 JavaThread "C2 CompilerThread2" daemon [_thread_in_native, id=20580, stack(0x0000001c10500000,0x0000001c10600000)]
  0x000001cbd6a2bb80 JavaThread "Java indexing" daemon [_thread_blocked, id=20548, stack(0x0000001c10600000,0x0000001c10700000)]
  0x000001cbd6a2c090 JavaThread "Worker-2" [_thread_blocked, id=20608, stack(0x0000001c10700000,0x0000001c10800000)]
  0x000001cbd6a2cab0 JavaThread "Worker-3" [_thread_blocked, id=20664, stack(0x0000001c10800000,0x0000001c10900000)]

Other Threads:
  0x000001cbcf8629e0 VMThread "VM Thread" [stack: 0x0000001c0e300000,0x0000001c0e400000] [id=18764]
  0x000001cbd4bf0700 WatcherThread [stack: 0x0000001c0ef00000,0x0000001c0f000000] [id=18180]
  0x000001cbb9ab44b0 GCTaskThread "GC Thread#0" [stack: 0x0000001c0e200000,0x0000001c0e300000] [id=15552]
  0x000001cbd68d4f90 GCTaskThread "GC Thread#1" [stack: 0x0000001c0f000000,0x0000001c0f100000] [id=6336]
  0x000001cbd6b4fb50 GCTaskThread "GC Thread#2" [stack: 0x0000001c0f100000,0x0000001c0f200000] [id=14832]
  0x000001cbd6b4fe10 GCTaskThread "GC Thread#3" [stack: 0x0000001c0f200000,0x0000001c0f300000] [id=17504]
  0x000001cbd6b500d0 GCTaskThread "GC Thread#4" [stack: 0x0000001c0f300000,0x0000001c0f400000] [id=5620]
  0x000001cbd6b50390 GCTaskThread "GC Thread#5" [stack: 0x0000001c0f400000,0x0000001c0f500000] [id=6944]
  0x000001cbd67f5c50 GCTaskThread "GC Thread#6" [stack: 0x0000001c0fa00000,0x0000001c0fb00000] [id=16796]
  0x000001cbd6b6a510 GCTaskThread "GC Thread#7" [stack: 0x0000001c0fb00000,0x0000001c0fc00000] [id=1388]
  0x000001cbd6c38da0 GCTaskThread "GC Thread#8" [stack: 0x0000001c0fe00000,0x0000001c0ff00000] [id=16860]
  0x000001cbd6c39060 GCTaskThread "GC Thread#9" [stack: 0x0000001c0ff00000,0x0000001c10000000] [id=17412]

Threads with active compile tasks:
C2 CompilerThread0    10191 3746       4       org.lombokweb.asm.ClassReader::readMethod (1066 bytes)
C2 CompilerThread1    10191 4009       4       java.util.TreeMap::getEntryUsingComparator (74 bytes)
C2 CompilerThread2    10191 3944   !   4       org.eclipse.osgi.internal.loader.classpath.ClasspathManager::findClassImpl (308 bytes)

VM state: not at safepoint (normal execution)

VM Mutex/Monitor currently owned by a thread: None

Heap address: 0x00000000c0000000, size: 1024 MB, Compressed Oops mode: 32-bit

CDS archive(s) not mapped
Compressed class space mapped at: 0x0000000100000000-0x0000000140000000, reserved size: 1073741824
Narrow klass base: 0x0000000000000000, Narrow klass shift: 3, Narrow klass range: 0x140000000

GC Precious Log:
 CPUs: 12 total, 12 available
 Memory: 18277M
 Large Page Support: Disabled
 NUMA Support: Disabled
 Compressed Oops: Enabled (32-bit)
 Alignments: Space 512K, Generation 512K, Heap 2M
 Heap Min Capacity: 100M
 Heap Initial Capacity: 100M
 Heap Max Capacity: 1G
 Pre-touch: Disabled
 Parallel Workers: 10

Heap:
 PSYoungGen      total 23552K, used 12666K [0x00000000eab00000, 0x00000000ec700000, 0x0000000100000000)
  eden space 23040K, 54% used [0x00000000eab00000,0x00000000eb75e980,0x00000000ec180000)
  from space 512K, 0% used [0x00000000ec280000,0x00000000ec280000,0x00000000ec300000)
  to   space 1536K, 0% used [0x00000000ec580000,0x00000000ec580000,0x00000000ec700000)
 ParOldGen       total 68608K, used 15390K [0x00000000c0000000, 0x00000000c4300000, 0x00000000eab00000)
  object space 68608K, 22% used [0x00000000c0000000,0x00000000c0f07ba8,0x00000000c4300000)
 Metaspace       used 37169K, committed 37952K, reserved 1114112K
  class space    used 3693K, committed 4032K, reserved 1048576K

Card table byte_map: [0x000001cbcd0f0000,0x000001cbcd300000] _byte_map_base: 0x000001cbccaf0000

Marking Bits: (ParMarkBitMap*) 0x00007ffc8a346940
 Begin Bits: [0x000001cbcd460000, 0x000001cbce460000)
 End Bits:   [0x000001cbce460000, 0x000001cbcf460000)

Polling page: 0x000001cbb9b50000

Metaspace:

Usage:
  Non-class:     32.69 MB used.
      Class:      3.61 MB used.
       Both:     36.30 MB used.

Virtual space:
  Non-class space:       64.00 MB reserved,      33.12 MB ( 52%) committed,  1 nodes.
      Class space:        1.00 GB reserved,       3.94 MB ( <1%) committed,  1 nodes.
             Both:        1.06 GB reserved,      37.06 MB (  3%) committed. 

Chunk freelists:
   Non-Class:  14.39 MB
       Class:  12.05 MB
        Both:  26.44 MB

MaxMetaspaceSize: unlimited
CompressedClassSpaceSize: 1.00 GB
Initial GC threshold: 21.00 MB
Current GC threshold: 58.38 MB
CDS: off
MetaspaceReclaimPolicy: balanced
 - commit_granule_bytes: 65536.
 - commit_granule_words: 8192.
 - virtual_space_node_default_size: 8388608.
 - enlarge_chunks_in_place: 1.
 - new_chunks_are_fully_committed: 0.
 - uncommit_free_chunks: 1.
 - use_allocation_guard: 0.
 - handle_deallocations: 1.


Internal statistics:

num_allocs_failed_limit: 6.
num_arena_births: 474.
num_arena_deaths: 28.
num_vsnodes_births: 2.
num_vsnodes_deaths: 0.
num_space_committed: 593.
num_space_uncommitted: 0.
num_chunks_returned_to_freelist: 40.
num_chunks_taken_from_freelist: 1640.
num_chunk_merges: 12.
num_chunk_splits: 1064.
num_chunks_enlarged: 717.
num_inconsistent_stats: 0.

CodeHeap 'non-profiled nmethods': size=120000Kb used=1714Kb max_used=1714Kb free=118285Kb
 bounds [0x000001cbc59d0000, 0x000001cbc5c40000, 0x000001cbccf00000]
CodeHeap 'profiled nmethods': size=120000Kb used=8346Kb max_used=8346Kb free=111653Kb
 bounds [0x000001cbbdf00000, 0x000001cbbe730000, 0x000001cbc5430000]
CodeHeap 'non-nmethods': size=5760Kb used=1281Kb max_used=1283Kb free=4478Kb
 bounds [0x000001cbc5430000, 0x000001cbc56a0000, 0x000001cbc59d0000]
 total_blobs=4597 nmethods=4008 adapters=501
 compilation: enabled
              stopped_count=0, restarted_count=0
 full_count=0

Compilation events (20 events):
Event: 10.101 Thread 0x000001cbd498dd00 3980       1       com.sun.org.apache.xerces.internal.dom.DocumentImpl::getMutationEvents (5 bytes)
Event: 10.101 Thread 0x000001cbd498dd00 nmethod 3980 0x000001cbc5b79310 code [0x000001cbc5b794a0, 0x000001cbc5b79578]
Event: 10.103 Thread 0x000001cbd498dd00 3981       3       java.lang.Module::allows (60 bytes)
Event: 10.105 Thread 0x000001cbd498dd00 nmethod 3981 0x000001cbbe719b10 code [0x000001cbbe719d00, 0x000001cbbe71a308]
Event: 10.118 Thread 0x000001cbd73d4670 3982   !   4       org.eclipse.osgi.internal.container.AtomicLazyInitializer::getInitialized (70 bytes)
Event: 10.121 Thread 0x000001cbd73d4670 nmethod 3982 0x000001cbc5b79610 code [0x000001cbc5b797a0, 0x000001cbc5b79bc8]
Event: 10.142 Thread 0x000001cbd498dd00 3983       3       jdk.internal.jimage.ImageBufferCache$2::compare (13 bytes)
Event: 10.143 Thread 0x000001cbd498dd00 nmethod 3983 0x000001cbbe71a490 code [0x000001cbbe71a6c0, 0x000001cbbe71b078]
Event: 10.143 Thread 0x000001cbd498dd00 3985       3       java.lang.Character::isJavaIdentifierPart (9 bytes)
Event: 10.143 Thread 0x000001cbd498dd00 nmethod 3985 0x000001cbbe71b310 code [0x000001cbbe71b4c0, 0x000001cbbe71b6b8]
Event: 10.143 Thread 0x000001cbd498dd00 3984       3       jdk.internal.jimage.ImageBufferCache$2::compare (12 bytes)
Event: 10.143 Thread 0x000001cbd498dd00 nmethod 3984 0x000001cbbe71b790 code [0x000001cbbe71b9a0, 0x000001cbbe71c0d8]
Event: 10.149 Thread 0x000001cbd73d4670 3986       4       java.util.ArrayList::fastRemove (44 bytes)
Event: 10.152 Thread 0x000001cbd73d4670 nmethod 3986 0x000001cbc5b79e10 code [0x000001cbc5b79f80, 0x000001cbc5b7a0f8]
Event: 10.152 Thread 0x000001cbd73d4670 3987       4       java.lang.CharacterData::of (136 bytes)
Event: 10.153 Thread 0x000001cbd73d4670 nmethod 3987 0x000001cbc5b7a210 code [0x000001cbc5b7a380, 0x000001cbc5b7a418]
Event: 10.158 Thread 0x000001cbd73d4670 3988       4       java.lang.CharacterDataLatin1::toUpperCase (53 bytes)
Event: 10.159 Thread 0x000001cbd498dd00 3989       3       java.lang.StringLatin1::compareToCI (108 bytes)
Event: 10.160 Thread 0x000001cbd73d4670 nmethod 3988 0x000001cbc5b7a510 code [0x000001cbc5b7a680, 0x000001cbc5b7a778]
Event: 10.160 Thread 0x000001cbd73d4670 3995       4       java.lang.StringLatin1::getChar (9 bytes)

GC Heap History (20 events):
Event: 6.433 GC heap before
{Heap before GC invocations=4 (full 0):
 PSYoungGen      total 29696K, used 29664K [0x00000000eab00000, 0x00000000ecc00000, 0x0000000100000000)
  eden space 25600K, 100% used [0x00000000eab00000,0x00000000ec400000,0x00000000ec400000)
  from space 4096K, 99% used [0x00000000ec400000,0x00000000ec7f80d8,0x00000000ec800000)
  to   space 4096K, 0% used [0x00000000ec800000,0x00000000ec800000,0x00000000ecc00000)
 ParOldGen       total 68608K, used 5516K [0x00000000c0000000, 0x00000000c4300000, 0x00000000eab00000)
  object space 68608K, 8% used [0x00000000c0000000,0x00000000c05633c0,0x00000000c4300000)
 Metaspace       used 19518K, committed 19840K, reserved 1114112K
  class space    used 1988K, committed 2112K, reserved 1048576K
}
Event: 6.440 GC heap after
{Heap after GC invocations=4 (full 0):
 PSYoungGen      total 29696K, used 4088K [0x00000000eab00000, 0x00000000ecc00000, 0x0000000100000000)
  eden space 25600K, 0% used [0x00000000eab00000,0x00000000eab00000,0x00000000ec400000)
  from space 4096K, 99% used [0x00000000ec800000,0x00000000ecbfe330,0x00000000ecc00000)
  to   space 4096K, 0% used [0x00000000ec400000,0x00000000ec400000,0x00000000ec800000)
 ParOldGen       total 68608K, used 6887K [0x00000000c0000000, 0x00000000c4300000, 0x00000000eab00000)
  object space 68608K, 10% used [0x00000000c0000000,0x00000000c06b9c58,0x00000000c4300000)
 Metaspace       used 19518K, committed 19840K, reserved 1114112K
  class space    used 1988K, committed 2112K, reserved 1048576K
}
Event: 6.837 GC heap before
{Heap before GC invocations=5 (full 0):
 PSYoungGen      total 29696K, used 13945K [0x00000000eab00000, 0x00000000ecc00000, 0x0000000100000000)
  eden space 25600K, 38% used [0x00000000eab00000,0x00000000eb4a0100,0x00000000ec400000)
  from space 4096K, 99% used [0x00000000ec800000,0x00000000ecbfe330,0x00000000ecc00000)
  to   space 4096K, 0% used [0x00000000ec400000,0x00000000ec400000,0x00000000ec800000)
 ParOldGen       total 68608K, used 6887K [0x00000000c0000000, 0x00000000c4300000, 0x00000000eab00000)
  object space 68608K, 10% used [0x00000000c0000000,0x00000000c06b9c58,0x00000000c4300000)
 Metaspace       used 21129K, committed 21504K, reserved 1114112K
  class space    used 2128K, committed 2304K, reserved 1048576K
}
Event: 6.841 GC heap after
{Heap after GC invocations=5 (full 0):
 PSYoungGen      total 29696K, used 4080K [0x00000000eab00000, 0x00000000ece00000, 0x0000000100000000)
  eden space 25600K, 0% used [0x00000000eab00000,0x00000000eab00000,0x00000000ec400000)
  from space 4096K, 99% used [0x00000000ec400000,0x00000000ec7fc2f0,0x00000000ec800000)
  to   space 5120K, 0% used [0x00000000ec900000,0x00000000ec900000,0x00000000ece00000)
 ParOldGen       total 68608K, used 7376K [0x00000000c0000000, 0x00000000c4300000, 0x00000000eab00000)
  object space 68608K, 10% used [0x00000000c0000000,0x00000000c07340d8,0x00000000c4300000)
 Metaspace       used 21129K, committed 21504K, reserved 1114112K
  class space    used 2128K, committed 2304K, reserved 1048576K
}
Event: 6.841 GC heap before
{Heap before GC invocations=6 (full 1):
 PSYoungGen      total 29696K, used 4080K [0x00000000eab00000, 0x00000000ece00000, 0x0000000100000000)
  eden space 25600K, 0% used [0x00000000eab00000,0x00000000eab00000,0x00000000ec400000)
  from space 4096K, 99% used [0x00000000ec400000,0x00000000ec7fc2f0,0x00000000ec800000)
  to   space 5120K, 0% used [0x00000000ec900000,0x00000000ec900000,0x00000000ece00000)
 ParOldGen       total 68608K, used 7376K [0x00000000c0000000, 0x00000000c4300000, 0x00000000eab00000)
  object space 68608K, 10% used [0x00000000c0000000,0x00000000c07340d8,0x00000000c4300000)
 Metaspace       used 21129K, committed 21504K, reserved 1114112K
  class space    used 2128K, committed 2304K, reserved 1048576K
}
Event: 6.872 GC heap after
{Heap after GC invocations=6 (full 1):
 PSYoungGen      total 29696K, used 0K [0x00000000eab00000, 0x00000000ece00000, 0x0000000100000000)
  eden space 25600K, 0% used [0x00000000eab00000,0x00000000eab00000,0x00000000ec400000)
  from space 4096K, 0% used [0x00000000ec400000,0x00000000ec400000,0x00000000ec800000)
  to   space 5120K, 0% used [0x00000000ec900000,0x00000000ec900000,0x00000000ece00000)
 ParOldGen       total 68608K, used 10824K [0x00000000c0000000, 0x00000000c4300000, 0x00000000eab00000)
  object space 68608K, 15% used [0x00000000c0000000,0x00000000c0a92340,0x00000000c4300000)
 Metaspace       used 21129K, committed 21504K, reserved 1114112K
  class space    used 2128K, committed 2304K, reserved 1048576K
}
Event: 8.029 GC heap before
{Heap before GC invocations=7 (full 1):
 PSYoungGen      total 29696K, used 25600K [0x00000000eab00000, 0x00000000ece00000, 0x0000000100000000)
  eden space 25600K, 100% used [0x00000000eab00000,0x00000000ec400000,0x00000000ec400000)
  from space 4096K, 0% used [0x00000000ec400000,0x00000000ec400000,0x00000000ec800000)
  to   space 5120K, 0% used [0x00000000ec900000,0x00000000ec900000,0x00000000ece00000)
 ParOldGen       total 68608K, used 10824K [0x00000000c0000000, 0x00000000c4300000, 0x00000000eab00000)
  object space 68608K, 15% used [0x00000000c0000000,0x00000000c0a92340,0x00000000c4300000)
 Metaspace       used 24895K, committed 25536K, reserved 1114112K
  class space    used 2532K, committed 2816K, reserved 1048576K
}
Event: 8.032 GC heap after
{Heap after GC invocations=7 (full 1):
 PSYoungGen      total 26624K, used 1309K [0x00000000eab00000, 0x00000000eca80000, 0x0000000100000000)
  eden space 25088K, 0% used [0x00000000eab00000,0x00000000eab00000,0x00000000ec380000)
  from space 1536K, 85% used [0x00000000ec900000,0x00000000eca47538,0x00000000eca80000)
  to   space 3072K, 0% used [0x00000000ec480000,0x00000000ec480000,0x00000000ec780000)
 ParOldGen       total 68608K, used 10832K [0x00000000c0000000, 0x00000000c4300000, 0x00000000eab00000)
  object space 68608K, 15% used [0x00000000c0000000,0x00000000c0a94340,0x00000000c4300000)
 Metaspace       used 24895K, committed 25536K, reserved 1114112K
  class space    used 2532K, committed 2816K, reserved 1048576K
}
Event: 8.748 GC heap before
{Heap before GC invocations=8 (full 1):
 PSYoungGen      total 26624K, used 26397K [0x00000000eab00000, 0x00000000eca80000, 0x0000000100000000)
  eden space 25088K, 100% used [0x00000000eab00000,0x00000000ec380000,0x00000000ec380000)
  from space 1536K, 85% used [0x00000000ec900000,0x00000000eca47538,0x00000000eca80000)
  to   space 3072K, 0% used [0x00000000ec480000,0x00000000ec480000,0x00000000ec780000)
 ParOldGen       total 68608K, used 10832K [0x00000000c0000000, 0x00000000c4300000, 0x00000000eab00000)
  object space 68608K, 15% used [0x00000000c0000000,0x00000000c0a94340,0x00000000c4300000)
 Metaspace       used 27491K, committed 28160K, reserved 1114112K
  class space    used 2829K, committed 3136K, reserved 1048576K
}
Event: 8.751 GC heap after
{Heap after GC invocations=8 (full 1):
 PSYoungGen      total 27648K, used 3049K [0x00000000eab00000, 0x00000000eca00000, 0x0000000100000000)
  eden space 24576K, 0% used [0x00000000eab00000,0x00000000eab00000,0x00000000ec300000)
  from space 3072K, 99% used [0x00000000ec480000,0x00000000ec77a6e0,0x00000000ec780000)
  to   space 2560K, 0% used [0x00000000ec780000,0x00000000ec780000,0x00000000eca00000)
 ParOldGen       total 68608K, used 10848K [0x00000000c0000000, 0x00000000c4300000, 0x00000000eab00000)
  object space 68608K, 15% used [0x00000000c0000000,0x00000000c0a98340,0x00000000c4300000)
 Metaspace       used 27491K, committed 28160K, reserved 1114112K
  class space    used 2829K, committed 3136K, reserved 1048576K
}
Event: 9.101 GC heap before
{Heap before GC invocations=9 (full 1):
 PSYoungGen      total 27648K, used 27625K [0x00000000eab00000, 0x00000000eca00000, 0x0000000100000000)
  eden space 24576K, 100% used [0x00000000eab00000,0x00000000ec300000,0x00000000ec300000)
  from space 3072K, 99% used [0x00000000ec480000,0x00000000ec77a6e0,0x00000000ec780000)
  to   space 2560K, 0% used [0x00000000ec780000,0x00000000ec780000,0x00000000eca00000)
 ParOldGen       total 68608K, used 10848K [0x00000000c0000000, 0x00000000c4300000, 0x00000000eab00000)
  object space 68608K, 15% used [0x00000000c0000000,0x00000000c0a98340,0x00000000c4300000)
 Metaspace       used 29927K, committed 30592K, reserved 1114112K
  class space    used 2998K, committed 3264K, reserved 1048576K
}
Event: 9.103 GC heap after
{Heap after GC invocations=9 (full 1):
 PSYoungGen      total 26624K, used 2531K [0x00000000eab00000, 0x00000000eca80000, 0x0000000100000000)
  eden space 24064K, 0% used [0x00000000eab00000,0x00000000eab00000,0x00000000ec280000)
  from space 2560K, 98% used [0x00000000ec780000,0x00000000ec9f8c20,0x00000000eca00000)
  to   space 4096K, 0% used [0x00000000ec280000,0x00000000ec280000,0x00000000ec680000)
 ParOldGen       total 68608K, used 11872K [0x00000000c0000000, 0x00000000c4300000, 0x00000000eab00000)
  object space 68608K, 17% used [0x00000000c0000000,0x00000000c0b983a0,0x00000000c4300000)
 Metaspace       used 29927K, committed 30592K, reserved 1114112K
  class space    used 2998K, committed 3264K, reserved 1048576K
}
Event: 9.520 GC heap before
{Heap before GC invocations=10 (full 1):
 PSYoungGen      total 26624K, used 26595K [0x00000000eab00000, 0x00000000eca80000, 0x0000000100000000)
  eden space 24064K, 100% used [0x00000000eab00000,0x00000000ec280000,0x00000000ec280000)
  from space 2560K, 98% used [0x00000000ec780000,0x00000000ec9f8c20,0x00000000eca00000)
  to   space 4096K, 0% used [0x00000000ec280000,0x00000000ec280000,0x00000000ec680000)
 ParOldGen       total 68608K, used 11872K [0x00000000c0000000, 0x00000000c4300000, 0x00000000eab00000)
  object space 68608K, 17% used [0x00000000c0000000,0x00000000c0b983a0,0x00000000c4300000)
 Metaspace       used 33308K, committed 33984K, reserved 1114112K
  class space    used 3254K, committed 3520K, reserved 1048576K
}
Event: 9.524 GC heap after
{Heap after GC invocations=10 (full 1):
 PSYoungGen      total 27648K, used 3696K [0x00000000eab00000, 0x00000000eca00000, 0x0000000100000000)
  eden space 23552K, 0% used [0x00000000eab00000,0x00000000eab00000,0x00000000ec200000)
  from space 4096K, 90% used [0x00000000ec280000,0x00000000ec61c080,0x00000000ec680000)
  to   space 3584K, 0% used [0x00000000ec680000,0x00000000ec680000,0x00000000eca00000)
 ParOldGen       total 68608K, used 12679K [0x00000000c0000000, 0x00000000c4300000, 0x00000000eab00000)
  object space 68608K, 18% used [0x00000000c0000000,0x00000000c0c61c50,0x00000000c4300000)
 Metaspace       used 33308K, committed 33984K, reserved 1114112K
  class space    used 3254K, committed 3520K, reserved 1048576K
}
Event: 9.905 GC heap before
{Heap before GC invocations=11 (full 1):
 PSYoungGen      total 27648K, used 27248K [0x00000000eab00000, 0x00000000eca00000, 0x0000000100000000)
  eden space 23552K, 100% used [0x00000000eab00000,0x00000000ec200000,0x00000000ec200000)
  from space 4096K, 90% used [0x00000000ec280000,0x00000000ec61c080,0x00000000ec680000)
  to   space 3584K, 0% used [0x00000000ec680000,0x00000000ec680000,0x00000000eca00000)
 ParOldGen       total 68608K, used 12679K [0x00000000c0000000, 0x00000000c4300000, 0x00000000eab00000)
  object space 68608K, 18% used [0x00000000c0000000,0x00000000c0c61c50,0x00000000c4300000)
 Metaspace       used 34970K, committed 35776K, reserved 1114112K
  class space    used 3402K, committed 3776K, reserved 1048576K
}
Event: 9.908 GC heap after
{Heap after GC invocations=11 (full 1):
 PSYoungGen      total 26112K, used 2803K [0x00000000eab00000, 0x00000000ec980000, 0x0000000100000000)
  eden space 23040K, 0% used [0x00000000eab00000,0x00000000eab00000,0x00000000ec180000)
  from space 3072K, 91% used [0x00000000ec680000,0x00000000ec93cc98,0x00000000ec980000)
  to   space 3584K, 0% used [0x00000000ec280000,0x00000000ec280000,0x00000000ec600000)
 ParOldGen       total 68608K, used 14333K [0x00000000c0000000, 0x00000000c4300000, 0x00000000eab00000)
  object space 68608K, 20% used [0x00000000c0000000,0x00000000c0dff5f8,0x00000000c4300000)
 Metaspace       used 34970K, committed 35776K, reserved 1114112K
  class space    used 3402K, committed 3776K, reserved 1048576K
}
Event: 9.944 GC heap before
{Heap before GC invocations=12 (full 1):
 PSYoungGen      total 26112K, used 3962K [0x00000000eab00000, 0x00000000ec980000, 0x0000000100000000)
  eden space 23040K, 5% used [0x00000000eab00000,0x00000000eac21e88,0x00000000ec180000)
  from space 3072K, 91% used [0x00000000ec680000,0x00000000ec93cc98,0x00000000ec980000)
  to   space 3584K, 0% used [0x00000000ec280000,0x00000000ec280000,0x00000000ec600000)
 ParOldGen       total 68608K, used 14333K [0x00000000c0000000, 0x00000000c4300000, 0x00000000eab00000)
  object space 68608K, 20% used [0x00000000c0000000,0x00000000c0dff5f8,0x00000000c4300000)
 Metaspace       used 35055K, committed 35840K, reserved 1114112K
  class space    used 3420K, committed 3776K, reserved 1048576K
}
Event: 9.947 GC heap after
{Heap after GC invocations=12 (full 1):
 PSYoungGen      total 23552K, used 435K [0x00000000eab00000, 0x00000000ec700000, 0x0000000100000000)
  eden space 23040K, 0% used [0x00000000eab00000,0x00000000eab00000,0x00000000ec180000)
  from space 512K, 85% used [0x00000000ec280000,0x00000000ec2ecef0,0x00000000ec300000)
  to   space 1536K, 0% used [0x00000000ec580000,0x00000000ec580000,0x00000000ec700000)
 ParOldGen       total 68608K, used 17000K [0x00000000c0000000, 0x00000000c4300000, 0x00000000eab00000)
  object space 68608K, 24% used [0x00000000c0000000,0x00000000c109a3e0,0x00000000c4300000)
 Metaspace       used 35055K, committed 35840K, reserved 1114112K
  class space    used 3420K, committed 3776K, reserved 1048576K
}
Event: 9.947 GC heap before
{Heap before GC invocations=13 (full 2):
 PSYoungGen      total 23552K, used 435K [0x00000000eab00000, 0x00000000ec700000, 0x0000000100000000)
  eden space 23040K, 0% used [0x00000000eab00000,0x00000000eab00000,0x00000000ec180000)
  from space 512K, 85% used [0x00000000ec280000,0x00000000ec2ecef0,0x00000000ec300000)
  to   space 1536K, 0% used [0x00000000ec580000,0x00000000ec580000,0x00000000ec700000)
 ParOldGen       total 68608K, used 17000K [0x00000000c0000000, 0x00000000c4300000, 0x00000000eab00000)
  object space 68608K, 24% used [0x00000000c0000000,0x00000000c109a3e0,0x00000000c4300000)
 Metaspace       used 35055K, committed 35840K, reserved 1114112K
  class space    used 3420K, committed 3776K, reserved 1048576K
}
Event: 9.984 GC heap after
{Heap after GC invocations=13 (full 2):
 PSYoungGen      total 23552K, used 0K [0x00000000eab00000, 0x00000000ec700000, 0x0000000100000000)
  eden space 23040K, 0% used [0x00000000eab00000,0x00000000eab00000,0x00000000ec180000)
  from space 512K, 0% used [0x00000000ec280000,0x00000000ec280000,0x00000000ec300000)
  to   space 1536K, 0% used [0x00000000ec580000,0x00000000ec580000,0x00000000ec700000)
 ParOldGen       total 68608K, used 15390K [0x00000000c0000000, 0x00000000c4300000, 0x00000000eab00000)
  object space 68608K, 22% used [0x00000000c0000000,0x00000000c0f07ba8,0x00000000c4300000)
 Metaspace       used 35029K, committed 35840K, reserved 1114112K
  class space    used 3413K, committed 3776K, reserved 1048576K
}

Dll operation events (10 events):
Event: 0.029 Loaded shared library c:\Users\Joseph Frank\.vscode\extensions\redhat.java-1.38.0-win32-x64\jre\17.0.13-win32-x86_64\bin\java.dll
Event: 1.846 Loaded shared library c:\Users\Joseph Frank\.vscode\extensions\redhat.java-1.38.0-win32-x64\jre\17.0.13-win32-x86_64\bin\zip.dll
Event: 1.851 Loaded shared library C:\Users\Joseph Frank\.vscode\extensions\redhat.java-1.38.0-win32-x64\jre\17.0.13-win32-x86_64\bin\instrument.dll
Event: 1.964 Loaded shared library C:\Users\Joseph Frank\.vscode\extensions\redhat.java-1.38.0-win32-x64\jre\17.0.13-win32-x86_64\bin\net.dll
Event: 1.971 Loaded shared library C:\Users\Joseph Frank\.vscode\extensions\redhat.java-1.38.0-win32-x64\jre\17.0.13-win32-x86_64\bin\nio.dll
Event: 2.003 Loaded shared library C:\Users\Joseph Frank\.vscode\extensions\redhat.java-1.38.0-win32-x64\jre\17.0.13-win32-x86_64\bin\zip.dll
Event: 2.068 Loaded shared library C:\Users\Joseph Frank\.vscode\extensions\redhat.java-1.38.0-win32-x64\jre\17.0.13-win32-x86_64\bin\jimage.dll
Event: 2.350 Loaded shared library c:\Users\Joseph Frank\.vscode\extensions\redhat.java-1.38.0-win32-x64\jre\17.0.13-win32-x86_64\bin\verify.dll
Event: 4.811 Loaded shared library C:\Users\Joseph Frank\AppData\Roaming\Code\User\globalStorage\redhat.java\1.38.0\config_win\org.eclipse.equinox.launcher\org.eclipse.equinox.launcher.win32.win32.x86_64_1.2.1100.v20240722-2106\eclipse_11904.dll
Event: 7.601 Loaded shared library C:\Users\Joseph Frank\AppData\Local\Temp\jna-792161473\jna16043275529234886181.dll

Deoptimization events (20 events):
Event: 9.858 Thread 0x000001cbd6a2e910 Uncommon trap: trap_request=0xffffffde fr.pc=0x000001cbc5b575b0 relative=0x0000000000000090
Event: 9.858 Thread 0x000001cbd6a2e910 Uncommon trap: reason=class_check action=maybe_recompile pc=0x000001cbc5b575b0 method=java.lang.Character.codePointAt(Ljava/lang/CharSequence;I)I @ 2 c2
Event: 9.858 Thread 0x000001cbd6a2e910 DEOPT PACKING pc=0x000001cbc5b575b0 sp=0x0000001c102fe410
Event: 9.858 Thread 0x000001cbd6a2e910 DEOPT UNPACKING pc=0x000001cbc54866a3 sp=0x0000001c102fe398 mode 2
Event: 9.858 Thread 0x000001cbd6a2e910 Uncommon trap: trap_request=0xffffffde fr.pc=0x000001cbc5b575b0 relative=0x0000000000000090
Event: 9.858 Thread 0x000001cbd6a2e910 Uncommon trap: reason=class_check action=maybe_recompile pc=0x000001cbc5b575b0 method=java.lang.Character.codePointAt(Ljava/lang/CharSequence;I)I @ 2 c2
Event: 9.858 Thread 0x000001cbd6a2e910 DEOPT PACKING pc=0x000001cbc5b575b0 sp=0x0000001c102fe410
Event: 9.858 Thread 0x000001cbd6a2e910 DEOPT UNPACKING pc=0x000001cbc54866a3 sp=0x0000001c102fe398 mode 2
Event: 9.858 Thread 0x000001cbd6a2e910 Uncommon trap: trap_request=0xffffffde fr.pc=0x000001cbc5b575b0 relative=0x0000000000000090
Event: 9.858 Thread 0x000001cbd6a2e910 Uncommon trap: reason=class_check action=maybe_recompile pc=0x000001cbc5b575b0 method=java.lang.Character.codePointAt(Ljava/lang/CharSequence;I)I @ 2 c2
Event: 9.858 Thread 0x000001cbd6a2e910 DEOPT PACKING pc=0x000001cbc5b575b0 sp=0x0000001c102fe410
Event: 9.858 Thread 0x000001cbd6a2e910 DEOPT UNPACKING pc=0x000001cbc54866a3 sp=0x0000001c102fe398 mode 2
Event: 10.132 Thread 0x000001cbd66a49d0 Uncommon trap: trap_request=0xffffff45 fr.pc=0x000001cbc5ae67ec relative=0x000000000000052c
Event: 10.132 Thread 0x000001cbd66a49d0 Uncommon trap: reason=unstable_if action=reinterpret pc=0x000001cbc5ae67ec method=java.util.Properties.getProperty(Ljava/lang/String;)Ljava/lang/String; @ 36 c2
Event: 10.132 Thread 0x000001cbd66a49d0 DEOPT PACKING pc=0x000001cbc5ae67ec sp=0x0000001c0f9fe280
Event: 10.132 Thread 0x000001cbd66a49d0 DEOPT UNPACKING pc=0x000001cbc54866a3 sp=0x0000001c0f9fe238 mode 2
Event: 10.151 Thread 0x000001cbd66a49d0 Uncommon trap: trap_request=0xffffffc6 fr.pc=0x000001cbc5ad2350 relative=0x0000000000000d30
Event: 10.151 Thread 0x000001cbd66a49d0 Uncommon trap: reason=bimorphic_or_optimized_type_check action=maybe_recompile pc=0x000001cbc5ad2350 method=java.util.Properties$LineReader.readLine()I @ 479 c2
Event: 10.151 Thread 0x000001cbd66a49d0 DEOPT PACKING pc=0x000001cbc5ad2350 sp=0x0000001c0f9fd4b0
Event: 10.151 Thread 0x000001cbd66a49d0 DEOPT UNPACKING pc=0x000001cbc54866a3 sp=0x0000001c0f9fd450 mode 2

Classes loaded (20 events):
Event: 10.143 Loading class com/sun/org/apache/xml/internal/serializer/AttributesImplSerializer
Event: 10.144 Loading class org/xml/sax/helpers/AttributesImpl
Event: 10.144 Loading class org/xml/sax/helpers/AttributesImpl done
Event: 10.145 Loading class com/sun/org/apache/xml/internal/serializer/AttributesImplSerializer done
Event: 10.145 Loading class com/sun/org/apache/xml/internal/serializer/ElemContext
Event: 10.145 Loading class com/sun/org/apache/xml/internal/serializer/ElemContext done
Event: 10.146 Loading class com/sun/org/apache/xml/internal/serializer/ToStream$BoolStack
Event: 10.146 Loading class com/sun/org/apache/xml/internal/serializer/ToStream$BoolStack done
Event: 10.146 Loading class com/sun/org/apache/xml/internal/serializer/EncodingInfo
Event: 10.146 Loading class com/sun/org/apache/xml/internal/serializer/EncodingInfo done
Event: 10.146 Loading class com/sun/org/apache/xml/internal/serializer/ToStream$CharacterBuffer
Event: 10.146 Loading class com/sun/org/apache/xml/internal/serializer/ToStream$CharacterBuffer done
Event: 10.147 Loading class com/sun/org/apache/xml/internal/serializer/Encodings
Event: 10.147 Loading class com/sun/org/apache/xml/internal/serializer/Encodings done
Event: 10.147 Loading class com/sun/org/apache/xml/internal/serializer/Encodings$EncodingInfos
Event: 10.148 Loading class com/sun/org/apache/xml/internal/serializer/Encodings$EncodingInfos done
Event: 10.152 Loading class java/nio/charset/Charset$ExtendedProviderHolder
Event: 10.153 Loading class java/nio/charset/Charset$ExtendedProviderHolder done
Event: 10.153 Loading class java/nio/charset/Charset$ExtendedProviderHolder$1
Event: 10.153 Loading class java/nio/charset/Charset$ExtendedProviderHolder$1 done

Classes unloaded (14 events):
Event: 9.951 Thread 0x000001cbcf8629e0 Unloading class 0x0000000100394800 'java/lang/invoke/LambdaForm$MH+0x0000000100394800'
Event: 9.951 Thread 0x000001cbcf8629e0 Unloading class 0x0000000100393c00 'java/lang/invoke/LambdaForm$MH+0x0000000100393c00'
Event: 9.951 Thread 0x000001cbcf8629e0 Unloading class 0x0000000100393400 'java/lang/invoke/LambdaForm$MH+0x0000000100393400'
Event: 9.951 Thread 0x000001cbcf8629e0 Unloading class 0x0000000100392c00 'java/lang/invoke/LambdaForm$MH+0x0000000100392c00'
Event: 9.951 Thread 0x000001cbcf8629e0 Unloading class 0x0000000100392800 'java/lang/invoke/LambdaForm$DMH+0x0000000100392800'
Event: 9.951 Thread 0x000001cbcf8629e0 Unloading class 0x0000000100391c00 'java/lang/invoke/LambdaForm$MH+0x0000000100391c00'
Event: 9.951 Thread 0x000001cbcf8629e0 Unloading class 0x0000000100391400 'java/lang/invoke/LambdaForm$MH+0x0000000100391400'
Event: 9.951 Thread 0x000001cbcf8629e0 Unloading class 0x0000000100250000 'java/lang/invoke/LambdaForm$MH+0x0000000100250000'
Event: 9.951 Thread 0x000001cbcf8629e0 Unloading class 0x000000010024fc00 'java/lang/invoke/LambdaForm$MH+0x000000010024fc00'
Event: 9.951 Thread 0x000001cbcf8629e0 Unloading class 0x000000010024f800 'java/lang/invoke/LambdaForm$MH+0x000000010024f800'
Event: 9.951 Thread 0x000001cbcf8629e0 Unloading class 0x000000010024f400 'java/lang/invoke/LambdaForm$MH+0x000000010024f400'
Event: 9.951 Thread 0x000001cbcf8629e0 Unloading class 0x000000010024f000 'java/lang/invoke/LambdaForm$BMH+0x000000010024f000'
Event: 9.951 Thread 0x000001cbcf8629e0 Unloading class 0x000000010024ec00 'java/lang/invoke/LambdaForm$DMH+0x000000010024ec00'
Event: 9.951 Thread 0x000001cbcf8629e0 Unloading class 0x000000010024c400 'java/lang/invoke/LambdaForm$DMH+0x000000010024c400'

Classes redefined (0 events):
No events

Internal exceptions (20 events):
Event: 9.551 Thread 0x000001cbd66a49d0 Exception <a 'java/io/FileNotFoundException'{0x00000000eb400070}> (0x00000000eb400070) 
thrown [s\src\hotspot\share\prims\jni.cpp, line 516]
Event: 9.783 Thread 0x000001cbd6a2e400 Exception <a 'java/lang/NoSuchMethodError'{0x00000000ebaddd68}: 'void java.lang.invoke.DirectMethodHandle$Holder.invokeStatic(java.lang.Object, java.lang.Object, java.lang.Object, java.lang.Object)'> (0x00000000ebaddd68) 
thrown [s\src\hotspot\share\interpreter\linkResolver.cpp, line 759]
Event: 9.795 Thread 0x000001cbd6a2e910 Exception <a 'java/lang/NoSuchMethodError'{0x00000000ebd115a8}: 'java.lang.Object java.lang.invoke.DirectMethodHandle$Holder.invokeStaticInit(java.lang.Object, java.lang.Object, java.lang.Object, java.lang.Object, java.lang.Object, java.lang.Object, java.lang.Object)'> (0x00000000ebd115a8) 
thrown [s\src\hotspot\share\interpreter\linkResolver.cpp, line 759]
Event: 9.800 Thread 0x000001cbd6a2e910 Exception <a 'java/lang/NoSuchMethodError'{0x00000000ebd3bb50}: 'java.lang.Object java.lang.invoke.DirectMethodHandle$Holder.invokeSpecial(java.lang.Object, java.lang.Object, java.lang.Object, java.lang.Object, java.lang.Object, java.lang.Object, java.lang.Object, java.lang.Object, java.lang.Object)'> (0x00000000ebd3bb50) 
thrown [s\src\hotspot\share\interpreter\linkResolver.cpp, line 759]
Event: 9.800 Thread 0x000001cbd6a2e910 Exception <a 'java/lang/NoSuchMethodError'{0x00000000ebd40548}: 'java.lang.Object java.lang.invoke.Invokers$Holder.invoke_MT(java.lang.Object, java.lang.Object, java.lang.Object, java.lang.Object, java.lang.Object, java.lang.Object, java.lang.Object, java.lang.Object, java.lang.Object)'> (0x00000000ebd40548) 
thrown [s\src\hotspot\share\interpreter\linkResolver.cpp, line 759]
Event: 9.810 Thread 0x000001cbd6a2e910 Exception <a 'java/lang/NoSuchMethodError'{0x00000000ebddf2e0}: 'int java.lang.invoke.DirectMethodHandle$Holder.invokeVirtual(java.lang.Object, java.lang.Object, java.lang.Object)'> (0x00000000ebddf2e0) 
thrown [s\src\hotspot\share\interpreter\linkResolver.cpp, line 759]
Event: 9.811 Thread 0x000001cbd6a2e910 Exception <a 'java/lang/NoSuchMethodError'{0x00000000ebde7e08}: 'int java.lang.invoke.DirectMethodHandle$Holder.invokeVirtual(java.lang.Object, java.lang.Object)'> (0x00000000ebde7e08) 
thrown [s\src\hotspot\share\interpreter\linkResolver.cpp, line 759]
Event: 9.812 Thread 0x000001cbd6a2e910 Exception <a 'java/lang/NoSuchMethodError'{0x00000000ebdec0a0}: 'int java.lang.invoke.DirectMethodHandle$Holder.invokeStaticInit(java.lang.Object, int, int)'> (0x00000000ebdec0a0) 
thrown [s\src\hotspot\share\interpreter\linkResolver.cpp, line 759]
Event: 9.813 Thread 0x000001cbd6a2e910 Exception <a 'java/lang/NoSuchMethodError'{0x00000000ebe02a20}: 'int java.lang.invoke.DirectMethodHandle$Holder.invokeStaticInit(java.lang.Object, long, long)'> (0x00000000ebe02a20) 
thrown [s\src\hotspot\share\interpreter\linkResolver.cpp, line 759]
Event: 9.814 Thread 0x000001cbd6a2e910 Exception <a 'java/lang/NoSuchMethodError'{0x00000000ebe76b30}: 'int java.lang.invoke.DirectMethodHandle$Holder.invokeStaticInit(java.lang.Object, float, float)'> (0x00000000ebe76b30) 
thrown [s\src\hotspot\share\interpreter\linkResolver.cpp, line 759]
Event: 9.816 Thread 0x000001cbd6a2e910 Exception <a 'java/lang/NoSuchMethodError'{0x00000000ebe7dbd0}: 'int java.lang.invoke.DirectMethodHandle$Holder.invokeStaticInit(java.lang.Object, double, double)'> (0x00000000ebe7dbd0) 
thrown [s\src\hotspot\share\interpreter\linkResolver.cpp, line 759]
Event: 9.816 Thread 0x000001cbd6a2e910 Exception <a 'java/lang/NoSuchMethodError'{0x00000000ebe821d8}: 'int java.lang.invoke.DirectMethodHandle$Holder.invokeStatic(java.lang.Object, long)'> (0x00000000ebe821d8) 
thrown [s\src\hotspot\share\interpreter\linkResolver.cpp, line 759]
Event: 9.823 Thread 0x000001cbd6a2e910 Exception <a 'java/lang/NoSuchMethodError'{0x00000000ebeb8f20}: 'int java.lang.invoke.Invokers$Holder.linkToTargetMethod(java.lang.Object, java.lang.Object)'> (0x00000000ebeb8f20) 
thrown [s\src\hotspot\share\interpreter\linkResolver.cpp, line 759]
Event: 9.823 Thread 0x000001cbd6a2e400 Exception <a 'java/lang/NoSuchMethodError'{0x00000000ebebfe60}: 'int java.lang.invoke.Invokers$Holder.linkToTargetMethod(java.lang.Object, java.lang.Object)'> (0x00000000ebebfe60) 
thrown [s\src\hotspot\share\interpreter\linkResolver.cpp, line 759]
Event: 9.826 Thread 0x000001cbd6a2e400 Exception <a 'java/lang/NoSuchMethodError'{0x00000000ebeda6b0}: 'int java.lang.invoke.DirectMethodHandle$Holder.invokeSpecial(java.lang.Object, java.lang.Object, java.lang.Object, java.lang.Object)'> (0x00000000ebeda6b0) 
thrown [s\src\hotspot\share\interpreter\linkResolver.cpp, line 759]
Event: 9.844 Thread 0x000001cbd6a2e400 Exception <a 'java/lang/NoSuchMethodError'{0x00000000ebf12e48}: 'java.lang.Object java.lang.invoke.DirectMethodHandle$Holder.invokeStatic(java.lang.Object, int, java.lang.Object, java.lang.Object)'> (0x00000000ebf12e48) 
thrown [s\src\hotspot\share\interpreter\linkResolver.cpp, line 759]
Event: 9.845 Thread 0x000001cbd6a2e400 Exception <a 'java/lang/NoSuchMethodError'{0x00000000ebf16900}: 'java.lang.Object java.lang.invoke.DelegatingMethodHandle$Holder.delegate(java.lang.Object, int, java.lang.Object, java.lang.Object)'> (0x00000000ebf16900) 
thrown [s\src\hotspot\share\interpreter\linkResolver.cpp, line 759]
Event: 9.850 Thread 0x000001cbd6a2e400 Exception <a 'java/lang/NoSuchMethodError'{0x00000000ebfccb60}: 'int java.lang.invoke.Invokers$Holder.linkToTargetMethod(java.lang.Object, java.lang.Object, java.lang.Object)'> (0x00000000ebfccb60) 
thrown [s\src\hotspot\share\interpreter\linkResolver.cpp, line 759]
Event: 9.885 Thread 0x000001cbd6a2e910 Exception <a 'java/lang/NoSuchMethodError'{0x00000000ec1682c8}: 'java.lang.Object java.lang.invoke.DirectMethodHandle$Holder.invokeSpecialIFC(java.lang.Object, java.lang.Object, java.lang.Object, java.lang.Object)'> (0x00000000ec1682c8) 
thrown [s\src\hotspot\share\interpreter\linkResolver.cpp, line 759]
Event: 10.142 Thread 0x000001cbd66a49d0 Exception <a 'java/lang/ClassNotFoundException'{0x00000000eb4016c0}: com/sun/org/apache/xml/internal/serializer/spi/XMLEntitiesProvider> (0x00000000eb4016c0) 
thrown [s\src\hotspot\share\classfile\systemDictionary.cpp, line 256]

VM Operations (20 events):
Event: 9.520 Executing VM operation: ParallelGCFailedAllocation
Event: 9.524 Executing VM operation: ParallelGCFailedAllocation done
Event: 9.692 Executing VM operation: HandshakeAllThreads
Event: 9.692 Executing VM operation: HandshakeAllThreads done
Event: 9.745 Executing VM operation: HandshakeAllThreads
Event: 9.745 Executing VM operation: HandshakeAllThreads done
Event: 9.843 Executing VM operation: HandshakeAllThreads
Event: 9.843 Executing VM operation: HandshakeAllThreads done
Event: 9.846 Executing VM operation: HandshakeAllThreads
Event: 9.846 Executing VM operation: HandshakeAllThreads done
Event: 9.905 Executing VM operation: ParallelGCFailedAllocation
Event: 9.908 Executing VM operation: ParallelGCFailedAllocation done
Event: 9.931 Executing VM operation: CollectForMetadataAllocation
Event: 9.984 Executing VM operation: CollectForMetadataAllocation done
Event: 10.069 Executing VM operation: HandshakeAllThreads
Event: 10.069 Executing VM operation: HandshakeAllThreads done
Event: 10.140 Executing VM operation: HandshakeAllThreads
Event: 10.140 Executing VM operation: HandshakeAllThreads done
Event: 10.145 Executing VM operation: HandshakeAllThreads
Event: 10.145 Executing VM operation: HandshakeAllThreads done

Memory protections (0 events):
No events

Nmethod flushes (0 events):
No events

Events (20 events):
Event: 5.428 Thread 0x000001cbd66a49d0 Thread added: 0x000001cbd6bcdd90
Event: 5.697 Thread 0x000001cbd66a49d0 Thread added: 0x000001cbd6a2ee20
Event: 5.875 Thread 0x000001cbd66a49d0 Thread added: 0x000001cbd6a2def0
Event: 5.889 Thread 0x000001cbd6c50bb0 Thread exited: 0x000001cbd6c50bb0
Event: 5.905 Thread 0x000001cbd6c50690 Thread exited: 0x000001cbd6c50690
Event: 6.267 Thread 0x000001cbd498dd00 Thread added: 0x000001cbd6fd3880
Event: 6.754 Thread 0x000001cbd66a49d0 Thread added: 0x000001cbd6a2cfc0
Event: 7.319 Thread 0x000001cbd6fd3880 Thread exited: 0x000001cbd6fd3880
Event: 7.641 Thread 0x000001cbd66a49d0 Thread added: 0x000001cbd6a2c5a0
Event: 7.733 Thread 0x000001cbd66a49d0 Thread added: 0x000001cbd6a2e910
Event: 7.775 Thread 0x000001cbd66a49d0 Thread added: 0x000001cbd6a2e400
Event: 8.374 Thread 0x000001cbd498dd00 Thread added: 0x000001cbd6ecdae0
Event: 8.636 Thread 0x000001cbd6ecdae0 Thread exited: 0x000001cbd6ecdae0
Event: 9.002 Thread 0x000001cbd498dd00 Thread added: 0x000001cbd744c440
Event: 9.279 Thread 0x000001cbd744c440 Thread exited: 0x000001cbd744c440
Event: 9.609 Thread 0x000001cbd498dd00 Thread added: 0x000001cbd73d4670
Event: 9.609 Thread 0x000001cbd498dd00 Thread added: 0x000001cbd8132190
Event: 9.714 Thread 0x000001cbd66a49d0 Thread added: 0x000001cbd6a2bb80
Event: 9.784 Thread 0x000001cbd6a2e910 Thread added: 0x000001cbd6a2c090
Event: 9.909 Thread 0x000001cbd6a2c090 Thread added: 0x000001cbd6a2cab0


Dynamic libraries:
0x00007ff7eddd0000 - 0x00007ff7eddde000 	c:\Users\Joseph Frank\.vscode\extensions\redhat.java-1.38.0-win32-x64\jre\17.0.13-win32-x86_64\bin\java.exe
0x00007ffd0d0d0000 - 0x00007ffd0d2e7000 	C:\Windows\SYSTEM32\ntdll.dll
0x00007ffd0c990000 - 0x00007ffd0ca54000 	C:\Windows\System32\KERNEL32.DLL
0x00007ffd0a7e0000 - 0x00007ffd0ab9a000 	C:\Windows\System32\KERNELBASE.dll
0x00007ffd0a690000 - 0x00007ffd0a7a1000 	C:\Windows\System32\ucrtbase.dll
0x00007ffce6cc0000 - 0x00007ffce6cd7000 	c:\Users\Joseph Frank\.vscode\extensions\redhat.java-1.38.0-win32-x64\jre\17.0.13-win32-x86_64\bin\jli.dll
0x00007ffd0c600000 - 0x00007ffd0c7ae000 	C:\Windows\System32\USER32.dll
0x00007ffd0a7b0000 - 0x00007ffd0a7d6000 	C:\Windows\System32\win32u.dll
0x00007ffd0bd60000 - 0x00007ffd0bd89000 	C:\Windows\System32\GDI32.dll
0x00007ffd0a410000 - 0x00007ffd0a52b000 	C:\Windows\System32\gdi32full.dll
0x00007ffd0a5f0000 - 0x00007ffd0a68a000 	C:\Windows\System32\msvcp_win.dll
0x00007ffce6fc0000 - 0x00007ffce6fde000 	c:\Users\Joseph Frank\.vscode\extensions\redhat.java-1.38.0-win32-x64\jre\17.0.13-win32-x86_64\bin\VCRUNTIME140.dll
0x00007ffce82a0000 - 0x00007ffce8532000 	C:\Windows\WinSxS\amd64_microsoft.windows.common-controls_6595b64144ccf1df_6.0.22621.4541_none_2710d1c57384c085\COMCTL32.dll
0x00007ffd0af00000 - 0x00007ffd0afa7000 	C:\Windows\System32\msvcrt.dll
0x00007ffd0bda0000 - 0x00007ffd0bdd1000 	C:\Windows\System32\IMM32.DLL
0x00007ffce9fb0000 - 0x00007ffce9fbc000 	c:\Users\Joseph Frank\.vscode\extensions\redhat.java-1.38.0-win32-x64\jre\17.0.13-win32-x86_64\bin\vcruntime140_1.dll
0x00007ffce2c20000 - 0x00007ffce2cad000 	c:\Users\Joseph Frank\.vscode\extensions\redhat.java-1.38.0-win32-x64\jre\17.0.13-win32-x86_64\bin\msvcp140.dll
0x00007ffc897a0000 - 0x00007ffc8a40b000 	c:\Users\Joseph Frank\.vscode\extensions\redhat.java-1.38.0-win32-x64\jre\17.0.13-win32-x86_64\bin\server\jvm.dll
0x00007ffd0c4c0000 - 0x00007ffd0c572000 	C:\Windows\System32\ADVAPI32.dll
0x00007ffd0b370000 - 0x00007ffd0b417000 	C:\Windows\System32\sechost.dll
0x00007ffd0ad10000 - 0x00007ffd0ad38000 	C:\Windows\System32\bcrypt.dll
0x00007ffd0ce00000 - 0x00007ffd0cf14000 	C:\Windows\System32\RPCRT4.dll
0x00007ffd0c580000 - 0x00007ffd0c5f1000 	C:\Windows\System32\WS2_32.dll
0x00007ffd0a260000 - 0x00007ffd0a2ad000 	C:\Windows\SYSTEM32\POWRPROF.dll
0x00007ffd04150000 - 0x00007ffd04184000 	C:\Windows\SYSTEM32\WINMM.dll
0x00007ffd016c0000 - 0x00007ffd016ca000 	C:\Windows\SYSTEM32\VERSION.dll
0x00007ffd0a240000 - 0x00007ffd0a253000 	C:\Windows\SYSTEM32\UMPDC.dll
0x00007ffd093a0000 - 0x00007ffd093b8000 	C:\Windows\SYSTEM32\kernel.appcore.dll
0x00007ffce8cf0000 - 0x00007ffce8cfa000 	c:\Users\Joseph Frank\.vscode\extensions\redhat.java-1.38.0-win32-x64\jre\17.0.13-win32-x86_64\bin\jimage.dll
0x00007ffd07bb0000 - 0x00007ffd07de2000 	C:\Windows\SYSTEM32\DBGHELP.DLL
0x00007ffd0ca60000 - 0x00007ffd0cdf1000 	C:\Windows\System32\combase.dll
0x00007ffd0c370000 - 0x00007ffd0c447000 	C:\Windows\System32\OLEAUT32.dll
0x00007ffcf6e80000 - 0x00007ffcf6eb2000 	C:\Windows\SYSTEM32\dbgcore.DLL
0x00007ffd0ad40000 - 0x00007ffd0adbb000 	C:\Windows\System32\bcryptPrimitives.dll
0x00007ffce7430000 - 0x00007ffce743e000 	c:\Users\Joseph Frank\.vscode\extensions\redhat.java-1.38.0-win32-x64\jre\17.0.13-win32-x86_64\bin\instrument.dll
0x00007ffce6c10000 - 0x00007ffce6c35000 	c:\Users\Joseph Frank\.vscode\extensions\redhat.java-1.38.0-win32-x64\jre\17.0.13-win32-x86_64\bin\java.dll
0x00007ffce4250000 - 0x00007ffce4268000 	c:\Users\Joseph Frank\.vscode\extensions\redhat.java-1.38.0-win32-x64\jre\17.0.13-win32-x86_64\bin\zip.dll
0x00007ffd0b420000 - 0x00007ffd0bc99000 	C:\Windows\System32\SHELL32.dll
0x00007ffd08280000 - 0x00007ffd08b89000 	C:\Windows\SYSTEM32\windows.storage.dll
0x00007ffd08140000 - 0x00007ffd0827f000 	C:\Windows\SYSTEM32\wintypes.dll
0x00007ffd0ae00000 - 0x00007ffd0aefa000 	C:\Windows\System32\SHCORE.dll
0x00007ffd0c920000 - 0x00007ffd0c97e000 	C:\Windows\System32\shlwapi.dll
0x00007ffd0a2c0000 - 0x00007ffd0a2eb000 	C:\Windows\SYSTEM32\profapi.dll
0x00007ffce2c00000 - 0x00007ffce2c19000 	C:\Users\Joseph Frank\.vscode\extensions\redhat.java-1.38.0-win32-x64\jre\17.0.13-win32-x86_64\bin\net.dll
0x00007ffd04010000 - 0x00007ffd04146000 	C:\Windows\SYSTEM32\WINHTTP.dll
0x00007ffd09810000 - 0x00007ffd09879000 	C:\Windows\system32\mswsock.dll
0x00007ffce2be0000 - 0x00007ffce2bf6000 	C:\Users\Joseph Frank\.vscode\extensions\redhat.java-1.38.0-win32-x64\jre\17.0.13-win32-x86_64\bin\nio.dll
0x00007ffce4240000 - 0x00007ffce4250000 	c:\Users\Joseph Frank\.vscode\extensions\redhat.java-1.38.0-win32-x64\jre\17.0.13-win32-x86_64\bin\verify.dll
0x00007ffcd9e10000 - 0x00007ffcd9e55000 	C:\Users\Joseph Frank\AppData\Roaming\Code\User\globalStorage\redhat.java\1.38.0\config_win\org.eclipse.equinox.launcher\org.eclipse.equinox.launcher.win32.win32.x86_64_1.2.1100.v20240722-2106\eclipse_11904.dll
0x00007ffd0afb0000 - 0x00007ffd0b155000 	C:\Windows\System32\ole32.dll
0x00007ffd09aa0000 - 0x00007ffd09abb000 	C:\Windows\SYSTEM32\CRYPTSP.dll
0x00007ffd09300000 - 0x00007ffd09335000 	C:\Windows\system32\rsaenh.dll
0x00007ffd09920000 - 0x00007ffd09948000 	C:\Windows\SYSTEM32\USERENV.dll
0x00007ffd09ac0000 - 0x00007ffd09acc000 	C:\Windows\SYSTEM32\CRYPTBASE.dll
0x00007ffd08df0000 - 0x00007ffd08e1d000 	C:\Windows\SYSTEM32\IPHLPAPI.DLL
0x00007ffd0c260000 - 0x00007ffd0c269000 	C:\Windows\System32\NSI.dll
0x00007ffd04fd0000 - 0x00007ffd04fe9000 	C:\Windows\SYSTEM32\dhcpcsvc6.DLL
0x00007ffd04a80000 - 0x00007ffd04a9f000 	C:\Windows\SYSTEM32\dhcpcsvc.DLL
0x00007ffd08e20000 - 0x00007ffd08f22000 	C:\Windows\SYSTEM32\DNSAPI.dll
0x00007ffcecc30000 - 0x00007ffcecc79000 	C:\Users\Joseph Frank\AppData\Local\Temp\jna-792161473\jna16043275529234886181.dll
0x00007ffd0bd90000 - 0x00007ffd0bd98000 	C:\Windows\System32\PSAPI.DLL

dbghelp: loaded successfully - version: 4.0.5 - missing functions: none
symbol engine: initialized successfully - sym options: 0x614 - pdb path: .;c:\Users\Joseph Frank\.vscode\extensions\redhat.java-1.38.0-win32-x64\jre\17.0.13-win32-x86_64\bin;C:\Windows\SYSTEM32;C:\Windows\WinSxS\amd64_microsoft.windows.common-controls_6595b64144ccf1df_6.0.22621.4541_none_2710d1c57384c085;c:\Users\Joseph Frank\.vscode\extensions\redhat.java-1.38.0-win32-x64\jre\17.0.13-win32-x86_64\bin\server;C:\Users\Joseph Frank\AppData\Roaming\Code\User\globalStorage\redhat.java\1.38.0\config_win\org.eclipse.equinox.launcher\org.eclipse.equinox.launcher.win32.win32.x86_64_1.2.1100.v20240722-2106;C:\Users\Joseph Frank\AppData\Local\Temp\jna-792161473

VM Arguments:
jvm_args: --add-modules=ALL-SYSTEM --add-opens=java.base/java.util=ALL-UNNAMED --add-opens=java.base/java.lang=ALL-UNNAMED --add-opens=java.base/sun.nio.fs=ALL-UNNAMED -Declipse.application=org.eclipse.jdt.ls.core.id1 -Dosgi.bundles.defaultStartLevel=4 -Declipse.product=org.eclipse.jdt.ls.core.product -Djava.import.generatesMetadataFilesAtProjectRoot=false -DDetectVMInstallationsJob.disabled=true -Dfile.encoding=utf8 -XX:+UseParallelGC -XX:GCTimeRatio=4 -XX:AdaptiveSizePolicyWeight=90 -Dsun.zip.disableMemoryMapping=true -Xmx1G -Xms100m -Xlog:disable -javaagent:c:\Users\Joseph Frank\.vscode\extensions\redhat.java-1.38.0-win32-x64\lombok\lombok-1.18.34.jar -XX:+HeapDumpOnOutOfMemoryError -XX:HeapDumpPath=c:\Users\Joseph Frank\AppData\Roaming\Code\User\workspaceStorage\ded5477040aba2c835bc6511c43cb140\redhat.java -Daether.dependencyCollector.impl=bf 
java_command: c:\Users\Joseph Frank\.vscode\extensions\redhat.java-1.38.0-win32-x64\server\plugins\org.eclipse.equinox.launcher_1.6.900.v20240613-2009.jar -configuration c:\Users\Joseph Frank\AppData\Roaming\Code\User\globalStorage\redhat.java\1.38.0\config_win -data c:\Users\Joseph Frank\AppData\Roaming\Code\User\workspaceStorage\ded5477040aba2c835bc6511c43cb140\redhat.java\jdt_ws --pipe=\\.\pipe\lsp-5cd86cc386394dfbd81eb6aeb946e5d5-sock
java_class_path (initial): c:\Users\Joseph Frank\.vscode\extensions\redhat.java-1.38.0-win32-x64\server\plugins\org.eclipse.equinox.launcher_1.6.900.v20240613-2009.jar
Launcher Type: SUN_STANDARD

[Global flags]
    uintx AdaptiveSizePolicyWeight                 = 90                                        {product} {command line}
     intx CICompilerCount                          = 4                                         {product} {ergonomic}
    uintx GCTimeRatio                              = 4                                         {product} {command line}
     bool HeapDumpOnOutOfMemoryError               = true                                   {manageable} {command line}
    ccstr HeapDumpPath                             = c:\Users\Joseph Frank\AppData\Roaming\Code\User\workspaceStorage\ded5477040aba2c835bc6511c43cb140\redhat.java         {manageable} {command line}
   size_t InitialHeapSize                          = 104857600                                 {product} {command line}
   size_t MaxHeapSize                              = 1073741824                                {product} {command line}
   size_t MaxNewSize                               = 357564416                                 {product} {ergonomic}
   size_t MinHeapDeltaBytes                        = 524288                                    {product} {ergonomic}
   size_t MinHeapSize                              = 104857600                                 {product} {command line}
   size_t NewSize                                  = 34603008                                  {product} {ergonomic}
    uintx NonNMethodCodeHeapSize                   = 5839372                                {pd product} {ergonomic}
    uintx NonProfiledCodeHeapSize                  = 122909434                              {pd product} {ergonomic}
   size_t OldSize                                  = 70254592                                  {product} {ergonomic}
    uintx ProfiledCodeHeapSize                     = 122909434                              {pd product} {ergonomic}
    uintx ReservedCodeCacheSize                    = 251658240                              {pd product} {ergonomic}
     bool SegmentedCodeCache                       = true                                      {product} {ergonomic}
   size_t SoftMaxHeapSize                          = 1073741824                             {manageable} {ergonomic}
     bool UseCompressedClassPointers               = true                           {product lp64_product} {ergonomic}
     bool UseCompressedOops                        = true                           {product lp64_product} {ergonomic}
     bool UseLargePagesIndividualAllocation        = false                                  {pd product} {ergonomic}
     bool UseParallelGC                            = true                                      {product} {command line}

Logging:
Log output configuration:
 #0: stdout all=off uptime,level,tags
 #1: stderr all=off uptime,level,tags

Environment Variables:
JAVA_HOME=C:\Program Files\Java\jdk-23
PATH=C:\Program Files\Common Files\Oracle\Java\javapath;C:\Program Files (x86)\Common Files\Oracle\Java\java8path;C:\Program Files (x86)\Common Files\Oracle\Java\javapath;C:\Windows\system32;C:\Windows;C:\Windows\System32\Wbem;C:\Windows\System32\WindowsPowerShell\v1.0\;C:\Windows\System32\OpenSSH\;C:\Program Files\dotnet\;C:\Program Files (x86)\Windows Kits\10\Windows Performance Toolkit\;C:\Program Files\Git\cmd;C:\Users\Joseph Frank\AppData\Local\Programs\Python\Python313\Scripts\;C:\Users\Joseph Frank\AppData\Local\Programs\Python\Python313\;C:\flutter\bin;C:\Users\Joseph Frank\AppData\Local\Microsoft\WindowsApps;C:\Users\Joseph Frank\AppData\Local\GitHubDesktop\bin;C:\Users\Joseph Frank\AppData\Local\Programs\Microsoft VS Code\bin;C:\Users\Joseph Frank\.dotnet\tools;C:\Gradle\gradle-8.12\bin;
USERNAME=Joseph Frank
OS=Windows_NT
PROCESSOR_IDENTIFIER=AMD64 Family 23 Model 104 Stepping 1, AuthenticAMD
TMP=C:\Users\JOSEPH~1\AppData\Local\Temp
TEMP=C:\Users\JOSEPH~1\AppData\Local\Temp



Periodic native trim disabled


---------------  S Y S T E M  ---------------

OS:
 Windows 11 , 64 bit Build 22621 (10.0.22621.4391)
OS uptime: 0 days 3:21 hours
Hyper-V role detected

CPU: total 12 (initial active 12) (12 cores per cpu, 2 threads per core) family 23 model 104 stepping 1 microcode 0x0, cx8, cmov, fxsr, ht, mmx, 3dnowpref, sse, sse2, sse3, ssse3, sse4a, sse4.1, sse4.2, popcnt, lzcnt, tsc, tscinvbit, avx, avx2, aes, clmul, bmi1, bmi2, adx, sha, fma, vzeroupper, clflush, clflushopt, hv
Processor Information for all 12 processors :
  Max Mhz: 2100, Current Mhz: 2100, Mhz Limit: 2100

Memory: 4k page, system-wide physical 18277M (2750M free)
TotalPageFile size 20325M (AvailPageFile size 3M)
current process WorkingSet (physical memory assigned to process): 183M, peak: 183M
current process commit charge ("private bytes"): 285M, peak: 286M

vm_info: OpenJDK 64-Bit Server VM (17.0.13+11) for windows-amd64 JRE (17.0.13+11), built on Oct 16 2024 00:10:08 by "admin" with MS VC++ 17.7 (VS2022)

END.
