#
# There is insufficient memory for the Java Runtime Environment to continue.
# Native memory allocation (malloc) failed to allocate 1905136 bytes. Error detail: Chunk::new
# Possible reasons:
#   The system is out of physical RAM or swap space
#   This process is running with CompressedOops enabled, and the Java Heap may be blocking the growth of the native heap
# Possible solutions:
#   Reduce memory load on the system
#   Increase physical memory or swap space
#   Check if swap backing store is full
#   Decrease Java heap size (-Xmx/-Xms)
#   Decrease number of Java threads
#   Decrease Java thread stack sizes (-Xss)
#   Set larger code cache with -XX:ReservedCodeCacheSize=
#   JVM is running with Zero Based Compressed Oops mode in which the Java heap is
#     placed in the first 32GB address space. The Java Heap base address is the
#     maximum limit for the native heap growth. Please use -XX:HeapBaseMinAddress
#     to set the Java Heap base and to place the Java Heap above 32GB virtual address.
# This output file may be truncated or incomplete.
#
#  Out of Memory Error (arena.cpp:168), pid=21784, tid=22352
#
# JRE version: OpenJDK Runtime Environment Temurin-21.0.5+11 (21.0.5+11) (build 21.0.5+11-LTS)
# Java VM: OpenJDK 64-Bit Server VM Temurin-21.0.5+11 (21.0.5+11-LTS, mixed mode, sharing, tiered, compressed oops, compressed class ptrs, g1 gc, windows-amd64)
# No core dump will be written. Minidumps are not enabled by default on client versions of Windows
#

---------------  S U M M A R Y ------------

Command Line: -XX:MaxMetaspaceSize=2G -XX:+HeapDumpOnOutOfMemoryError --add-opens=java.base/java.util=ALL-UNNAMED --add-opens=java.base/java.lang=ALL-UNNAMED --add-opens=java.base/java.lang.invoke=ALL-UNNAMED --add-opens=java.prefs/java.util.prefs=ALL-UNNAMED --add-exports=jdk.compiler/com.sun.tools.javac.api=ALL-UNNAMED --add-exports=jdk.compiler/com.sun.tools.javac.util=ALL-UNNAMED --add-opens=java.base/java.nio.charset=ALL-UNNAMED --add-opens=java.base/java.net=ALL-UNNAMED --add-opens=java.base/java.util.concurrent.atomic=ALL-UNNAMED -Xmx4G -Dfile.encoding=utf8 -Duser.country=BR -Duser.language=pt -Duser.variant -javaagent:C:\Users\Joseph Frank\.gradle\wrapper\dists\gradle-8.9-bin\90cnw93cvbtalezasaz0blq0a\gradle-8.9\lib\agents\gradle-instrumentation-agent-8.9.jar org.gradle.launcher.daemon.bootstrap.GradleDaemon 8.9

Host: AMD Ryzen 5 5500U with Radeon Graphics         , 12 cores, 17G,  Windows 11 , 64 bit Build 22621 (10.0.22621.4391)
Time: Sat Jan 18 21:15:17 2025 Hora oficial do Brasil elapsed time: 3.247946 seconds (0d 0h 0m 3s)

---------------  T H R E A D  ---------------

Current thread (0x000002b02ba37fe0):  JavaThread "C2 CompilerThread0" daemon [_thread_in_native, id=22352, stack(0x000000dd84e00000,0x000000dd84f00000) (1024K)]


Current CompileTask:
C2:3248 2829       4       java.lang.invoke.MethodType::makeImpl (109 bytes)

Stack: [0x000000dd84e00000,0x000000dd84f00000]
Native frames: (J=compiled Java code, j=interpreted, Vv=VM code, C=native code)
V  [jvm.dll+0x6cd4e9]
V  [jvm.dll+0x8a7941]
V  [jvm.dll+0x8a9e6e]
V  [jvm.dll+0x8aa543]
V  [jvm.dll+0x27f6d6]
V  [jvm.dll+0xc500d]
V  [jvm.dll+0xc5543]
V  [jvm.dll+0x3b65d2]
V  [jvm.dll+0x382835]
V  [jvm.dll+0x381c9a]
V  [jvm.dll+0x2479d0]
V  [jvm.dll+0x246faf]
V  [jvm.dll+0x1c75ce]
V  [jvm.dll+0x25682a]
V  [jvm.dll+0x254dca]
V  [jvm.dll+0x3f00d6]
V  [jvm.dll+0x8514fb]
V  [jvm.dll+0x6cbbed]
C  [ucrtbase.dll+0x29333]
C  [KERNEL32.DLL+0x1259d]
C  [ntdll.dll+0x5af38]


---------------  P R O C E S S  ---------------

Threads class SMR info:
_java_thread_list=0x000002b072d57de0, length=25, elements={
0x000002b00c17fd90, 0x000002b02ba25ce0, 0x000002b02ba26730, 0x000002b02ba27fc0,
0x000002b02ba2bfb0, 0x000002b02ba29b70, 0x000002b02ba2a5c0, 0x000002b02ba37fe0,
0x000002b02ba431f0, 0x000002b02bc5b420, 0x000002b02bea22e0, 0x000002b02bec9df0,
0x000002b07261cc40, 0x000002b07261fa30, 0x000002b07261c5b0, 0x000002b07261ed10,
0x000002b07261dff0, 0x000002b07261e680, 0x000002b07261f3a0, 0x000002b07261d2d0,
0x000002b07261d960, 0x000002b072c78a00, 0x000002b072c77650, 0x000002b072c75580,
0x000002b072c79090
}

Java Threads: ( => current thread )
  0x000002b00c17fd90 JavaThread "main"                              [_thread_blocked, id=21824, stack(0x000000dd84000000,0x000000dd84100000) (1024K)]
  0x000002b02ba25ce0 JavaThread "Reference Handler"          daemon [_thread_blocked, id=21320, stack(0x000000dd84800000,0x000000dd84900000) (1024K)]
  0x000002b02ba26730 JavaThread "Finalizer"                  daemon [_thread_blocked, id=22336, stack(0x000000dd84900000,0x000000dd84a00000) (1024K)]
  0x000002b02ba27fc0 JavaThread "Signal Dispatcher"          daemon [_thread_blocked, id=14464, stack(0x000000dd84a00000,0x000000dd84b00000) (1024K)]
  0x000002b02ba2bfb0 JavaThread "Attach Listener"            daemon [_thread_blocked, id=16268, stack(0x000000dd84b00000,0x000000dd84c00000) (1024K)]
  0x000002b02ba29b70 JavaThread "Service Thread"             daemon [_thread_blocked, id=13152, stack(0x000000dd84c00000,0x000000dd84d00000) (1024K)]
  0x000002b02ba2a5c0 JavaThread "Monitor Deflation Thread"   daemon [_thread_blocked, id=21732, stack(0x000000dd84d00000,0x000000dd84e00000) (1024K)]
=>0x000002b02ba37fe0 JavaThread "C2 CompilerThread0"         daemon [_thread_in_native, id=22352, stack(0x000000dd84e00000,0x000000dd84f00000) (1024K)]
  0x000002b02ba431f0 JavaThread "C1 CompilerThread0"         daemon [_thread_blocked, id=17152, stack(0x000000dd84f00000,0x000000dd85000000) (1024K)]
  0x000002b02bc5b420 JavaThread "Common-Cleaner"             daemon [_thread_blocked, id=20488, stack(0x000000dd85000000,0x000000dd85100000) (1024K)]
  0x000002b02bea22e0 JavaThread "Notification Thread"        daemon [_thread_blocked, id=22344, stack(0x000000dd85100000,0x000000dd85200000) (1024K)]
  0x000002b02bec9df0 JavaThread "C2 CompilerThread1"         daemon [_thread_in_native, id=9932, stack(0x000000dd85200000,0x000000dd85300000) (1024K)]
  0x000002b07261cc40 JavaThread "Daemon health stats"               [_thread_blocked, id=11248, stack(0x000000dd85900000,0x000000dd85a00000) (1024K)]
  0x000002b07261fa30 JavaThread "Incoming local TCP Connector on port 60160"        [_thread_in_native, id=15992, stack(0x000000dd85d00000,0x000000dd85e00000) (1024K)]
  0x000002b07261c5b0 JavaThread "Daemon periodic checks"            [_thread_blocked, id=4412, stack(0x000000dd85e00000,0x000000dd85f00000) (1024K)]
  0x000002b07261ed10 JavaThread "Daemon"                            [_thread_blocked, id=21228, stack(0x000000dd85f00000,0x000000dd86000000) (1024K)]
  0x000002b07261dff0 JavaThread "Handler for socket connection from /127.0.0.1:60160 to /127.0.0.1:60161"        [_thread_in_native, id=20956, stack(0x000000dd86000000,0x000000dd86100000) (1024K)]
  0x000002b07261e680 JavaThread "Cancel handler"                    [_thread_blocked, id=21996, stack(0x000000dd86100000,0x000000dd86200000) (1024K)]
  0x000002b07261f3a0 JavaThread "Daemon worker"                     [_thread_in_Java, id=14916, stack(0x000000dd86200000,0x000000dd86300000) (1024K)]
  0x000002b07261d2d0 JavaThread "Asynchronous log dispatcher for DefaultDaemonConnection: socket connection from /127.0.0.1:60160 to /127.0.0.1:60161"        [_thread_blocked, id=21216, stack(0x000000dd86300000,0x000000dd86400000) (1024K)]
  0x000002b07261d960 JavaThread "Stdin handler"                     [_thread_blocked, id=6872, stack(0x000000dd86400000,0x000000dd86500000) (1024K)]
  0x000002b072c78a00 JavaThread "Daemon client event forwarder"        [_thread_blocked, id=21808, stack(0x000000dd86500000,0x000000dd86600000) (1024K)]
  0x000002b072c77650 JavaThread "Cache worker for journal cache (C:\Users\Joseph Frank\.gradle\caches\journal-1)"        [_thread_blocked, id=20636, stack(0x000000dd85300000,0x000000dd85400000) (1024K)]
  0x000002b072c75580 JavaThread "File lock request listener"        [_thread_in_native, id=20516, stack(0x000000dd86600000,0x000000dd86700000) (1024K)]
  0x000002b072c79090 JavaThread "Cache worker for file hash cache (C:\Users\Joseph Frank\.gradle\caches\8.9\fileHashes)"        [_thread_blocked, id=21984, stack(0x000000dd86700000,0x000000dd86800000) (1024K)]
Total: 25

Other Threads:
  0x000002b02ba08610 VMThread "VM Thread"                           [id=15652, stack(0x000000dd84700000,0x000000dd84800000) (1024K)]
  0x000002b02b9fa270 WatcherThread "VM Periodic Task Thread"        [id=22348, stack(0x000000dd84600000,0x000000dd84700000) (1024K)]
  0x000002b00c1e8e50 WorkerThread "GC Thread#0"                     [id=21972, stack(0x000000dd84100000,0x000000dd84200000) (1024K)]
  0x000002b0712a3b90 WorkerThread "GC Thread#1"                     [id=16736, stack(0x000000dd85400000,0x000000dd85500000) (1024K)]
  0x000002b02bf76150 WorkerThread "GC Thread#2"                     [id=15656, stack(0x000000dd85500000,0x000000dd85600000) (1024K)]
  0x000002b02bf764f0 WorkerThread "GC Thread#3"                     [id=13340, stack(0x000000dd85600000,0x000000dd85700000) (1024K)]
  0x000002b02bec5700 WorkerThread "GC Thread#4"                     [id=18344, stack(0x000000dd85700000,0x000000dd85800000) (1024K)]
  0x000002b07126ffb0 WorkerThread "GC Thread#5"                     [id=2648, stack(0x000000dd85800000,0x000000dd85900000) (1024K)]
  0x000002b072ac7050 WorkerThread "GC Thread#6"                     [id=15204, stack(0x000000dd85a00000,0x000000dd85b00000) (1024K)]
  0x000002b071d9be60 WorkerThread "GC Thread#7"                     [id=3044, stack(0x000000dd85b00000,0x000000dd85c00000) (1024K)]
  0x000002b071d9c200 WorkerThread "GC Thread#8"                     [id=6364, stack(0x000000dd85c00000,0x000000dd85d00000) (1024K)]
  0x000002b00c1f9e80 ConcurrentGCThread "G1 Main Marker"            [id=22392, stack(0x000000dd84200000,0x000000dd84300000) (1024K)]
  0x000002b00c1fa820 WorkerThread "G1 Conc#0"                       [id=21820, stack(0x000000dd84300000,0x000000dd84400000) (1024K)]
  0x000002b02b8c9e40 ConcurrentGCThread "G1 Refine#0"               [id=15236, stack(0x000000dd84400000,0x000000dd84500000) (1024K)]
  0x000002b02b8ca850 ConcurrentGCThread "G1 Service"                [id=4704, stack(0x000000dd84500000,0x000000dd84600000) (1024K)]
Total: 15

Threads with active compile tasks:
C2 CompilerThread0  3269 2829       4       java.lang.invoke.MethodType::makeImpl (109 bytes)
C2 CompilerThread1  3269 2767   !   4       java.lang.ClassLoader::loadClass (121 bytes)
Total: 2

VM state: not at safepoint (normal execution)

VM Mutex/Monitor currently owned by a thread: None

Heap address: 0x0000000700000000, size: 4096 MB, Compressed Oops mode: Zero based, Oop shift amount: 3

CDS archive(s) mapped at: [0x000002b02c000000-0x000002b02cc80000-0x000002b02cc80000), size 13107200, SharedBaseAddress: 0x000002b02c000000, ArchiveRelocationMode: 1.
Compressed class space mapped at: 0x000002b02d000000-0x000002b06d000000, reserved size: 1073741824
Narrow klass base: 0x000002b02c000000, Narrow klass shift: 0, Narrow klass range: 0x100000000

GC Precious Log:
 CardTable entry size: 512
 Card Set container configuration: InlinePtr #cards 4 size 8 Array Of Cards #cards 16 size 48 Howl #buckets 8 coarsen threshold 3686 Howl Bitmap #cards 512 size 80 coarsen threshold 460 Card regions per heap region 1 cards per card region 4096
 CPUs: 12 total, 12 available
 Memory: 18277M
 Large Page Support: Disabled
 NUMA Support: Disabled
 Compressed Oops: Enabled (Zero based)
 Heap Region Size: 2M
 Heap Min Capacity: 8M
 Heap Initial Capacity: 286M
 Heap Max Capacity: 4G
 Pre-touch: Disabled
 Parallel Workers: 10
 Concurrent Workers: 3
 Concurrent Refinement Workers: 10
 Periodic GC: Disabled

Heap:
 garbage-first heap   total 292864K, used 77462K [0x0000000700000000, 0x0000000800000000)
  region size 2048K, 34 young (69632K), 4 survivors (8192K)
 Metaspace       used 18336K, committed 18944K, reserved 1114112K
  class space    used 2529K, committed 2816K, reserved 1048576K

Heap Regions: E=young(eden), S=young(survivor), O=old, HS=humongous(starts), HC=humongous(continues), CS=collection set, F=free, TAMS=top-at-mark-start, PB=parsable bottom
|   0|0x0000000700000000, 0x0000000700200000, 0x0000000700200000|100%| O|  |TAMS 0x0000000700000000| PB 0x0000000700000000| Untracked 
|   1|0x0000000700200000, 0x0000000700400000, 0x0000000700400000|100%|HS|  |TAMS 0x0000000700200000| PB 0x0000000700200000| Complete 
|   2|0x0000000700400000, 0x0000000700600000, 0x0000000700600000|100%|HC|  |TAMS 0x0000000700400000| PB 0x0000000700400000| Complete 
|   3|0x0000000700600000, 0x0000000700800000, 0x0000000700800000|100%| O|  |TAMS 0x0000000700600000| PB 0x0000000700600000| Untracked 
|   4|0x0000000700800000, 0x00000007009a5970, 0x0000000700a00000| 82%| O|  |TAMS 0x0000000700800000| PB 0x0000000700800000| Untracked 
|   5|0x0000000700a00000, 0x0000000700a00000, 0x0000000700c00000|  0%| F|  |TAMS 0x0000000700a00000| PB 0x0000000700a00000| Untracked 
|   6|0x0000000700c00000, 0x0000000700c00000, 0x0000000700e00000|  0%| F|  |TAMS 0x0000000700c00000| PB 0x0000000700c00000| Untracked 
|   7|0x0000000700e00000, 0x0000000700e00000, 0x0000000701000000|  0%| F|  |TAMS 0x0000000700e00000| PB 0x0000000700e00000| Untracked 
|   8|0x0000000701000000, 0x0000000701000000, 0x0000000701200000|  0%| F|  |TAMS 0x0000000701000000| PB 0x0000000701000000| Untracked 
|   9|0x0000000701200000, 0x0000000701200000, 0x0000000701400000|  0%| F|  |TAMS 0x0000000701200000| PB 0x0000000701200000| Untracked 
|  10|0x0000000701400000, 0x0000000701400000, 0x0000000701600000|  0%| F|  |TAMS 0x0000000701400000| PB 0x0000000701400000| Untracked 
|  11|0x0000000701600000, 0x0000000701600000, 0x0000000701800000|  0%| F|  |TAMS 0x0000000701600000| PB 0x0000000701600000| Untracked 
|  12|0x0000000701800000, 0x0000000701800000, 0x0000000701a00000|  0%| F|  |TAMS 0x0000000701800000| PB 0x0000000701800000| Untracked 
|  13|0x0000000701a00000, 0x0000000701a00000, 0x0000000701c00000|  0%| F|  |TAMS 0x0000000701a00000| PB 0x0000000701a00000| Untracked 
|  14|0x0000000701c00000, 0x0000000701c00000, 0x0000000701e00000|  0%| F|  |TAMS 0x0000000701c00000| PB 0x0000000701c00000| Untracked 
|  15|0x0000000701e00000, 0x0000000701e00000, 0x0000000702000000|  0%| F|  |TAMS 0x0000000701e00000| PB 0x0000000701e00000| Untracked 
|  16|0x0000000702000000, 0x0000000702000000, 0x0000000702200000|  0%| F|  |TAMS 0x0000000702000000| PB 0x0000000702000000| Untracked 
|  17|0x0000000702200000, 0x0000000702200000, 0x0000000702400000|  0%| F|  |TAMS 0x0000000702200000| PB 0x0000000702200000| Untracked 
|  18|0x0000000702400000, 0x0000000702400000, 0x0000000702600000|  0%| F|  |TAMS 0x0000000702400000| PB 0x0000000702400000| Untracked 
|  19|0x0000000702600000, 0x0000000702600000, 0x0000000702800000|  0%| F|  |TAMS 0x0000000702600000| PB 0x0000000702600000| Untracked 
|  20|0x0000000702800000, 0x0000000702800000, 0x0000000702a00000|  0%| F|  |TAMS 0x0000000702800000| PB 0x0000000702800000| Untracked 
|  21|0x0000000702a00000, 0x0000000702a00000, 0x0000000702c00000|  0%| F|  |TAMS 0x0000000702a00000| PB 0x0000000702a00000| Untracked 
|  22|0x0000000702c00000, 0x0000000702c00000, 0x0000000702e00000|  0%| F|  |TAMS 0x0000000702c00000| PB 0x0000000702c00000| Untracked 
|  23|0x0000000702e00000, 0x0000000702e00000, 0x0000000703000000|  0%| F|  |TAMS 0x0000000702e00000| PB 0x0000000702e00000| Untracked 
|  24|0x0000000703000000, 0x0000000703000000, 0x0000000703200000|  0%| F|  |TAMS 0x0000000703000000| PB 0x0000000703000000| Untracked 
|  25|0x0000000703200000, 0x0000000703200000, 0x0000000703400000|  0%| F|  |TAMS 0x0000000703200000| PB 0x0000000703200000| Untracked 
|  26|0x0000000703400000, 0x0000000703400000, 0x0000000703600000|  0%| F|  |TAMS 0x0000000703400000| PB 0x0000000703400000| Untracked 
|  27|0x0000000703600000, 0x0000000703600000, 0x0000000703800000|  0%| F|  |TAMS 0x0000000703600000| PB 0x0000000703600000| Untracked 
|  28|0x0000000703800000, 0x0000000703800000, 0x0000000703a00000|  0%| F|  |TAMS 0x0000000703800000| PB 0x0000000703800000| Untracked 
|  29|0x0000000703a00000, 0x0000000703a00000, 0x0000000703c00000|  0%| F|  |TAMS 0x0000000703a00000| PB 0x0000000703a00000| Untracked 
|  30|0x0000000703c00000, 0x0000000703c00000, 0x0000000703e00000|  0%| F|  |TAMS 0x0000000703c00000| PB 0x0000000703c00000| Untracked 
|  31|0x0000000703e00000, 0x0000000703e00000, 0x0000000704000000|  0%| F|  |TAMS 0x0000000703e00000| PB 0x0000000703e00000| Untracked 
|  32|0x0000000704000000, 0x0000000704000000, 0x0000000704200000|  0%| F|  |TAMS 0x0000000704000000| PB 0x0000000704000000| Untracked 
|  33|0x0000000704200000, 0x0000000704200000, 0x0000000704400000|  0%| F|  |TAMS 0x0000000704200000| PB 0x0000000704200000| Untracked 
|  34|0x0000000704400000, 0x0000000704400000, 0x0000000704600000|  0%| F|  |TAMS 0x0000000704400000| PB 0x0000000704400000| Untracked 
|  35|0x0000000704600000, 0x0000000704600000, 0x0000000704800000|  0%| F|  |TAMS 0x0000000704600000| PB 0x0000000704600000| Untracked 
|  36|0x0000000704800000, 0x0000000704800000, 0x0000000704a00000|  0%| F|  |TAMS 0x0000000704800000| PB 0x0000000704800000| Untracked 
|  37|0x0000000704a00000, 0x0000000704a00000, 0x0000000704c00000|  0%| F|  |TAMS 0x0000000704a00000| PB 0x0000000704a00000| Untracked 
|  38|0x0000000704c00000, 0x0000000704c00000, 0x0000000704e00000|  0%| F|  |TAMS 0x0000000704c00000| PB 0x0000000704c00000| Untracked 
|  39|0x0000000704e00000, 0x0000000704e00000, 0x0000000705000000|  0%| F|  |TAMS 0x0000000704e00000| PB 0x0000000704e00000| Untracked 
|  40|0x0000000705000000, 0x0000000705000000, 0x0000000705200000|  0%| F|  |TAMS 0x0000000705000000| PB 0x0000000705000000| Untracked 
|  41|0x0000000705200000, 0x0000000705200000, 0x0000000705400000|  0%| F|  |TAMS 0x0000000705200000| PB 0x0000000705200000| Untracked 
|  42|0x0000000705400000, 0x0000000705400000, 0x0000000705600000|  0%| F|  |TAMS 0x0000000705400000| PB 0x0000000705400000| Untracked 
|  43|0x0000000705600000, 0x0000000705600000, 0x0000000705800000|  0%| F|  |TAMS 0x0000000705600000| PB 0x0000000705600000| Untracked 
|  44|0x0000000705800000, 0x0000000705800000, 0x0000000705a00000|  0%| F|  |TAMS 0x0000000705800000| PB 0x0000000705800000| Untracked 
|  45|0x0000000705a00000, 0x0000000705a00000, 0x0000000705c00000|  0%| F|  |TAMS 0x0000000705a00000| PB 0x0000000705a00000| Untracked 
|  46|0x0000000705c00000, 0x0000000705c00000, 0x0000000705e00000|  0%| F|  |TAMS 0x0000000705c00000| PB 0x0000000705c00000| Untracked 
|  47|0x0000000705e00000, 0x0000000705e00000, 0x0000000706000000|  0%| F|  |TAMS 0x0000000705e00000| PB 0x0000000705e00000| Untracked 
|  48|0x0000000706000000, 0x0000000706000000, 0x0000000706200000|  0%| F|  |TAMS 0x0000000706000000| PB 0x0000000706000000| Untracked 
|  49|0x0000000706200000, 0x0000000706200000, 0x0000000706400000|  0%| F|  |TAMS 0x0000000706200000| PB 0x0000000706200000| Untracked 
|  50|0x0000000706400000, 0x0000000706400000, 0x0000000706600000|  0%| F|  |TAMS 0x0000000706400000| PB 0x0000000706400000| Untracked 
|  51|0x0000000706600000, 0x0000000706600000, 0x0000000706800000|  0%| F|  |TAMS 0x0000000706600000| PB 0x0000000706600000| Untracked 
|  52|0x0000000706800000, 0x0000000706800000, 0x0000000706a00000|  0%| F|  |TAMS 0x0000000706800000| PB 0x0000000706800000| Untracked 
|  53|0x0000000706a00000, 0x0000000706a00000, 0x0000000706c00000|  0%| F|  |TAMS 0x0000000706a00000| PB 0x0000000706a00000| Untracked 
|  54|0x0000000706c00000, 0x0000000706c00000, 0x0000000706e00000|  0%| F|  |TAMS 0x0000000706c00000| PB 0x0000000706c00000| Untracked 
|  55|0x0000000706e00000, 0x0000000706e00000, 0x0000000707000000|  0%| F|  |TAMS 0x0000000706e00000| PB 0x0000000706e00000| Untracked 
|  56|0x0000000707000000, 0x0000000707000000, 0x0000000707200000|  0%| F|  |TAMS 0x0000000707000000| PB 0x0000000707000000| Untracked 
|  57|0x0000000707200000, 0x0000000707200000, 0x0000000707400000|  0%| F|  |TAMS 0x0000000707200000| PB 0x0000000707200000| Untracked 
|  58|0x0000000707400000, 0x0000000707400000, 0x0000000707600000|  0%| F|  |TAMS 0x0000000707400000| PB 0x0000000707400000| Untracked 
|  59|0x0000000707600000, 0x0000000707600000, 0x0000000707800000|  0%| F|  |TAMS 0x0000000707600000| PB 0x0000000707600000| Untracked 
|  60|0x0000000707800000, 0x0000000707800000, 0x0000000707a00000|  0%| F|  |TAMS 0x0000000707800000| PB 0x0000000707800000| Untracked 
|  61|0x0000000707a00000, 0x0000000707a00000, 0x0000000707c00000|  0%| F|  |TAMS 0x0000000707a00000| PB 0x0000000707a00000| Untracked 
|  62|0x0000000707c00000, 0x0000000707c00000, 0x0000000707e00000|  0%| F|  |TAMS 0x0000000707c00000| PB 0x0000000707c00000| Untracked 
|  63|0x0000000707e00000, 0x0000000707e00000, 0x0000000708000000|  0%| F|  |TAMS 0x0000000707e00000| PB 0x0000000707e00000| Untracked 
|  64|0x0000000708000000, 0x0000000708000000, 0x0000000708200000|  0%| F|  |TAMS 0x0000000708000000| PB 0x0000000708000000| Untracked 
|  65|0x0000000708200000, 0x0000000708200000, 0x0000000708400000|  0%| F|  |TAMS 0x0000000708200000| PB 0x0000000708200000| Untracked 
|  66|0x0000000708400000, 0x0000000708400000, 0x0000000708600000|  0%| F|  |TAMS 0x0000000708400000| PB 0x0000000708400000| Untracked 
|  67|0x0000000708600000, 0x0000000708600000, 0x0000000708800000|  0%| F|  |TAMS 0x0000000708600000| PB 0x0000000708600000| Untracked 
|  68|0x0000000708800000, 0x0000000708800000, 0x0000000708a00000|  0%| F|  |TAMS 0x0000000708800000| PB 0x0000000708800000| Untracked 
|  69|0x0000000708a00000, 0x0000000708a00000, 0x0000000708c00000|  0%| F|  |TAMS 0x0000000708a00000| PB 0x0000000708a00000| Untracked 
|  70|0x0000000708c00000, 0x0000000708c00000, 0x0000000708e00000|  0%| F|  |TAMS 0x0000000708c00000| PB 0x0000000708c00000| Untracked 
|  71|0x0000000708e00000, 0x0000000708e00000, 0x0000000709000000|  0%| F|  |TAMS 0x0000000708e00000| PB 0x0000000708e00000| Untracked 
|  72|0x0000000709000000, 0x0000000709000000, 0x0000000709200000|  0%| F|  |TAMS 0x0000000709000000| PB 0x0000000709000000| Untracked 
|  73|0x0000000709200000, 0x0000000709200000, 0x0000000709400000|  0%| F|  |TAMS 0x0000000709200000| PB 0x0000000709200000| Untracked 
|  74|0x0000000709400000, 0x0000000709400000, 0x0000000709600000|  0%| F|  |TAMS 0x0000000709400000| PB 0x0000000709400000| Untracked 
|  75|0x0000000709600000, 0x0000000709600000, 0x0000000709800000|  0%| F|  |TAMS 0x0000000709600000| PB 0x0000000709600000| Untracked 
|  76|0x0000000709800000, 0x0000000709800000, 0x0000000709a00000|  0%| F|  |TAMS 0x0000000709800000| PB 0x0000000709800000| Untracked 
|  77|0x0000000709a00000, 0x0000000709a00000, 0x0000000709c00000|  0%| F|  |TAMS 0x0000000709a00000| PB 0x0000000709a00000| Untracked 
|  78|0x0000000709c00000, 0x0000000709c00000, 0x0000000709e00000|  0%| F|  |TAMS 0x0000000709c00000| PB 0x0000000709c00000| Untracked 
|  79|0x0000000709e00000, 0x0000000709e00000, 0x000000070a000000|  0%| F|  |TAMS 0x0000000709e00000| PB 0x0000000709e00000| Untracked 
|  80|0x000000070a000000, 0x000000070a000000, 0x000000070a200000|  0%| F|  |TAMS 0x000000070a000000| PB 0x000000070a000000| Untracked 
|  81|0x000000070a200000, 0x000000070a200000, 0x000000070a400000|  0%| F|  |TAMS 0x000000070a200000| PB 0x000000070a200000| Untracked 
|  82|0x000000070a400000, 0x000000070a400000, 0x000000070a600000|  0%| F|  |TAMS 0x000000070a400000| PB 0x000000070a400000| Untracked 
|  83|0x000000070a600000, 0x000000070a600000, 0x000000070a800000|  0%| F|  |TAMS 0x000000070a600000| PB 0x000000070a600000| Untracked 
|  84|0x000000070a800000, 0x000000070a800000, 0x000000070aa00000|  0%| F|  |TAMS 0x000000070a800000| PB 0x000000070a800000| Untracked 
|  85|0x000000070aa00000, 0x000000070aa00000, 0x000000070ac00000|  0%| F|  |TAMS 0x000000070aa00000| PB 0x000000070aa00000| Untracked 
|  86|0x000000070ac00000, 0x000000070ac00000, 0x000000070ae00000|  0%| F|  |TAMS 0x000000070ac00000| PB 0x000000070ac00000| Untracked 
|  87|0x000000070ae00000, 0x000000070ae00000, 0x000000070b000000|  0%| F|  |TAMS 0x000000070ae00000| PB 0x000000070ae00000| Untracked 
|  88|0x000000070b000000, 0x000000070b000000, 0x000000070b200000|  0%| F|  |TAMS 0x000000070b000000| PB 0x000000070b000000| Untracked 
|  89|0x000000070b200000, 0x000000070b200000, 0x000000070b400000|  0%| F|  |TAMS 0x000000070b200000| PB 0x000000070b200000| Untracked 
|  90|0x000000070b400000, 0x000000070b400000, 0x000000070b600000|  0%| F|  |TAMS 0x000000070b400000| PB 0x000000070b400000| Untracked 
|  91|0x000000070b600000, 0x000000070b600000, 0x000000070b800000|  0%| F|  |TAMS 0x000000070b600000| PB 0x000000070b600000| Untracked 
|  92|0x000000070b800000, 0x000000070b800000, 0x000000070ba00000|  0%| F|  |TAMS 0x000000070b800000| PB 0x000000070b800000| Untracked 
|  93|0x000000070ba00000, 0x000000070ba00000, 0x000000070bc00000|  0%| F|  |TAMS 0x000000070ba00000| PB 0x000000070ba00000| Untracked 
|  94|0x000000070bc00000, 0x000000070bc00000, 0x000000070be00000|  0%| F|  |TAMS 0x000000070bc00000| PB 0x000000070bc00000| Untracked 
|  95|0x000000070be00000, 0x000000070be00000, 0x000000070c000000|  0%| F|  |TAMS 0x000000070be00000| PB 0x000000070be00000| Untracked 
|  96|0x000000070c000000, 0x000000070c000000, 0x000000070c200000|  0%| F|  |TAMS 0x000000070c000000| PB 0x000000070c000000| Untracked 
|  97|0x000000070c200000, 0x000000070c200000, 0x000000070c400000|  0%| F|  |TAMS 0x000000070c200000| PB 0x000000070c200000| Untracked 
|  98|0x000000070c400000, 0x000000070c400000, 0x000000070c600000|  0%| F|  |TAMS 0x000000070c400000| PB 0x000000070c400000| Untracked 
|  99|0x000000070c600000, 0x000000070c600000, 0x000000070c800000|  0%| F|  |TAMS 0x000000070c600000| PB 0x000000070c600000| Untracked 
| 100|0x000000070c800000, 0x000000070c800000, 0x000000070ca00000|  0%| F|  |TAMS 0x000000070c800000| PB 0x000000070c800000| Untracked 
| 101|0x000000070ca00000, 0x000000070ca00000, 0x000000070cc00000|  0%| F|  |TAMS 0x000000070ca00000| PB 0x000000070ca00000| Untracked 
| 102|0x000000070cc00000, 0x000000070cc00000, 0x000000070ce00000|  0%| F|  |TAMS 0x000000070cc00000| PB 0x000000070cc00000| Untracked 
| 103|0x000000070ce00000, 0x000000070ce00000, 0x000000070d000000|  0%| F|  |TAMS 0x000000070ce00000| PB 0x000000070ce00000| Untracked 
| 104|0x000000070d000000, 0x000000070d000000, 0x000000070d200000|  0%| F|  |TAMS 0x000000070d000000| PB 0x000000070d000000| Untracked 
| 105|0x000000070d200000, 0x000000070d200000, 0x000000070d400000|  0%| F|  |TAMS 0x000000070d200000| PB 0x000000070d200000| Untracked 
| 106|0x000000070d400000, 0x000000070d400000, 0x000000070d600000|  0%| F|  |TAMS 0x000000070d400000| PB 0x000000070d400000| Untracked 
| 107|0x000000070d600000, 0x000000070d600000, 0x000000070d800000|  0%| F|  |TAMS 0x000000070d600000| PB 0x000000070d600000| Untracked 
| 108|0x000000070d800000, 0x000000070d800000, 0x000000070da00000|  0%| F|  |TAMS 0x000000070d800000| PB 0x000000070d800000| Untracked 
| 109|0x000000070da00000, 0x000000070dacf608, 0x000000070dc00000| 40%| E|  |TAMS 0x000000070da00000| PB 0x000000070da00000| Complete 
| 110|0x000000070dc00000, 0x000000070de00000, 0x000000070de00000|100%| E|CS|TAMS 0x000000070dc00000| PB 0x000000070dc00000| Complete 
| 111|0x000000070de00000, 0x000000070e000000, 0x000000070e000000|100%| E|CS|TAMS 0x000000070de00000| PB 0x000000070de00000| Complete 
| 112|0x000000070e000000, 0x000000070e200000, 0x000000070e200000|100%| E|CS|TAMS 0x000000070e000000| PB 0x000000070e000000| Complete 
| 113|0x000000070e200000, 0x000000070e400000, 0x000000070e400000|100%| S|CS|TAMS 0x000000070e200000| PB 0x000000070e200000| Complete 
| 114|0x000000070e400000, 0x000000070e600000, 0x000000070e600000|100%| S|CS|TAMS 0x000000070e400000| PB 0x000000070e400000| Complete 
| 115|0x000000070e600000, 0x000000070e800000, 0x000000070e800000|100%| S|CS|TAMS 0x000000070e600000| PB 0x000000070e600000| Complete 
| 116|0x000000070e800000, 0x000000070ea00000, 0x000000070ea00000|100%| S|CS|TAMS 0x000000070e800000| PB 0x000000070e800000| Complete 
| 117|0x000000070ea00000, 0x000000070ec00000, 0x000000070ec00000|100%| E|CS|TAMS 0x000000070ea00000| PB 0x000000070ea00000| Complete 
| 118|0x000000070ec00000, 0x000000070ee00000, 0x000000070ee00000|100%| E|CS|TAMS 0x000000070ec00000| PB 0x000000070ec00000| Complete 
| 119|0x000000070ee00000, 0x000000070f000000, 0x000000070f000000|100%| E|CS|TAMS 0x000000070ee00000| PB 0x000000070ee00000| Complete 
| 120|0x000000070f000000, 0x000000070f200000, 0x000000070f200000|100%| E|CS|TAMS 0x000000070f000000| PB 0x000000070f000000| Complete 
| 121|0x000000070f200000, 0x000000070f400000, 0x000000070f400000|100%| E|CS|TAMS 0x000000070f200000| PB 0x000000070f200000| Complete 
| 122|0x000000070f400000, 0x000000070f600000, 0x000000070f600000|100%| E|CS|TAMS 0x000000070f400000| PB 0x000000070f400000| Complete 
| 123|0x000000070f600000, 0x000000070f800000, 0x000000070f800000|100%| E|CS|TAMS 0x000000070f600000| PB 0x000000070f600000| Complete 
| 124|0x000000070f800000, 0x000000070fa00000, 0x000000070fa00000|100%| E|CS|TAMS 0x000000070f800000| PB 0x000000070f800000| Complete 
| 125|0x000000070fa00000, 0x000000070fc00000, 0x000000070fc00000|100%| E|CS|TAMS 0x000000070fa00000| PB 0x000000070fa00000| Complete 
| 126|0x000000070fc00000, 0x000000070fe00000, 0x000000070fe00000|100%| E|CS|TAMS 0x000000070fc00000| PB 0x000000070fc00000| Complete 
| 127|0x000000070fe00000, 0x0000000710000000, 0x0000000710000000|100%| E|CS|TAMS 0x000000070fe00000| PB 0x000000070fe00000| Complete 
| 128|0x0000000710000000, 0x0000000710200000, 0x0000000710200000|100%| E|CS|TAMS 0x0000000710000000| PB 0x0000000710000000| Complete 
| 129|0x0000000710200000, 0x0000000710400000, 0x0000000710400000|100%| E|CS|TAMS 0x0000000710200000| PB 0x0000000710200000| Complete 
| 130|0x0000000710400000, 0x0000000710600000, 0x0000000710600000|100%| E|CS|TAMS 0x0000000710400000| PB 0x0000000710400000| Complete 
| 131|0x0000000710600000, 0x0000000710800000, 0x0000000710800000|100%| E|CS|TAMS 0x0000000710600000| PB 0x0000000710600000| Complete 
| 132|0x0000000710800000, 0x0000000710a00000, 0x0000000710a00000|100%| E|CS|TAMS 0x0000000710800000| PB 0x0000000710800000| Complete 
| 133|0x0000000710a00000, 0x0000000710c00000, 0x0000000710c00000|100%| E|CS|TAMS 0x0000000710a00000| PB 0x0000000710a00000| Complete 
| 134|0x0000000710c00000, 0x0000000710e00000, 0x0000000710e00000|100%| E|CS|TAMS 0x0000000710c00000| PB 0x0000000710c00000| Complete 
| 135|0x0000000710e00000, 0x0000000711000000, 0x0000000711000000|100%| E|CS|TAMS 0x0000000710e00000| PB 0x0000000710e00000| Complete 
| 136|0x0000000711000000, 0x0000000711200000, 0x0000000711200000|100%| E|CS|TAMS 0x0000000711000000| PB 0x0000000711000000| Complete 
| 137|0x0000000711200000, 0x0000000711400000, 0x0000000711400000|100%| E|CS|TAMS 0x0000000711200000| PB 0x0000000711200000| Complete 
| 138|0x0000000711400000, 0x0000000711600000, 0x0000000711600000|100%| E|CS|TAMS 0x0000000711400000| PB 0x0000000711400000| Complete 
| 139|0x0000000711600000, 0x0000000711800000, 0x0000000711800000|100%| E|CS|TAMS 0x0000000711600000| PB 0x0000000711600000| Complete 
| 140|0x0000000711800000, 0x0000000711a00000, 0x0000000711a00000|100%| E|CS|TAMS 0x0000000711800000| PB 0x0000000711800000| Complete 
| 141|0x0000000711a00000, 0x0000000711c00000, 0x0000000711c00000|100%| E|CS|TAMS 0x0000000711a00000| PB 0x0000000711a00000| Complete 
| 142|0x0000000711c00000, 0x0000000711e00000, 0x0000000711e00000|100%| E|CS|TAMS 0x0000000711c00000| PB 0x0000000711c00000| Complete 

Card table byte_map: [0x000002b0245b0000,0x000002b024db0000] _byte_map_base: 0x000002b020db0000

Marking Bits: (CMBitMap*) 0x000002b00c1e93f0
 Bits: [0x000002b024db0000, 0x000002b028db0000)

Polling page: 0x000002b00b940000

Metaspace:

Usage:
  Non-class:     15.45 MB used.
      Class:      2.47 MB used.
       Both:     17.92 MB used.

Virtual space:
  Non-class space:       64.00 MB reserved,      15.75 MB ( 25%) committed,  1 nodes.
      Class space:        1.00 GB reserved,       2.75 MB ( <1%) committed,  1 nodes.
             Both:        1.06 GB reserved,      18.50 MB (  2%) committed. 

Chunk freelists:
   Non-Class:  15.91 MB
       Class:  13.22 MB
        Both:  29.13 MB

MaxMetaspaceSize: 2.00 GB
CompressedClassSpaceSize: 1.00 GB
Initial GC threshold: 21.00 MB
Current GC threshold: 21.00 MB
CDS: on
 - commit_granule_bytes: 65536.
 - commit_granule_words: 8192.
 - virtual_space_node_default_size: 8388608.
 - enlarge_chunks_in_place: 1.
 - use_allocation_guard: 0.


Internal statistics:

num_allocs_failed_limit: 0.
num_arena_births: 696.
num_arena_deaths: 0.
num_vsnodes_births: 2.
num_vsnodes_deaths: 0.
num_space_committed: 296.
num_space_uncommitted: 0.
num_chunks_returned_to_freelist: 0.
num_chunks_taken_from_freelist: 1356.
num_chunk_merges: 0.
num_chunk_splits: 880.
num_chunks_enlarged: 580.
num_inconsistent_stats: 0.

CodeHeap 'non-profiled nmethods': size=120000Kb used=1462Kb max_used=1462Kb free=118538Kb
 bounds [0x000002b01c330000, 0x000002b01c5a0000, 0x000002b023860000]
CodeHeap 'profiled nmethods': size=120000Kb used=5766Kb max_used=5766Kb free=114233Kb
 bounds [0x000002b014860000, 0x000002b014e10000, 0x000002b01bd90000]
CodeHeap 'non-nmethods': size=5760Kb used=1497Kb max_used=1509Kb free=4263Kb
 bounds [0x000002b01bd90000, 0x000002b01c000000, 0x000002b01c330000]
 total_blobs=3475 nmethods=2903 adapters=476
 compilation: enabled
              stopped_count=0, restarted_count=0
 full_count=0

Compilation events (20 events):
Event: 2.941 Thread 0x000002b02ba431f0 2899       3       sun.reflect.annotation.AnnotationParser::parseMemberValue (230 bytes)
Event: 2.944 Thread 0x000002b02ba431f0 nmethod 2899 0x000002b014df7390 code [0x000002b014df78a0, 0x000002b014df9d60]
Event: 2.954 Thread 0x000002b02ba431f0 2900   !   3       org.gradle.internal.classloader.TransformingClassLoader::findClass (203 bytes)
Event: 2.957 Thread 0x000002b02ba431f0 nmethod 2900 0x000002b014dfa990 code [0x000002b014dfaea0, 0x000002b014dfd258]
Event: 2.957 Thread 0x000002b02ba431f0 2901       3       org.gradle.initialization.MixInLegacyTypesClassLoader::shouldTransform (42 bytes)
Event: 2.957 Thread 0x000002b02ba431f0 nmethod 2901 0x000002b014dfe210 code [0x000002b014dfe3e0, 0x000002b014dfe7e0]
Event: 3.005 Thread 0x000002b02ba431f0 2902       3       java.lang.invoke.Invokers$Holder::linkToTargetMethod (11 bytes)
Event: 3.005 Thread 0x000002b02ba431f0 nmethod 2902 0x000002b014dfe990 code [0x000002b014dfeb60, 0x000002b014dfefb0]
Event: 3.059 Thread 0x000002b02ba431f0 2903       3       jdk.internal.reflect.ReflectionFactory::copyConstructor (11 bytes)
Event: 3.059 Thread 0x000002b02ba431f0 nmethod 2903 0x000002b014dff090 code [0x000002b014dff240, 0x000002b014dff438]
Event: 3.060 Thread 0x000002b02ba431f0 2904       3       java.lang.reflect.ReflectAccess::copyConstructor (5 bytes)
Event: 3.060 Thread 0x000002b02ba431f0 nmethod 2904 0x000002b014dff590 code [0x000002b014dff740, 0x000002b014dff880]
Event: 3.072 Thread 0x000002b02ba431f0 2905       3       java.lang.Class::privateGetDeclaredConstructors (79 bytes)
Event: 3.072 Thread 0x000002b02ba431f0 nmethod 2905 0x000002b014dff990 code [0x000002b014dffba0, 0x000002b014e000b8]
Event: 3.227 Thread 0x000002b02ba431f0 2907       3       sun.reflect.annotation.AnnotationParser$$Lambda/0x000002b02d05f668::get (16 bytes)
Event: 3.227 Thread 0x000002b02ba431f0 nmethod 2907 0x000002b014e00290 code [0x000002b014e00440, 0x000002b014e005f8]
Event: 3.227 Thread 0x000002b02ba431f0 2908       3       sun.reflect.annotation.AnnotationParser::lambda$parseClassArray$0 (7 bytes)
Event: 3.227 Thread 0x000002b02ba431f0 nmethod 2908 0x000002b014e00710 code [0x000002b014e008c0, 0x000002b014e009d8]
Event: 3.231 Thread 0x000002b02ba431f0 2909       3       sun.reflect.annotation.AnnotationInvocationHandler::<init> (71 bytes)
Event: 3.232 Thread 0x000002b02ba431f0 nmethod 2909 0x000002b014e00a90 code [0x000002b014e00d20, 0x000002b014e01730]

GC Heap History (6 events):
Event: 0.400 GC heap before
{Heap before GC invocations=0 (full 0):
 garbage-first heap   total 292864K, used 22528K [0x0000000700000000, 0x0000000800000000)
  region size 2048K, 11 young (22528K), 0 survivors (0K)
 Metaspace       used 1103K, committed 1216K, reserved 1114112K
  class space    used 77K, committed 128K, reserved 1048576K
}
Event: 0.404 GC heap after
{Heap after GC invocations=1 (full 0):
 garbage-first heap   total 292864K, used 4343K [0x0000000700000000, 0x0000000800000000)
  region size 2048K, 2 young (4096K), 2 survivors (4096K)
 Metaspace       used 1103K, committed 1216K, reserved 1114112K
  class space    used 77K, committed 128K, reserved 1048576K
}
Event: 1.009 GC heap before
{Heap before GC invocations=1 (full 0):
 garbage-first heap   total 292864K, used 45303K [0x0000000700000000, 0x0000000800000000)
  region size 2048K, 20 young (40960K), 2 survivors (4096K)
 Metaspace       used 4331K, committed 4544K, reserved 1114112K
  class space    used 525K, committed 640K, reserved 1048576K
}
Event: 1.015 GC heap after
{Heap after GC invocations=2 (full 0):
 garbage-first heap   total 292864K, used 11719K [0x0000000700000000, 0x0000000800000000)
  region size 2048K, 2 young (4096K), 2 survivors (4096K)
 Metaspace       used 4331K, committed 4544K, reserved 1114112K
  class space    used 525K, committed 640K, reserved 1048576K
}
Event: 1.551 GC heap before
{Heap before GC invocations=2 (full 0):
 garbage-first heap   total 292864K, used 60871K [0x0000000700000000, 0x0000000800000000)
  region size 2048K, 26 young (53248K), 2 survivors (4096K)
 Metaspace       used 7448K, committed 7744K, reserved 1114112K
  class space    used 974K, committed 1088K, reserved 1048576K
}
Event: 1.556 GC heap after
{Heap after GC invocations=3 (full 0):
 garbage-first heap   total 292864K, used 18070K [0x0000000700000000, 0x0000000800000000)
  region size 2048K, 4 young (8192K), 4 survivors (8192K)
 Metaspace       used 7448K, committed 7744K, reserved 1114112K
  class space    used 974K, committed 1088K, reserved 1048576K
}

Dll operation events (15 events):
Event: 0.008 Loaded shared library C:\Users\Joseph Frank\AppData\Roaming\Code\User\globalStorage\pleiades.java-extension-pack-jdk\java\21\bin\java.dll
Event: 0.040 Loaded shared library C:\Users\Joseph Frank\AppData\Roaming\Code\User\globalStorage\pleiades.java-extension-pack-jdk\java\21\bin\jsvml.dll
Event: 0.080 Loaded shared library C:\Users\Joseph Frank\AppData\Roaming\Code\User\globalStorage\pleiades.java-extension-pack-jdk\java\21\bin\zip.dll
Event: 0.083 Loaded shared library C:\Users\Joseph Frank\AppData\Roaming\Code\User\globalStorage\pleiades.java-extension-pack-jdk\java\21\bin\instrument.dll
Event: 0.088 Loaded shared library C:\Users\Joseph Frank\AppData\Roaming\Code\User\globalStorage\pleiades.java-extension-pack-jdk\java\21\bin\net.dll
Event: 0.090 Loaded shared library C:\Users\Joseph Frank\AppData\Roaming\Code\User\globalStorage\pleiades.java-extension-pack-jdk\java\21\bin\nio.dll
Event: 0.094 Loaded shared library C:\Users\Joseph Frank\AppData\Roaming\Code\User\globalStorage\pleiades.java-extension-pack-jdk\java\21\bin\zip.dll
Event: 0.301 Loaded shared library C:\Users\Joseph Frank\AppData\Roaming\Code\User\globalStorage\pleiades.java-extension-pack-jdk\java\21\bin\jimage.dll
Event: 0.448 Loaded shared library C:\Users\Joseph Frank\AppData\Roaming\Code\User\globalStorage\pleiades.java-extension-pack-jdk\java\21\bin\verify.dll
Event: 0.629 Loaded shared library C:\Users\Joseph Frank\.gradle\native\c067742578af261105cb4f569cf0c3c89f3d7b1fecec35dd04571415982c5e48\windows-amd64\native-platform.dll
Event: 0.634 Loaded shared library C:\Users\Joseph Frank\.gradle\native\100fb08df4bc3b14c8652ba06237920a3bd2aa13389f12d3474272988ae205f9\windows-amd64\native-platform-file-events.dll
Event: 1.441 Loaded shared library C:\Users\Joseph Frank\AppData\Roaming\Code\User\globalStorage\pleiades.java-extension-pack-jdk\java\21\bin\management.dll
Event: 1.444 Loaded shared library C:\Users\Joseph Frank\AppData\Roaming\Code\User\globalStorage\pleiades.java-extension-pack-jdk\java\21\bin\management_ext.dll
Event: 1.642 Loaded shared library C:\Users\Joseph Frank\AppData\Roaming\Code\User\globalStorage\pleiades.java-extension-pack-jdk\java\21\bin\extnet.dll
Event: 1.801 Loaded shared library C:\Users\Joseph Frank\AppData\Roaming\Code\User\globalStorage\pleiades.java-extension-pack-jdk\java\21\bin\sunmscapi.dll

Deoptimization events (20 events):
Event: 2.608 Thread 0x000002b07261f3a0 DEOPT PACKING pc=0x000002b01c35ce68 sp=0x000000dd862fb970
Event: 2.608 Thread 0x000002b07261f3a0 DEOPT UNPACKING pc=0x000002b01bde46a2 sp=0x000000dd862fb908 mode 2
Event: 2.610 Thread 0x000002b07261f3a0 Uncommon trap: trap_request=0xffffff45 fr.pc=0x000002b01c3cbc9c relative=0x000000000000063c
Event: 2.610 Thread 0x000002b07261f3a0 Uncommon trap: reason=unstable_if action=reinterpret pc=0x000002b01c3cbc9c method=java.io.File.getName()Ljava/lang/String; @ 16 c2
Event: 2.610 Thread 0x000002b07261f3a0 DEOPT PACKING pc=0x000002b01c3cbc9c sp=0x000000dd862fb930
Event: 2.610 Thread 0x000002b07261f3a0 DEOPT UNPACKING pc=0x000002b01bde46a2 sp=0x000000dd862fb900 mode 2
Event: 2.700 Thread 0x000002b07261f3a0 Uncommon trap: trap_request=0xffffff45 fr.pc=0x000002b01c35ea94 relative=0x00000000000000f4
Event: 2.700 Thread 0x000002b07261f3a0 Uncommon trap: reason=unstable_if action=reinterpret pc=0x000002b01c35ea94 method=java.util.HashMap.hash(Ljava/lang/Object;)I @ 1 c2
Event: 2.700 Thread 0x000002b07261f3a0 DEOPT PACKING pc=0x000002b01c35ea94 sp=0x000000dd862fc750
Event: 2.700 Thread 0x000002b07261f3a0 DEOPT UNPACKING pc=0x000002b01bde46a2 sp=0x000000dd862fc690 mode 2
Event: 2.734 Thread 0x000002b07261f3a0 DEOPT PACKING pc=0x000002b014cdcfd5 sp=0x000000dd862fc080
Event: 2.734 Thread 0x000002b07261f3a0 DEOPT UNPACKING pc=0x000002b01bde4e42 sp=0x000000dd862fb590 mode 0
Event: 2.760 Thread 0x000002b07261f3a0 DEOPT PACKING pc=0x000002b014cdcff6 sp=0x000000dd862fd250
Event: 2.760 Thread 0x000002b07261f3a0 DEOPT UNPACKING pc=0x000002b01bde4e42 sp=0x000000dd862fc760 mode 0
Event: 3.040 Thread 0x000002b07261f3a0 DEOPT PACKING pc=0x000002b014cdcfd5 sp=0x000000dd862f6460
Event: 3.040 Thread 0x000002b07261f3a0 DEOPT UNPACKING pc=0x000002b01bde4e42 sp=0x000000dd862f5970 mode 0
Event: 3.180 Thread 0x000002b07261f3a0 DEOPT PACKING pc=0x000002b014cdcff6 sp=0x000000dd862fc110
Event: 3.180 Thread 0x000002b07261f3a0 DEOPT UNPACKING pc=0x000002b01bde4e42 sp=0x000000dd862fb620 mode 0
Event: 3.238 Thread 0x000002b07261f3a0 DEOPT PACKING pc=0x000002b014cdcff6 sp=0x000000dd862fc1d0
Event: 3.238 Thread 0x000002b07261f3a0 DEOPT UNPACKING pc=0x000002b01bde4e42 sp=0x000000dd862fb6e0 mode 0

Classes loaded (20 events):
Event: 2.832 Loading class java/util/Collections$2
Event: 2.832 Loading class java/util/Collections$2 done
Event: 2.889 Loading class java/io/ObjectOutputStream$BlockDataOutputStream
Event: 2.889 Loading class java/io/ObjectOutputStream$BlockDataOutputStream done
Event: 2.889 Loading class java/io/ObjectOutputStream$HandleTable
Event: 2.889 Loading class java/io/ObjectOutputStream$HandleTable done
Event: 2.889 Loading class java/io/ObjectOutputStream$ReplaceTable
Event: 2.889 Loading class java/io/ObjectOutputStream$ReplaceTable done
Event: 2.896 Loading class java/io/UnsupportedEncodingException
Event: 2.896 Loading class java/io/UnsupportedEncodingException done
Event: 2.896 Loading class java/nio/charset/CharacterCodingException
Event: 2.896 Loading class java/nio/charset/CharacterCodingException done
Event: 2.896 Loading class java/util/stream/IntStream
Event: 2.897 Loading class java/util/stream/IntStream done
Event: 3.043 Loading class java/util/function/LongFunction
Event: 3.043 Loading class java/util/function/LongFunction done
Event: 3.206 Loading class java/security/InvalidKeyException
Event: 3.206 Loading class java/security/KeyException
Event: 3.206 Loading class java/security/KeyException done
Event: 3.206 Loading class java/security/InvalidKeyException done

Classes unloaded (0 events):
No events

Classes redefined (0 events):
No events

Internal exceptions (20 events):
Event: 2.666 Thread 0x000002b07261f3a0 Exception <a 'java/lang/NoSuchMethodError'{0x000000070f357358}: 'java.lang.Object java.lang.invoke.DirectMethodHandle$Holder.invokeInterface(java.lang.Object, java.lang.Object, java.lang.Object)'> (0x000000070f357358) 
thrown [s\src\hotspot\share\interpreter\linkResolver.cpp, line 773]
Event: 2.666 Thread 0x000002b07261f3a0 Exception <a 'java/lang/IncompatibleClassChangeError'{0x000000070f35acc0}: Found class java.lang.Object, but interface was expected> (0x000000070f35acc0) 
thrown [s\src\hotspot\share\interpreter\linkResolver.cpp, line 840]
Event: 2.700 Thread 0x000002b07261f3a0 Implicit null exception at 0x000002b01c35e9e6 to 0x000002b01c35ea8a
Event: 2.718 Thread 0x000002b07261f3a0 Exception <a 'java/lang/NoSuchMethodError'{0x000000070f13b1c0}: 'int java.lang.invoke.DirectMethodHandle$Holder.invokeStatic(java.lang.Object, java.lang.Object, java.lang.Object, java.lang.Object)'> (0x000000070f13b1c0) 
thrown [s\src\hotspot\share\interpreter\linkResolver.cpp, line 773]
Event: 2.761 Thread 0x000002b07261f3a0 Exception <a 'java/lang/NoSuchMethodError'{0x000000070ef162b8}: 'java.lang.Object java.lang.invoke.DelegatingMethodHandle$Holder.reinvoke_L(java.lang.Object, java.lang.Object, java.lang.Object, java.lang.Object, java.lang.Object, java.lang.Object, java.lang.Object, java.lang.Object, java.lang.Object, java.lang.Object, java.lang.Object, java.lang.Object, java.lang.Object, java.lang.Object, java.lang.Object, java.lang.Object, java.lang.Object, java.lang.Object, java.lang.Object, java.lang.Object, java.lang.O
Event: 2.767 Thread 0x000002b07261f3a0 Exception <a 'java/lang/NoSuchMethodError'{0x000000070ef83a50}: 'java.lang.Object java.lang.invoke.DirectMethodHandle$Holder.invokeStatic(java.lang.Object, java.lang.Object, java.lang.Object, java.lang.Object, java.lang.Object, java.lang.Object, java.lang.Object, java.lang.Object, java.lang.Object, java.lang.Object, java.lang.Object, java.lang.Object, java.lang.Object, java.lang.Object, java.lang.Object, java.lang.Object, java.lang.Object)'> (0x000000070ef83a50) 
thrown [s\src\hotspot\share\interpreter\lin
Event: 2.769 Thread 0x000002b07261f3a0 Exception <a 'java/lang/NoSuchMethodError'{0x000000070efad3e8}: 'java.lang.Object java.lang.invoke.DirectMethodHandle$Holder.invokeStatic(java.lang.Object, java.lang.Object, java.lang.Object, java.lang.Object, java.lang.Object, java.lang.Object, java.lang.Object, java.lang.Object, java.lang.Object, java.lang.Object, java.lang.Object, java.lang.Object, java.lang.Object, java.lang.Object, java.lang.Object, java.lang.Object, java.lang.Object, java.lang.Object)'> (0x000000070efad3e8) 
thrown [s\src\hotspot\sha
Event: 2.770 Thread 0x000002b07261f3a0 Exception <a 'java/lang/NoSuchMethodError'{0x000000070efd74b0}: 'java.lang.Object java.lang.invoke.DirectMethodHandle$Holder.invokeStatic(java.lang.Object, java.lang.Object, java.lang.Object, java.lang.Object, java.lang.Object, java.lang.Object, java.lang.Object, java.lang.Object, java.lang.Object, java.lang.Object, java.lang.Object, java.lang.Object, java.lang.Object, java.lang.Object, java.lang.Object, java.lang.Object, java.lang.Object, java.lang.Object, java.lang.Object)'> (0x000000070efd74b0) 
thrown 
Event: 2.773 Thread 0x000002b07261f3a0 Exception <a 'java/lang/NoSuchMethodError'{0x000000070ec03d68}: 'java.lang.Object java.lang.invoke.DirectMethodHandle$Holder.invokeStatic(java.lang.Object, java.lang.Object, java.lang.Object, java.lang.Object, java.lang.Object, java.lang.Object, java.lang.Object, java.lang.Object, java.lang.Object, java.lang.Object, java.lang.Object, java.lang.Object, java.lang.Object, java.lang.Object, java.lang.Object, java.lang.Object, java.lang.Object, java.lang.Object, java.lang.Object, java.lang.Object)'> (0x00000007
Event: 2.775 Thread 0x000002b07261f3a0 Exception <a 'java/lang/NoSuchMethodError'{0x000000070ec304a0}: 'java.lang.Object java.lang.invoke.DirectMethodHandle$Holder.invokeStatic(java.lang.Object, java.lang.Object, java.lang.Object, java.lang.Object, java.lang.Object, java.lang.Object, java.lang.Object, java.lang.Object, java.lang.Object, java.lang.Object, java.lang.Object, java.lang.Object, java.lang.Object, java.lang.Object, java.lang.Object, java.lang.Object, java.lang.Object, java.lang.Object, java.lang.Object, java.lang.Object, java.lang.Obj
Event: 2.777 Thread 0x000002b07261f3a0 Exception <a 'java/lang/NoSuchMethodError'{0x000000070ec5dcb8}: 'java.lang.Object java.lang.invoke.DirectMethodHandle$Holder.invokeStatic(java.lang.Object, java.lang.Object, java.lang.Object, java.lang.Object, java.lang.Object, java.lang.Object, java.lang.Object, java.lang.Object, java.lang.Object, java.lang.Object, java.lang.Object, java.lang.Object, java.lang.Object, java.lang.Object, java.lang.Object, java.lang.Object, java.lang.Object, java.lang.Object, java.lang.Object, java.lang.Object, java.lang.Obj
Event: 2.778 Thread 0x000002b07261f3a0 Exception <a 'java/lang/NoSuchMethodError'{0x000000070ec8bf78}: 'java.lang.Object java.lang.invoke.DirectMethodHandle$Holder.invokeStatic(java.lang.Object, java.lang.Object, java.lang.Object, java.lang.Object, java.lang.Object, java.lang.Object, java.lang.Object, java.lang.Object, java.lang.Object, java.lang.Object, java.lang.Object, java.lang.Object, java.lang.Object, java.lang.Object, java.lang.Object, java.lang.Object, java.lang.Object, java.lang.Object, java.lang.Object, java.lang.Object, java.lang.Obj
Event: 2.781 Thread 0x000002b07261f3a0 Exception <a 'java/lang/NoSuchMethodError'{0x000000070ecbb1a8}: 'java.lang.Object java.lang.invoke.DirectMethodHandle$Holder.invokeStatic(java.lang.Object, java.lang.Object, java.lang.Object, java.lang.Object, java.lang.Object, java.lang.Object, java.lang.Object, java.lang.Object, java.lang.Object, java.lang.Object, java.lang.Object, java.lang.Object, java.lang.Object, java.lang.Object, java.lang.Object, java.lang.Object, java.lang.Object, java.lang.Object, java.lang.Object, java.lang.Object, java.lang.Obj
Event: 2.784 Thread 0x000002b07261f3a0 Exception <a 'java/lang/NoSuchMethodError'{0x000000070eceb228}: 'java.lang.Object java.lang.invoke.DirectMethodHandle$Holder.invokeStatic(java.lang.Object, java.lang.Object, java.lang.Object, java.lang.Object, java.lang.Object, java.lang.Object, java.lang.Object, java.lang.Object, java.lang.Object, java.lang.Object, java.lang.Object, java.lang.Object, java.lang.Object, java.lang.Object, java.lang.Object, java.lang.Object, java.lang.Object, java.lang.Object, java.lang.Object, java.lang.Object, java.lang.Obj
Event: 2.786 Thread 0x000002b07261f3a0 Exception <a 'java/lang/NoSuchMethodError'{0x000000070ed1c968}: 'java.lang.Object java.lang.invoke.DirectMethodHandle$Holder.invokeStatic(java.lang.Object, java.lang.Object, java.lang.Object, java.lang.Object, java.lang.Object, java.lang.Object, java.lang.Object, java.lang.Object, java.lang.Object, java.lang.Object, java.lang.Object, java.lang.Object, java.lang.Object, java.lang.Object, java.lang.Object, java.lang.Object, java.lang.Object, java.lang.Object, java.lang.Object, java.lang.Object, java.lang.Obj
Event: 2.810 Thread 0x000002b07261f3a0 Exception <a 'java/lang/IncompatibleClassChangeError'{0x000000070ea4d8c0}: Found class java.lang.Object, but interface was expected> (0x000000070ea4d8c0) 
thrown [s\src\hotspot\share\interpreter\linkResolver.cpp, line 840]
Event: 2.892 Thread 0x000002b072c78a00 Exception <a 'java/lang/NoSuchMethodError'{0x0000000710c13188}: static Lorg/gradle/internal/build/event/types/DefaultOperationStartedProgressEvent;.<clinit>()V> (0x0000000710c13188) 
thrown [s\src\hotspot\share\prims\jni.cpp, line 1111]
Event: 2.893 Thread 0x000002b072c78a00 Exception <a 'java/lang/NoSuchMethodError'{0x0000000710c147c0}: static Lorg/gradle/internal/build/event/types/AbstractProgressEvent;.<clinit>()V> (0x0000000710c147c0) 
thrown [s\src\hotspot\share\prims\jni.cpp, line 1111]
Event: 2.894 Thread 0x000002b072c78a00 Exception <a 'java/lang/NoSuchMethodError'{0x0000000710c1d3b8}: static Lorg/gradle/internal/build/event/types/DefaultOperationDescriptor;.<clinit>()V> (0x0000000710c1d3b8) 
thrown [s\src\hotspot\share\prims\jni.cpp, line 1111]
Event: 2.899 Thread 0x000002b072c78a00 Exception <a 'java/lang/NoSuchMethodError'{0x0000000710c35f28}: static Lorg/gradle/internal/operations/OperationIdentifier;.<clinit>()V> (0x0000000710c35f28) 
thrown [s\src\hotspot\share\prims\jni.cpp, line 1111]

ZGC Phase Switch (0 events):
No events

VM Operations (20 events):
Event: 1.587 Executing VM operation: HandshakeAllThreads (Deoptimize)
Event: 1.587 Executing VM operation: HandshakeAllThreads (Deoptimize) done
Event: 1.624 Executing VM operation: HandshakeAllThreads (Deoptimize)
Event: 1.624 Executing VM operation: HandshakeAllThreads (Deoptimize) done
Event: 1.699 Executing VM operation: HandshakeAllThreads (Deoptimize)
Event: 1.699 Executing VM operation: HandshakeAllThreads (Deoptimize) done
Event: 1.806 Executing VM operation: HandshakeAllThreads (Deoptimize)
Event: 1.806 Executing VM operation: HandshakeAllThreads (Deoptimize) done
Event: 2.153 Executing VM operation: ICBufferFull
Event: 2.153 Executing VM operation: ICBufferFull done
Event: 2.168 Executing VM operation: HandshakeAllThreads (Deoptimize)
Event: 2.168 Executing VM operation: HandshakeAllThreads (Deoptimize) done
Event: 2.223 Executing VM operation: HandshakeAllThreads (Deoptimize)
Event: 2.223 Executing VM operation: HandshakeAllThreads (Deoptimize) done
Event: 2.467 Executing VM operation: HandshakeAllThreads (Deoptimize)
Event: 2.467 Executing VM operation: HandshakeAllThreads (Deoptimize) done
Event: 2.792 Executing VM operation: HandshakeAllThreads (Deoptimize)
Event: 2.792 Executing VM operation: HandshakeAllThreads (Deoptimize) done
Event: 2.793 Executing VM operation: HandshakeAllThreads (Deoptimize)
Event: 2.793 Executing VM operation: HandshakeAllThreads (Deoptimize) done

Memory protections (0 events):
No events

Nmethod flushes (0 events):
No events

Events (20 events):
Event: 0.038 Thread 0x000002b00c17fd90 Thread added: 0x000002b02ba37fe0
Event: 0.038 Thread 0x000002b00c17fd90 Thread added: 0x000002b02ba431f0
Event: 0.058 Thread 0x000002b00c17fd90 Thread added: 0x000002b02bc5b420
Event: 0.108 Thread 0x000002b00c17fd90 Thread added: 0x000002b02bea22e0
Event: 0.183 Thread 0x000002b02ba431f0 Thread added: 0x000002b02bec9df0
Event: 0.309 Thread 0x000002b02ba431f0 Thread added: 0x000002b0710fdc70
Event: 1.477 Thread 0x000002b00c17fd90 Thread added: 0x000002b07261cc40
Event: 1.670 Thread 0x000002b00c17fd90 Thread added: 0x000002b07261fa30
Event: 1.755 Thread 0x000002b00c17fd90 Thread added: 0x000002b07261c5b0
Event: 1.851 Thread 0x000002b07261fa30 Thread added: 0x000002b07261ed10
Event: 1.855 Thread 0x000002b07261ed10 Thread added: 0x000002b07261dff0
Event: 1.931 Thread 0x000002b07261ed10 Thread added: 0x000002b07261e680
Event: 1.939 Thread 0x000002b07261ed10 Thread added: 0x000002b07261f3a0
Event: 1.952 Thread 0x000002b07261f3a0 Thread added: 0x000002b07261d2d0
Event: 1.956 Thread 0x000002b07261f3a0 Thread added: 0x000002b07261d960
Event: 1.959 Thread 0x000002b07261f3a0 Thread added: 0x000002b072c78a00
Event: 2.343 Thread 0x000002b0710fdc70 Thread exited: 0x000002b0710fdc70
Event: 2.467 Thread 0x000002b07261f3a0 Thread added: 0x000002b072c77650
Event: 2.487 Thread 0x000002b07261f3a0 Thread added: 0x000002b072c75580
Event: 2.538 Thread 0x000002b07261f3a0 Thread added: 0x000002b072c79090


Dynamic libraries:
0x00007ff6c2a00000 - 0x00007ff6c2a0e000 	C:\Users\Joseph Frank\AppData\Roaming\Code\User\globalStorage\pleiades.java-extension-pack-jdk\java\21\bin\java.exe
0x00007ffd0d0d0000 - 0x00007ffd0d2e7000 	C:\Windows\SYSTEM32\ntdll.dll
0x00007ffd0c990000 - 0x00007ffd0ca54000 	C:\Windows\System32\KERNEL32.DLL
0x00007ffd0a7e0000 - 0x00007ffd0ab9a000 	C:\Windows\System32\KERNELBASE.dll
0x00007ffd0a690000 - 0x00007ffd0a7a1000 	C:\Windows\System32\ucrtbase.dll
0x00007ffcecc90000 - 0x00007ffceccae000 	C:\Users\Joseph Frank\AppData\Roaming\Code\User\globalStorage\pleiades.java-extension-pack-jdk\java\21\bin\VCRUNTIME140.dll
0x00007ffcecc00000 - 0x00007ffcecc18000 	C:\Users\Joseph Frank\AppData\Roaming\Code\User\globalStorage\pleiades.java-extension-pack-jdk\java\21\bin\jli.dll
0x00007ffd0c600000 - 0x00007ffd0c7ae000 	C:\Windows\System32\USER32.dll
0x00007ffd0a7b0000 - 0x00007ffd0a7d6000 	C:\Windows\System32\win32u.dll
0x00007ffce82a0000 - 0x00007ffce8532000 	C:\Windows\WinSxS\amd64_microsoft.windows.common-controls_6595b64144ccf1df_6.0.22621.4541_none_2710d1c57384c085\COMCTL32.dll
0x00007ffd0bd60000 - 0x00007ffd0bd89000 	C:\Windows\System32\GDI32.dll
0x00007ffd0af00000 - 0x00007ffd0afa7000 	C:\Windows\System32\msvcrt.dll
0x00007ffd0a410000 - 0x00007ffd0a52b000 	C:\Windows\System32\gdi32full.dll
0x00007ffd0a5f0000 - 0x00007ffd0a68a000 	C:\Windows\System32\msvcp_win.dll
0x00007ffd0bda0000 - 0x00007ffd0bdd1000 	C:\Windows\System32\IMM32.DLL
0x00007ffcf6220000 - 0x00007ffcf622c000 	C:\Users\Joseph Frank\AppData\Roaming\Code\User\globalStorage\pleiades.java-extension-pack-jdk\java\21\bin\vcruntime140_1.dll
0x00007ffcd5f60000 - 0x00007ffcd5fed000 	C:\Users\Joseph Frank\AppData\Roaming\Code\User\globalStorage\pleiades.java-extension-pack-jdk\java\21\bin\msvcp140.dll
0x00007ffc6c8a0000 - 0x00007ffc6d62f000 	C:\Users\Joseph Frank\AppData\Roaming\Code\User\globalStorage\pleiades.java-extension-pack-jdk\java\21\bin\server\jvm.dll
0x00007ffd0c4c0000 - 0x00007ffd0c572000 	C:\Windows\System32\ADVAPI32.dll
0x00007ffd0b370000 - 0x00007ffd0b417000 	C:\Windows\System32\sechost.dll
0x00007ffd0ad10000 - 0x00007ffd0ad38000 	C:\Windows\System32\bcrypt.dll
0x00007ffd0ce00000 - 0x00007ffd0cf14000 	C:\Windows\System32\RPCRT4.dll
0x00007ffd0c580000 - 0x00007ffd0c5f1000 	C:\Windows\System32\WS2_32.dll
0x00007ffd0a260000 - 0x00007ffd0a2ad000 	C:\Windows\SYSTEM32\POWRPROF.dll
0x00007ffd04150000 - 0x00007ffd04184000 	C:\Windows\SYSTEM32\WINMM.dll
0x00007ffd016c0000 - 0x00007ffd016ca000 	C:\Windows\SYSTEM32\VERSION.dll
0x00007ffd0a240000 - 0x00007ffd0a253000 	C:\Windows\SYSTEM32\UMPDC.dll
0x00007ffd093a0000 - 0x00007ffd093b8000 	C:\Windows\SYSTEM32\kernel.appcore.dll
0x00007ffcf5d70000 - 0x00007ffcf5d7a000 	C:\Users\Joseph Frank\AppData\Roaming\Code\User\globalStorage\pleiades.java-extension-pack-jdk\java\21\bin\jimage.dll
0x00007ffd07bb0000 - 0x00007ffd07de2000 	C:\Windows\SYSTEM32\DBGHELP.DLL
0x00007ffd0ca60000 - 0x00007ffd0cdf1000 	C:\Windows\System32\combase.dll
0x00007ffd0c370000 - 0x00007ffd0c447000 	C:\Windows\System32\OLEAUT32.dll
0x00007ffcf6e80000 - 0x00007ffcf6eb2000 	C:\Windows\SYSTEM32\dbgcore.DLL
0x00007ffd0ad40000 - 0x00007ffd0adbb000 	C:\Windows\System32\bcryptPrimitives.dll
0x00007ffcf3980000 - 0x00007ffcf398f000 	C:\Users\Joseph Frank\AppData\Roaming\Code\User\globalStorage\pleiades.java-extension-pack-jdk\java\21\bin\instrument.dll
0x00007ffce6a60000 - 0x00007ffce6a7f000 	C:\Users\Joseph Frank\AppData\Roaming\Code\User\globalStorage\pleiades.java-extension-pack-jdk\java\21\bin\java.dll
0x00007ffd0b420000 - 0x00007ffd0bc99000 	C:\Windows\System32\SHELL32.dll
0x00007ffd08280000 - 0x00007ffd08b89000 	C:\Windows\SYSTEM32\windows.storage.dll
0x00007ffd08140000 - 0x00007ffd0827f000 	C:\Windows\SYSTEM32\wintypes.dll
0x00007ffd0ae00000 - 0x00007ffd0aefa000 	C:\Windows\System32\SHCORE.dll
0x00007ffd0c920000 - 0x00007ffd0c97e000 	C:\Windows\System32\shlwapi.dll
0x00007ffd0a2c0000 - 0x00007ffd0a2eb000 	C:\Windows\SYSTEM32\profapi.dll
0x00007ffcd53b0000 - 0x00007ffcd5487000 	C:\Users\Joseph Frank\AppData\Roaming\Code\User\globalStorage\pleiades.java-extension-pack-jdk\java\21\bin\jsvml.dll
0x00007ffce6a40000 - 0x00007ffce6a58000 	C:\Users\Joseph Frank\AppData\Roaming\Code\User\globalStorage\pleiades.java-extension-pack-jdk\java\21\bin\zip.dll
0x00007ffcecbf0000 - 0x00007ffcecc00000 	C:\Users\Joseph Frank\AppData\Roaming\Code\User\globalStorage\pleiades.java-extension-pack-jdk\java\21\bin\net.dll
0x00007ffd04010000 - 0x00007ffd04146000 	C:\Windows\SYSTEM32\WINHTTP.dll
0x00007ffd09810000 - 0x00007ffd09879000 	C:\Windows\system32\mswsock.dll
0x00007ffce2590000 - 0x00007ffce25a6000 	C:\Users\Joseph Frank\AppData\Roaming\Code\User\globalStorage\pleiades.java-extension-pack-jdk\java\21\bin\nio.dll
0x00007ffce8d20000 - 0x00007ffce8d30000 	C:\Users\Joseph Frank\AppData\Roaming\Code\User\globalStorage\pleiades.java-extension-pack-jdk\java\21\bin\verify.dll
0x00007ffcdede0000 - 0x00007ffcdee07000 	C:\Users\Joseph Frank\.gradle\native\c067742578af261105cb4f569cf0c3c89f3d7b1fecec35dd04571415982c5e48\windows-amd64\native-platform.dll
0x00007ffcd5260000 - 0x00007ffcd53a4000 	C:\Users\Joseph Frank\.gradle\native\100fb08df4bc3b14c8652ba06237920a3bd2aa13389f12d3474272988ae205f9\windows-amd64\native-platform-file-events.dll
0x00007ffce8c70000 - 0x00007ffce8c7a000 	C:\Users\Joseph Frank\AppData\Roaming\Code\User\globalStorage\pleiades.java-extension-pack-jdk\java\21\bin\management.dll
0x00007ffce7430000 - 0x00007ffce743b000 	C:\Users\Joseph Frank\AppData\Roaming\Code\User\globalStorage\pleiades.java-extension-pack-jdk\java\21\bin\management_ext.dll
0x00007ffd0bd90000 - 0x00007ffd0bd98000 	C:\Windows\System32\PSAPI.DLL
0x00007ffd09aa0000 - 0x00007ffd09abb000 	C:\Windows\SYSTEM32\CRYPTSP.dll
0x00007ffd09300000 - 0x00007ffd09335000 	C:\Windows\system32\rsaenh.dll
0x00007ffd09920000 - 0x00007ffd09948000 	C:\Windows\SYSTEM32\USERENV.dll
0x00007ffd09ac0000 - 0x00007ffd09acc000 	C:\Windows\SYSTEM32\CRYPTBASE.dll
0x00007ffd08df0000 - 0x00007ffd08e1d000 	C:\Windows\SYSTEM32\IPHLPAPI.DLL
0x00007ffd0c260000 - 0x00007ffd0c269000 	C:\Windows\System32\NSI.dll
0x00007ffce4240000 - 0x00007ffce4249000 	C:\Users\Joseph Frank\AppData\Roaming\Code\User\globalStorage\pleiades.java-extension-pack-jdk\java\21\bin\extnet.dll
0x00007ffce0020000 - 0x00007ffce002e000 	C:\Users\Joseph Frank\AppData\Roaming\Code\User\globalStorage\pleiades.java-extension-pack-jdk\java\21\bin\sunmscapi.dll
0x00007ffd0aba0000 - 0x00007ffd0ad06000 	C:\Windows\System32\CRYPT32.dll
0x00007ffd09c60000 - 0x00007ffd09c8d000 	C:\Windows\SYSTEM32\ncrypt.dll
0x00007ffd09c20000 - 0x00007ffd09c57000 	C:\Windows\SYSTEM32\NTASN1.dll
0x00007ffcf8630000 - 0x00007ffcf8638000 	C:\Windows\system32\wshunix.dll

dbghelp: loaded successfully - version: 4.0.5 - missing functions: none
symbol engine: initialized successfully - sym options: 0x614 - pdb path: .;C:\Users\Joseph Frank\AppData\Roaming\Code\User\globalStorage\pleiades.java-extension-pack-jdk\java\21\bin;C:\Windows\SYSTEM32;C:\Windows\WinSxS\amd64_microsoft.windows.common-controls_6595b64144ccf1df_6.0.22621.4541_none_2710d1c57384c085;C:\Users\Joseph Frank\AppData\Roaming\Code\User\globalStorage\pleiades.java-extension-pack-jdk\java\21\bin\server;C:\Users\Joseph Frank\.gradle\native\c067742578af261105cb4f569cf0c3c89f3d7b1fecec35dd04571415982c5e48\windows-amd64;C:\Users\Joseph Frank\.gradle\native\100fb08df4bc3b14c8652ba06237920a3bd2aa13389f12d3474272988ae205f9\windows-amd64

VM Arguments:
jvm_args: -XX:MaxMetaspaceSize=2G -XX:+HeapDumpOnOutOfMemoryError --add-opens=java.base/java.util=ALL-UNNAMED --add-opens=java.base/java.lang=ALL-UNNAMED --add-opens=java.base/java.lang.invoke=ALL-UNNAMED --add-opens=java.prefs/java.util.prefs=ALL-UNNAMED --add-exports=jdk.compiler/com.sun.tools.javac.api=ALL-UNNAMED --add-exports=jdk.compiler/com.sun.tools.javac.util=ALL-UNNAMED --add-opens=java.base/java.nio.charset=ALL-UNNAMED --add-opens=java.base/java.net=ALL-UNNAMED --add-opens=java.base/java.util.concurrent.atomic=ALL-UNNAMED -Xmx4G -Dfile.encoding=utf8 -Duser.country=BR -Duser.language=pt -Duser.variant -javaagent:C:\Users\Joseph Frank\.gradle\wrapper\dists\gradle-8.9-bin\90cnw93cvbtalezasaz0blq0a\gradle-8.9\lib\agents\gradle-instrumentation-agent-8.9.jar 
java_command: org.gradle.launcher.daemon.bootstrap.GradleDaemon 8.9
java_class_path (initial): C:\Users\Joseph Frank\.gradle\wrapper\dists\gradle-8.9-bin\90cnw93cvbtalezasaz0blq0a\gradle-8.9\lib\gradle-daemon-main-8.9.jar
Launcher Type: SUN_STANDARD

[Global flags]
     intx CICompilerCount                          = 4                                         {product} {ergonomic}
     uint ConcGCThreads                            = 3                                         {product} {ergonomic}
     uint G1ConcRefinementThreads                  = 10                                        {product} {ergonomic}
   size_t G1HeapRegionSize                         = 2097152                                   {product} {ergonomic}
    uintx GCDrainStackTargetSize                   = 64                                        {product} {ergonomic}
     bool HeapDumpOnOutOfMemoryError               = true                                   {manageable} {command line}
   size_t InitialHeapSize                          = 299892736                                 {product} {ergonomic}
   size_t MarkStackSize                            = 4194304                                   {product} {ergonomic}
   size_t MaxHeapSize                              = 4294967296                                {product} {command line}
   size_t MaxMetaspaceSize                         = 2147483648                                {product} {command line}
   size_t MaxNewSize                               = 2575302656                                {product} {ergonomic}
   size_t MinHeapDeltaBytes                        = 2097152                                   {product} {ergonomic}
   size_t MinHeapSize                              = 8388608                                   {product} {ergonomic}
    uintx NonNMethodCodeHeapSize                   = 5839372                                {pd product} {ergonomic}
    uintx NonProfiledCodeHeapSize                  = 122909434                              {pd product} {ergonomic}
    uintx ProfiledCodeHeapSize                     = 122909434                              {pd product} {ergonomic}
    uintx ReservedCodeCacheSize                    = 251658240                              {pd product} {ergonomic}
     bool SegmentedCodeCache                       = true                                      {product} {ergonomic}
   size_t SoftMaxHeapSize                          = 4294967296                             {manageable} {ergonomic}
     bool UseCompressedOops                        = true                           {product lp64_product} {ergonomic}
     bool UseG1GC                                  = true                                      {product} {ergonomic}
     bool UseLargePagesIndividualAllocation        = false                                  {pd product} {ergonomic}

Logging:
Log output configuration:
 #0: stdout all=warning uptime,level,tags foldmultilines=false
 #1: stderr all=off uptime,level,tags foldmultilines=false

Environment Variables:
JAVA_HOME=C:\Program Files\Java\jdk-23
PATH=C:\Program Files\Common Files\Oracle\Java\javapath;C:\Program Files (x86)\Common Files\Oracle\Java\java8path;C:\Program Files (x86)\Common Files\Oracle\Java\javapath;C:\Windows\system32;C:\Windows;C:\Windows\System32\Wbem;C:\Windows\System32\WindowsPowerShell\v1.0\;C:\Windows\System32\OpenSSH\;C:\Program Files\dotnet\;C:\Program Files (x86)\Windows Kits\10\Windows Performance Toolkit\;C:\Program Files\Git\cmd;C:\Users\Joseph Frank\AppData\Local\Programs\Python\Python313\Scripts\;C:\Users\Joseph Frank\AppData\Local\Programs\Python\Python313\;C:\flutter\bin;C:\Users\Joseph Frank\AppData\Local\Microsoft\WindowsApps;C:\Users\Joseph Frank\AppData\Local\GitHubDesktop\bin;C:\Users\Joseph Frank\AppData\Local\Programs\Microsoft VS Code\bin;C:\Users\Joseph Frank\.dotnet\tools;C:\Gradle\gradle-8.12\bin;
USERNAME=Joseph Frank
OS=Windows_NT
PROCESSOR_IDENTIFIER=AMD64 Family 23 Model 104 Stepping 1, AuthenticAMD
TMP=C:\Users\JOSEPH~1\AppData\Local\Temp
TEMP=C:\Users\JOSEPH~1\AppData\Local\Temp




Periodic native trim disabled

---------------  S Y S T E M  ---------------

OS:
 Windows 11 , 64 bit Build 22621 (10.0.22621.4391)
OS uptime: 0 days 3:23 hours
Hyper-V role detected

CPU: total 12 (initial active 12) (12 cores per cpu, 2 threads per core) family 23 model 104 stepping 1 microcode 0x0, cx8, cmov, fxsr, ht, mmx, 3dnowpref, sse, sse2, sse3, ssse3, sse4a, sse4.1, sse4.2, popcnt, lzcnt, tsc, tscinvbit, avx, avx2, aes, clmul, bmi1, bmi2, adx, sha, fma, vzeroupper, clflush, clflushopt, hv, rdtscp, rdpid, f16c
Processor Information for all 12 processors :
  Max Mhz: 2100, Current Mhz: 2100, Mhz Limit: 2100

Memory: 4k page, system-wide physical 18277M (3700M free)
TotalPageFile size 20325M (AvailPageFile size 9M)
current process WorkingSet (physical memory assigned to process): 199M, peak: 202M
current process commit charge ("private bytes"): 462M, peak: 465M

vm_info: OpenJDK 64-Bit Server VM (21.0.5+11-LTS) for windows-amd64 JRE (21.0.5+11-LTS), built on 2024-10-15T00:00:00Z by "admin" with MS VC++ 17.7 (VS2022)

END.
