#
# There is insufficient memory for the Java Runtime Environment to continue.
# Native memory allocation (malloc) failed to allocate 318752 bytes. Error detail: Chunk::new
# Possible reasons:
#   The system is out of physical RAM or swap space
#   This process is running with CompressedOops enabled, and the Java Heap may be blocking the growth of the native heap
# Possible solutions:
#   Reduce memory load on the system
#   Increase physical memory or swap space
#   Check if swap backing store is full
#   Decrease Java heap size (-Xmx/-Xms)
#   Decrease number of Java threads
#   Decrease Java thread stack sizes (-Xss)
#   Set larger code cache with -XX:ReservedCodeCacheSize=
#   JVM is running with Unscaled Compressed Oops mode in which the Java heap is
#     placed in the first 4GB address space. The Java Heap base address is the
#     maximum limit for the native heap growth. Please use -XX:HeapBaseMinAddress
#     to set the Java Heap base and to place the Java Heap above 4GB virtual address.
# This output file may be truncated or incomplete.
#
#  Out of Memory Error (arena.cpp:191), pid=19828, tid=1660
#
# JRE version: OpenJDK Runtime Environment Temurin-17.0.13+11 (17.0.13+11) (build 17.0.13+11)
# Java VM: OpenJDK 64-Bit Server VM Temurin-17.0.13+11 (17.0.13+11, mixed mode, tiered, compressed oops, compressed class ptrs, parallel gc, windows-amd64)
# No core dump will be written. Minidumps are not enabled by default on client versions of Windows
#

---------------  S U M M A R Y ------------

Command Line: --add-modules=ALL-SYSTEM --add-opens=java.base/java.util=ALL-UNNAMED --add-opens=java.base/java.lang=ALL-UNNAMED --add-opens=java.base/sun.nio.fs=ALL-UNNAMED -Declipse.application=org.eclipse.jdt.ls.core.id1 -Dosgi.bundles.defaultStartLevel=4 -Declipse.product=org.eclipse.jdt.ls.core.product -Djava.import.generatesMetadataFilesAtProjectRoot=false -DDetectVMInstallationsJob.disabled=true -Dfile.encoding=utf8 -XX:+UseParallelGC -XX:GCTimeRatio=4 -XX:AdaptiveSizePolicyWeight=90 -Dsun.zip.disableMemoryMapping=true -Xmx1G -Xms100m -Xlog:disable -javaagent:c:\Users\Joseph Frank\.vscode\extensions\redhat.java-1.38.0-win32-x64\lombok\lombok-1.18.34.jar c:\Users\Joseph Frank\.vscode\extensions\redhat.java-1.38.0-win32-x64\server\plugins\org.eclipse.equinox.launcher_1.6.900.v20240613-2009.jar -configuration c:\Users\Joseph Frank\AppData\Roaming\Code\User\globalStorage\redhat.java\1.38.0\config_ss_win -data c:\Users\Joseph Frank\AppData\Roaming\Code\User\workspaceStorage\ded5477040aba2c835bc6511c43cb140\redhat.java\ss_ws --pipe=\\.\pipe\lsp-f682f19bbb8f22af2011f2a238912eee-sock

Host: AMD Ryzen 5 5500U with Radeon Graphics         , 12 cores, 17G,  Windows 11 , 64 bit Build 22621 (10.0.22621.4391)
Time: Sat Jan 18 21:15:43 2025 Hora oficial do Brasil elapsed time: 74.271969 seconds (0d 0h 1m 14s)

---------------  T H R E A D  ---------------

Current thread (0x0000015faa4f47f0):  JavaThread "C2 CompilerThread0" daemon [_thread_in_native, id=1660, stack(0x0000005e44c00000,0x0000005e44d00000)]


Current CompileTask:
C2:  74272 3431       4       jdk.internal.org.objectweb.asm.SymbolTable::addConstantUtf8Reference (101 bytes)

Stack: [0x0000005e44c00000,0x0000005e44d00000]
Native frames: (J=compiled Java code, j=interpreted, Vv=VM code, C=native code)
V  [jvm.dll+0x682a19]
V  [jvm.dll+0x839538]
V  [jvm.dll+0x83afe3]
V  [jvm.dll+0x83b653]
V  [jvm.dll+0x24704f]
V  [jvm.dll+0xace34]
V  [jvm.dll+0xad4cc]
V  [jvm.dll+0x36597e]
V  [jvm.dll+0x1ba989]
V  [jvm.dll+0x2181a7]
V  [jvm.dll+0x21748f]
V  [jvm.dll+0x1a3070]
V  [jvm.dll+0x22788c]
V  [jvm.dll+0x2259eb]
V  [jvm.dll+0x7eec98]
V  [jvm.dll+0x7e8ffc]
V  [jvm.dll+0x6818f7]
C  [ucrtbase.dll+0x29333]
C  [KERNEL32.DLL+0x1259d]
C  [ntdll.dll+0x5af38]


---------------  P R O C E S S  ---------------

Threads class SMR info:
_java_thread_list=0x0000015f8f339a80, length=40, elements={
0x0000015f915842d0, 0x0000015fa5408020, 0x0000015fa5408fc0, 0x0000015faa4eaf60,
0x0000015faa4ebaf0, 0x0000015faa4ed840, 0x0000015faa4f2390, 0x0000015faa4f47f0,
0x0000015faa5009b0, 0x0000015faa5252f0, 0x0000015faa6a3ef0, 0x0000015fabd97df0,
0x0000015fac5d8b30, 0x0000015fac9e84b0, 0x0000015fac9e8990, 0x0000015fac93a040,
0x0000015fac7830a0, 0x0000015fac780820, 0x0000015fac782680, 0x0000015fac782b90,
0x0000015fac782170, 0x0000015fac7835b0, 0x0000015fac780d30, 0x0000015fac781240,
0x0000015fac781750, 0x0000015fac781c60, 0x0000015fad42e7f0, 0x0000015fad42e2e0,
0x0000015fad42f210, 0x0000015fad42ed00, 0x0000015fad42cea0, 0x0000015fad42b040,
0x0000015fad42bf70, 0x0000015fad42fc30, 0x0000015fad42c990, 0x0000015fad430140,
0x0000015fad42d3b0, 0x0000015fad42a620, 0x0000015fad42b550, 0x0000015fad42ab30
}

Java Threads: ( => current thread )
  0x0000015f915842d0 JavaThread "main" [_thread_blocked, id=19100, stack(0x0000005e44300000,0x0000005e44400000)]
  0x0000015fa5408020 JavaThread "Reference Handler" daemon [_thread_blocked, id=19656, stack(0x0000005e44600000,0x0000005e44700000)]
  0x0000015fa5408fc0 JavaThread "Finalizer" daemon [_thread_blocked, id=19592, stack(0x0000005e44700000,0x0000005e44800000)]
  0x0000015faa4eaf60 JavaThread "Signal Dispatcher" daemon [_thread_blocked, id=20744, stack(0x0000005e44800000,0x0000005e44900000)]
  0x0000015faa4ebaf0 JavaThread "Attach Listener" daemon [_thread_blocked, id=15988, stack(0x0000005e44900000,0x0000005e44a00000)]
  0x0000015faa4ed840 JavaThread "Service Thread" daemon [_thread_blocked, id=16584, stack(0x0000005e44a00000,0x0000005e44b00000)]
  0x0000015faa4f2390 JavaThread "Monitor Deflation Thread" daemon [_thread_blocked, id=14104, stack(0x0000005e44b00000,0x0000005e44c00000)]
=>0x0000015faa4f47f0 JavaThread "C2 CompilerThread0" daemon [_thread_in_native, id=1660, stack(0x0000005e44c00000,0x0000005e44d00000)]
  0x0000015faa5009b0 JavaThread "C1 CompilerThread0" daemon [_thread_blocked, id=156, stack(0x0000005e44d00000,0x0000005e44e00000)]
  0x0000015faa5252f0 JavaThread "Sweeper thread" daemon [_thread_blocked, id=10956, stack(0x0000005e44e00000,0x0000005e44f00000)]
  0x0000015faa6a3ef0 JavaThread "Common-Cleaner" daemon [_thread_blocked, id=1396, stack(0x0000005e44f00000,0x0000005e45000000)]
  0x0000015fabd97df0 JavaThread "Notification Thread" daemon [_thread_blocked, id=22096, stack(0x0000005e45000000,0x0000005e45100000)]
  0x0000015fac5d8b30 JavaThread "Active Thread: Equinox Container: bf3ee365-687c-4950-a5cb-07d5cec021a0" [_thread_blocked, id=17680, stack(0x0000005e45800000,0x0000005e45900000)]
  0x0000015fac9e84b0 JavaThread "Framework Event Dispatcher: Equinox Container: bf3ee365-687c-4950-a5cb-07d5cec021a0" daemon [_thread_blocked, id=8788, stack(0x0000005e45a00000,0x0000005e45b00000)]
  0x0000015fac9e8990 JavaThread "Start Level: Equinox Container: bf3ee365-687c-4950-a5cb-07d5cec021a0" daemon [_thread_blocked, id=9928, stack(0x0000005e45b00000,0x0000005e45c00000)]
  0x0000015fac93a040 JavaThread "SCR Component Actor" daemon [_thread_blocked, id=20768, stack(0x0000005e45900000,0x0000005e45a00000)]
  0x0000015fac7830a0 JavaThread "Worker-JM" [_thread_blocked, id=12136, stack(0x0000005e45e00000,0x0000005e45f00000)]
  0x0000015fac780820 JavaThread "JNA Cleaner" daemon [_thread_blocked, id=20980, stack(0x0000005e46100000,0x0000005e46200000)]
  0x0000015fac782680 JavaThread "Worker-1" [_thread_blocked, id=20804, stack(0x0000005e46300000,0x0000005e46400000)]
  0x0000015fac782b90 JavaThread "Thread-2" daemon [_thread_in_native, id=6992, stack(0x0000005e46600000,0x0000005e46700000)]
  0x0000015fac782170 JavaThread "Thread-3" daemon [_thread_in_native, id=8932, stack(0x0000005e46700000,0x0000005e46800000)]
  0x0000015fac7835b0 JavaThread "Thread-4" daemon [_thread_in_native, id=11916, stack(0x0000005e46800000,0x0000005e46900000)]
  0x0000015fac780d30 JavaThread "Thread-5" daemon [_thread_in_native, id=13856, stack(0x0000005e46900000,0x0000005e46a00000)]
  0x0000015fac781240 JavaThread "Thread-6" daemon [_thread_in_native, id=21364, stack(0x0000005e46a00000,0x0000005e46b00000)]
  0x0000015fac781750 JavaThread "Thread-7" daemon [_thread_in_native, id=21840, stack(0x0000005e46b00000,0x0000005e46c00000)]
  0x0000015fac781c60 JavaThread "Thread-8" daemon [_thread_in_native, id=7720, stack(0x0000005e46c00000,0x0000005e46d00000)]
  0x0000015fad42e7f0 JavaThread "Thread-9" daemon [_thread_in_native, id=22128, stack(0x0000005e46d00000,0x0000005e46e00000)]
  0x0000015fad42e2e0 JavaThread "Thread-10" daemon [_thread_in_native, id=22012, stack(0x0000005e46e00000,0x0000005e46f00000)]
  0x0000015fad42f210 JavaThread "Thread-11" daemon [_thread_in_native, id=20608, stack(0x0000005e46f00000,0x0000005e47000000)]
  0x0000015fad42ed00 JavaThread "Thread-12" daemon [_thread_in_native, id=20192, stack(0x0000005e47000000,0x0000005e47100000)]
  0x0000015fad42cea0 JavaThread "Thread-13" daemon [_thread_in_native, id=4392, stack(0x0000005e47100000,0x0000005e47200000)]
  0x0000015fad42b040 JavaThread "Thread-14" daemon [_thread_in_native, id=3040, stack(0x0000005e47200000,0x0000005e47300000)]
  0x0000015fad42bf70 JavaThread "pool-2-thread-1" [_thread_blocked, id=20740, stack(0x0000005e47300000,0x0000005e47400000)]
  0x0000015fad42fc30 JavaThread "Worker-2: Shutdown..." [_thread_blocked, id=2884, stack(0x0000005e47400000,0x0000005e47500000)]
  0x0000015fad42c990 JavaThread "WorkspaceEventsHandler" [_thread_blocked, id=17892, stack(0x0000005e47500000,0x0000005e47600000)]
  0x0000015fad430140 JavaThread "pool-1-thread-1" [_thread_blocked, id=14096, stack(0x0000005e47600000,0x0000005e47700000)]
  0x0000015fad42d3b0 JavaThread "ForkJoinPool.commonPool-worker-1" daemon [_thread_blocked, id=18020, stack(0x0000005e44000000,0x0000005e44100000)]
  0x0000015fad42a620 JavaThread "Worker-3" [_thread_blocked, id=19160, stack(0x0000005e44100000,0x0000005e44200000)]
  0x0000015fad42b550 JavaThread "pool-3-thread-1" [_thread_blocked, id=17832, stack(0x0000005e44200000,0x0000005e44300000)]
  0x0000015fad42ab30 JavaThread "ForkJoinPool-3-worker-1" daemon [_thread_in_vm, id=22316, stack(0x0000005e46200000,0x0000005e46300000)]

Other Threads:
  0x0000015faa4c4870 VMThread "VM Thread" [stack: 0x0000005e44500000,0x0000005e44600000] [id=15960]
  0x0000015fabd975e0 WatcherThread [stack: 0x0000005e45100000,0x0000005e45200000] [id=4256]
  0x0000015f9159b5f0 GCTaskThread "GC Thread#0" [stack: 0x0000005e44400000,0x0000005e44500000] [id=19632]
  0x0000015fabe39200 GCTaskThread "GC Thread#1" [stack: 0x0000005e45200000,0x0000005e45300000] [id=6656]
  0x0000015fac497980 GCTaskThread "GC Thread#2" [stack: 0x0000005e45300000,0x0000005e45400000] [id=16460]
  0x0000015fac497c40 GCTaskThread "GC Thread#3" [stack: 0x0000005e45400000,0x0000005e45500000] [id=20304]
  0x0000015fac34ef20 GCTaskThread "GC Thread#4" [stack: 0x0000005e45500000,0x0000005e45600000] [id=19620]
  0x0000015fac34f1e0 GCTaskThread "GC Thread#5" [stack: 0x0000005e45600000,0x0000005e45700000] [id=13452]
  0x0000015fac686c40 GCTaskThread "GC Thread#6" [stack: 0x0000005e45c00000,0x0000005e45d00000] [id=9472]
  0x0000015fac601f70 GCTaskThread "GC Thread#7" [stack: 0x0000005e45d00000,0x0000005e45e00000] [id=21212]
  0x0000015faca2fc70 GCTaskThread "GC Thread#8" [stack: 0x0000005e45f00000,0x0000005e46000000] [id=20580]
  0x0000015faca3d090 GCTaskThread "GC Thread#9" [stack: 0x0000005e46000000,0x0000005e46100000] [id=21148]

Threads with active compile tasks:
C2 CompilerThread0    74292 3431       4       jdk.internal.org.objectweb.asm.SymbolTable::addConstantUtf8Reference (101 bytes)

VM state: not at safepoint (normal execution)

VM Mutex/Monitor currently owned by a thread:  ([mutex/lock_event])
[0x0000015f9157e880] Metaspace_lock - owner thread: 0x0000015fad42ab30

OutOfMemory and StackOverflow Exception counts:
StackOverflowErrors=1
LinkageErrors=60

Heap address: 0x00000000c0000000, size: 1024 MB, Compressed Oops mode: 32-bit

CDS archive(s) not mapped
Compressed class space mapped at: 0x0000000100000000-0x0000000140000000, reserved size: 1073741824
Narrow klass base: 0x0000000000000000, Narrow klass shift: 3, Narrow klass range: 0x140000000

GC Precious Log:
 CPUs: 12 total, 12 available
 Memory: 18277M
 Large Page Support: Disabled
 NUMA Support: Disabled
 Compressed Oops: Enabled (32-bit)
 Alignments: Space 512K, Generation 512K, Heap 2M
 Heap Min Capacity: 100M
 Heap Initial Capacity: 100M
 Heap Max Capacity: 1G
 Pre-touch: Disabled
 Parallel Workers: 10

Heap:
 PSYoungGen      total 26624K, used 17116K [0x00000000eab00000, 0x00000000ec900000, 0x0000000100000000)
  eden space 23552K, 72% used [0x00000000eab00000,0x00000000ebbb7068,0x00000000ec200000)
  from space 3072K, 0% used [0x00000000ec200000,0x00000000ec200000,0x00000000ec500000)
  to   space 3584K, 0% used [0x00000000ec580000,0x00000000ec580000,0x00000000ec900000)
 ParOldGen       total 68608K, used 12419K [0x00000000c0000000, 0x00000000c4300000, 0x00000000eab00000)
  object space 68608K, 18% used [0x00000000c0000000,0x00000000c0c20f58,0x00000000c4300000)
 Metaspace       used 37465K, committed 38144K, reserved 1114112K
  class space    used 3787K, committed 4096K, reserved 1048576K

Card table byte_map: [0x0000015f90f40000,0x0000015f91150000] _byte_map_base: 0x0000015f90940000

Marking Bits: (ParMarkBitMap*) 0x00007ffc8a346940
 Begin Bits: [0x0000015fa3210000, 0x0000015fa4210000)
 End Bits:   [0x0000015fa4210000, 0x0000015fa5210000)

Polling page: 0x0000015f90d30000

Metaspace:

Usage:
  Non-class:     32.89 MB used.
      Class:      3.70 MB used.
       Both:     36.59 MB used.

Virtual space:
  Non-class space:       64.00 MB reserved,      33.25 MB ( 52%) committed,  1 nodes.
      Class space:        1.00 GB reserved,       4.00 MB ( <1%) committed,  1 nodes.
             Both:        1.06 GB reserved,      37.25 MB (  3%) committed. 

Chunk freelists:
   Non-Class:  14.75 MB
       Class:  11.95 MB
        Both:  26.70 MB

MaxMetaspaceSize: unlimited
CompressedClassSpaceSize: 1.00 GB
Initial GC threshold: 21.00 MB
Current GC threshold: 58.38 MB
CDS: off
MetaspaceReclaimPolicy: balanced
 - commit_granule_bytes: 65536.
 - commit_granule_words: 8192.
 - virtual_space_node_default_size: 8388608.
 - enlarge_chunks_in_place: 1.
 - new_chunks_are_fully_committed: 0.
 - uncommit_free_chunks: 1.
 - use_allocation_guard: 0.
 - handle_deallocations: 1.


Internal statistics:

num_allocs_failed_limit: 6.
num_arena_births: 380.
num_arena_deaths: 14.
num_vsnodes_births: 2.
num_vsnodes_deaths: 0.
num_space_committed: 596.
num_space_uncommitted: 0.
num_chunks_returned_to_freelist: 20.
num_chunks_taken_from_freelist: 1558.
num_chunk_merges: 8.
num_chunk_splits: 982.
num_chunks_enlarged: 640.
num_inconsistent_stats: 0.

CodeHeap 'non-profiled nmethods': size=120000Kb used=1488Kb max_used=1488Kb free=118511Kb
 bounds [0x0000015f9bce0000, 0x0000015f9bf50000, 0x0000015fa3210000]
CodeHeap 'profiled nmethods': size=120000Kb used=6673Kb max_used=6673Kb free=113326Kb
 bounds [0x0000015f94210000, 0x0000015f948a0000, 0x0000015f9b740000]
CodeHeap 'non-nmethods': size=5760Kb used=1290Kb max_used=1320Kb free=4469Kb
 bounds [0x0000015f9b740000, 0x0000015f9b9b0000, 0x0000015f9bce0000]
 total_blobs=4076 nmethods=3457 adapters=533
 compilation: enabled
              stopped_count=0, restarted_count=0
 full_count=0

Compilation events (20 events):
Event: 74.243 Thread 0x0000015faa5009b0 3443       3       java.lang.invoke.InfoFromMemberName::getMethodType (8 bytes)
Event: 74.243 Thread 0x0000015faa5009b0 nmethod 3443 0x0000015f9488d310 code [0x0000015f9488d4c0, 0x0000015f9488d608]
Event: 74.243 Thread 0x0000015faa5009b0 3444       3       java.lang.invoke.TypeConvertingMethodAdapter::<init> (8 bytes)
Event: 74.243 Thread 0x0000015faa5009b0 nmethod 3444 0x0000015f9488d710 code [0x0000015f9488d8a0, 0x0000015f9488d9e8]
Event: 74.243 Thread 0x0000015faa5009b0 3445  s    3       java.io.BufferedOutputStream::write (35 bytes)
Event: 74.244 Thread 0x0000015faa5009b0 nmethod 3445 0x0000015f9488da90 code [0x0000015f9488dc40, 0x0000015f9488dfe8]
Event: 74.244 Thread 0x0000015faa5009b0 3446   !   3       org.eclipse.core.internal.localstore.SafeFileOutputStream::write (20 bytes)
Event: 74.244 Thread 0x0000015faa5009b0 nmethod 3446 0x0000015f9488e190 code [0x0000015f9488e340, 0x0000015f9488e548]
Event: 74.245 Thread 0x0000015faa5009b0 3447       3       org.eclipse.core.runtime.Path::toOSString (224 bytes)
Event: 74.246 Thread 0x0000015faa5009b0 nmethod 3447 0x0000015f9488e690 code [0x0000015f9488e8e0, 0x0000015f9488f308]
Event: 74.260 Thread 0x0000015faa5009b0 3451       3       jdk.internal.org.objectweb.asm.ClassWriter::visitEnd (1 bytes)
Event: 74.261 Thread 0x0000015faa5009b0 nmethod 3451 0x0000015f9488f790 code [0x0000015f9488f920, 0x0000015f9488fa38]
Event: 74.261 Thread 0x0000015faa5009b0 3452       3       java.lang.invoke.MethodHandles$Lookup::defineHiddenClass (69 bytes)
Event: 74.262 Thread 0x0000015faa5009b0 nmethod 3452 0x0000015f9488fb10 code [0x0000015f9488fe00, 0x0000015f94890b78]
Event: 74.262 Thread 0x0000015faa5009b0 3453       3       java.lang.invoke.MethodHandles$Lookup::ensureDefineClassPermission (38 bytes)
Event: 74.263 Thread 0x0000015faa5009b0 nmethod 3453 0x0000015f94891090 code [0x0000015f948912a0, 0x0000015f94891998]
Event: 74.263 Thread 0x0000015faa5009b0 3454       3       java.lang.invoke.BootstrapMethodInvoker::isLambdaMetafactoryIndyBSM (13 bytes)
Event: 74.263 Thread 0x0000015faa5009b0 nmethod 3454 0x0000015f94891c10 code [0x0000015f94891da0, 0x0000015f94891ef8]
Event: 74.265 Thread 0x0000015faa5009b0 3455       3       java.lang.invoke.DirectMethodHandle$Constructor::<init> (44 bytes)
Event: 74.265 Thread 0x0000015faa5009b0 nmethod 3455 0x0000015f94891f90 code [0x0000015f94892140, 0x0000015f948922e8]

GC Heap History (20 events):
Event: 2.769 GC heap before
{Heap before GC invocations=2 (full 0):
 PSYoungGen      total 29696K, used 28745K [0x00000000eab00000, 0x00000000ecc00000, 0x0000000100000000)
  eden space 25600K, 99% used [0x00000000eab00000,0x00000000ec3fed80,0x00000000ec400000)
  from space 4096K, 76% used [0x00000000ec400000,0x00000000ec713980,0x00000000ec800000)
  to   space 4096K, 0% used [0x00000000ec800000,0x00000000ec800000,0x00000000ecc00000)
 ParOldGen       total 68608K, used 8K [0x00000000c0000000, 0x00000000c4300000, 0x00000000eab00000)
  object space 68608K, 0% used [0x00000000c0000000,0x00000000c0002000,0x00000000c4300000)
 Metaspace       used 14573K, committed 14784K, reserved 1114112K
  class space    used 1476K, committed 1536K, reserved 1048576K
}
Event: 2.776 GC heap after
{Heap after GC invocations=2 (full 0):
 PSYoungGen      total 29696K, used 4085K [0x00000000eab00000, 0x00000000ecc00000, 0x0000000100000000)
  eden space 25600K, 0% used [0x00000000eab00000,0x00000000eab00000,0x00000000ec400000)
  from space 4096K, 99% used [0x00000000ec800000,0x00000000ecbfd4f8,0x00000000ecc00000)
  to   space 4096K, 0% used [0x00000000ec400000,0x00000000ec400000,0x00000000ec800000)
 ParOldGen       total 68608K, used 832K [0x00000000c0000000, 0x00000000c4300000, 0x00000000eab00000)
  object space 68608K, 1% used [0x00000000c0000000,0x00000000c00d0020,0x00000000c4300000)
 Metaspace       used 14573K, committed 14784K, reserved 1114112K
  class space    used 1476K, committed 1536K, reserved 1048576K
}
Event: 4.172 GC heap before
{Heap before GC invocations=3 (full 0):
 PSYoungGen      total 29696K, used 29666K [0x00000000eab00000, 0x00000000ecc00000, 0x0000000100000000)
  eden space 25600K, 99% used [0x00000000eab00000,0x00000000ec3fb520,0x00000000ec400000)
  from space 4096K, 99% used [0x00000000ec800000,0x00000000ecbfd4f8,0x00000000ecc00000)
  to   space 4096K, 0% used [0x00000000ec400000,0x00000000ec400000,0x00000000ec800000)
 ParOldGen       total 68608K, used 832K [0x00000000c0000000, 0x00000000c4300000, 0x00000000eab00000)
  object space 68608K, 1% used [0x00000000c0000000,0x00000000c00d0020,0x00000000c4300000)
 Metaspace       used 19604K, committed 19904K, reserved 1114112K
  class space    used 2003K, committed 2112K, reserved 1048576K
}
Event: 4.178 GC heap after
{Heap after GC invocations=3 (full 0):
 PSYoungGen      total 29696K, used 4086K [0x00000000eab00000, 0x00000000ecc00000, 0x0000000100000000)
  eden space 25600K, 0% used [0x00000000eab00000,0x00000000eab00000,0x00000000ec400000)
  from space 4096K, 99% used [0x00000000ec400000,0x00000000ec7fd8d8,0x00000000ec800000)
  to   space 4096K, 0% used [0x00000000ec800000,0x00000000ec800000,0x00000000ecc00000)
 ParOldGen       total 68608K, used 2669K [0x00000000c0000000, 0x00000000c4300000, 0x00000000eab00000)
  object space 68608K, 3% used [0x00000000c0000000,0x00000000c029b7b0,0x00000000c4300000)
 Metaspace       used 19604K, committed 19904K, reserved 1114112K
  class space    used 2003K, committed 2112K, reserved 1048576K
}
Event: 4.569 GC heap before
{Heap before GC invocations=4 (full 0):
 PSYoungGen      total 29696K, used 11529K [0x00000000eab00000, 0x00000000ecc00000, 0x0000000100000000)
  eden space 25600K, 29% used [0x00000000eab00000,0x00000000eb244ed8,0x00000000ec400000)
  from space 4096K, 99% used [0x00000000ec400000,0x00000000ec7fd8d8,0x00000000ec800000)
  to   space 4096K, 0% used [0x00000000ec800000,0x00000000ec800000,0x00000000ecc00000)
 ParOldGen       total 68608K, used 2669K [0x00000000c0000000, 0x00000000c4300000, 0x00000000eab00000)
  object space 68608K, 3% used [0x00000000c0000000,0x00000000c029b7b0,0x00000000c4300000)
 Metaspace       used 21048K, committed 21504K, reserved 1114112K
  class space    used 2149K, committed 2368K, reserved 1048576K
}
Event: 4.573 GC heap after
{Heap after GC invocations=4 (full 0):
 PSYoungGen      total 29696K, used 4086K [0x00000000eab00000, 0x00000000ecc00000, 0x0000000100000000)
  eden space 25600K, 0% used [0x00000000eab00000,0x00000000eab00000,0x00000000ec400000)
  from space 4096K, 99% used [0x00000000ec800000,0x00000000ecbfdac0,0x00000000ecc00000)
  to   space 4096K, 0% used [0x00000000ec400000,0x00000000ec400000,0x00000000ec800000)
 ParOldGen       total 68608K, used 3049K [0x00000000c0000000, 0x00000000c4300000, 0x00000000eab00000)
  object space 68608K, 4% used [0x00000000c0000000,0x00000000c02fa7c0,0x00000000c4300000)
 Metaspace       used 21048K, committed 21504K, reserved 1114112K
  class space    used 2149K, committed 2368K, reserved 1048576K
}
Event: 4.573 GC heap before
{Heap before GC invocations=5 (full 1):
 PSYoungGen      total 29696K, used 4086K [0x00000000eab00000, 0x00000000ecc00000, 0x0000000100000000)
  eden space 25600K, 0% used [0x00000000eab00000,0x00000000eab00000,0x00000000ec400000)
  from space 4096K, 99% used [0x00000000ec800000,0x00000000ecbfdac0,0x00000000ecc00000)
  to   space 4096K, 0% used [0x00000000ec400000,0x00000000ec400000,0x00000000ec800000)
 ParOldGen       total 68608K, used 3049K [0x00000000c0000000, 0x00000000c4300000, 0x00000000eab00000)
  object space 68608K, 4% used [0x00000000c0000000,0x00000000c02fa7c0,0x00000000c4300000)
 Metaspace       used 21048K, committed 21504K, reserved 1114112K
  class space    used 2149K, committed 2368K, reserved 1048576K
}
Event: 4.599 GC heap after
{Heap after GC invocations=5 (full 1):
 PSYoungGen      total 29696K, used 0K [0x00000000eab00000, 0x00000000ecc00000, 0x0000000100000000)
  eden space 25600K, 0% used [0x00000000eab00000,0x00000000eab00000,0x00000000ec400000)
  from space 4096K, 0% used [0x00000000ec800000,0x00000000ec800000,0x00000000ecc00000)
  to   space 4096K, 0% used [0x00000000ec400000,0x00000000ec400000,0x00000000ec800000)
 ParOldGen       total 68608K, used 6918K [0x00000000c0000000, 0x00000000c4300000, 0x00000000eab00000)
  object space 68608K, 10% used [0x00000000c0000000,0x00000000c06c1808,0x00000000c4300000)
 Metaspace       used 21034K, committed 21504K, reserved 1114112K
  class space    used 2145K, committed 2368K, reserved 1048576K
}
Event: 5.658 GC heap before
{Heap before GC invocations=6 (full 1):
 PSYoungGen      total 29696K, used 25600K [0x00000000eab00000, 0x00000000ecc00000, 0x0000000100000000)
  eden space 25600K, 100% used [0x00000000eab00000,0x00000000ec400000,0x00000000ec400000)
  from space 4096K, 0% used [0x00000000ec800000,0x00000000ec800000,0x00000000ecc00000)
  to   space 4096K, 0% used [0x00000000ec400000,0x00000000ec400000,0x00000000ec800000)
 ParOldGen       total 68608K, used 6918K [0x00000000c0000000, 0x00000000c4300000, 0x00000000eab00000)
  object space 68608K, 10% used [0x00000000c0000000,0x00000000c06c1808,0x00000000c4300000)
 Metaspace       used 24051K, committed 24576K, reserved 1114112K
  class space    used 2453K, committed 2688K, reserved 1048576K
}
Event: 5.661 GC heap after
{Heap after GC invocations=6 (full 1):
 PSYoungGen      total 28160K, used 2656K [0x00000000eab00000, 0x00000000eca80000, 0x0000000100000000)
  eden space 25088K, 0% used [0x00000000eab00000,0x00000000eab00000,0x00000000ec380000)
  from space 3072K, 86% used [0x00000000ec400000,0x00000000ec6983d8,0x00000000ec700000)
  to   space 3584K, 0% used [0x00000000ec700000,0x00000000ec700000,0x00000000eca80000)
 ParOldGen       total 68608K, used 6926K [0x00000000c0000000, 0x00000000c4300000, 0x00000000eab00000)
  object space 68608K, 10% used [0x00000000c0000000,0x00000000c06c3808,0x00000000c4300000)
 Metaspace       used 24051K, committed 24576K, reserved 1114112K
  class space    used 2453K, committed 2688K, reserved 1048576K
}
Event: 6.148 GC heap before
{Heap before GC invocations=7 (full 1):
 PSYoungGen      total 28160K, used 27269K [0x00000000eab00000, 0x00000000eca80000, 0x0000000100000000)
  eden space 25088K, 98% used [0x00000000eab00000,0x00000000ec309358,0x00000000ec380000)
  from space 3072K, 86% used [0x00000000ec400000,0x00000000ec6983d8,0x00000000ec700000)
  to   space 3584K, 0% used [0x00000000ec700000,0x00000000ec700000,0x00000000eca80000)
 ParOldGen       total 68608K, used 6926K [0x00000000c0000000, 0x00000000c4300000, 0x00000000eab00000)
  object space 68608K, 10% used [0x00000000c0000000,0x00000000c06c3808,0x00000000c4300000)
 Metaspace       used 28146K, committed 28672K, reserved 1114112K
  class space    used 2758K, committed 3008K, reserved 1048576K
}
Event: 6.151 GC heap after
{Heap after GC invocations=7 (full 1):
 PSYoungGen      total 27136K, used 2149K [0x00000000eab00000, 0x00000000ec980000, 0x0000000100000000)
  eden space 24576K, 0% used [0x00000000eab00000,0x00000000eab00000,0x00000000ec300000)
  from space 2560K, 83% used [0x00000000ec700000,0x00000000ec919460,0x00000000ec980000)
  to   space 2560K, 0% used [0x00000000ec480000,0x00000000ec480000,0x00000000ec700000)
 ParOldGen       total 68608K, used 6934K [0x00000000c0000000, 0x00000000c4300000, 0x00000000eab00000)
  object space 68608K, 10% used [0x00000000c0000000,0x00000000c06c5808,0x00000000c4300000)
 Metaspace       used 28146K, committed 28672K, reserved 1114112K
  class space    used 2758K, committed 3008K, reserved 1048576K
}
Event: 6.623 GC heap before
{Heap before GC invocations=8 (full 1):
 PSYoungGen      total 27136K, used 26725K [0x00000000eab00000, 0x00000000ec980000, 0x0000000100000000)
  eden space 24576K, 100% used [0x00000000eab00000,0x00000000ec300000,0x00000000ec300000)
  from space 2560K, 83% used [0x00000000ec700000,0x00000000ec919460,0x00000000ec980000)
  to   space 2560K, 0% used [0x00000000ec480000,0x00000000ec480000,0x00000000ec700000)
 ParOldGen       total 68608K, used 6934K [0x00000000c0000000, 0x00000000c4300000, 0x00000000eab00000)
  object space 68608K, 10% used [0x00000000c0000000,0x00000000c06c5808,0x00000000c4300000)
 Metaspace       used 30278K, committed 30912K, reserved 1114112K
  class space    used 2928K, committed 3200K, reserved 1048576K
}
Event: 6.626 GC heap after
{Heap after GC invocations=8 (full 1):
 PSYoungGen      total 26624K, used 2553K [0x00000000eab00000, 0x00000000ecb80000, 0x0000000100000000)
  eden space 24064K, 0% used [0x00000000eab00000,0x00000000eab00000,0x00000000ec280000)
  from space 2560K, 99% used [0x00000000ec480000,0x00000000ec6fe6f0,0x00000000ec700000)
  to   space 4608K, 0% used [0x00000000ec700000,0x00000000ec700000,0x00000000ecb80000)
 ParOldGen       total 68608K, used 8610K [0x00000000c0000000, 0x00000000c4300000, 0x00000000eab00000)
  object space 68608K, 12% used [0x00000000c0000000,0x00000000c08688f8,0x00000000c4300000)
 Metaspace       used 30278K, committed 30912K, reserved 1114112K
  class space    used 2928K, committed 3200K, reserved 1048576K
}
Event: 7.162 GC heap before
{Heap before GC invocations=9 (full 1):
 PSYoungGen      total 26624K, used 26617K [0x00000000eab00000, 0x00000000ecb80000, 0x0000000100000000)
  eden space 24064K, 100% used [0x00000000eab00000,0x00000000ec280000,0x00000000ec280000)
  from space 2560K, 99% used [0x00000000ec480000,0x00000000ec6fe6f0,0x00000000ec700000)
  to   space 4608K, 0% used [0x00000000ec700000,0x00000000ec700000,0x00000000ecb80000)
 ParOldGen       total 68608K, used 8610K [0x00000000c0000000, 0x00000000c4300000, 0x00000000eab00000)
  object space 68608K, 12% used [0x00000000c0000000,0x00000000c08688f8,0x00000000c4300000)
 Metaspace       used 33973K, committed 34688K, reserved 1114112K
  class space    used 3365K, committed 3648K, reserved 1048576K
}
Event: 7.168 GC heap after
{Heap after GC invocations=9 (full 1):
 PSYoungGen      total 27648K, used 4041K [0x00000000eab00000, 0x00000000ecb00000, 0x0000000100000000)
  eden space 23552K, 0% used [0x00000000eab00000,0x00000000eab00000,0x00000000ec200000)
  from space 4096K, 98% used [0x00000000ec700000,0x00000000ecaf2548,0x00000000ecb00000)
  to   space 4608K, 0% used [0x00000000ec200000,0x00000000ec200000,0x00000000ec680000)
 ParOldGen       total 68608K, used 8618K [0x00000000c0000000, 0x00000000c4300000, 0x00000000eab00000)
  object space 68608K, 12% used [0x00000000c0000000,0x00000000c086a8f8,0x00000000c4300000)
 Metaspace       used 33973K, committed 34688K, reserved 1114112K
  class space    used 3365K, committed 3648K, reserved 1048576K
}
Event: 7.261 GC heap before
{Heap before GC invocations=10 (full 1):
 PSYoungGen      total 27648K, used 10642K [0x00000000eab00000, 0x00000000ecb00000, 0x0000000100000000)
  eden space 23552K, 28% used [0x00000000eab00000,0x00000000eb1724e0,0x00000000ec200000)
  from space 4096K, 98% used [0x00000000ec700000,0x00000000ecaf2548,0x00000000ecb00000)
  to   space 4608K, 0% used [0x00000000ec200000,0x00000000ec200000,0x00000000ec680000)
 ParOldGen       total 68608K, used 8618K [0x00000000c0000000, 0x00000000c4300000, 0x00000000eab00000)
  object space 68608K, 12% used [0x00000000c0000000,0x00000000c086a8f8,0x00000000c4300000)
 Metaspace       used 35099K, committed 35840K, reserved 1114112K
  class space    used 3484K, committed 3776K, reserved 1048576K
}
Event: 7.265 GC heap after
{Heap after GC invocations=10 (full 1):
 PSYoungGen      total 26624K, used 2602K [0x00000000eab00000, 0x00000000ec900000, 0x0000000100000000)
  eden space 23552K, 0% used [0x00000000eab00000,0x00000000eab00000,0x00000000ec200000)
  from space 3072K, 84% used [0x00000000ec200000,0x00000000ec48ab38,0x00000000ec500000)
  to   space 3584K, 0% used [0x00000000ec580000,0x00000000ec580000,0x00000000ec900000)
 ParOldGen       total 68608K, used 10230K [0x00000000c0000000, 0x00000000c4300000, 0x00000000eab00000)
  object space 68608K, 14% used [0x00000000c0000000,0x00000000c09fd9c0,0x00000000c4300000)
 Metaspace       used 35099K, committed 35840K, reserved 1114112K
  class space    used 3484K, committed 3776K, reserved 1048576K
}
Event: 7.265 GC heap before
{Heap before GC invocations=11 (full 2):
 PSYoungGen      total 26624K, used 2602K [0x00000000eab00000, 0x00000000ec900000, 0x0000000100000000)
  eden space 23552K, 0% used [0x00000000eab00000,0x00000000eab00000,0x00000000ec200000)
  from space 3072K, 84% used [0x00000000ec200000,0x00000000ec48ab38,0x00000000ec500000)
  to   space 3584K, 0% used [0x00000000ec580000,0x00000000ec580000,0x00000000ec900000)
 ParOldGen       total 68608K, used 10230K [0x00000000c0000000, 0x00000000c4300000, 0x00000000eab00000)
  object space 68608K, 14% used [0x00000000c0000000,0x00000000c09fd9c0,0x00000000c4300000)
 Metaspace       used 35099K, committed 35840K, reserved 1114112K
  class space    used 3484K, committed 3776K, reserved 1048576K
}
Event: 7.289 GC heap after
{Heap after GC invocations=11 (full 2):
 PSYoungGen      total 26624K, used 0K [0x00000000eab00000, 0x00000000ec900000, 0x0000000100000000)
  eden space 23552K, 0% used [0x00000000eab00000,0x00000000eab00000,0x00000000ec200000)
  from space 3072K, 0% used [0x00000000ec200000,0x00000000ec200000,0x00000000ec500000)
  to   space 3584K, 0% used [0x00000000ec580000,0x00000000ec580000,0x00000000ec900000)
 ParOldGen       total 68608K, used 12419K [0x00000000c0000000, 0x00000000c4300000, 0x00000000eab00000)
  object space 68608K, 18% used [0x00000000c0000000,0x00000000c0c20f58,0x00000000c4300000)
 Metaspace       used 35099K, committed 35840K, reserved 1114112K
  class space    used 3484K, committed 3776K, reserved 1048576K
}

Dll operation events (10 events):
Event: 0.010 Loaded shared library c:\Users\Joseph Frank\.vscode\extensions\redhat.java-1.38.0-win32-x64\jre\17.0.13-win32-x86_64\bin\java.dll
Event: 0.270 Loaded shared library c:\Users\Joseph Frank\.vscode\extensions\redhat.java-1.38.0-win32-x64\jre\17.0.13-win32-x86_64\bin\zip.dll
Event: 0.276 Loaded shared library C:\Users\Joseph Frank\.vscode\extensions\redhat.java-1.38.0-win32-x64\jre\17.0.13-win32-x86_64\bin\instrument.dll
Event: 0.312 Loaded shared library C:\Users\Joseph Frank\.vscode\extensions\redhat.java-1.38.0-win32-x64\jre\17.0.13-win32-x86_64\bin\net.dll
Event: 0.315 Loaded shared library C:\Users\Joseph Frank\.vscode\extensions\redhat.java-1.38.0-win32-x64\jre\17.0.13-win32-x86_64\bin\nio.dll
Event: 0.324 Loaded shared library C:\Users\Joseph Frank\.vscode\extensions\redhat.java-1.38.0-win32-x64\jre\17.0.13-win32-x86_64\bin\zip.dll
Event: 0.364 Loaded shared library C:\Users\Joseph Frank\.vscode\extensions\redhat.java-1.38.0-win32-x64\jre\17.0.13-win32-x86_64\bin\jimage.dll
Event: 0.509 Loaded shared library c:\Users\Joseph Frank\.vscode\extensions\redhat.java-1.38.0-win32-x64\jre\17.0.13-win32-x86_64\bin\verify.dll
Event: 2.473 Loaded shared library C:\Users\Joseph Frank\AppData\Roaming\Code\User\globalStorage\redhat.java\1.38.0\config_ss_win\org.eclipse.equinox.launcher\org.eclipse.equinox.launcher.win32.win32.x86_64_1.2.1100.v20240722-2106\eclipse_11904.dll
Event: 4.969 Loaded shared library C:\Users\Joseph Frank\AppData\Local\Temp\jna-792161473\jna6170969056133790192.dll

Deoptimization events (20 events):
Event: 7.407 Thread 0x0000015f915842d0 Uncommon trap: trap_request=0xffffff45 fr.pc=0x0000015f9bd0a3b8 relative=0x0000000000000298
Event: 7.407 Thread 0x0000015f915842d0 Uncommon trap: reason=unstable_if action=reinterpret pc=0x0000015f9bd0a3b8 method=java.util.HashMap$HashIterator.<init>(Ljava/util/HashMap;)V @ 45 c2
Event: 7.407 Thread 0x0000015f915842d0 DEOPT PACKING pc=0x0000015f9bd0a3b8 sp=0x0000005e443fe100
Event: 7.407 Thread 0x0000015f915842d0 DEOPT UNPACKING pc=0x0000015f9b7966a3 sp=0x0000005e443fe098 mode 2
Event: 8.652 Thread 0x0000015fad430140 Uncommon trap: trap_request=0xffffff76 fr.pc=0x0000015f9be00844 relative=0x0000000000000bc4
Event: 8.652 Thread 0x0000015fad430140 Uncommon trap: reason=predicate action=maybe_recompile pc=0x0000015f9be00844 method=java.util.TreeMap.put(Ljava/lang/Object;Ljava/lang/Object;Z)Ljava/lang/Object; @ 27 c2
Event: 8.652 Thread 0x0000015fad430140 DEOPT PACKING pc=0x0000015f9be00844 sp=0x0000005e476fda80
Event: 8.652 Thread 0x0000015fad430140 DEOPT UNPACKING pc=0x0000015f9b7966a3 sp=0x0000005e476fda20 mode 2
Event: 74.243 Thread 0x0000015fad42fc30 Uncommon trap: trap_request=0xffffffde fr.pc=0x0000015f9bd75e4c relative=0x000000000000074c
Event: 74.243 Thread 0x0000015fad42fc30 Uncommon trap: reason=class_check action=maybe_recompile pc=0x0000015f9bd75e4c method=java.util.HashMap.computeIfAbsent(Ljava/lang/Object;Ljava/util/function/Function;)Ljava/lang/Object; @ 188 c2
Event: 74.243 Thread 0x0000015fad42fc30 DEOPT PACKING pc=0x0000015f9bd75e4c sp=0x0000005e474ff030
Event: 74.243 Thread 0x0000015fad42fc30 DEOPT UNPACKING pc=0x0000015f9b7966a3 sp=0x0000005e474fefd8 mode 2
Event: 74.255 Thread 0x0000015fad42fc30 Uncommon trap: trap_request=0xffffff45 fr.pc=0x0000015f9be387a0 relative=0x00000000000036a0
Event: 74.255 Thread 0x0000015fad42fc30 Uncommon trap: reason=unstable_if action=reinterpret pc=0x0000015f9be387a0 method=jdk.internal.org.objectweb.asm.Frame.push(I)V @ 26 c2
Event: 74.255 Thread 0x0000015fad42fc30 DEOPT PACKING pc=0x0000015f9be387a0 sp=0x0000005e474fd7e0
Event: 74.255 Thread 0x0000015fad42fc30 DEOPT UNPACKING pc=0x0000015f9b7966a3 sp=0x0000005e474fd708 mode 2
Event: 74.257 Thread 0x0000015fad42fc30 Uncommon trap: trap_request=0xffffff45 fr.pc=0x0000015f9be30824 relative=0x0000000000000184
Event: 74.257 Thread 0x0000015fad42fc30 Uncommon trap: reason=unstable_if action=reinterpret pc=0x0000015f9be30824 method=jdk.internal.org.objectweb.asm.Frame.push(I)V @ 26 c2
Event: 74.257 Thread 0x0000015fad42fc30 DEOPT PACKING pc=0x0000015f9be30824 sp=0x0000005e474fd930
Event: 74.257 Thread 0x0000015fad42fc30 DEOPT UNPACKING pc=0x0000015f9b7966a3 sp=0x0000005e474fd8c8 mode 2

Classes loaded (20 events):
Event: 74.199 Loading class java/util/concurrent/ForkJoinTask$AdaptedCallable
Event: 74.199 Loading class java/util/concurrent/ForkJoinTask$AdaptedCallable done
Event: 74.204 Loading class java/util/stream/Nodes$CollectorTask$OfRef
Event: 74.204 Loading class java/util/stream/Nodes$CollectorTask
Event: 74.204 Loading class java/util/stream/AbstractTask
Event: 74.205 Loading class java/util/concurrent/CountedCompleter
Event: 74.205 Loading class java/util/concurrent/CountedCompleter done
Event: 74.205 Loading class java/util/stream/AbstractTask done
Event: 74.205 Loading class java/util/stream/Nodes$CollectorTask done
Event: 74.205 Loading class java/util/stream/Nodes$CollectorTask$OfRef done
Event: 74.205 Loading class java/util/function/LongFunction
Event: 74.205 Loading class java/util/function/LongFunction done
Event: 74.206 Loading class java/util/stream/Nodes$ConcNode
Event: 74.206 Loading class java/util/stream/Nodes$AbstractConcNode
Event: 74.206 Loading class java/util/stream/Nodes$AbstractConcNode done
Event: 74.206 Loading class java/util/stream/Nodes$ConcNode done
Event: 74.226 Loading class java/util/concurrent/Executors$DelegatedScheduledExecutorService
Event: 74.227 Loading class java/util/concurrent/Executors$DelegatedExecutorService
Event: 74.227 Loading class java/util/concurrent/Executors$DelegatedExecutorService done
Event: 74.227 Loading class java/util/concurrent/Executors$DelegatedScheduledExecutorService done

Classes unloaded (7 events):
Event: 4.576 Thread 0x0000015faa4c4870 Unloading class 0x000000010021e400 'java/lang/invoke/LambdaForm$MH+0x000000010021e400'
Event: 4.576 Thread 0x0000015faa4c4870 Unloading class 0x000000010021e000 'java/lang/invoke/LambdaForm$MH+0x000000010021e000'
Event: 4.576 Thread 0x0000015faa4c4870 Unloading class 0x000000010021dc00 'java/lang/invoke/LambdaForm$MH+0x000000010021dc00'
Event: 4.576 Thread 0x0000015faa4c4870 Unloading class 0x000000010021d800 'java/lang/invoke/LambdaForm$MH+0x000000010021d800'
Event: 4.576 Thread 0x0000015faa4c4870 Unloading class 0x000000010021d400 'java/lang/invoke/LambdaForm$BMH+0x000000010021d400'
Event: 4.576 Thread 0x0000015faa4c4870 Unloading class 0x000000010021d000 'java/lang/invoke/LambdaForm$DMH+0x000000010021d000'
Event: 4.576 Thread 0x0000015faa4c4870 Unloading class 0x0000000100218400 'java/lang/invoke/LambdaForm$DMH+0x0000000100218400'

Classes redefined (0 events):
No events

Internal exceptions (20 events):
Event: 7.130 Thread 0x0000015fac782680 Exception <a 'sun/nio/fs/WindowsException'{0x00000000ec041598}> (0x00000000ec041598) 
thrown [s\src\hotspot\share\prims\jni.cpp, line 516]
Event: 7.130 Thread 0x0000015fac782680 Exception <a 'sun/nio/fs/WindowsException'{0x00000000ec041e90}> (0x00000000ec041e90) 
thrown [s\src\hotspot\share\prims\jni.cpp, line 516]
Event: 7.131 Thread 0x0000015fac782680 Exception <a 'sun/nio/fs/WindowsException'{0x00000000ec044450}> (0x00000000ec044450) 
thrown [s\src\hotspot\share\prims\jni.cpp, line 516]
Event: 7.131 Thread 0x0000015fac782680 Exception <a 'sun/nio/fs/WindowsException'{0x00000000ec044d48}> (0x00000000ec044d48) 
thrown [s\src\hotspot\share\prims\jni.cpp, line 516]
Event: 7.135 Thread 0x0000015fac782680 Exception <a 'java/lang/NoSuchMethodError'{0x00000000ec097d90}: 'void java.lang.invoke.DirectMethodHandle$Holder.invokeVirtual(java.lang.Object, java.lang.Object, java.lang.Object, java.lang.Object)'> (0x00000000ec097d90) 
thrown [s\src\hotspot\share\interpreter\linkResolver.cpp, line 759]
Event: 7.259 Thread 0x0000015fac782680 Exception <a 'java/io/FileNotFoundException'{0x00000000eb10c710}> (0x00000000eb10c710) 
thrown [s\src\hotspot\share\prims\jni.cpp, line 516]
Event: 7.260 Thread 0x0000015fac782680 Exception <a 'java/io/FileNotFoundException'{0x00000000eb10d9f0}> (0x00000000eb10d9f0) 
thrown [s\src\hotspot\share\prims\jni.cpp, line 516]
Event: 7.290 Thread 0x0000015fac782680 Exception <a 'java/lang/NoSuchMethodError'{0x00000000eab1bca0}: 'java.lang.Object java.lang.invoke.DirectMethodHandle$Holder.newInvokeSpecial(java.lang.Object, java.lang.Object, java.lang.Object, int)'> (0x00000000eab1bca0) 
thrown [s\src\hotspot\share\interpreter\linkResolver.cpp, line 759]
Event: 7.291 Thread 0x0000015fac782680 Exception <a 'java/lang/NoSuchMethodError'{0x00000000eab1fda8}: 'java.lang.Object java.lang.invoke.DirectMethodHandle$Holder.invokeSpecial(java.lang.Object, java.lang.Object, java.lang.Object, java.lang.Object, int)'> (0x00000000eab1fda8) 
thrown [s\src\hotspot\share\interpreter\linkResolver.cpp, line 759]
Event: 7.292 Thread 0x0000015fac782680 Exception <a 'java/lang/NoSuchMethodError'{0x00000000eab234b0}: 'java.lang.Object java.lang.invoke.Invokers$Holder.linkToTargetMethod(java.lang.Object, java.lang.Object, int, java.lang.Object)'> (0x00000000eab234b0) 
thrown [s\src\hotspot\share\interpreter\linkResolver.cpp, line 759]
Event: 7.294 Thread 0x0000015fac782680 Exception <a 'java/lang/NoSuchMethodError'{0x00000000eab467d8}: 'void java.lang.invoke.DirectMethodHandle$Holder.invokeStaticInit(java.lang.Object, java.lang.Object, java.lang.Object)'> (0x00000000eab467d8) 
thrown [s\src\hotspot\share\interpreter\linkResolver.cpp, line 759]
Event: 7.345 Thread 0x0000015f915842d0 Exception <a 'java/lang/NoSuchMethodError'{0x00000000eadfa250}: 'void java.lang.invoke.DirectMethodHandle$Holder.invokeSpecial(java.lang.Object, java.lang.Object, java.lang.Object, java.lang.Object, java.lang.Object, java.lang.Object)'> (0x00000000eadfa250) 
thrown [s\src\hotspot\share\interpreter\linkResolver.cpp, line 759]
Event: 7.347 Thread 0x0000015f915842d0 Exception <a 'java/lang/IncompatibleClassChangeError'{0x00000000eae08678}: Found class java.lang.Object, but interface was expected> (0x00000000eae08678) 
thrown [s\src\hotspot\share\interpreter\linkResolver.cpp, line 826]
Event: 8.542 Thread 0x0000015fad430140 Exception <a 'java/io/FileNotFoundException'{0x00000000eb3fb860}> (0x00000000eb3fb860) 
thrown [s\src\hotspot\share\prims\jni.cpp, line 516]
Event: 8.652 Thread 0x0000015fad430140 Exception <a 'sun/nio/fs/WindowsException'{0x00000000eb57e620}> (0x00000000eb57e620) 
thrown [s\src\hotspot\share\prims\jni.cpp, line 516]
Event: 8.881 Thread 0x0000015fac782680 Exception <a 'java/lang/NoSuchMethodError'{0x00000000eb850408}: 'java.lang.Object java.lang.invoke.DirectMethodHandle$Holder.newInvokeSpecial(java.lang.Object, java.lang.Object, java.lang.Object, java.lang.Object, java.lang.Object, java.lang.Object)'> (0x00000000eb850408) 
thrown [s\src\hotspot\share\interpreter\linkResolver.cpp, line 759]
Event: 74.221 Thread 0x0000015fad42fc30 Exception <a 'java/io/FileNotFoundException'{0x00000000ebadd1d0}> (0x00000000ebadd1d0) 
thrown [s\src\hotspot\share\prims\jni.cpp, line 516]
Event: 74.257 Thread 0x0000015fad42fc30 Exception <a 'java/lang/NoSuchMethodError'{0x00000000ebb55168}: 'java.lang.Object java.lang.invoke.DirectMethodHandle$Holder.newInvokeSpecial(java.lang.Object, java.lang.Object, java.lang.Object, java.lang.Object, java.lang.Object, java.lang.Object, java.lang.Object, java.lang.Object, java.lang.Object, java.lang.Object)'> (0x00000000ebb55168) 
thrown [s\src\hotspot\share\interpreter\linkResolver.cpp, line 759]
Event: 74.258 Thread 0x0000015fad42fc30 Exception <a 'java/lang/NoSuchMethodError'{0x00000000ebb59e58}: 'java.lang.Object java.lang.invoke.DirectMethodHandle$Holder.invokeSpecial(java.lang.Object, java.lang.Object, java.lang.Object, java.lang.Object, java.lang.Object, java.lang.Object, java.lang.Object, java.lang.Object, java.lang.Object, java.lang.Object, java.lang.Object)'> (0x00000000ebb59e58) 
thrown [s\src\hotspot\share\interpreter\linkResolver.cpp, line 759]
Event: 74.258 Thread 0x0000015fad42fc30 Exception <a 'java/lang/NoSuchMethodError'{0x00000000ebb5e5a8}: 'java.lang.Object java.lang.invoke.Invokers$Holder.linkToTargetMethod(java.lang.Object, java.lang.Object, java.lang.Object, java.lang.Object, java.lang.Object, java.lang.Object, java.lang.Object, java.lang.Object, java.lang.Object, java.lang.Object)'> (0x00000000ebb5e5a8) 
thrown [s\src\hotspot\share\interpreter\linkResolver.cpp, line 759]

VM Operations (20 events):
Event: 6.673 Executing VM operation: HandshakeAllThreads
Event: 6.673 Executing VM operation: HandshakeAllThreads done
Event: 6.674 Executing VM operation: HandshakeAllThreads
Event: 6.674 Executing VM operation: HandshakeAllThreads done
Event: 6.816 Executing VM operation: HandshakeAllThreads
Event: 6.816 Executing VM operation: HandshakeAllThreads done
Event: 7.161 Executing VM operation: ParallelGCFailedAllocation
Event: 7.168 Executing VM operation: ParallelGCFailedAllocation done
Event: 7.261 Executing VM operation: CollectForMetadataAllocation
Event: 7.289 Executing VM operation: CollectForMetadataAllocation done
Event: 8.289 Executing VM operation: Cleanup
Event: 8.289 Executing VM operation: Cleanup done
Event: 8.527 Executing VM operation: HandshakeAllThreads
Event: 8.527 Executing VM operation: HandshakeAllThreads done
Event: 9.527 Executing VM operation: Cleanup
Event: 9.527 Executing VM operation: Cleanup done
Event: 11.543 Executing VM operation: Cleanup
Event: 11.543 Executing VM operation: Cleanup done
Event: 60.168 Executing VM operation: HandshakeAllThreads
Event: 60.168 Executing VM operation: HandshakeAllThreads done

Memory protections (0 events):
No events

Nmethod flushes (0 events):
No events

Events (20 events):
Event: 7.025 Thread 0x0000015f915842d0 Thread added: 0x0000015fad42e7f0
Event: 7.026 Thread 0x0000015f915842d0 Thread added: 0x0000015fad42e2e0
Event: 7.026 Thread 0x0000015f915842d0 Thread added: 0x0000015fad42f210
Event: 7.026 Thread 0x0000015f915842d0 Thread added: 0x0000015fad42ed00
Event: 7.026 Thread 0x0000015f915842d0 Thread added: 0x0000015fad42cea0
Event: 7.026 Thread 0x0000015f915842d0 Thread added: 0x0000015fad42b040
Event: 7.059 Thread 0x0000015f915842d0 Thread added: 0x0000015fad42bf70
Event: 7.300 Thread 0x0000015fac783ac0 Thread added: 0x0000015fad42fc30
Event: 7.375 Thread 0x0000015f915842d0 Thread added: 0x0000015fad42c990
Event: 7.375 Thread 0x0000015f915842d0 Thread added: 0x0000015fad430140
Event: 8.350 Thread 0x0000015fae01a150 Thread exited: 0x0000015fae01a150
Event: 8.350 Thread 0x0000015fac0c2da0 Thread exited: 0x0000015fac0c2da0
Event: 10.258 Thread 0x0000015fac983010 Thread exited: 0x0000015fac983010
Event: 68.863 Thread 0x0000015fac783ac0 Thread exited: 0x0000015fac783ac0
Event: 74.165 Thread 0x0000015fad430140 Thread added: 0x0000015fad42d3b0
Event: 74.196 Thread 0x0000015fac782680 Thread added: 0x0000015fad42a620
Event: 74.200 Thread 0x0000015fad42fc30 Thread added: 0x0000015fad430650
Event: 74.208 Thread 0x0000015fad430650 Thread exited: 0x0000015fad430650
Event: 74.229 Thread 0x0000015fad430140 Thread added: 0x0000015fad42b550
Event: 74.265 Thread 0x0000015fad42fc30 Thread added: 0x0000015fad42ab30


Dynamic libraries:
0x00007ff7eddd0000 - 0x00007ff7eddde000 	c:\Users\Joseph Frank\.vscode\extensions\redhat.java-1.38.0-win32-x64\jre\17.0.13-win32-x86_64\bin\java.exe
0x00007ffd0d0d0000 - 0x00007ffd0d2e7000 	C:\Windows\SYSTEM32\ntdll.dll
0x00007ffd0c990000 - 0x00007ffd0ca54000 	C:\Windows\System32\KERNEL32.DLL
0x00007ffd0a7e0000 - 0x00007ffd0ab9a000 	C:\Windows\System32\KERNELBASE.dll
0x00007ffd0a690000 - 0x00007ffd0a7a1000 	C:\Windows\System32\ucrtbase.dll
0x00007ffce6fc0000 - 0x00007ffce6fde000 	c:\Users\Joseph Frank\.vscode\extensions\redhat.java-1.38.0-win32-x64\jre\17.0.13-win32-x86_64\bin\VCRUNTIME140.dll
0x00007ffce6cc0000 - 0x00007ffce6cd7000 	c:\Users\Joseph Frank\.vscode\extensions\redhat.java-1.38.0-win32-x64\jre\17.0.13-win32-x86_64\bin\jli.dll
0x00007ffd0c600000 - 0x00007ffd0c7ae000 	C:\Windows\System32\USER32.dll
0x00007ffce82a0000 - 0x00007ffce8532000 	C:\Windows\WinSxS\amd64_microsoft.windows.common-controls_6595b64144ccf1df_6.0.22621.4541_none_2710d1c57384c085\COMCTL32.dll
0x00007ffd0a7b0000 - 0x00007ffd0a7d6000 	C:\Windows\System32\win32u.dll
0x00007ffd0bd60000 - 0x00007ffd0bd89000 	C:\Windows\System32\GDI32.dll
0x00007ffd0af00000 - 0x00007ffd0afa7000 	C:\Windows\System32\msvcrt.dll
0x00007ffd0a410000 - 0x00007ffd0a52b000 	C:\Windows\System32\gdi32full.dll
0x00007ffd0a5f0000 - 0x00007ffd0a68a000 	C:\Windows\System32\msvcp_win.dll
0x00007ffd0bda0000 - 0x00007ffd0bdd1000 	C:\Windows\System32\IMM32.DLL
0x00007ffce9fb0000 - 0x00007ffce9fbc000 	c:\Users\Joseph Frank\.vscode\extensions\redhat.java-1.38.0-win32-x64\jre\17.0.13-win32-x86_64\bin\vcruntime140_1.dll
0x00007ffce2c20000 - 0x00007ffce2cad000 	c:\Users\Joseph Frank\.vscode\extensions\redhat.java-1.38.0-win32-x64\jre\17.0.13-win32-x86_64\bin\msvcp140.dll
0x00007ffc897a0000 - 0x00007ffc8a40b000 	c:\Users\Joseph Frank\.vscode\extensions\redhat.java-1.38.0-win32-x64\jre\17.0.13-win32-x86_64\bin\server\jvm.dll
0x00007ffd0c4c0000 - 0x00007ffd0c572000 	C:\Windows\System32\ADVAPI32.dll
0x00007ffd0b370000 - 0x00007ffd0b417000 	C:\Windows\System32\sechost.dll
0x00007ffd0ad10000 - 0x00007ffd0ad38000 	C:\Windows\System32\bcrypt.dll
0x00007ffd0ce00000 - 0x00007ffd0cf14000 	C:\Windows\System32\RPCRT4.dll
0x00007ffd0c580000 - 0x00007ffd0c5f1000 	C:\Windows\System32\WS2_32.dll
0x00007ffd0a260000 - 0x00007ffd0a2ad000 	C:\Windows\SYSTEM32\POWRPROF.dll
0x00007ffd016c0000 - 0x00007ffd016ca000 	C:\Windows\SYSTEM32\VERSION.dll
0x00007ffd04150000 - 0x00007ffd04184000 	C:\Windows\SYSTEM32\WINMM.dll
0x00007ffd0a240000 - 0x00007ffd0a253000 	C:\Windows\SYSTEM32\UMPDC.dll
0x00007ffd093a0000 - 0x00007ffd093b8000 	C:\Windows\SYSTEM32\kernel.appcore.dll
0x00007ffce8cf0000 - 0x00007ffce8cfa000 	c:\Users\Joseph Frank\.vscode\extensions\redhat.java-1.38.0-win32-x64\jre\17.0.13-win32-x86_64\bin\jimage.dll
0x00007ffd07bb0000 - 0x00007ffd07de2000 	C:\Windows\SYSTEM32\DBGHELP.DLL
0x00007ffd0ca60000 - 0x00007ffd0cdf1000 	C:\Windows\System32\combase.dll
0x00007ffd0c370000 - 0x00007ffd0c447000 	C:\Windows\System32\OLEAUT32.dll
0x00007ffcf6e80000 - 0x00007ffcf6eb2000 	C:\Windows\SYSTEM32\dbgcore.DLL
0x00007ffd0ad40000 - 0x00007ffd0adbb000 	C:\Windows\System32\bcryptPrimitives.dll
0x00007ffd04fb0000 - 0x00007ffd04fbe000 	c:\Users\Joseph Frank\.vscode\extensions\redhat.java-1.38.0-win32-x64\jre\17.0.13-win32-x86_64\bin\instrument.dll
0x00007ffce6c10000 - 0x00007ffce6c35000 	c:\Users\Joseph Frank\.vscode\extensions\redhat.java-1.38.0-win32-x64\jre\17.0.13-win32-x86_64\bin\java.dll
0x00007ffce4250000 - 0x00007ffce4268000 	c:\Users\Joseph Frank\.vscode\extensions\redhat.java-1.38.0-win32-x64\jre\17.0.13-win32-x86_64\bin\zip.dll
0x00007ffd0b420000 - 0x00007ffd0bc99000 	C:\Windows\System32\SHELL32.dll
0x00007ffd08280000 - 0x00007ffd08b89000 	C:\Windows\SYSTEM32\windows.storage.dll
0x00007ffd08140000 - 0x00007ffd0827f000 	C:\Windows\SYSTEM32\wintypes.dll
0x00007ffd0ae00000 - 0x00007ffd0aefa000 	C:\Windows\System32\SHCORE.dll
0x00007ffd0c920000 - 0x00007ffd0c97e000 	C:\Windows\System32\shlwapi.dll
0x00007ffd0a2c0000 - 0x00007ffd0a2eb000 	C:\Windows\SYSTEM32\profapi.dll
0x00007ffce2c00000 - 0x00007ffce2c19000 	C:\Users\Joseph Frank\.vscode\extensions\redhat.java-1.38.0-win32-x64\jre\17.0.13-win32-x86_64\bin\net.dll
0x00007ffd04010000 - 0x00007ffd04146000 	C:\Windows\SYSTEM32\WINHTTP.dll
0x00007ffd09810000 - 0x00007ffd09879000 	C:\Windows\system32\mswsock.dll
0x00007ffce2be0000 - 0x00007ffce2bf6000 	C:\Users\Joseph Frank\.vscode\extensions\redhat.java-1.38.0-win32-x64\jre\17.0.13-win32-x86_64\bin\nio.dll
0x00007ffd04fa0000 - 0x00007ffd04fb0000 	c:\Users\Joseph Frank\.vscode\extensions\redhat.java-1.38.0-win32-x64\jre\17.0.13-win32-x86_64\bin\verify.dll
0x00007ffcdd360000 - 0x00007ffcdd3a5000 	C:\Users\Joseph Frank\AppData\Roaming\Code\User\globalStorage\redhat.java\1.38.0\config_ss_win\org.eclipse.equinox.launcher\org.eclipse.equinox.launcher.win32.win32.x86_64_1.2.1100.v20240722-2106\eclipse_11904.dll
0x00007ffd0afb0000 - 0x00007ffd0b155000 	C:\Windows\System32\ole32.dll
0x00007ffd09aa0000 - 0x00007ffd09abb000 	C:\Windows\SYSTEM32\CRYPTSP.dll
0x00007ffd09300000 - 0x00007ffd09335000 	C:\Windows\system32\rsaenh.dll
0x00007ffd09920000 - 0x00007ffd09948000 	C:\Windows\SYSTEM32\USERENV.dll
0x00007ffd09ac0000 - 0x00007ffd09acc000 	C:\Windows\SYSTEM32\CRYPTBASE.dll
0x00007ffd08df0000 - 0x00007ffd08e1d000 	C:\Windows\SYSTEM32\IPHLPAPI.DLL
0x00007ffd0c260000 - 0x00007ffd0c269000 	C:\Windows\System32\NSI.dll
0x00007ffd04fd0000 - 0x00007ffd04fe9000 	C:\Windows\SYSTEM32\dhcpcsvc6.DLL
0x00007ffd04a80000 - 0x00007ffd04a9f000 	C:\Windows\SYSTEM32\dhcpcsvc.DLL
0x00007ffd08e20000 - 0x00007ffd08f22000 	C:\Windows\SYSTEM32\DNSAPI.dll
0x00007ffcdd250000 - 0x00007ffcdd299000 	C:\Users\Joseph Frank\AppData\Local\Temp\jna-792161473\jna6170969056133790192.dll
0x00007ffd0bd90000 - 0x00007ffd0bd98000 	C:\Windows\System32\PSAPI.DLL

dbghelp: loaded successfully - version: 4.0.5 - missing functions: none
symbol engine: initialized successfully - sym options: 0x614 - pdb path: .;c:\Users\Joseph Frank\.vscode\extensions\redhat.java-1.38.0-win32-x64\jre\17.0.13-win32-x86_64\bin;C:\Windows\SYSTEM32;C:\Windows\WinSxS\amd64_microsoft.windows.common-controls_6595b64144ccf1df_6.0.22621.4541_none_2710d1c57384c085;c:\Users\Joseph Frank\.vscode\extensions\redhat.java-1.38.0-win32-x64\jre\17.0.13-win32-x86_64\bin\server;C:\Users\Joseph Frank\AppData\Roaming\Code\User\globalStorage\redhat.java\1.38.0\config_ss_win\org.eclipse.equinox.launcher\org.eclipse.equinox.launcher.win32.win32.x86_64_1.2.1100.v20240722-2106;C:\Users\Joseph Frank\AppData\Local\Temp\jna-792161473

VM Arguments:
jvm_args: --add-modules=ALL-SYSTEM --add-opens=java.base/java.util=ALL-UNNAMED --add-opens=java.base/java.lang=ALL-UNNAMED --add-opens=java.base/sun.nio.fs=ALL-UNNAMED -Declipse.application=org.eclipse.jdt.ls.core.id1 -Dosgi.bundles.defaultStartLevel=4 -Declipse.product=org.eclipse.jdt.ls.core.product -Djava.import.generatesMetadataFilesAtProjectRoot=false -DDetectVMInstallationsJob.disabled=true -Dfile.encoding=utf8 -XX:+UseParallelGC -XX:GCTimeRatio=4 -XX:AdaptiveSizePolicyWeight=90 -Dsun.zip.disableMemoryMapping=true -Xmx1G -Xms100m -Xlog:disable -javaagent:c:\Users\Joseph Frank\.vscode\extensions\redhat.java-1.38.0-win32-x64\lombok\lombok-1.18.34.jar 
java_command: c:\Users\Joseph Frank\.vscode\extensions\redhat.java-1.38.0-win32-x64\server\plugins\org.eclipse.equinox.launcher_1.6.900.v20240613-2009.jar -configuration c:\Users\Joseph Frank\AppData\Roaming\Code\User\globalStorage\redhat.java\1.38.0\config_ss_win -data c:\Users\Joseph Frank\AppData\Roaming\Code\User\workspaceStorage\ded5477040aba2c835bc6511c43cb140\redhat.java\ss_ws --pipe=\\.\pipe\lsp-f682f19bbb8f22af2011f2a238912eee-sock
java_class_path (initial): c:\Users\Joseph Frank\.vscode\extensions\redhat.java-1.38.0-win32-x64\server\plugins\org.eclipse.equinox.launcher_1.6.900.v20240613-2009.jar
Launcher Type: SUN_STANDARD

[Global flags]
    uintx AdaptiveSizePolicyWeight                 = 90                                        {product} {command line}
     intx CICompilerCount                          = 4                                         {product} {ergonomic}
    uintx GCTimeRatio                              = 4                                         {product} {command line}
   size_t InitialHeapSize                          = 104857600                                 {product} {command line}
   size_t MaxHeapSize                              = 1073741824                                {product} {command line}
   size_t MaxNewSize                               = 357564416                                 {product} {ergonomic}
   size_t MinHeapDeltaBytes                        = 524288                                    {product} {ergonomic}
   size_t MinHeapSize                              = 104857600                                 {product} {command line}
   size_t NewSize                                  = 34603008                                  {product} {ergonomic}
    uintx NonNMethodCodeHeapSize                   = 5839372                                {pd product} {ergonomic}
    uintx NonProfiledCodeHeapSize                  = 122909434                              {pd product} {ergonomic}
   size_t OldSize                                  = 70254592                                  {product} {ergonomic}
    uintx ProfiledCodeHeapSize                     = 122909434                              {pd product} {ergonomic}
    uintx ReservedCodeCacheSize                    = 251658240                              {pd product} {ergonomic}
     bool SegmentedCodeCache                       = true                                      {product} {ergonomic}
   size_t SoftMaxHeapSize                          = 1073741824                             {manageable} {ergonomic}
     bool UseCompressedClassPointers               = true                           {product lp64_product} {ergonomic}
     bool UseCompressedOops                        = true                           {product lp64_product} {ergonomic}
     bool UseLargePagesIndividualAllocation        = false                                  {pd product} {ergonomic}
     bool UseParallelGC                            = true                                      {product} {command line}

Logging:
Log output configuration:
 #0: stdout all=off uptime,level,tags
 #1: stderr all=off uptime,level,tags

Environment Variables:
JAVA_HOME=C:\Program Files\Java\jdk-23
PATH=C:\Program Files\Common Files\Oracle\Java\javapath;C:\Program Files (x86)\Common Files\Oracle\Java\java8path;C:\Program Files (x86)\Common Files\Oracle\Java\javapath;C:\Windows\system32;C:\Windows;C:\Windows\System32\Wbem;C:\Windows\System32\WindowsPowerShell\v1.0\;C:\Windows\System32\OpenSSH\;C:\Program Files\dotnet\;C:\Program Files (x86)\Windows Kits\10\Windows Performance Toolkit\;C:\Program Files\Git\cmd;C:\Users\Joseph Frank\AppData\Local\Programs\Python\Python313\Scripts\;C:\Users\Joseph Frank\AppData\Local\Programs\Python\Python313\;C:\flutter\bin;C:\Users\Joseph Frank\AppData\Local\Microsoft\WindowsApps;C:\Users\Joseph Frank\AppData\Local\GitHubDesktop\bin;C:\Users\Joseph Frank\AppData\Local\Programs\Microsoft VS Code\bin;C:\Users\Joseph Frank\.dotnet\tools;C:\Gradle\gradle-8.12\bin;
USERNAME=Joseph Frank
OS=Windows_NT
PROCESSOR_IDENTIFIER=AMD64 Family 23 Model 104 Stepping 1, AuthenticAMD
TMP=C:\Users\JOSEPH~1\AppData\Local\Temp
TEMP=C:\Users\JOSEPH~1\AppData\Local\Temp



Periodic native trim disabled


---------------  S Y S T E M  ---------------

OS:
 Windows 11 , 64 bit Build 22621 (10.0.22621.4391)
OS uptime: 0 days 3:23 hours
Hyper-V role detected

CPU: total 12 (initial active 12) (12 cores per cpu, 2 threads per core) family 23 model 104 stepping 1 microcode 0x0, cx8, cmov, fxsr, ht, mmx, 3dnowpref, sse, sse2, sse3, ssse3, sse4a, sse4.1, sse4.2, popcnt, lzcnt, tsc, tscinvbit, avx, avx2, aes, clmul, bmi1, bmi2, adx, sha, fma, vzeroupper, clflush, clflushopt, hv
Processor Information for all 12 processors :
  Max Mhz: 2100, Current Mhz: 2100, Mhz Limit: 2100

Memory: 4k page, system-wide physical 18277M (3413M free)
TotalPageFile size 20325M (AvailPageFile size 37M)
current process WorkingSet (physical memory assigned to process): 143M, peak: 164M
current process commit charge ("private bytes"): 250M, peak: 270M

vm_info: OpenJDK 64-Bit Server VM (17.0.13+11) for windows-amd64 JRE (17.0.13+11), built on Oct 16 2024 00:10:08 by "admin" with MS VC++ 17.7 (VS2022)

END.
