#
# There is insufficient memory for the Java Runtime Environment to continue.
# Native memory allocation (malloc) failed to allocate 1021168 bytes. Error detail: Chunk::new
# Possible reasons:
#   The system is out of physical RAM or swap space
#   This process is running with CompressedOops enabled, and the Java Heap may be blocking the growth of the native heap
# Possible solutions:
#   Reduce memory load on the system
#   Increase physical memory or swap space
#   Check if swap backing store is full
#   Decrease Java heap size (-Xmx/-Xms)
#   Decrease number of Java threads
#   Decrease Java thread stack sizes (-Xss)
#   Set larger code cache with -XX:ReservedCodeCacheSize=
#   JVM is running with Zero Based Compressed Oops mode in which the Java heap is
#     placed in the first 32GB address space. The Java Heap base address is the
#     maximum limit for the native heap growth. Please use -XX:HeapBaseMinAddress
#     to set the Java Heap base and to place the Java Heap above 32GB virtual address.
# This output file may be truncated or incomplete.
#
#  Out of Memory Error (arena.cpp:168), pid=24752, tid=1268
#
# JRE version: OpenJDK Runtime Environment (21.0.4) (build 21.0.4+-12508038-b607.1)
# Java VM: OpenJDK 64-Bit Server VM (21.0.4+-12508038-b607.1, mixed mode, tiered, compressed oops, compressed class ptrs, g1 gc, windows-amd64)
# No core dump will be written. Minidumps are not enabled by default on client versions of Windows
#

---------------  S U M M A R Y ------------

Command Line: -XX:MaxMetaspaceSize=4G -XX:ReservedCodeCacheSize=512m -XX:+HeapDumpOnOutOfMemoryError --add-opens=java.base/java.util=ALL-UNNAMED --add-opens=java.base/java.lang=ALL-UNNAMED --add-opens=java.base/java.lang.invoke=ALL-UNNAMED --add-opens=java.prefs/java.util.prefs=ALL-UNNAMED --add-exports=jdk.compiler/com.sun.tools.javac.api=ALL-UNNAMED --add-exports=jdk.compiler/com.sun.tools.javac.util=ALL-UNNAMED --add-opens=java.base/java.nio.charset=ALL-UNNAMED --add-opens=java.base/java.net=ALL-UNNAMED --add-opens=java.base/java.util.concurrent.atomic=ALL-UNNAMED -Xmx8G -Dfile.encoding=UTF-8 -Duser.country=BR -Duser.language=pt -Duser.variant -javaagent:C:\Users\Joseph Frank\.gradle\wrapper\dists\gradle-8.10.2-all\7iv73wktx1xtkvlq19urqw1wm\gradle-8.10.2\lib\agents\gradle-instrumentation-agent-8.10.2.jar org.gradle.launcher.daemon.bootstrap.GradleDaemon 8.10.2

Host: AMD Ryzen 5 5500U with Radeon Graphics         , 12 cores, 17G,  Windows 11 , 64 bit Build 22621 (10.0.22621.5124)
Time: Sun Apr 20 17:25:57 2025 Hora oficial do Brasil elapsed time: 21.672610 seconds (0d 0h 0m 21s)

---------------  T H R E A D  ---------------

Current thread (0x00000217592c1f90):  JavaThread "C2 CompilerThread0" daemon [_thread_in_native, id=1268, stack(0x0000002bed600000,0x0000002bed700000) (1024K)]


Current CompileTask:
C2:  21672 6217       4       org.objectweb.asm.ClassReader::readField (675 bytes)

Stack: [0x0000002bed600000,0x0000002bed700000]
Native frames: (J=compiled Java code, j=interpreted, Vv=VM code, C=native code)
V  [jvm.dll+0x6ce539]
V  [jvm.dll+0x85bf03]
V  [jvm.dll+0x85e45e]
V  [jvm.dll+0x85eb43]
V  [jvm.dll+0x27dd06]
V  [jvm.dll+0xbf9cd]
V  [jvm.dll+0xbff03]
V  [jvm.dll+0x3b4deb]
V  [jvm.dll+0x380f07]
V  [jvm.dll+0x38037a]
V  [jvm.dll+0x2473f2]
V  [jvm.dll+0x2469c1]
V  [jvm.dll+0x1c58a4]
V  [jvm.dll+0x255fec]
V  [jvm.dll+0x254536]
V  [jvm.dll+0x3efab6]
V  [jvm.dll+0x804418]
V  [jvm.dll+0x6cce0d]
C  [ucrtbase.dll+0x29333]
C  [KERNEL32.DLL+0x1259d]
C  [ntdll.dll+0x5af38]


---------------  P R O C E S S  ---------------

Threads class SMR info:
_java_thread_list=0x0000021761d4c7f0, length=34, elements={
0x0000021726808f60, 0x000002175927dd50, 0x000002175927e780, 0x00000217592ac020,
0x00000217592bc900, 0x00000217592c0f80, 0x00000217592c15f0, 0x00000217592c1f90,
0x00000217592c2640, 0x00000217593ea1d0, 0x000002175958fa30, 0x000002175f0a3370,
0x000002175f480e80, 0x000002175f55fe20, 0x000002175f54b5c0, 0x000002175f547540,
0x000002175f384400, 0x000002175ed7f2f0, 0x000002175f8522e0, 0x000002175f852970,
0x000002175f8550d0, 0x000002175f854a40, 0x000002175f853000, 0x000002175f853690,
0x000002175f8543b0, 0x000002175f855760, 0x00000217622a1bc0, 0x000002176229d390,
0x00000217622a2250, 0x00000217622a3c90, 0x00000217622a0810, 0x00000217622a0ea0,
0x0000021762d5ca00, 0x000002175f75ee70
}

Java Threads: ( => current thread )
  0x0000021726808f60 JavaThread "main"                              [_thread_blocked, id=2356, stack(0x0000002bec800000,0x0000002bec900000) (1024K)]
  0x000002175927dd50 JavaThread "Reference Handler"          daemon [_thread_blocked, id=14172, stack(0x0000002bed000000,0x0000002bed100000) (1024K)]
  0x000002175927e780 JavaThread "Finalizer"                  daemon [_thread_blocked, id=14312, stack(0x0000002bed100000,0x0000002bed200000) (1024K)]
  0x00000217592ac020 JavaThread "Signal Dispatcher"          daemon [_thread_blocked, id=9976, stack(0x0000002bed200000,0x0000002bed300000) (1024K)]
  0x00000217592bc900 JavaThread "Attach Listener"            daemon [_thread_blocked, id=1916, stack(0x0000002bed300000,0x0000002bed400000) (1024K)]
  0x00000217592c0f80 JavaThread "Service Thread"             daemon [_thread_blocked, id=20784, stack(0x0000002bed400000,0x0000002bed500000) (1024K)]
  0x00000217592c15f0 JavaThread "Monitor Deflation Thread"   daemon [_thread_blocked, id=17952, stack(0x0000002bed500000,0x0000002bed600000) (1024K)]
=>0x00000217592c1f90 JavaThread "C2 CompilerThread0"         daemon [_thread_in_native, id=1268, stack(0x0000002bed600000,0x0000002bed700000) (1024K)]
  0x00000217592c2640 JavaThread "C1 CompilerThread0"         daemon [_thread_blocked, id=26784, stack(0x0000002bed700000,0x0000002bed800000) (1024K)]
  0x00000217593ea1d0 JavaThread "Common-Cleaner"             daemon [_thread_blocked, id=10476, stack(0x0000002bed800000,0x0000002bed900000) (1024K)]
  0x000002175958fa30 JavaThread "Notification Thread"        daemon [_thread_blocked, id=24544, stack(0x0000002bed900000,0x0000002beda00000) (1024K)]
  0x000002175f0a3370 JavaThread "Daemon health stats"               [_thread_blocked, id=14040, stack(0x0000002bee100000,0x0000002bee200000) (1024K)]
  0x000002175f480e80 JavaThread "Incoming local TCP Connector on port 57473"        [_thread_in_native, id=13404, stack(0x0000002bee200000,0x0000002bee300000) (1024K)]
  0x000002175f55fe20 JavaThread "Daemon periodic checks"            [_thread_blocked, id=13332, stack(0x0000002bee300000,0x0000002bee400000) (1024K)]
  0x000002175f54b5c0 JavaThread "Daemon"                            [_thread_blocked, id=20408, stack(0x0000002bee400000,0x0000002bee500000) (1024K)]
  0x000002175f547540 JavaThread "Handler for socket connection from /127.0.0.1:57473 to /127.0.0.1:57474"        [_thread_in_native, id=10064, stack(0x0000002bee500000,0x0000002bee600000) (1024K)]
  0x000002175f384400 JavaThread "Cancel handler"                    [_thread_blocked, id=11124, stack(0x0000002bee600000,0x0000002bee700000) (1024K)]
  0x000002175ed7f2f0 JavaThread "Daemon worker"                     [_thread_in_native, id=4208, stack(0x0000002bee700000,0x0000002bee800000) (1024K)]
  0x000002175f8522e0 JavaThread "Asynchronous log dispatcher for DefaultDaemonConnection: socket connection from /127.0.0.1:57473 to /127.0.0.1:57474"        [_thread_blocked, id=9372, stack(0x0000002bee800000,0x0000002bee900000) (1024K)]
  0x000002175f852970 JavaThread "Stdin handler"                     [_thread_blocked, id=21192, stack(0x0000002bee900000,0x0000002beea00000) (1024K)]
  0x000002175f8550d0 JavaThread "Daemon client event forwarder"        [_thread_blocked, id=11656, stack(0x0000002beea00000,0x0000002beeb00000) (1024K)]
  0x000002175f854a40 JavaThread "Cache worker for journal cache (C:\Users\Joseph Frank\.gradle\caches\journal-1)"        [_thread_blocked, id=20608, stack(0x0000002bef000000,0x0000002bef100000) (1024K)]
  0x000002175f853000 JavaThread "File lock request listener"        [_thread_in_native, id=26756, stack(0x0000002bef100000,0x0000002bef200000) (1024K)]
  0x000002175f853690 JavaThread "Cache worker for file hash cache (C:\Users\Joseph Frank\.gradle\caches\8.10.2\fileHashes)"        [_thread_blocked, id=16672, stack(0x0000002bef200000,0x0000002bef300000) (1024K)]
  0x000002175f8543b0 JavaThread "Cache worker for file hash cache (C:\Users\Joseph Frank\Documents\GitHub\libras\android\.gradle\8.10.2\fileHashes)"        [_thread_blocked, id=17512, stack(0x0000002bef400000,0x0000002bef500000) (1024K)]
  0x000002175f855760 JavaThread "Cache worker for Build Output Cleanup Cache (C:\Users\Joseph Frank\Documents\GitHub\libras\android\.gradle\buildOutputCleanup)"        [_thread_blocked, id=21000, stack(0x0000002bef500000,0x0000002bef600000) (1024K)]
  0x00000217622a1bc0 JavaThread "File watcher server"        daemon [_thread_in_native, id=26612, stack(0x0000002bef600000,0x0000002bef700000) (1024K)]
  0x000002176229d390 JavaThread "File watcher consumer"      daemon [_thread_blocked, id=23124, stack(0x0000002bef700000,0x0000002bef800000) (1024K)]
  0x00000217622a2250 JavaThread "Cache worker for checksums cache (C:\Users\Joseph Frank\Documents\GitHub\libras\android\.gradle\8.10.2\checksums)"        [_thread_blocked, id=17568, stack(0x0000002beda00000,0x0000002bedb00000) (1024K)]
  0x00000217622a3c90 JavaThread "Cache worker for file content cache (C:\Users\Joseph Frank\.gradle\caches\8.10.2\fileContent)"        [_thread_blocked, id=2560, stack(0x0000002bef300000,0x0000002bef400000) (1024K)]
  0x00000217622a0810 JavaThread "Cache worker for cache directory md-rule (C:\Users\Joseph Frank\.gradle\caches\8.10.2\md-rule)"        [_thread_blocked, id=26124, stack(0x0000002bef900000,0x0000002befa00000) (1024K)]
  0x00000217622a0ea0 JavaThread "Cache worker for cache directory md-supplier (C:\Users\Joseph Frank\.gradle\caches\8.10.2\md-supplier)"        [_thread_blocked, id=22244, stack(0x0000002befa00000,0x0000002befb00000) (1024K)]
  0x0000021762d5ca00 JavaThread "C2 CompilerThread1"         daemon [_thread_in_native, id=14348, stack(0x0000002bef800000,0x0000002bef900000) (1024K)]
  0x000002175f75ee70 JavaThread "C2 CompilerThread2"         daemon [_thread_in_native, id=8288, stack(0x0000002befb00000,0x0000002befc00000) (1024K)]
Total: 34

Other Threads:
  0x00000217591fb910 VMThread "VM Thread"                           [id=11592, stack(0x0000002becf00000,0x0000002bed000000) (1024K)]
  0x00000217565c4290 WatcherThread "VM Periodic Task Thread"        [id=14500, stack(0x0000002bece00000,0x0000002becf00000) (1024K)]
  0x0000021728c09690 WorkerThread "GC Thread#0"                     [id=23004, stack(0x0000002bec900000,0x0000002beca00000) (1024K)]
  0x0000021759a93750 WorkerThread "GC Thread#1"                     [id=7536, stack(0x0000002bedc00000,0x0000002bedd00000) (1024K)]
  0x00000217597fe940 WorkerThread "GC Thread#2"                     [id=22404, stack(0x0000002bedd00000,0x0000002bede00000) (1024K)]
  0x0000021759ad5f30 WorkerThread "GC Thread#3"                     [id=676, stack(0x0000002bede00000,0x0000002bedf00000) (1024K)]
  0x0000021759acd240 WorkerThread "GC Thread#4"                     [id=13644, stack(0x0000002bedf00000,0x0000002bee000000) (1024K)]
  0x0000021759acd5e0 WorkerThread "GC Thread#5"                     [id=24348, stack(0x0000002bee000000,0x0000002bee100000) (1024K)]
  0x000002175f2e5b50 WorkerThread "GC Thread#6"                     [id=4728, stack(0x0000002bedb00000,0x0000002bedc00000) (1024K)]
  0x000002175f763420 WorkerThread "GC Thread#7"                     [id=14916, stack(0x0000002beeb00000,0x0000002beec00000) (1024K)]
  0x000002175f7637c0 WorkerThread "GC Thread#8"                     [id=22228, stack(0x0000002beec00000,0x0000002beed00000) (1024K)]
  0x000002175f763b60 WorkerThread "GC Thread#9"                     [id=13096, stack(0x0000002beed00000,0x0000002beee00000) (1024K)]
  0x0000021728c1a670 ConcurrentGCThread "G1 Main Marker"            [id=17444, stack(0x0000002beca00000,0x0000002becb00000) (1024K)]
  0x0000021728c1b2e0 WorkerThread "G1 Conc#0"                       [id=13064, stack(0x0000002becb00000,0x0000002becc00000) (1024K)]
  0x000002175f772e00 WorkerThread "G1 Conc#1"                       [id=26268, stack(0x0000002beee00000,0x0000002beef00000) (1024K)]
  0x000002175f7749b0 WorkerThread "G1 Conc#2"                       [id=23116, stack(0x0000002beef00000,0x0000002bef000000) (1024K)]
  0x00000217564999c0 ConcurrentGCThread "G1 Refine#0"               [id=23568, stack(0x0000002becc00000,0x0000002becd00000) (1024K)]
  0x000002175649a140 ConcurrentGCThread "G1 Service"                [id=24208, stack(0x0000002becd00000,0x0000002bece00000) (1024K)]
Total: 18

Threads with active compile tasks:
C2 CompilerThread0    21713 6217       4       org.objectweb.asm.ClassReader::readField (675 bytes)
C2 CompilerThread1    21713 6196       4       org.objectweb.asm.ClassReader::readMethod (1070 bytes)
C2 CompilerThread2    21713 5963       4       org.objectweb.asm.ClassReader::readCode (5117 bytes)
Total: 3

VM state: not at safepoint (normal execution)

VM Mutex/Monitor currently owned by a thread: None

Heap address: 0x0000000600000000, size: 8192 MB, Compressed Oops mode: Zero based, Oop shift amount: 3

CDS archive(s) not mapped
Compressed class space mapped at: 0x0000000800000000-0x0000000840000000, reserved size: 1073741824
Narrow klass base: 0x0000000800000000, Narrow klass shift: 0, Narrow klass range: 0x40000000

GC Precious Log:
 CardTable entry size: 512
 Card Set container configuration: InlinePtr #cards 4 size 8 Array Of Cards #cards 32 size 80 Howl #buckets 8 coarsen threshold 7372 Howl Bitmap #cards 1024 size 144 coarsen threshold 921 Card regions per heap region 1 cards per card region 8192
 CPUs: 12 total, 12 available
 Memory: 18277M
 Large Page Support: Disabled
 NUMA Support: Disabled
 Compressed Oops: Enabled (Zero based)
 Heap Region Size: 4M
 Heap Min Capacity: 8M
 Heap Initial Capacity: 288M
 Heap Max Capacity: 8G
 Pre-touch: Disabled
 Parallel Workers: 10
 Concurrent Workers: 3
 Concurrent Refinement Workers: 10
 Periodic GC: Disabled

Heap:
 garbage-first heap   total 552960K, used 91747K [0x0000000600000000, 0x0000000800000000)
  region size 4096K, 11 young (45056K), 3 survivors (12288K)
 Metaspace       used 49646K, committed 50880K, reserved 1114112K
  class space    used 6423K, committed 7040K, reserved 1048576K

Heap Regions: E=young(eden), S=young(survivor), O=old, HS=humongous(starts), HC=humongous(continues), CS=collection set, F=free, TAMS=top-at-mark-start, PB=parsable bottom
|   0|0x0000000600000000, 0x0000000600400000, 0x0000000600400000|100%|HS|  |TAMS 0x0000000600000000| PB 0x0000000600000000| Complete 
|   1|0x0000000600400000, 0x0000000600800000, 0x0000000600800000|100%| O|  |TAMS 0x0000000600400000| PB 0x0000000600400000| Untracked 
|   2|0x0000000600800000, 0x0000000600c00000, 0x0000000600c00000|100%| O|  |TAMS 0x0000000600800000| PB 0x0000000600800000| Untracked 
|   3|0x0000000600c00000, 0x0000000601000000, 0x0000000601000000|100%| O|  |TAMS 0x0000000600c00000| PB 0x0000000600c00000| Untracked 
|   4|0x0000000601000000, 0x0000000601400000, 0x0000000601400000|100%| O|  |TAMS 0x0000000601000000| PB 0x0000000601000000| Untracked 
|   5|0x0000000601400000, 0x0000000601800000, 0x0000000601800000|100%| O|  |TAMS 0x0000000601400000| PB 0x0000000601400000| Untracked 
|   6|0x0000000601800000, 0x0000000601c00000, 0x0000000601c00000|100%| O|  |TAMS 0x0000000601800000| PB 0x0000000601800000| Untracked 
|   7|0x0000000601c00000, 0x0000000602000000, 0x0000000602000000|100%| O|  |TAMS 0x0000000601c00000| PB 0x0000000601c00000| Untracked 
|   8|0x0000000602000000, 0x0000000602400000, 0x0000000602400000|100%| O|  |TAMS 0x0000000602000000| PB 0x0000000602000000| Untracked 
|   9|0x0000000602400000, 0x0000000602800000, 0x0000000602800000|100%| O|  |TAMS 0x0000000602400000| PB 0x0000000602400000| Untracked 
|  10|0x0000000602800000, 0x0000000602b5bf30, 0x0000000602c00000| 83%| O|  |TAMS 0x0000000602800000| PB 0x0000000602800000| Untracked 
|  11|0x0000000602c00000, 0x0000000603000000, 0x0000000603000000|100%|HS|  |TAMS 0x0000000602c00000| PB 0x0000000602c00000| Complete 
|  12|0x0000000603000000, 0x0000000603400000, 0x0000000603400000|100%|HC|  |TAMS 0x0000000603000000| PB 0x0000000603000000| Complete 
|  13|0x0000000603400000, 0x0000000603400000, 0x0000000603800000|  0%| F|  |TAMS 0x0000000603400000| PB 0x0000000603400000| Untracked 
|  14|0x0000000603800000, 0x0000000603800000, 0x0000000603c00000|  0%| F|  |TAMS 0x0000000603800000| PB 0x0000000603800000| Untracked 
|  15|0x0000000603c00000, 0x0000000603c00000, 0x0000000604000000|  0%| F|  |TAMS 0x0000000603c00000| PB 0x0000000603c00000| Untracked 
|  16|0x0000000604000000, 0x0000000604000000, 0x0000000604400000|  0%| F|  |TAMS 0x0000000604000000| PB 0x0000000604000000| Untracked 
|  17|0x0000000604400000, 0x0000000604400000, 0x0000000604800000|  0%| F|  |TAMS 0x0000000604400000| PB 0x0000000604400000| Untracked 
|  18|0x0000000604800000, 0x0000000604800000, 0x0000000604c00000|  0%| F|  |TAMS 0x0000000604800000| PB 0x0000000604800000| Untracked 
|  19|0x0000000604c00000, 0x0000000604c00000, 0x0000000605000000|  0%| F|  |TAMS 0x0000000604c00000| PB 0x0000000604c00000| Untracked 
|  20|0x0000000605000000, 0x0000000605000000, 0x0000000605400000|  0%| F|  |TAMS 0x0000000605000000| PB 0x0000000605000000| Untracked 
|  21|0x0000000605400000, 0x0000000605400000, 0x0000000605800000|  0%| F|  |TAMS 0x0000000605400000| PB 0x0000000605400000| Untracked 
|  22|0x0000000605800000, 0x0000000605800000, 0x0000000605c00000|  0%| F|  |TAMS 0x0000000605800000| PB 0x0000000605800000| Untracked 
|  23|0x0000000605c00000, 0x0000000605c00000, 0x0000000606000000|  0%| F|  |TAMS 0x0000000605c00000| PB 0x0000000605c00000| Untracked 
|  24|0x0000000606000000, 0x0000000606000000, 0x0000000606400000|  0%| F|  |TAMS 0x0000000606000000| PB 0x0000000606000000| Untracked 
|  25|0x0000000606400000, 0x0000000606400000, 0x0000000606800000|  0%| F|  |TAMS 0x0000000606400000| PB 0x0000000606400000| Untracked 
|  26|0x0000000606800000, 0x0000000606800000, 0x0000000606c00000|  0%| F|  |TAMS 0x0000000606800000| PB 0x0000000606800000| Untracked 
|  27|0x0000000606c00000, 0x0000000606c00000, 0x0000000607000000|  0%| F|  |TAMS 0x0000000606c00000| PB 0x0000000606c00000| Untracked 
|  28|0x0000000607000000, 0x0000000607000000, 0x0000000607400000|  0%| F|  |TAMS 0x0000000607000000| PB 0x0000000607000000| Untracked 
|  29|0x0000000607400000, 0x0000000607400000, 0x0000000607800000|  0%| F|  |TAMS 0x0000000607400000| PB 0x0000000607400000| Untracked 
|  30|0x0000000607800000, 0x0000000607800000, 0x0000000607c00000|  0%| F|  |TAMS 0x0000000607800000| PB 0x0000000607800000| Untracked 
|  31|0x0000000607c00000, 0x0000000607c00000, 0x0000000608000000|  0%| F|  |TAMS 0x0000000607c00000| PB 0x0000000607c00000| Untracked 
|  32|0x0000000608000000, 0x0000000608000000, 0x0000000608400000|  0%| F|  |TAMS 0x0000000608000000| PB 0x0000000608000000| Untracked 
|  33|0x0000000608400000, 0x0000000608400000, 0x0000000608800000|  0%| F|  |TAMS 0x0000000608400000| PB 0x0000000608400000| Untracked 
|  34|0x0000000608800000, 0x0000000608800000, 0x0000000608c00000|  0%| F|  |TAMS 0x0000000608800000| PB 0x0000000608800000| Untracked 
|  35|0x0000000608c00000, 0x0000000608c00000, 0x0000000609000000|  0%| F|  |TAMS 0x0000000608c00000| PB 0x0000000608c00000| Untracked 
|  36|0x0000000609000000, 0x0000000609000000, 0x0000000609400000|  0%| F|  |TAMS 0x0000000609000000| PB 0x0000000609000000| Untracked 
|  37|0x0000000609400000, 0x0000000609400000, 0x0000000609800000|  0%| F|  |TAMS 0x0000000609400000| PB 0x0000000609400000| Untracked 
|  38|0x0000000609800000, 0x0000000609800000, 0x0000000609c00000|  0%| F|  |TAMS 0x0000000609800000| PB 0x0000000609800000| Untracked 
|  39|0x0000000609c00000, 0x0000000609c00000, 0x000000060a000000|  0%| F|  |TAMS 0x0000000609c00000| PB 0x0000000609c00000| Untracked 
|  40|0x000000060a000000, 0x000000060a000000, 0x000000060a400000|  0%| F|  |TAMS 0x000000060a000000| PB 0x000000060a000000| Untracked 
|  41|0x000000060a400000, 0x000000060a400000, 0x000000060a800000|  0%| F|  |TAMS 0x000000060a400000| PB 0x000000060a400000| Untracked 
|  42|0x000000060a800000, 0x000000060a800000, 0x000000060ac00000|  0%| F|  |TAMS 0x000000060a800000| PB 0x000000060a800000| Untracked 
|  43|0x000000060ac00000, 0x000000060ac00000, 0x000000060b000000|  0%| F|  |TAMS 0x000000060ac00000| PB 0x000000060ac00000| Untracked 
|  44|0x000000060b000000, 0x000000060b000000, 0x000000060b400000|  0%| F|  |TAMS 0x000000060b000000| PB 0x000000060b000000| Untracked 
|  45|0x000000060b400000, 0x000000060b400000, 0x000000060b800000|  0%| F|  |TAMS 0x000000060b400000| PB 0x000000060b400000| Untracked 
|  46|0x000000060b800000, 0x000000060b800000, 0x000000060bc00000|  0%| F|  |TAMS 0x000000060b800000| PB 0x000000060b800000| Untracked 
|  47|0x000000060bc00000, 0x000000060bc00000, 0x000000060c000000|  0%| F|  |TAMS 0x000000060bc00000| PB 0x000000060bc00000| Untracked 
|  48|0x000000060c000000, 0x000000060c000000, 0x000000060c400000|  0%| F|  |TAMS 0x000000060c000000| PB 0x000000060c000000| Untracked 
|  49|0x000000060c400000, 0x000000060c400000, 0x000000060c800000|  0%| F|  |TAMS 0x000000060c400000| PB 0x000000060c400000| Untracked 
|  50|0x000000060c800000, 0x000000060c800000, 0x000000060cc00000|  0%| F|  |TAMS 0x000000060c800000| PB 0x000000060c800000| Untracked 
|  51|0x000000060cc00000, 0x000000060cc00000, 0x000000060d000000|  0%| F|  |TAMS 0x000000060cc00000| PB 0x000000060cc00000| Untracked 
|  52|0x000000060d000000, 0x000000060d000000, 0x000000060d400000|  0%| F|  |TAMS 0x000000060d000000| PB 0x000000060d000000| Untracked 
|  53|0x000000060d400000, 0x000000060d400000, 0x000000060d800000|  0%| F|  |TAMS 0x000000060d400000| PB 0x000000060d400000| Untracked 
|  54|0x000000060d800000, 0x000000060d800000, 0x000000060dc00000|  0%| F|  |TAMS 0x000000060d800000| PB 0x000000060d800000| Untracked 
|  55|0x000000060dc00000, 0x000000060dc00000, 0x000000060e000000|  0%| F|  |TAMS 0x000000060dc00000| PB 0x000000060dc00000| Untracked 
|  56|0x000000060e000000, 0x000000060e23cf28, 0x000000060e400000| 55%| S|CS|TAMS 0x000000060e000000| PB 0x000000060e000000| Complete 
|  57|0x000000060e400000, 0x000000060e800000, 0x000000060e800000|100%| S|CS|TAMS 0x000000060e400000| PB 0x000000060e400000| Complete 
|  58|0x000000060e800000, 0x000000060ec00000, 0x000000060ec00000|100%| S|CS|TAMS 0x000000060e800000| PB 0x000000060e800000| Complete 
|  59|0x000000060ec00000, 0x000000060ec00000, 0x000000060f000000|  0%| F|  |TAMS 0x000000060ec00000| PB 0x000000060ec00000| Untracked 
|  60|0x000000060f000000, 0x000000060f000000, 0x000000060f400000|  0%| F|  |TAMS 0x000000060f000000| PB 0x000000060f000000| Untracked 
|  61|0x000000060f400000, 0x000000060f400000, 0x000000060f800000|  0%| F|  |TAMS 0x000000060f400000| PB 0x000000060f400000| Untracked 
|  62|0x000000060f800000, 0x000000060f800000, 0x000000060fc00000|  0%| F|  |TAMS 0x000000060f800000| PB 0x000000060f800000| Untracked 
|  63|0x000000060fc00000, 0x000000060fc00000, 0x0000000610000000|  0%| F|  |TAMS 0x000000060fc00000| PB 0x000000060fc00000| Untracked 
|  64|0x0000000610000000, 0x0000000610000000, 0x0000000610400000|  0%| F|  |TAMS 0x0000000610000000| PB 0x0000000610000000| Untracked 
|  65|0x0000000610400000, 0x0000000610400000, 0x0000000610800000|  0%| F|  |TAMS 0x0000000610400000| PB 0x0000000610400000| Untracked 
|  66|0x0000000610800000, 0x0000000610800000, 0x0000000610c00000|  0%| F|  |TAMS 0x0000000610800000| PB 0x0000000610800000| Untracked 
|  67|0x0000000610c00000, 0x0000000610c00000, 0x0000000611000000|  0%| F|  |TAMS 0x0000000610c00000| PB 0x0000000610c00000| Untracked 
|  68|0x0000000611000000, 0x0000000611000000, 0x0000000611400000|  0%| F|  |TAMS 0x0000000611000000| PB 0x0000000611000000| Untracked 
|  69|0x0000000611400000, 0x0000000611400000, 0x0000000611800000|  0%| F|  |TAMS 0x0000000611400000| PB 0x0000000611400000| Untracked 
|  70|0x0000000611800000, 0x0000000611800000, 0x0000000611c00000|  0%| F|  |TAMS 0x0000000611800000| PB 0x0000000611800000| Untracked 
|  71|0x0000000611c00000, 0x0000000611c00000, 0x0000000612000000|  0%| F|  |TAMS 0x0000000611c00000| PB 0x0000000611c00000| Untracked 
|  72|0x0000000612000000, 0x0000000612000000, 0x0000000612400000|  0%| F|  |TAMS 0x0000000612000000| PB 0x0000000612000000| Untracked 
|  73|0x0000000612400000, 0x0000000612400000, 0x0000000612800000|  0%| F|  |TAMS 0x0000000612400000| PB 0x0000000612400000| Untracked 
|  74|0x0000000612800000, 0x0000000612800000, 0x0000000612c00000|  0%| F|  |TAMS 0x0000000612800000| PB 0x0000000612800000| Untracked 
|  75|0x0000000612c00000, 0x0000000612c00000, 0x0000000613000000|  0%| F|  |TAMS 0x0000000612c00000| PB 0x0000000612c00000| Untracked 
|  76|0x0000000613000000, 0x0000000613000000, 0x0000000613400000|  0%| F|  |TAMS 0x0000000613000000| PB 0x0000000613000000| Untracked 
|  77|0x0000000613400000, 0x0000000613400000, 0x0000000613800000|  0%| F|  |TAMS 0x0000000613400000| PB 0x0000000613400000| Untracked 
|  78|0x0000000613800000, 0x0000000613800000, 0x0000000613c00000|  0%| F|  |TAMS 0x0000000613800000| PB 0x0000000613800000| Untracked 
|  79|0x0000000613c00000, 0x0000000613c00000, 0x0000000614000000|  0%| F|  |TAMS 0x0000000613c00000| PB 0x0000000613c00000| Untracked 
|  80|0x0000000614000000, 0x0000000614000000, 0x0000000614400000|  0%| F|  |TAMS 0x0000000614000000| PB 0x0000000614000000| Untracked 
|  81|0x0000000614400000, 0x0000000614400000, 0x0000000614800000|  0%| F|  |TAMS 0x0000000614400000| PB 0x0000000614400000| Untracked 
|  82|0x0000000614800000, 0x0000000614800000, 0x0000000614c00000|  0%| F|  |TAMS 0x0000000614800000| PB 0x0000000614800000| Untracked 
|  83|0x0000000614c00000, 0x0000000614c00000, 0x0000000615000000|  0%| F|  |TAMS 0x0000000614c00000| PB 0x0000000614c00000| Untracked 
|  84|0x0000000615000000, 0x0000000615000000, 0x0000000615400000|  0%| F|  |TAMS 0x0000000615000000| PB 0x0000000615000000| Untracked 
|  85|0x0000000615400000, 0x0000000615400000, 0x0000000615800000|  0%| F|  |TAMS 0x0000000615400000| PB 0x0000000615400000| Untracked 
|  86|0x0000000615800000, 0x0000000615800000, 0x0000000615c00000|  0%| F|  |TAMS 0x0000000615800000| PB 0x0000000615800000| Untracked 
|  87|0x0000000615c00000, 0x0000000615c00000, 0x0000000616000000|  0%| F|  |TAMS 0x0000000615c00000| PB 0x0000000615c00000| Untracked 
|  88|0x0000000616000000, 0x0000000616000000, 0x0000000616400000|  0%| F|  |TAMS 0x0000000616000000| PB 0x0000000616000000| Untracked 
|  89|0x0000000616400000, 0x0000000616400000, 0x0000000616800000|  0%| F|  |TAMS 0x0000000616400000| PB 0x0000000616400000| Untracked 
|  90|0x0000000616800000, 0x0000000616800000, 0x0000000616c00000|  0%| F|  |TAMS 0x0000000616800000| PB 0x0000000616800000| Untracked 
|  91|0x0000000616c00000, 0x0000000616c00000, 0x0000000617000000|  0%| F|  |TAMS 0x0000000616c00000| PB 0x0000000616c00000| Untracked 
|  92|0x0000000617000000, 0x0000000617000000, 0x0000000617400000|  0%| F|  |TAMS 0x0000000617000000| PB 0x0000000617000000| Untracked 
|  93|0x0000000617400000, 0x0000000617400000, 0x0000000617800000|  0%| F|  |TAMS 0x0000000617400000| PB 0x0000000617400000| Untracked 
|  94|0x0000000617800000, 0x0000000617800000, 0x0000000617c00000|  0%| F|  |TAMS 0x0000000617800000| PB 0x0000000617800000| Untracked 
|  95|0x0000000617c00000, 0x0000000617c00000, 0x0000000618000000|  0%| F|  |TAMS 0x0000000617c00000| PB 0x0000000617c00000| Untracked 
|  96|0x0000000618000000, 0x0000000618000000, 0x0000000618400000|  0%| F|  |TAMS 0x0000000618000000| PB 0x0000000618000000| Untracked 
|  97|0x0000000618400000, 0x0000000618400000, 0x0000000618800000|  0%| F|  |TAMS 0x0000000618400000| PB 0x0000000618400000| Untracked 
|  98|0x0000000618800000, 0x0000000618800000, 0x0000000618c00000|  0%| F|  |TAMS 0x0000000618800000| PB 0x0000000618800000| Untracked 
|  99|0x0000000618c00000, 0x0000000618c00000, 0x0000000619000000|  0%| F|  |TAMS 0x0000000618c00000| PB 0x0000000618c00000| Untracked 
| 100|0x0000000619000000, 0x0000000619000000, 0x0000000619400000|  0%| F|  |TAMS 0x0000000619000000| PB 0x0000000619000000| Untracked 
| 101|0x0000000619400000, 0x0000000619400000, 0x0000000619800000|  0%| F|  |TAMS 0x0000000619400000| PB 0x0000000619400000| Untracked 
| 102|0x0000000619800000, 0x0000000619800000, 0x0000000619c00000|  0%| F|  |TAMS 0x0000000619800000| PB 0x0000000619800000| Untracked 
| 103|0x0000000619c00000, 0x0000000619c00000, 0x000000061a000000|  0%| F|  |TAMS 0x0000000619c00000| PB 0x0000000619c00000| Untracked 
| 104|0x000000061a000000, 0x000000061a000000, 0x000000061a400000|  0%| F|  |TAMS 0x000000061a000000| PB 0x000000061a000000| Untracked 
| 105|0x000000061a400000, 0x000000061a400000, 0x000000061a800000|  0%| F|  |TAMS 0x000000061a400000| PB 0x000000061a400000| Untracked 
| 106|0x000000061a800000, 0x000000061a800000, 0x000000061ac00000|  0%| F|  |TAMS 0x000000061a800000| PB 0x000000061a800000| Untracked 
| 107|0x000000061ac00000, 0x000000061ac00000, 0x000000061b000000|  0%| F|  |TAMS 0x000000061ac00000| PB 0x000000061ac00000| Untracked 
| 108|0x000000061b000000, 0x000000061b000000, 0x000000061b400000|  0%| F|  |TAMS 0x000000061b000000| PB 0x000000061b000000| Untracked 
| 109|0x000000061b400000, 0x000000061b400000, 0x000000061b800000|  0%| F|  |TAMS 0x000000061b400000| PB 0x000000061b400000| Untracked 
| 110|0x000000061b800000, 0x000000061b800000, 0x000000061bc00000|  0%| F|  |TAMS 0x000000061b800000| PB 0x000000061b800000| Untracked 
| 111|0x000000061bc00000, 0x000000061bc00000, 0x000000061c000000|  0%| F|  |TAMS 0x000000061bc00000| PB 0x000000061bc00000| Untracked 
| 112|0x000000061c000000, 0x000000061c000000, 0x000000061c400000|  0%| F|  |TAMS 0x000000061c000000| PB 0x000000061c000000| Untracked 
| 113|0x000000061c400000, 0x000000061c400000, 0x000000061c800000|  0%| F|  |TAMS 0x000000061c400000| PB 0x000000061c400000| Untracked 
| 114|0x000000061c800000, 0x000000061c800000, 0x000000061cc00000|  0%| F|  |TAMS 0x000000061c800000| PB 0x000000061c800000| Untracked 
| 115|0x000000061cc00000, 0x000000061cc00000, 0x000000061d000000|  0%| F|  |TAMS 0x000000061cc00000| PB 0x000000061cc00000| Untracked 
| 116|0x000000061d000000, 0x000000061d000000, 0x000000061d400000|  0%| F|  |TAMS 0x000000061d000000| PB 0x000000061d000000| Untracked 
| 117|0x000000061d400000, 0x000000061d400000, 0x000000061d800000|  0%| F|  |TAMS 0x000000061d400000| PB 0x000000061d400000| Untracked 
| 118|0x000000061d800000, 0x000000061d800000, 0x000000061dc00000|  0%| F|  |TAMS 0x000000061d800000| PB 0x000000061d800000| Untracked 
| 119|0x000000061dc00000, 0x000000061dc00000, 0x000000061e000000|  0%| F|  |TAMS 0x000000061dc00000| PB 0x000000061dc00000| Untracked 
| 120|0x000000061e000000, 0x000000061e000000, 0x000000061e400000|  0%| F|  |TAMS 0x000000061e000000| PB 0x000000061e000000| Untracked 
| 121|0x000000061e400000, 0x000000061e400000, 0x000000061e800000|  0%| F|  |TAMS 0x000000061e400000| PB 0x000000061e400000| Untracked 
| 122|0x000000061e800000, 0x000000061e800000, 0x000000061ec00000|  0%| F|  |TAMS 0x000000061e800000| PB 0x000000061e800000| Untracked 
| 123|0x000000061ec00000, 0x000000061ec00000, 0x000000061f000000|  0%| F|  |TAMS 0x000000061ec00000| PB 0x000000061ec00000| Untracked 
| 124|0x000000061f000000, 0x000000061f000000, 0x000000061f400000|  0%| F|  |TAMS 0x000000061f000000| PB 0x000000061f000000| Untracked 
| 125|0x000000061f400000, 0x000000061f400000, 0x000000061f800000|  0%| F|  |TAMS 0x000000061f400000| PB 0x000000061f400000| Untracked 
| 126|0x000000061f800000, 0x000000061f800000, 0x000000061fc00000|  0%| F|  |TAMS 0x000000061f800000| PB 0x000000061f800000| Untracked 
| 127|0x000000061fc00000, 0x000000061fe00800, 0x0000000620000000| 50%| E|  |TAMS 0x000000061fc00000| PB 0x000000061fc00000| Complete 
| 128|0x0000000620000000, 0x0000000620400000, 0x0000000620400000|100%| E|CS|TAMS 0x0000000620000000| PB 0x0000000620000000| Complete 
| 129|0x0000000620400000, 0x0000000620800000, 0x0000000620800000|100%| E|CS|TAMS 0x0000000620400000| PB 0x0000000620400000| Complete 
| 130|0x0000000620800000, 0x0000000620c00000, 0x0000000620c00000|100%| E|CS|TAMS 0x0000000620800000| PB 0x0000000620800000| Complete 
| 131|0x0000000620c00000, 0x0000000621000000, 0x0000000621000000|100%| E|CS|TAMS 0x0000000620c00000| PB 0x0000000620c00000| Complete 
| 132|0x0000000621000000, 0x0000000621400000, 0x0000000621400000|100%| E|CS|TAMS 0x0000000621000000| PB 0x0000000621000000| Complete 
| 133|0x0000000621400000, 0x0000000621800000, 0x0000000621800000|100%| E|CS|TAMS 0x0000000621400000| PB 0x0000000621400000| Complete 
| 134|0x0000000621800000, 0x0000000621c00000, 0x0000000621c00000|100%| E|CS|TAMS 0x0000000621800000| PB 0x0000000621800000| Complete 

Card table byte_map: [0x000002174d420000,0x000002174e420000] _byte_map_base: 0x000002174a420000

Marking Bits: (CMBitMap*) 0x0000021728c09d90
 Bits: [0x000002174e420000, 0x0000021756420000)

Polling page: 0x0000021726b00000

Metaspace:

Usage:
  Non-class:     42.21 MB used.
      Class:      6.27 MB used.
       Both:     48.48 MB used.

Virtual space:
  Non-class space:       64.00 MB reserved,      42.81 MB ( 67%) committed,  1 nodes.
      Class space:        1.00 GB reserved,       6.88 MB ( <1%) committed,  1 nodes.
             Both:        1.06 GB reserved,      49.69 MB (  5%) committed. 

Chunk freelists:
   Non-Class:  4.88 MB
       Class:  9.14 MB
        Both:  14.02 MB

MaxMetaspaceSize: 4.00 GB
CompressedClassSpaceSize: 1.00 GB
Initial GC threshold: 21.00 MB
Current GC threshold: 58.88 MB
CDS: off
 - commit_granule_bytes: 65536.
 - commit_granule_words: 8192.
 - virtual_space_node_default_size: 8388608.
 - enlarge_chunks_in_place: 1.
 - use_allocation_guard: 0.


Internal statistics:

num_allocs_failed_limit: 6.
num_arena_births: 2294.
num_arena_deaths: 0.
num_vsnodes_births: 2.
num_vsnodes_deaths: 0.
num_space_committed: 795.
num_space_uncommitted: 0.
num_chunks_returned_to_freelist: 6.
num_chunks_taken_from_freelist: 4099.
num_chunk_merges: 6.
num_chunk_splits: 2651.
num_chunks_enlarged: 1637.
num_inconsistent_stats: 0.

CodeHeap 'non-profiled nmethods': size=259264Kb used=6067Kb max_used=6067Kb free=253196Kb
 bounds [0x000002173bf70000, 0x000002173c560000, 0x000002174bca0000]
CodeHeap 'profiled nmethods': size=259264Kb used=12371Kb max_used=12371Kb free=246892Kb
 bounds [0x000002172bca0000, 0x000002172c8c0000, 0x000002173b9d0000]
CodeHeap 'non-nmethods': size=5760Kb used=1914Kb max_used=2009Kb free=3845Kb
 bounds [0x000002173b9d0000, 0x000002173bc40000, 0x000002173bf70000]
 total_blobs=6443 nmethods=5740 adapters=607
 compilation: enabled
              stopped_count=0, restarted_count=0
 full_count=0

Compilation events (20 events):
Event: 21.331 Thread 0x0000021762d5ca00 nmethod 6132 0x000002173c54b990 code [0x000002173c54bc00, 0x000002173c54d238]
Event: 21.331 Thread 0x0000021762d5ca00 6196       4       org.objectweb.asm.ClassReader::readMethod (1070 bytes)
Event: 21.359 Thread 0x00000217592c2640 6209       3       org.objectweb.asm.ClassReader::readElementValues (88 bytes)
Event: 21.360 Thread 0x00000217592c2640 nmethod 6209 0x000002172c8aef90 code [0x000002172c8af1a0, 0x000002172c8af7d0]
Event: 21.362 Thread 0x00000217592c2640 6210       3       java.util.LinkedList::node (65 bytes)
Event: 21.362 Thread 0x00000217592c2640 nmethod 6210 0x000002172c8afa90 code [0x000002172c8afc40, 0x000002172c8aff28]
Event: 21.365 Thread 0x00000217592c2640 6211       2       org.gradle.internal.tools.api.impl.SortingAnnotationVisitor::visitEnd (118 bytes)
Event: 21.366 Thread 0x00000217592c2640 nmethod 6211 0x000002172c8b0090 code [0x000002172c8b02e0, 0x000002172c8b0b18]
Event: 21.383 Thread 0x00000217592c2640 6212       2       kotlinx.metadata.internal.metadata.jvm.deserialization.JvmMetadataVersion::<init> (22 bytes)
Event: 21.384 Thread 0x00000217592c2640 nmethod 6212 0x000002172c8b0e90 code [0x000002172c8b1080, 0x000002172c8b13d8]
Event: 21.384 Thread 0x00000217592c2640 6213       2       kotlinx.metadata.internal.metadata.deserialization.BinaryVersion::<init> (178 bytes)
Event: 21.388 Thread 0x00000217592c2640 nmethod 6213 0x000002172c8b1610 code [0x000002172c8b1aa0, 0x000002172c8b2ea0]
Event: 21.388 Thread 0x00000217592c2640 6214       2       kotlinx.metadata.jvm.KotlinClassHeader::<init> (140 bytes)
Event: 21.389 Thread 0x00000217592c2640 nmethod 6214 0x000002172c8b3c10 code [0x000002172c8b3de0, 0x000002172c8b4468]
Event: 21.389 Thread 0x00000217592c2640 6215       2       kotlinx.metadata.jvm.KotlinClassHeader::<init> (17 bytes)
Event: 21.389 Thread 0x00000217592c2640 nmethod 6215 0x000002172c8b4690 code [0x000002172c8b4840, 0x000002172c8b4990]
Event: 21.558 Thread 0x00000217592c1f90 nmethod 6157 0x000002173c54da90 code [0x000002173c54e560, 0x000002173c557820]
Event: 21.558 Thread 0x00000217592c1f90 6217       4       org.objectweb.asm.ClassReader::readField (675 bytes)
Event: 21.566 Thread 0x00000217592c2640 6218       2       org.gradle.internal.time.TimeSource$1::nanoTime (4 bytes)
Event: 21.566 Thread 0x00000217592c2640 nmethod 6218 0x000002172c8b4a90 code [0x000002172c8b4c20, 0x000002172c8b4d38]

GC Heap History (20 events):
Event: 15.005 GC heap before
{Heap before GC invocations=39 (full 0):
 garbage-first heap   total 364544K, used 251262K [0x0000000600000000, 0x0000000800000000)
  region size 4096K, 53 young (217088K), 4 survivors (16384K)
 Metaspace       used 47620K, committed 48896K, reserved 1114112K
  class space    used 6268K, committed 6912K, reserved 1048576K
}
Event: 15.015 GC heap after
{Heap after GC invocations=40 (full 0):
 garbage-first heap   total 364544K, used 51590K [0x0000000600000000, 0x0000000800000000)
  region size 4096K, 4 young (16384K), 4 survivors (16384K)
 Metaspace       used 47620K, committed 48896K, reserved 1114112K
  class space    used 6268K, committed 6912K, reserved 1048576K
}
Event: 15.280 GC heap before
{Heap before GC invocations=40 (full 0):
 garbage-first heap   total 364544K, used 252294K [0x0000000600000000, 0x0000000800000000)
  region size 4096K, 53 young (217088K), 4 survivors (16384K)
 Metaspace       used 47621K, committed 48896K, reserved 1114112K
  class space    used 6268K, committed 6912K, reserved 1048576K
}
Event: 15.288 GC heap after
{Heap after GC invocations=41 (full 0):
 garbage-first heap   total 364544K, used 53106K [0x0000000600000000, 0x0000000800000000)
  region size 4096K, 4 young (16384K), 4 survivors (16384K)
 Metaspace       used 47621K, committed 48896K, reserved 1114112K
  class space    used 6268K, committed 6912K, reserved 1048576K
}
Event: 15.623 GC heap before
{Heap before GC invocations=41 (full 0):
 garbage-first heap   total 364544K, used 253810K [0x0000000600000000, 0x0000000800000000)
  region size 4096K, 53 young (217088K), 4 survivors (16384K)
 Metaspace       used 47623K, committed 48896K, reserved 1114112K
  class space    used 6268K, committed 6912K, reserved 1048576K
}
Event: 15.634 GC heap after
{Heap after GC invocations=42 (full 0):
 garbage-first heap   total 458752K, used 54565K [0x0000000600000000, 0x0000000800000000)
  region size 4096K, 4 young (16384K), 4 survivors (16384K)
 Metaspace       used 47623K, committed 48896K, reserved 1114112K
  class space    used 6268K, committed 6912K, reserved 1048576K
}
Event: 16.229 GC heap before
{Heap before GC invocations=42 (full 0):
 garbage-first heap   total 458752K, used 312613K [0x0000000600000000, 0x0000000800000000)
  region size 4096K, 67 young (274432K), 4 survivors (16384K)
 Metaspace       used 47628K, committed 48896K, reserved 1114112K
  class space    used 6268K, committed 6912K, reserved 1048576K
}
Event: 16.241 GC heap after
{Heap after GC invocations=43 (full 0):
 garbage-first heap   total 458752K, used 55272K [0x0000000600000000, 0x0000000800000000)
  region size 4096K, 4 young (16384K), 4 survivors (16384K)
 Metaspace       used 47628K, committed 48896K, reserved 1114112K
  class space    used 6268K, committed 6912K, reserved 1048576K
}
Event: 16.691 GC heap before
{Heap before GC invocations=43 (full 0):
 garbage-first heap   total 458752K, used 313320K [0x0000000600000000, 0x0000000800000000)
  region size 4096K, 67 young (274432K), 4 survivors (16384K)
 Metaspace       used 47632K, committed 48896K, reserved 1114112K
  class space    used 6268K, committed 6912K, reserved 1048576K
}
Event: 16.701 GC heap after
{Heap after GC invocations=44 (full 0):
 garbage-first heap   total 458752K, used 56997K [0x0000000600000000, 0x0000000800000000)
  region size 4096K, 4 young (16384K), 4 survivors (16384K)
 Metaspace       used 47632K, committed 48896K, reserved 1114112K
  class space    used 6268K, committed 6912K, reserved 1048576K
}
Event: 17.195 GC heap before
{Heap before GC invocations=44 (full 0):
 garbage-first heap   total 458752K, used 315045K [0x0000000600000000, 0x0000000800000000)
  region size 4096K, 67 young (274432K), 4 survivors (16384K)
 Metaspace       used 47636K, committed 48896K, reserved 1114112K
  class space    used 6268K, committed 6912K, reserved 1048576K
}
Event: 17.206 GC heap after
{Heap after GC invocations=45 (full 0):
 garbage-first heap   total 458752K, used 58782K [0x0000000600000000, 0x0000000800000000)
  region size 4096K, 5 young (20480K), 5 survivors (20480K)
 Metaspace       used 47636K, committed 48896K, reserved 1114112K
  class space    used 6268K, committed 6912K, reserved 1048576K
}
Event: 17.622 GC heap before
{Heap before GC invocations=45 (full 0):
 garbage-first heap   total 458752K, used 312734K [0x0000000600000000, 0x0000000800000000)
  region size 4096K, 67 young (274432K), 5 survivors (20480K)
 Metaspace       used 47637K, committed 48896K, reserved 1114112K
  class space    used 6268K, committed 6912K, reserved 1048576K
}
Event: 17.633 GC heap after
{Heap after GC invocations=46 (full 0):
 garbage-first heap   total 552960K, used 61470K [0x0000000600000000, 0x0000000800000000)
  region size 4096K, 5 young (20480K), 5 survivors (20480K)
 Metaspace       used 47637K, committed 48896K, reserved 1114112K
  class space    used 6268K, committed 6912K, reserved 1048576K
}
Event: 18.224 GC heap before
{Heap before GC invocations=46 (full 0):
 garbage-first heap   total 552960K, used 372766K [0x0000000600000000, 0x0000000800000000)
  region size 4096K, 81 young (331776K), 5 survivors (20480K)
 Metaspace       used 47659K, committed 48960K, reserved 1114112K
  class space    used 6268K, committed 6912K, reserved 1048576K
}
Event: 18.235 GC heap after
{Heap after GC invocations=47 (full 0):
 garbage-first heap   total 552960K, used 61343K [0x0000000600000000, 0x0000000800000000)
  region size 4096K, 5 young (20480K), 5 survivors (20480K)
 Metaspace       used 47659K, committed 48960K, reserved 1114112K
  class space    used 6268K, committed 6912K, reserved 1048576K
}
Event: 18.776 GC heap before
{Heap before GC invocations=47 (full 0):
 garbage-first heap   total 552960K, used 372639K [0x0000000600000000, 0x0000000800000000)
  region size 4096K, 81 young (331776K), 5 survivors (20480K)
 Metaspace       used 47674K, committed 48960K, reserved 1114112K
  class space    used 6268K, committed 6912K, reserved 1048576K
}
Event: 18.785 GC heap after
{Heap after GC invocations=48 (full 0):
 garbage-first heap   total 552960K, used 62921K [0x0000000600000000, 0x0000000800000000)
  region size 4096K, 5 young (20480K), 5 survivors (20480K)
 Metaspace       used 47674K, committed 48960K, reserved 1114112K
  class space    used 6268K, committed 6912K, reserved 1048576K
}
Event: 21.560 GC heap before
{Heap before GC invocations=48 (full 0):
 garbage-first heap   total 552960K, used 378313K [0x0000000600000000, 0x0000000800000000)
  region size 4096K, 81 young (331776K), 5 survivors (20480K)
 Metaspace       used 49646K, committed 50880K, reserved 1114112K
  class space    used 6423K, committed 7040K, reserved 1048576K
}
Event: 21.566 GC heap after
{Heap after GC invocations=49 (full 0):
 garbage-first heap   total 552960K, used 63075K [0x0000000600000000, 0x0000000800000000)
  region size 4096K, 3 young (12288K), 3 survivors (12288K)
 Metaspace       used 49646K, committed 50880K, reserved 1114112K
  class space    used 6423K, committed 7040K, reserved 1048576K
}

Dll operation events (3 events):
Event: 0.025 Loaded shared library C:\Program Files\Android\Android Studio1\jbr\bin\java.dll
Event: 0.032 Loaded shared library C:\Program Files\Android\Android Studio1\jbr\bin\zip.dll
Event: 0.917 Loaded shared library C:\Program Files\Android\Android Studio1\jbr\bin\verify.dll

Deoptimization events (20 events):
Event: 21.473 Thread 0x000002175ed7f2f0 DEOPT PACKING pc=0x000002172c7c3f11 sp=0x0000002bee7f8590
Event: 21.473 Thread 0x000002175ed7f2f0 DEOPT UNPACKING pc=0x000002173ba24e42 sp=0x0000002bee7f7ca0 mode 0
Event: 21.477 Thread 0x000002175ed7f2f0 DEOPT PACKING pc=0x000002172c7c3f11 sp=0x0000002bee7f8590
Event: 21.477 Thread 0x000002175ed7f2f0 DEOPT UNPACKING pc=0x000002173ba24e42 sp=0x0000002bee7f7ca0 mode 0
Event: 21.481 Thread 0x000002175ed7f2f0 DEOPT PACKING pc=0x000002172c7c3f11 sp=0x0000002bee7f8590
Event: 21.481 Thread 0x000002175ed7f2f0 DEOPT UNPACKING pc=0x000002173ba24e42 sp=0x0000002bee7f7ca0 mode 0
Event: 21.499 Thread 0x000002175ed7f2f0 DEOPT PACKING pc=0x000002172c7c3f11 sp=0x0000002bee7f8590
Event: 21.499 Thread 0x000002175ed7f2f0 DEOPT UNPACKING pc=0x000002173ba24e42 sp=0x0000002bee7f7ca0 mode 0
Event: 21.512 Thread 0x000002175ed7f2f0 DEOPT PACKING pc=0x000002172c7c3f11 sp=0x0000002bee7f8590
Event: 21.512 Thread 0x000002175ed7f2f0 DEOPT UNPACKING pc=0x000002173ba24e42 sp=0x0000002bee7f7ca0 mode 0
Event: 21.549 Thread 0x000002175ed7f2f0 DEOPT PACKING pc=0x000002172c7c3f11 sp=0x0000002bee7f8590
Event: 21.549 Thread 0x000002175ed7f2f0 DEOPT UNPACKING pc=0x000002173ba24e42 sp=0x0000002bee7f7ca0 mode 0
Event: 21.600 Thread 0x000002175ed7f2f0 DEOPT PACKING pc=0x000002172c7c3f11 sp=0x0000002bee7f85a0
Event: 21.600 Thread 0x000002175ed7f2f0 DEOPT UNPACKING pc=0x000002173ba24e42 sp=0x0000002bee7f7cb0 mode 0
Event: 21.604 Thread 0x000002175ed7f2f0 DEOPT PACKING pc=0x000002172c7c3f11 sp=0x0000002bee7f85a0
Event: 21.604 Thread 0x000002175ed7f2f0 DEOPT UNPACKING pc=0x000002173ba24e42 sp=0x0000002bee7f7cb0 mode 0
Event: 21.621 Thread 0x000002175ed7f2f0 DEOPT PACKING pc=0x000002172c7c3f11 sp=0x0000002bee7f85a0
Event: 21.621 Thread 0x000002175ed7f2f0 DEOPT UNPACKING pc=0x000002173ba24e42 sp=0x0000002bee7f7cb0 mode 0
Event: 21.644 Thread 0x000002175ed7f2f0 DEOPT PACKING pc=0x000002172c7c3f11 sp=0x0000002bee7f85a0
Event: 21.644 Thread 0x000002175ed7f2f0 DEOPT UNPACKING pc=0x000002173ba24e42 sp=0x0000002bee7f7cb0 mode 0

Classes loaded (20 events):
Event: 7.405 Loading class java/util/zip/Deflater$DeflaterZStreamRef
Event: 7.405 Loading class java/util/zip/Deflater$DeflaterZStreamRef done
Event: 7.420 Loading class java/util/zip/ZipFile$ZipEntryIterator
Event: 7.421 Loading class java/util/zip/ZipFile$ZipEntryIterator done
Event: 7.481 Loading class java/nio/StringCharBuffer
Event: 7.482 Loading class java/nio/StringCharBuffer done
Event: 8.950 Loading class java/lang/foreign/MemorySegment
Event: 8.951 Loading class java/lang/foreign/MemorySegment done
Event: 10.227 Loading class java/util/regex/Pattern$Caret
Event: 10.227 Loading class java/util/regex/Pattern$Caret done
Event: 12.962 Loading class java/util/concurrent/LinkedBlockingDeque$Itr
Event: 12.962 Loading class java/util/concurrent/LinkedBlockingDeque$AbstractItr
Event: 12.962 Loading class java/util/concurrent/LinkedBlockingDeque$AbstractItr done
Event: 12.962 Loading class java/util/concurrent/LinkedBlockingDeque$Itr done
Event: 18.831 Loading class java/nio/file/StandardCopyOption
Event: 18.831 Loading class java/nio/file/StandardCopyOption done
Event: 18.831 Loading class sun/nio/fs/WindowsFileCopy
Event: 18.832 Loading class sun/nio/fs/WindowsFileCopy done
Event: 19.338 Loading class java/nio/charset/CharacterCodingException
Event: 19.338 Loading class java/nio/charset/CharacterCodingException done

Classes unloaded (0 events):
No events

Classes redefined (0 events):
No events

Internal exceptions (20 events):
Event: 19.347 Thread 0x000002175ed7f2f0 Exception <a 'java/lang/NoSuchMethodError'{0x000000061ff05048}: 'int java.lang.invoke.DirectMethodHandle$Holder.invokeInterface(java.lang.Object, java.lang.Object)'> (0x000000061ff05048) 
thrown [s\src\hotspot\share\interpreter\linkResolver.cpp, line 784]
Event: 19.717 Thread 0x000002175ed7f2f0 Implicit null exception at 0x000002173c38c9b1 to 0x000002173c38d47c
Event: 19.718 Thread 0x000002175ed7f2f0 Implicit null exception at 0x000002173c2432fe to 0x000002173c243395
Event: 19.718 Thread 0x000002175ed7f2f0 Implicit null exception at 0x000002173c484103 to 0x000002173c484c44
Event: 19.718 Thread 0x000002175ed7f2f0 Implicit null exception at 0x000002173c1f6182 to 0x000002173c1f65dc
Event: 19.718 Thread 0x000002175ed7f2f0 Implicit null exception at 0x000002173c24379e to 0x000002173c24391c
Event: 19.718 Thread 0x000002175ed7f2f0 Implicit null exception at 0x000002173c24297e to 0x000002173c242a15
Event: 19.719 Thread 0x000002175ed7f2f0 Implicit null exception at 0x000002173c2dafa2 to 0x000002173c2db244
Event: 19.719 Thread 0x000002175ed7f2f0 Implicit null exception at 0x000002173c244c91 to 0x000002173c24714c
Event: 19.719 Thread 0x000002175ed7f2f0 Implicit null exception at 0x000002173c1f571e to 0x000002173c1f57dc
Event: 19.719 Thread 0x000002175ed7f2f0 Implicit null exception at 0x000002173c242e1e to 0x000002173c242ee8
Event: 19.719 Thread 0x000002175ed7f2f0 Implicit null exception at 0x000002173c45d668 to 0x000002173c45de34
Event: 19.719 Thread 0x000002175ed7f2f0 Implicit null exception at 0x000002173c2dbd80 to 0x000002173c2e03a0
Event: 19.719 Thread 0x000002175ed7f2f0 Implicit null exception at 0x000002173c33e396 to 0x000002173c340804
Event: 19.719 Thread 0x000002175ed7f2f0 Implicit null exception at 0x000002173c3c76de to 0x000002173c3c7714
Event: 19.730 Thread 0x000002175ed7f2f0 Implicit null exception at 0x000002173c2f2ede to 0x000002173c2f2fd4
Event: 19.737 Thread 0x000002175ed7f2f0 Implicit null exception at 0x000002173c322ede to 0x000002173c322f14
Event: 19.739 Thread 0x000002175ed7f2f0 Implicit null exception at 0x000002173c42237e to 0x000002173c422441
Event: 19.741 Thread 0x000002175ed7f2f0 Implicit null exception at 0x000002173c2ece06 to 0x000002173c2ed428
Event: 19.770 Thread 0x000002175ed7f2f0 Implicit null exception at 0x000002173c3fbcc2 to 0x000002173c3ffcd8

ZGC Phase Switch (0 events):
No events

VM Operations (20 events):
Event: 17.195 Executing VM operation: G1CollectForAllocation (G1 Evacuation Pause)
Event: 17.207 Executing VM operation: G1CollectForAllocation (G1 Evacuation Pause) done
Event: 17.622 Executing VM operation: G1CollectForAllocation (G1 Evacuation Pause)
Event: 17.633 Executing VM operation: G1CollectForAllocation (G1 Evacuation Pause) done
Event: 18.224 Executing VM operation: G1CollectForAllocation (G1 Evacuation Pause)
Event: 18.235 Executing VM operation: G1CollectForAllocation (G1 Evacuation Pause) done
Event: 18.775 Executing VM operation: G1CollectForAllocation (G1 Evacuation Pause)
Event: 18.785 Executing VM operation: G1CollectForAllocation (G1 Evacuation Pause) done
Event: 18.868 Executing VM operation: HandshakeAllThreads (Deoptimize)
Event: 18.868 Executing VM operation: HandshakeAllThreads (Deoptimize) done
Event: 18.897 Executing VM operation: HandshakeAllThreads (Deoptimize)
Event: 18.898 Executing VM operation: HandshakeAllThreads (Deoptimize) done
Event: 18.899 Executing VM operation: HandshakeAllThreads (Deoptimize)
Event: 18.899 Executing VM operation: HandshakeAllThreads (Deoptimize) done
Event: 19.850 Executing VM operation: ICBufferFull
Event: 19.850 Executing VM operation: ICBufferFull done
Event: 20.863 Executing VM operation: Cleanup
Event: 20.863 Executing VM operation: Cleanup done
Event: 21.560 Executing VM operation: G1CollectForAllocation (G1 Evacuation Pause)
Event: 21.566 Executing VM operation: G1CollectForAllocation (G1 Evacuation Pause) done

Memory protections (0 events):
No events

Nmethod flushes (20 events):
Event: 5.784 Thread 0x00000217591fb910 flushing  nmethod 0x000002172bd63890
Event: 5.784 Thread 0x00000217591fb910 flushing  nmethod 0x000002172bd64c10
Event: 5.784 Thread 0x00000217591fb910 flushing  nmethod 0x000002172bd65610
Event: 5.784 Thread 0x00000217591fb910 flushing  nmethod 0x000002172bd65c90
Event: 5.784 Thread 0x00000217591fb910 flushing  nmethod 0x000002172bd66510
Event: 5.784 Thread 0x00000217591fb910 flushing  nmethod 0x000002172bd67590
Event: 5.784 Thread 0x00000217591fb910 flushing  nmethod 0x000002172bdc6610
Event: 5.784 Thread 0x00000217591fb910 flushing  nmethod 0x000002172bdcce10
Event: 5.784 Thread 0x00000217591fb910 flushing  nmethod 0x000002172bdcd690
Event: 5.784 Thread 0x00000217591fb910 flushing  nmethod 0x000002172bdd2510
Event: 5.784 Thread 0x00000217591fb910 flushing  nmethod 0x000002172be38e10
Event: 5.784 Thread 0x00000217591fb910 flushing  nmethod 0x000002172be3f110
Event: 5.784 Thread 0x00000217591fb910 flushing  nmethod 0x000002172be40010
Event: 5.784 Thread 0x00000217591fb910 flushing  nmethod 0x000002172c010290
Event: 5.784 Thread 0x00000217591fb910 flushing  nmethod 0x000002172c015890
Event: 5.784 Thread 0x00000217591fb910 flushing  nmethod 0x000002172c015d10
Event: 5.784 Thread 0x00000217591fb910 flushing  nmethod 0x000002172c04cf10
Event: 5.784 Thread 0x00000217591fb910 flushing  nmethod 0x000002172c04da90
Event: 5.784 Thread 0x00000217591fb910 flushing  nmethod 0x000002172c04e310
Event: 5.784 Thread 0x00000217591fb910 flushing  nmethod 0x000002172c051190

Events (20 events):
Event: 6.962 Thread 0x00000217592c2640 Thread added: 0x000002175f75ee70
Event: 7.097 Thread 0x00000217592c2640 Thread added: 0x000002175e569060
Event: 12.511 Thread 0x000002175e569060 Thread exited: 0x000002175e569060
Event: 12.832 Thread 0x00000217592c1f90 Thread added: 0x000002175e569060
Event: 13.565 Thread 0x000002175e569060 Thread exited: 0x000002175e569060
Event: 14.005 Thread 0x000002175f75ee70 Thread exited: 0x000002175f75ee70
Event: 15.897 Thread 0x00000217592c2640 Thread added: 0x000002175f75ee70
Event: 16.933 Thread 0x000002175f75ee70 Thread exited: 0x000002175f75ee70
Event: 18.670 Thread 0x00000217592c2640 Thread added: 0x0000021762d5ca00
Event: 18.676 Thread 0x00000217592c2640 Thread added: 0x000002175f75ee70
Event: 18.836 Thread 0x000002175f75ee70 Thread exited: 0x000002175f75ee70
Event: 18.837 Thread 0x0000021762d5ca00 Thread exited: 0x0000021762d5ca00
Event: 18.910 Thread 0x00000217592c2640 Thread added: 0x0000021762d5ca00
Event: 18.911 Thread 0x00000217592c2640 Thread added: 0x000002175f75ee70
Event: 19.339 Thread 0x000002175f75ee70 Thread exited: 0x000002175f75ee70
Event: 19.368 Thread 0x0000021762d5ca00 Thread exited: 0x0000021762d5ca00
Event: 19.436 Thread 0x00000217592c2640 Thread added: 0x0000021762d5ca00
Event: 19.552 Thread 0x0000021762d5ca00 Thread exited: 0x0000021762d5ca00
Event: 19.752 Thread 0x00000217592c2640 Thread added: 0x0000021762d5ca00
Event: 19.758 Thread 0x00000217592c2640 Thread added: 0x000002175f75ee70


Dynamic libraries:
0x00007ff6c1980000 - 0x00007ff6c198a000 	C:\Program Files\Android\Android Studio1\jbr\bin\java.exe
0x00007fff6d610000 - 0x00007fff6d827000 	C:\Windows\SYSTEM32\ntdll.dll
0x00007fff6c120000 - 0x00007fff6c1e4000 	C:\Windows\System32\KERNEL32.DLL
0x00007fff6ac40000 - 0x00007fff6b013000 	C:\Windows\System32\KERNELBASE.dll
0x00007fff6aa70000 - 0x00007fff6ab81000 	C:\Windows\System32\ucrtbase.dll
0x00007fff61aa0000 - 0x00007fff61abb000 	C:\Program Files\Android\Android Studio1\jbr\bin\VCRUNTIME140.dll
0x00007fff61a80000 - 0x00007fff61a98000 	C:\Program Files\Android\Android Studio1\jbr\bin\jli.dll
0x00007fff6b360000 - 0x00007fff6b511000 	C:\Windows\System32\USER32.dll
0x00007fff6ab90000 - 0x00007fff6abb6000 	C:\Windows\System32\win32u.dll
0x00007fff519e0000 - 0x00007fff51c78000 	C:\Windows\WinSxS\amd64_microsoft.windows.common-controls_6595b64144ccf1df_6.0.22621.5124_none_270e8f4f7386d69d\COMCTL32.dll
0x00007fff6cb80000 - 0x00007fff6cc27000 	C:\Windows\System32\msvcrt.dll
0x00007fff6c1f0000 - 0x00007fff6c219000 	C:\Windows\System32\GDI32.dll
0x00007fff6a7e0000 - 0x00007fff6a8fb000 	C:\Windows\System32\gdi32full.dll
0x00007fff6b190000 - 0x00007fff6b22a000 	C:\Windows\System32\msvcp_win.dll
0x00007fff6b2b0000 - 0x00007fff6b2e1000 	C:\Windows\System32\IMM32.DLL
0x00007fff61a70000 - 0x00007fff61a7c000 	C:\Program Files\Android\Android Studio1\jbr\bin\vcruntime140_1.dll
0x00007ffef72a0000 - 0x00007ffef732d000 	C:\Program Files\Android\Android Studio1\jbr\bin\msvcp140.dll
0x00007ffef6610000 - 0x00007ffef7293000 	C:\Program Files\Android\Android Studio1\jbr\bin\server\jvm.dll
0x00007fff6c220000 - 0x00007fff6c2d1000 	C:\Windows\System32\ADVAPI32.dll
0x00007fff6b9d0000 - 0x00007fff6ba78000 	C:\Windows\System32\sechost.dll
0x00007fff6aa40000 - 0x00007fff6aa68000 	C:\Windows\System32\bcrypt.dll
0x00007fff6cdc0000 - 0x00007fff6ced4000 	C:\Windows\System32\RPCRT4.dll
0x00007fff6cc50000 - 0x00007fff6ccc1000 	C:\Windows\System32\WS2_32.dll
0x00007fff62200000 - 0x00007fff6220a000 	C:\Windows\SYSTEM32\VERSION.dll
0x00007fff63ef0000 - 0x00007fff63f24000 	C:\Windows\SYSTEM32\WINMM.dll
0x00007fff6a5f0000 - 0x00007fff6a63d000 	C:\Windows\SYSTEM32\POWRPROF.dll
0x00007fff6a5d0000 - 0x00007fff6a5e3000 	C:\Windows\SYSTEM32\UMPDC.dll
0x00007fff69720000 - 0x00007fff69738000 	C:\Windows\SYSTEM32\kernel.appcore.dll
0x00007fff61a60000 - 0x00007fff61a6a000 	C:\Program Files\Android\Android Studio1\jbr\bin\jimage.dll
0x00007fff68010000 - 0x00007fff68242000 	C:\Windows\SYSTEM32\DBGHELP.DLL
0x00007fff6b570000 - 0x00007fff6b902000 	C:\Windows\System32\combase.dll
0x00007fff6bbb0000 - 0x00007fff6bc87000 	C:\Windows\System32\OLEAUT32.dll
0x00007fff62300000 - 0x00007fff62332000 	C:\Windows\SYSTEM32\dbgcore.DLL
0x00007fff6b230000 - 0x00007fff6b2ab000 	C:\Windows\System32\bcryptPrimitives.dll
0x00007fff47570000 - 0x00007fff4757e000 	C:\Program Files\Android\Android Studio1\jbr\bin\instrument.dll
0x00007fff57a00000 - 0x00007fff57a20000 	C:\Program Files\Android\Android Studio1\jbr\bin\java.dll
0x00007fff579e0000 - 0x00007fff579f8000 	C:\Program Files\Android\Android Studio1\jbr\bin\zip.dll
0x00007fff6c2e0000 - 0x00007fff6cb76000 	C:\Windows\System32\SHELL32.dll
0x00007fff6a900000 - 0x00007fff6aa3f000 	C:\Windows\System32\wintypes.dll
0x00007fff685f0000 - 0x00007fff68f0a000 	C:\Windows\SYSTEM32\windows.storage.dll
0x00007fff6ba80000 - 0x00007fff6bb8a000 	C:\Windows\System32\SHCORE.dll
0x00007fff6cee0000 - 0x00007fff6cf43000 	C:\Windows\System32\shlwapi.dll
0x00007fff6a650000 - 0x00007fff6a67b000 	C:\Windows\SYSTEM32\profapi.dll
0x00007fff61a50000 - 0x00007fff61a60000 	C:\Program Files\Android\Android Studio1\jbr\bin\net.dll
0x00007fff63bc0000 - 0x00007fff63cec000 	C:\Windows\SYSTEM32\WINHTTP.dll
0x00007fff69bb0000 - 0x00007fff69c1a000 	C:\Windows\system32\mswsock.dll
0x00007fff579c0000 - 0x00007fff579d6000 	C:\Program Files\Android\Android Studio1\jbr\bin\nio.dll
0x00007fff579b0000 - 0x00007fff579c0000 	C:\Program Files\Android\Android Studio1\jbr\bin\verify.dll
0x00007fff53d50000 - 0x00007fff53d77000 	C:\Users\Joseph Frank\.gradle\native\c067742578af261105cb4f569cf0c3c89f3d7b1fecec35dd04571415982c5e48\windows-amd64\native-platform.dll
0x00007ffef6130000 - 0x00007ffef6274000 	C:\Users\Joseph Frank\.gradle\native\100fb08df4bc3b14c8652ba06237920a3bd2aa13389f12d3474272988ae205f9\windows-amd64\native-platform-file-events.dll
0x00007fff61ac0000 - 0x00007fff61ac9000 	C:\Program Files\Android\Android Studio1\jbr\bin\management.dll
0x00007fff53d40000 - 0x00007fff53d4b000 	C:\Program Files\Android\Android Studio1\jbr\bin\management_ext.dll
0x00007fff6d0b0000 - 0x00007fff6d0b8000 	C:\Windows\System32\PSAPI.DLL
0x00007fff69e20000 - 0x00007fff69e3b000 	C:\Windows\SYSTEM32\CRYPTSP.dll
0x00007fff69680000 - 0x00007fff696b7000 	C:\Windows\system32\rsaenh.dll
0x00007fff69ca0000 - 0x00007fff69cc8000 	C:\Windows\SYSTEM32\USERENV.dll
0x00007fff69e40000 - 0x00007fff69e4c000 	C:\Windows\SYSTEM32\CRYPTBASE.dll
0x00007fff691b0000 - 0x00007fff691dd000 	C:\Windows\SYSTEM32\IPHLPAPI.DLL
0x00007fff6b350000 - 0x00007fff6b359000 	C:\Windows\System32\NSI.dll
0x00007fff579a0000 - 0x00007fff579a9000 	C:\Program Files\Android\Android Studio1\jbr\bin\extnet.dll
0x00007fff47530000 - 0x00007fff47538000 	C:\Windows\system32\wshunix.dll

dbghelp: loaded successfully - version: 4.0.5 - missing functions: none
symbol engine: initialized successfully - sym options: 0x614 - pdb path: .;C:\Program Files\Android\Android Studio1\jbr\bin;C:\Windows\SYSTEM32;C:\Windows\WinSxS\amd64_microsoft.windows.common-controls_6595b64144ccf1df_6.0.22621.5124_none_270e8f4f7386d69d;C:\Program Files\Android\Android Studio1\jbr\bin\server;C:\Users\Joseph Frank\.gradle\native\c067742578af261105cb4f569cf0c3c89f3d7b1fecec35dd04571415982c5e48\windows-amd64;C:\Users\Joseph Frank\.gradle\native\100fb08df4bc3b14c8652ba06237920a3bd2aa13389f12d3474272988ae205f9\windows-amd64

VM Arguments:
jvm_args: -XX:MaxMetaspaceSize=4G -XX:ReservedCodeCacheSize=512m -XX:+HeapDumpOnOutOfMemoryError --add-opens=java.base/java.util=ALL-UNNAMED --add-opens=java.base/java.lang=ALL-UNNAMED --add-opens=java.base/java.lang.invoke=ALL-UNNAMED --add-opens=java.prefs/java.util.prefs=ALL-UNNAMED --add-exports=jdk.compiler/com.sun.tools.javac.api=ALL-UNNAMED --add-exports=jdk.compiler/com.sun.tools.javac.util=ALL-UNNAMED --add-opens=java.base/java.nio.charset=ALL-UNNAMED --add-opens=java.base/java.net=ALL-UNNAMED --add-opens=java.base/java.util.concurrent.atomic=ALL-UNNAMED -Xmx8G -Dfile.encoding=UTF-8 -Duser.country=BR -Duser.language=pt -Duser.variant -javaagent:C:\Users\Joseph Frank\.gradle\wrapper\dists\gradle-8.10.2-all\7iv73wktx1xtkvlq19urqw1wm\gradle-8.10.2\lib\agents\gradle-instrumentation-agent-8.10.2.jar 
java_command: org.gradle.launcher.daemon.bootstrap.GradleDaemon 8.10.2
java_class_path (initial): C:\Users\Joseph Frank\.gradle\wrapper\dists\gradle-8.10.2-all\7iv73wktx1xtkvlq19urqw1wm\gradle-8.10.2\lib\gradle-daemon-main-8.10.2.jar
Launcher Type: SUN_STANDARD

[Global flags]
     intx CICompilerCount                          = 4                                         {product} {ergonomic}
     uint ConcGCThreads                            = 3                                         {product} {ergonomic}
     uint G1ConcRefinementThreads                  = 10                                        {product} {ergonomic}
   size_t G1HeapRegionSize                         = 4194304                                   {product} {ergonomic}
    uintx GCDrainStackTargetSize                   = 64                                        {product} {ergonomic}
     bool HeapDumpOnOutOfMemoryError               = true                                   {manageable} {command line}
   size_t InitialHeapSize                          = 301989888                                 {product} {ergonomic}
   size_t MarkStackSize                            = 4194304                                   {product} {ergonomic}
   size_t MaxHeapSize                              = 8589934592                                {product} {command line}
   size_t MaxMetaspaceSize                         = 4294967296                                {product} {command line}
   size_t MaxNewSize                               = 5150605312                                {product} {ergonomic}
   size_t MinHeapDeltaBytes                        = 4194304                                   {product} {ergonomic}
   size_t MinHeapSize                              = 8388608                                   {product} {ergonomic}
    uintx NonNMethodCodeHeapSize                   = 5839372                                {pd product} {ergonomic}
    uintx NonProfiledCodeHeapSize                  = 265515770                              {pd product} {ergonomic}
    uintx ProfiledCodeHeapSize                     = 265515770                              {pd product} {ergonomic}
    uintx ReservedCodeCacheSize                    = 536870912                              {pd product} {command line}
     bool SegmentedCodeCache                       = true                                      {product} {ergonomic}
   size_t SoftMaxHeapSize                          = 8589934592                             {manageable} {ergonomic}
     bool UseCompressedOops                        = true                           {product lp64_product} {ergonomic}
     bool UseG1GC                                  = true                                      {product} {ergonomic}
     bool UseLargePagesIndividualAllocation        = false                                  {pd product} {ergonomic}

Logging:
Log output configuration:
 #0: stdout all=warning uptime,level,tags foldmultilines=false
 #1: stderr all=off uptime,level,tags foldmultilines=false

Environment Variables:
JAVA_HOME=C:\Program Files\Android\Android Studio1\jbr
CLASSPATH=C:\Users\Joseph Frank\Documents\GitHub\libras\android\\gradle\wrapper\gradle-wrapper.jar
PATH=C:\Program Files\Android\Android Studio1\jbr\bin;C:\Program Files\Common Files\Oracle\Java\javapath;C:\Program Files (x86)\Common Files\Oracle\Java\java8path;C:\Program Files (x86)\Common Files\Oracle\Java\javapath;C:\Windows\system32;C:\Windows;C:\Windows\System32\Wbem;C:\Windows\System32\WindowsPowerShell\v1.0\;C:\Windows\System32\OpenSSH\;C:\Program Files\dotnet\;C:\Program Files (x86)\Windows Kits\10\Windows Performance Toolkit\;C:\Program Files\Git\cmd;C:\ProgramData\chocolatey\bin;C:\Users\Joseph Frank\AppData\Local\Programs\Python\Python313\Scripts\;C:\Users\Joseph Frank\AppData\Local\Programs\Python\Python313\;C:\Users\Joseph Frank\AppData\Local\Microsoft\WindowsApps;C:\Users\Joseph Frank\AppData\Local\GitHubDesktop\bin;C:\Users\Joseph Frank\AppData\Local\Programs\Microsoft VS Code\bin;C:\Gradle\gradle-8.12\bin;C:\Users\Joseph Frank\AppData\Local\Programs\VSCodium\bin;C:\Users\Joseph Frank\.dotnet\tools;C:\tools\dart-sdk\bin;C:\Users\Joseph Frank\AppData\Local\Pub\Cache\bin
USERNAME=Joseph Frank
OS=Windows_NT
PROCESSOR_IDENTIFIER=AMD64 Family 23 Model 104 Stepping 1, AuthenticAMD
TMP=C:\Users\JOSEPH~1\AppData\Local\Temp
TEMP=C:\Users\JOSEPH~1\AppData\Local\Temp




Periodic native trim disabled

JNI global refs:
JNI global refs: 28, weak refs: 31

JNI global refs memory usage: 835, weak refs: 833

Process memory usage:
Resident Set Size: 786192K (4% of 18716152K total physical memory with 1727440K free physical memory)

OOME stack traces (most recent first):
Classloader memory used:
Loader org.gradle.internal.classloader.VisitableURLClassLoader                         : 23414K
Loader bootstrap                                                                       : 21295K
Loader org.gradle.initialization.MixInLegacyTypesClassLoader                           : 4173K
Loader jdk.internal.loader.ClassLoaders$PlatformClassLoader                            : 528K
Loader jdk.internal.loader.ClassLoaders$AppClassLoader                                 : 234K

Classes loaded by more than one classloader:
Class org.gradle.internal.classloader.FilteringClassLoader                            : loaded 2 times (x 101B)
Class org.gradle.internal.classloader.ClassLoaderHierarchy                            : loaded 2 times (x 66B)
Class org.gradle.api.internal.classpath.ManifestUtil                                  : loaded 2 times (x 67B)
Class org.gradle.internal.classloader.DefaultClassLoaderFactory                       : loaded 2 times (x 78B)
Class org.gradle.internal.classloader.ClassLoaderVisitor                              : loaded 2 times (x 72B)
Class org.gradle.api.internal.classpath.EffectiveClassPath                            : loaded 2 times (x 86B)
Class org.gradle.api.internal.DefaultClassPathProvider                                : loaded 2 times (x 72B)
Class [Lorg.gradle.api.internal.ClassPathProvider;                                    : loaded 2 times (x 65B)
Class org.gradle.api.internal.ClassPathProvider                                       : loaded 2 times (x 66B)
Class org.gradle.internal.service.UnknownServiceException                             : loaded 2 times (x 79B)
Class org.gradle.internal.classpath.TransformedClassPath                              : loaded 2 times (x 92B)
Class org.gradle.internal.classloader.InstrumentingClassLoader                        : loaded 2 times (x 66B)
Class org.gradle.internal.service.ServiceLocator                                      : loaded 2 times (x 66B)
Class org.gradle.internal.InternalTransformer                                         : loaded 2 times (x 66B)
Class org.gradle.internal.classloader.ClasspathUtil$1                                 : loaded 2 times (x 72B)
Class org.gradle.api.internal.classpath.DefaultModuleRegistry$DefaultModule           : loaded 2 times (x 82B)
Class org.gradle.api.internal.classpath.Module                                        : loaded 2 times (x 66B)
Class org.gradle.api.internal.classpath.UnknownModuleException                        : loaded 2 times (x 78B)
Class org.gradle.api.internal.DefaultClassPathRegistry                                : loaded 2 times (x 72B)
Class org.gradle.api.internal.ClassPathRegistry                                       : loaded 2 times (x 66B)
Class org.gradle.internal.classpath.DefaultClassPath$ImmutableUniqueList              : loaded 2 times (x 195B)
Class org.gradle.internal.classpath.ClassPath                                         : loaded 2 times (x 66B)
Class org.gradle.api.UncheckedIOException                                             : loaded 2 times (x 78B)
Class org.gradle.internal.installation.GradleInstallation$1                           : loaded 2 times (x 71B)
Class org.gradle.api.internal.classpath.ModuleRegistry                                : loaded 2 times (x 66B)
Class org.gradle.api.internal.classpath.DefaultModuleRegistry                         : loaded 2 times (x 82B)
Class org.gradle.internal.service.ServiceLookupException                              : loaded 2 times (x 78B)
Class org.gradle.internal.classloader.ClassLoaderFactory                              : loaded 2 times (x 66B)
Class org.gradle.internal.service.CachingServiceLocator                               : loaded 2 times (x 78B)
Class org.gradle.internal.classloader.ClasspathUtil                                   : loaded 2 times (x 67B)
Class org.gradle.api.specs.Spec                                                       : loaded 2 times (x 66B)
Class org.gradle.internal.classloader.VisitableURLClassLoader$InstrumentingVisitableURLClassLoader: loaded 2 times (x 119B)
Class org.gradle.internal.classloader.VisitableURLClassLoader$Spec                    : loaded 2 times (x 70B)
Class org.gradle.internal.classpath.DefaultClassPath                                  : loaded 2 times (x 86B)
Class org.gradle.internal.classloader.ClassLoaderSpec                                 : loaded 2 times (x 67B)
Class org.gradle.internal.classloader.VisitableURLClassLoader                         : loaded 2 times (x 113B)
Class org.gradle.internal.Cast                                                        : loaded 2 times (x 67B)
Class org.gradle.api.Action                                                           : loaded 2 times (x 66B)
Class org.gradle.internal.classpath.DefaultClassPath$ImmutableUniqueList$Builder      : loaded 2 times (x 71B)
Class org.gradle.api.GradleException                                                  : loaded 2 times (x 78B)
Class org.gradle.internal.IoActions                                                   : loaded 2 times (x 67B)
Class org.gradle.internal.classloader.SystemClassLoaderSpec                           : loaded 2 times (x 67B)
Class org.gradle.api.internal.classpath.GlobalCacheRootsProvider                      : loaded 2 times (x 66B)
Class org.gradle.internal.installation.CurrentGradleInstallationLocator               : loaded 2 times (x 67B)
Class org.gradle.internal.service.DefaultServiceLocator                               : loaded 2 times (x 79B)
Class org.gradle.internal.installation.CurrentGradleInstallation                      : loaded 2 times (x 69B)
Class org.gradle.util.internal.GUtil                                                  : loaded 2 times (x 67B)
Class org.gradle.internal.installation.GradleInstallation                             : loaded 2 times (x 71B)

---------------  S Y S T E M  ---------------

OS:
 Windows 11 , 64 bit Build 22621 (10.0.22621.5124)
OS uptime: 9 days 8:08 hours
Hyper-V role detected

CPU: total 12 (initial active 12) (12 cores per cpu, 2 threads per core) family 23 model 104 stepping 1 microcode 0x0, cx8, cmov, fxsr, ht, mmx, 3dnowpref, sse, sse2, sse3, ssse3, sse4a, sse4.1, sse4.2, popcnt, lzcnt, tsc, tscinvbit, avx, avx2, aes, clmul, bmi1, bmi2, adx, sha, fma, vzeroupper, clflush, clflushopt, hv, rdtscp, rdpid, f16c
Processor Information for processor 0
  Max Mhz: 2100, Current Mhz: 2100, Mhz Limit: 2100
Processor Information for processor 1
  Max Mhz: 2100, Current Mhz: 2100, Mhz Limit: 2100
Processor Information for processor 2
  Max Mhz: 2100, Current Mhz: 2100, Mhz Limit: 2100
Processor Information for processor 3
  Max Mhz: 2100, Current Mhz: 2100, Mhz Limit: 2100
Processor Information for processor 4
  Max Mhz: 2100, Current Mhz: 2100, Mhz Limit: 2100
Processor Information for processor 5
  Max Mhz: 2100, Current Mhz: 2100, Mhz Limit: 2100
Processor Information for processor 6
  Max Mhz: 2100, Current Mhz: 2100, Mhz Limit: 2100
Processor Information for processor 7
  Max Mhz: 2100, Current Mhz: 2100, Mhz Limit: 2100
Processor Information for processor 8
  Max Mhz: 2100, Current Mhz: 2100, Mhz Limit: 2100
Processor Information for processor 9
  Max Mhz: 2100, Current Mhz: 2100, Mhz Limit: 2100
Processor Information for processor 10
  Max Mhz: 2100, Current Mhz: 1988, Mhz Limit: 2100
Processor Information for processor 11
  Max Mhz: 2100, Current Mhz: 2100, Mhz Limit: 2100

Memory: 4k page, system-wide physical 18277M (1688M free)
TotalPageFile size 20325M (AvailPageFile size 30M)
current process WorkingSet (physical memory assigned to process): 767M, peak: 771M
current process commit charge ("private bytes"): 813M, peak: 818M

vm_info: OpenJDK 64-Bit Server VM (21.0.4+-12508038-b607.1) for windows-amd64 JRE (21.0.4+-12508038-b607.1), built on 2024-10-16T17:23:34Z by "builder" with MS VC++ 16.10 / 16.11 (VS2019)

END.
